<?xml version="1.0" encoding="UTF-8"?>
<!-- Generated by org.testng.reporters.JUnitXMLReporter -->
<testsuite ignored="0" hostname="DESKTOP-UUDM026" failures="1" tests="1" name="Default test(failed)" time="20.513" errors="0" timestamp="2025-09-08T14:44:32 IST">
  <testcase classname="com.automation.tests.ApplyNowMobileTest" name="testFullApplyNowFlow" time="5.516">
    <failure type="com.microsoft.playwright.impl.TargetClosedError" message="Error {
  message=&amp;apos;Target page, context or browser has been closed
  name=&amp;apos;TargetClosedError
  stack=&amp;apos;TargetClosedError: Target page, context or browser has been closed
    at DispatcherConnection.dispatch (C:\Users\Admin\AppData\Local\Temp\playwright-java-10852978169477008687\package\lib\server\dispatchers\dispatcher.js:321:15)
}
Call log:
-   - waiting for locator(&amp;quot;//button[text()=&amp;apos;May be later!&amp;apos;]&amp;quot;)
">
      <![CDATA[com.microsoft.playwright.impl.TargetClosedError: Error {
  message='Target page, context or browser has been closed
  name='TargetClosedError
  stack='TargetClosedError: Target page, context or browser has been closed
    at DispatcherConnection.dispatch (C:\Users\Admin\AppData\Local\Temp\playwright-java-10852978169477008687\package\lib\server\dispatchers\dispatcher.js:321:15)
}
Call log:
-   - waiting for locator("//button[text()='May be later!']")

at com.microsoft.playwright.impl.WaitableResult.get(WaitableResult.java:54)
at com.microsoft.playwright.impl.ChannelOwner.runUntil(ChannelOwner.java:138)
at com.microsoft.playwright.impl.Connection.sendMessage(Connection.java:131)
at com.microsoft.playwright.impl.ChannelOwner.sendMessage(ChannelOwner.java:124)
at com.microsoft.playwright.impl.FrameImpl.clickImpl(FrameImpl.java:241)
at com.microsoft.playwright.impl.FrameImpl.click(FrameImpl.java:232)
at com.microsoft.playwright.impl.LocatorImpl.click(LocatorImpl.java:164)
at com.microsoft.playwright.Locator.click(Locator.java:2500)
at com.automation.pages.SignupPageActions.clickMaybeLater(SignupPageActions.java:21)
at com.automation.scripts.SignupPageScript.clickMaybeLater(SignupPageScript.java:15)
at com.automation.tests.ApplyNowMobileTest.testFullApplyNowFlow(ApplyNowMobileTest.java:41)
at java.base/java.util.ArrayList.forEach(ArrayList.java:1596)
Caused by: com.microsoft.playwright.impl.TargetClosedError: Error {
  message='Target page, context or browser has been closed
  name='TargetClosedError
  stack='TargetClosedError: Target page, context or browser has been closed
    at DispatcherConnection.dispatch (C:\Users\Admin\AppData\Local\Temp\playwright-java-10852978169477008687\package\lib\server\dispatchers\dispatcher.js:321:15)
}
Call log:
-   - waiting for locator("//button[text()='May be later!']")

at com.microsoft.playwright.impl.Connection.dispatch(Connection.java:259)
at com.microsoft.playwright.impl.Connection.processOneMessage(Connection.java:214)
at com.microsoft.playwright.impl.ChannelOwner.runUntil(ChannelOwner.java:136)
... 35 more
... Removed 25 stack frames]]>
    </failure>
  </testcase> <!-- testFullApplyNowFlow -->
</testsuite> <!-- Default test(failed) -->
