<?xml version="1.0" encoding="UTF-8"?>
<!-- Generated by org.testng.reporters.JUnitReportReporter -->
<testsuite hostname="DESKTOP-79S5A6H" failures="0" tests="1" name="com.promilo.automation.internship.askus.AskUsSignupwithEmail" time="36.784" errors="0" timestamp="2025-12-27T12:15:44 IST" skipped="0">
  <testcase classname="com.promilo.automation.internship.askus.AskUsSignupwithEmail" name="AskUs1Test" time="36.784"/>
</testsuite> <!-- com.promilo.automation.internship.askus.AskUsSignupwithEmail -->
