<?xml version="1.0" encoding="UTF-8"?>
<!-- Generated by org.testng.reporters.JUnitReportReporter -->
<testsuite hostname="DESKTOP-79S5A6H" failures="0" tests="1" name="com.promilo.automation.internship.getHRcall.CallBackGuestUser" time="39.227" errors="0" timestamp="2025-12-27T12:03:55 IST" skipped="0">
  <testcase classname="com.promilo.automation.internship.getHRcall.CallBackGuestUser" name="CallBackGuestUser" time="39.227"/>
</testsuite> <!-- com.promilo.automation.internship.getHRcall.CallBackGuestUser -->
