<?xml version="1.0" encoding="UTF-8"?>
<!-- Generated by org.testng.reporters.JUnitReportReporter -->
<testsuite hostname="DESKTOP-79S5A6H" failures="0" tests="1" name="com.promilo.automation.internship.askus.AskUsRegisteredUser" time="29.364" errors="0" timestamp="2026-01-17T20:55:44 IST" skipped="0">
  <testcase classname="com.promilo.automation.internship.askus.AskUsRegisteredUser" name="AskUs3Test" time="29.364"/>
</testsuite> <!-- com.promilo.automation.internship.askus.AskUsRegisteredUser -->
