<?xml version="1.0" encoding="UTF-8"?>
<!-- Generated by org.testng.reporters.JUnitReportReporter -->
<testsuite hostname="DESKTOP-79S5A6H" failures="0" tests="1" name="com.promilo.automation.internship.NotifyInternships.NotifyInternshipsGuestUser" time="34.210" errors="0" timestamp="2026-01-06T16:00:32 IST" skipped="0">
  <testcase classname="com.promilo.automation.internship.NotifyInternships.NotifyInternshipsGuestUser" name="SimilarInternships" time="34.210"/>
</testsuite> <!-- com.promilo.automation.internship.NotifyInternships.NotifyInternshipsGuestUser -->
