<?xml version="1.0" encoding="UTF-8"?>
<!-- Generated by org.testng.reporters.JUnitReportReporter -->
<testsuite hostname="DESKTOP-79S5A6H" failures="0" tests="1" name="notifyInternshipNegativeflow.NotifyInternshipsNegativeValidation" time="40.821" errors="0" timestamp="2025-12-18T17:17:58 IST" skipped="0">
  <testcase classname="notifyInternshipNegativeflow.NotifyInternshipsNegativeValidation" name="NotifyInternshipFullNegativeFlow" time="40.821"/>
</testsuite> <!-- notifyInternshipNegativeflow.NotifyInternshipsNegativeValidation -->
