<?xml version="1.0" encoding="UTF-8"?>
<!-- Generated by org.testng.reporters.JUnitReportReporter -->
<testsuite hostname="DESKTOP-79S5A6H" failures="0" tests="1" name="com.promilo.automation.internship.askus.AskUsSignupwithMobile" time="76.727" errors="0" timestamp="2026-01-06T15:26:01 IST" skipped="0">
  <testcase classname="com.promilo.automation.internship.askus.AskUsSignupwithMobile" name="AskUs2Test" time="76.727"/>
</testsuite> <!-- com.promilo.automation.internship.askus.AskUsSignupwithMobile -->
