<?xml version="1.0" encoding="UTF-8"?>
<!-- Generated by org.testng.reporters.JUnitReportReporter -->
<testsuite hostname="DESKTOP-79S5A6H" failures="0" tests="1" name="com.promilo.automation.internship.NotifyInternships.NotifyInternshipsSignupwithEmail" time="51.269" errors="0" timestamp="2026-01-06T16:08:04 IST" skipped="0">
  <testcase classname="com.promilo.automation.internship.NotifyInternships.NotifyInternshipsSignupwithEmail" name="NotifyInternshipsEmail" time="51.269"/>
</testsuite> <!-- com.promilo.automation.internship.NotifyInternships.NotifyInternshipsSignupwithEmail -->
