<?xml version="1.0" encoding="UTF-8"?>
<!-- Generated by org.testng.reporters.JUnitReportReporter -->
<testsuite hostname="DESKTOP-79S5A6H" failures="0" tests="1" name="com.promilo.automation.internship.NotifyInternships.NotifyInternshipsSignupwithMobile" time="39.958" errors="0" timestamp="2025-12-27T12:39:44 IST" skipped="0">
  <testcase classname="com.promilo.automation.internship.NotifyInternships.NotifyInternshipsSignupwithMobile" name="NotifyInternshipsMobile" time="39.958"/>
</testsuite> <!-- com.promilo.automation.internship.NotifyInternships.NotifyInternshipsSignupwithMobile -->
