<?xml version="1.0" encoding="UTF-8"?>
<!-- Generated by org.testng.reporters.JUnitReportReporter -->
<testsuite hostname="DESKTOP-79S5A6H" failures="0" tests="5" name="hrcallNegativeflow.CallbackNegativeValidation" time="120.137" errors="0" timestamp="2025-12-18T16:31:21 IST" skipped="0">
  <testcase classname="hrcallNegativeflow.CallbackNegativeValidation" name="validateEmptyFields" time="15.057"/>
  <testcase classname="hrcallNegativeflow.CallbackNegativeValidation" name="validateInvalidInputData" time="15.407"/>
  <testcase classname="hrcallNegativeflow.CallbackNegativeValidation" name="validateInvalidOtp" time="23.749"/>
  <testcase classname="hrcallNegativeflow.CallbackNegativeValidation" name="validateScreeningQuestionFlow" time="30.273"/>
  <testcase classname="hrcallNegativeflow.CallbackNegativeValidation" name="validateAlreadyShownInterest" time="35.651"/>
</testsuite> <!-- hrcallNegativeflow.CallbackNegativeValidation -->
