<?xml version="1.0" encoding="UTF-8"?>
<!-- Generated by org.testng.reporters.JUnitReportReporter -->
<testsuite hostname="DESKTOP-79S5A6H" failures="0" tests="1" name="com.promilo.automation.internship.getHRcall.CallBackSignupwithMobile" time="89.834" errors="0" timestamp="2026-01-07T10:09:30 IST" skipped="0">
  <testcase classname="com.promilo.automation.internship.getHRcall.CallBackSignupwithMobile" name="HRcallTest" time="89.834"/>
</testsuite> <!-- com.promilo.automation.internship.getHRcall.CallBackSignupwithMobile -->
