<?xml version="1.0" encoding="UTF-8"?>
<!-- Generated by org.testng.reporters.JUnitReportReporter -->
<testsuite hostname="DESKTOP-79S5A6H" failures="0" tests="1" name="com.promilo.automation.internship.askus.AskUsSignupwithMobile" time="29.000" errors="0" timestamp="2025-12-27T12:17:28 IST" skipped="0">
  <testcase classname="com.promilo.automation.internship.askus.AskUsSignupwithMobile" name="AskUs2Test" time="29.000"/>
</testsuite> <!-- com.promilo.automation.internship.askus.AskUsSignupwithMobile -->
