<?xml version="1.0" encoding="UTF-8"?>
<!-- Generated by org.testng.reporters.JUnitReportReporter -->
<testsuite hostname="DESKTOP-79S5A6H" failures="0" tests="1" name="com.promilo.automation.internship.askus.AskUsRegisteredUser" time="24.582" errors="0" timestamp="2025-12-27T12:10:05 IST" skipped="0">
  <testcase classname="com.promilo.automation.internship.askus.AskUsRegisteredUser" name="AskUs3Test" time="24.582"/>
</testsuite> <!-- com.promilo.automation.internship.askus.AskUsRegisteredUser -->
