<?xml version="1.0" encoding="UTF-8"?>
<!-- Generated by org.testng.reporters.JUnitReportReporter -->
<testsuite hostname="DESKTOP-UUDM026" failures="0" tests="1" name="com.automation.tests.RegisterWithUsTest" time="33.126" errors="0" timestamp="2025-11-18T16:37:01 IST" skipped="0">
  <testcase classname="com.automation.tests.RegisterWithUsTest" name="verifyRegisterWithUsFlow" time="33.126">
    <system-out>
      <![CDATA[[Generated Name] Diya I
[Generated Phone] 9000012605
[Generated Email] testdiyai523@yopmail.com
[DATA] Name=Diya I | Phone=9000012605 | Email=testdiyai523@yopmail.com
[Click] Open Internships Tab ✓
📷 Screenshot: screenshots/Open Internships Tab_20251118_163633.png
[Fill] Name = Diya I
📷 Screenshot: screenshots/Fill_Name_20251118_163635.png
[Fill] Mobile = 9000012605
📷 Screenshot: screenshots/Fill_Mobile_20251118_163637.png
[Fill] Email = testdiyai523@yopmail.com
📷 Screenshot: screenshots/Fill_Email_20251118_163639.png
[Fill] Password = Test@605
📷 Screenshot: screenshots/Fill_Password_20251118_163641.png
[Click] Open Location Dropdown ✓
📷 Screenshot: screenshots/Open Location Dropdown_20251118_163643.png
[Click] Select FIRST Location Option ✓
📷 Screenshot: screenshots/Select FIRST Location Option_20251118_163645.png
[Click] Open Industry Dropdown ✓
📷 Screenshot: screenshots/Open Industry Dropdown_20251118_163647.png
[Click] Select Checkbox 1 ✓
📷 Screenshot: screenshots/Select Checkbox 1_20251118_163648.png
[Click] Select Checkbox 2 ✓
📷 Screenshot: screenshots/Select Checkbox 2_20251118_163650.png
[Click] Close Industry Dropdown ✓
📷 Screenshot: screenshots/Close Industry Dropdown_20251118_163652.png
[Click] Register Now ✓
📷 Screenshot: screenshots/Register Now_20251118_163654.png
[Click] Verify & Proceed ✓
📷 Screenshot: screenshots/Verify & Proceed_20251118_163657.png
[Click] Close Thank You Popup ✓
📷 Screenshot: screenshots/Close Thank You Popup_20251118_163659.png
===== ✅ REGISTER WITH US FLOW PASSED =====]]>
    </system-out>
  </testcase> <!-- verifyRegisterWithUsFlow -->
  <system-out>
    <![CDATA[[Step 1] Navigating to https://stage.promilo.com/
[Generated Name] Diya I
[Generated Phone] 9000012605
[Generated Email] testdiyai523@yopmail.com
[DATA] Name=Diya I | Phone=9000012605 | Email=testdiyai523@yopmail.com
[Click] Open Internships Tab ✓
📷 Screenshot: screenshots/Open Internships Tab_20251118_163633.png
[Fill] Name = Diya I
📷 Screenshot: screenshots/Fill_Name_20251118_163635.png
[Fill] Mobile = 9000012605
📷 Screenshot: screenshots/Fill_Mobile_20251118_163637.png
[Fill] Email = testdiyai523@yopmail.com
📷 Screenshot: screenshots/Fill_Email_20251118_163639.png
[Fill] Password = Test@605
📷 Screenshot: screenshots/Fill_Password_20251118_163641.png
[Click] Open Location Dropdown ✓
📷 Screenshot: screenshots/Open Location Dropdown_20251118_163643.png
[Click] Select FIRST Location Option ✓
📷 Screenshot: screenshots/Select FIRST Location Option_20251118_163645.png
[Click] Open Industry Dropdown ✓
📷 Screenshot: screenshots/Open Industry Dropdown_20251118_163647.png
[Click] Select Checkbox 1 ✓
📷 Screenshot: screenshots/Select Checkbox 1_20251118_163648.png
[Click] Select Checkbox 2 ✓
📷 Screenshot: screenshots/Select Checkbox 2_20251118_163650.png
[Click] Close Industry Dropdown ✓
📷 Screenshot: screenshots/Close Industry Dropdown_20251118_163652.png
[Click] Register Now ✓
📷 Screenshot: screenshots/Register Now_20251118_163654.png
[Click] Verify & Proceed ✓
📷 Screenshot: screenshots/Verify & Proceed_20251118_163657.png
[Click] Close Thank You Popup ✓
📷 Screenshot: screenshots/Close Thank You Popup_20251118_163659.png
===== ✅ REGISTER WITH US FLOW PASSED =====]]>
  </system-out>
</testsuite> <!-- com.automation.tests.RegisterWithUsTest -->
