<?xml version="1.0" encoding="UTF-8"?>
<!-- Generated by org.testng.reporters.JUnitReportReporter -->
<testsuite hostname="DESKTOP-UUDM026" failures="0" tests="1" name="com.automation.tests.ApplyNowLoginTest" time="42.596" errors="0" timestamp="2025-11-18T14:46:59 IST" skipped="0">
  <testcase classname="com.automation.tests.ApplyNowLoginTest" name="verifyApplyNowAsLoggedInUser" time="42.596">
    <system-out>
      <![CDATA[[Step 2] Logging in...
📷 Screenshot: screenshots/After_Login_20251118_144621.png
[Step 2 ✅] Login successful.
[Click] Open Internships ✓
📷 Screenshot: screenshots/Open Internships_20251118_144624.png
[Wait] Internship Card
⚠ Normal click failed. Trying JS click...
[JS Click] Open Internship ✓
📷 Screenshot: screenshots/Open Internship_JS_20251118_144642.png
[Click] Click Apply Now ✓
📷 Screenshot: screenshots/Click Apply Now_20251118_144644.png
[Click] Select English Language ✓
📷 Screenshot: screenshots/Select English Language_20251118_144645.png
[Click] Select Date ✓
📷 Screenshot: screenshots/Select Date_20251118_144647.png
[Click] Select Time ✓
📷 Screenshot: screenshots/Select Time_20251118_144648.png
📷 Screenshot: screenshots/Language_Date_Time_Selected_20251118_144649.png
✔ Date and Time selection successful
[Step 6] Checking for screening questions...
[Click] Click Next (Screening) ✓
📷 Screenshot: screenshots/Click Next (Screening)_20251118_144650.png
Total screening questions: 3
Answering Question 1
[Click] Select objective option ✓
📷 Screenshot: screenshots/Select objective option_20251118_144651.png
Answering Question 2
[Fill] Subjective Answer = Automated test answer
📷 Screenshot: screenshots/Fill_Subjective Answer_20251118_144653.png
Answering Question 3
[Click] Select objective option ✓
📷 Screenshot: screenshots/Select objective option_20251118_144654.png
[Click] Submit Screening Answers ✓
📷 Screenshot: screenshots/Submit Screening Answers_20251118_144655.png
[Wait] Thank You Popup
✔ Thank You popup shown!
[Click] Click My Interest ✓
📷 Screenshot: screenshots/Click My Interest_20251118_144657.png
✔ Navigated to My Interest
[Wait] My Interest Card
✔ Interest Card Verified
✔ Status = Pending
✔ Meeting Date & Time Validated
🎉 APPLY NOW LOGIN FLOW PASSED SUCCESSFULLY!
📷 Screenshot: screenshots/Application_Success_20251118_144658.png]]>
    </system-out>
  </testcase> <!-- verifyApplyNowAsLoggedInUser -->
  <system-out>
    <![CDATA[[Step 1] Navigating to Promilo...
📷 Screenshot: screenshots/Page_Loaded_20251118_144617.png
[Click] Close 'May Be Later' Popup ✓
📷 Screenshot: screenshots/Close 'May Be Later' Popup_20251118_144619.png
[Step 2] Logging in...
📷 Screenshot: screenshots/After_Login_20251118_144621.png
[Step 2 ✅] Login successful.
[Click] Open Internships ✓
📷 Screenshot: screenshots/Open Internships_20251118_144624.png
[Wait] Internship Card
⚠ Normal click failed. Trying JS click...
[JS Click] Open Internship ✓
📷 Screenshot: screenshots/Open Internship_JS_20251118_144642.png
[Click] Click Apply Now ✓
📷 Screenshot: screenshots/Click Apply Now_20251118_144644.png
[Click] Select English Language ✓
📷 Screenshot: screenshots/Select English Language_20251118_144645.png
[Click] Select Date ✓
📷 Screenshot: screenshots/Select Date_20251118_144647.png
[Click] Select Time ✓
📷 Screenshot: screenshots/Select Time_20251118_144648.png
📷 Screenshot: screenshots/Language_Date_Time_Selected_20251118_144649.png
✔ Date and Time selection successful
[Step 6] Checking for screening questions...
[Click] Click Next (Screening) ✓
📷 Screenshot: screenshots/Click Next (Screening)_20251118_144650.png
Total screening questions: 3
Answering Question 1
[Click] Select objective option ✓
📷 Screenshot: screenshots/Select objective option_20251118_144651.png
Answering Question 2
[Fill] Subjective Answer = Automated test answer
📷 Screenshot: screenshots/Fill_Subjective Answer_20251118_144653.png
Answering Question 3
[Click] Select objective option ✓
📷 Screenshot: screenshots/Select objective option_20251118_144654.png
[Click] Submit Screening Answers ✓
📷 Screenshot: screenshots/Submit Screening Answers_20251118_144655.png
[Wait] Thank You Popup
✔ Thank You popup shown!
[Click] Click My Interest ✓
📷 Screenshot: screenshots/Click My Interest_20251118_144657.png
✔ Navigated to My Interest
[Wait] My Interest Card
✔ Interest Card Verified
✔ Status = Pending
✔ Meeting Date & Time Validated
🎉 APPLY NOW LOGIN FLOW PASSED SUCCESSFULLY!
📷 Screenshot: screenshots/Application_Success_20251118_144658.png]]>
  </system-out>
</testsuite> <!-- com.automation.tests.ApplyNowLoginTest -->
