<?xml version="1.0" encoding="UTF-8"?>
<!-- Generated by org.testng.reporters.JUnitReportReporter -->
<testsuite hostname="DESKTOP-UUDM026" failures="0" tests="1" name="com.automation.tests.FeedbackEmailTest" time="50.199" errors="0" timestamp="2025-11-18T15:36:08 IST" skipped="0">
  <testcase classname="com.automation.tests.FeedbackEmailTest" name="verifyFeedbackViaEmailSignup" time="50.199">
    <system-out>
      <![CDATA[[Generated Name] Riya X
[Generated Email] testriyax947@yopmail.com
[Generated Phone] 9000017437
Generated Name = Riya X
Generated Email = testriyax947@yopmail.com
Generated Phone = 9000017437
[Click] Click SignUp ✓
📷 Screenshot: screenshots/Click SignUp_20251118_153522.png
[Fill] Enter Email = testriyax947@yopmail.com
📷 Screenshot: screenshots/Fill_Enter Email_20251118_153524.png
[Click] Send Verification Code ✓
📷 Screenshot: screenshots/Send Verification Code_20251118_153526.png
[Fill] Enter OTP = 9999
📷 Screenshot: screenshots/Fill_Enter OTP_20251118_153528.png
[Fill] Enter Password = Test@123
📷 Screenshot: screenshots/Fill_Enter Password_20251118_153530.png
[Click] Complete Signup ✓
📷 Screenshot: screenshots/Complete Signup_20251118_153531.png
[Click] Open Internships ✓
📷 Screenshot: screenshots/Open Internships_20251118_153533.png
[Wait] Internship Card
⚠ Normal click failed. Trying JS click...
[JS Click] Open Internship ✓
📷 Screenshot: screenshots/Open Internship_JS_20251118_153551.png
[Wait] Feedback Modal
[Fill] Feedback Input = This is automated feedback for validation.
📷 Screenshot: screenshots/Fill_Feedback Input_20251118_153553.png
[Click] Submit Feedback ✓
📷 Screenshot: screenshots/Submit Feedback_20251118_153554.png
[Fill] Name = Riya X
📷 Screenshot: screenshots/Fill_Name_20251118_153556.png
[Fill] Mobile = 9000017437
📷 Screenshot: screenshots/Fill_Mobile_20251118_153557.png
[Click] Submit Details ✓
📷 Screenshot: screenshots/Submit Details_20251118_153558.png
[Wait] OTP Modal
[Fill] OTP Digit 1 = 9
📷 Screenshot: screenshots/Fill_OTP Digit 1_20251118_153559.png
[Fill] OTP Digit 2 = 9
📷 Screenshot: screenshots/Fill_OTP Digit 2_20251118_153601.png
[Fill] OTP Digit 3 = 9
📷 Screenshot: screenshots/Fill_OTP Digit 3_20251118_153602.png
[Fill] OTP Digit 4 = 9
📷 Screenshot: screenshots/Fill_OTP Digit 4_20251118_153603.png
[Click] Verify OTP ✓
📷 Screenshot: screenshots/Verify OTP_20251118_153604.png
[Wait] Thank You Popup
✔ Thank You popup verified!
[Click] Close Thank You Popup ✓
📷 Screenshot: screenshots/Close Thank You Popup_20251118_153607.png
🎉 FEEDBACK FLOW VIA EMAIL SIGNUP PASSED SUCCESSFULLY!]]>
    </system-out>
  </testcase> <!-- verifyFeedbackViaEmailSignup -->
  <system-out>
    <![CDATA[[Step 1] Navigating to Promilo...
[Generated Name] Riya X
[Generated Email] testriyax947@yopmail.com
[Generated Phone] 9000017437
Generated Name = Riya X
Generated Email = testriyax947@yopmail.com
Generated Phone = 9000017437
[Click] Click SignUp ✓
📷 Screenshot: screenshots/Click SignUp_20251118_153522.png
[Fill] Enter Email = testriyax947@yopmail.com
📷 Screenshot: screenshots/Fill_Enter Email_20251118_153524.png
[Click] Send Verification Code ✓
📷 Screenshot: screenshots/Send Verification Code_20251118_153526.png
[Fill] Enter OTP = 9999
📷 Screenshot: screenshots/Fill_Enter OTP_20251118_153528.png
[Fill] Enter Password = Test@123
📷 Screenshot: screenshots/Fill_Enter Password_20251118_153530.png
[Click] Complete Signup ✓
📷 Screenshot: screenshots/Complete Signup_20251118_153531.png
[Click] Open Internships ✓
📷 Screenshot: screenshots/Open Internships_20251118_153533.png
[Wait] Internship Card
⚠ Normal click failed. Trying JS click...
[JS Click] Open Internship ✓
📷 Screenshot: screenshots/Open Internship_JS_20251118_153551.png
[Wait] Feedback Modal
[Fill] Feedback Input = This is automated feedback for validation.
📷 Screenshot: screenshots/Fill_Feedback Input_20251118_153553.png
[Click] Submit Feedback ✓
📷 Screenshot: screenshots/Submit Feedback_20251118_153554.png
[Fill] Name = Riya X
📷 Screenshot: screenshots/Fill_Name_20251118_153556.png
[Fill] Mobile = 9000017437
📷 Screenshot: screenshots/Fill_Mobile_20251118_153557.png
[Click] Submit Details ✓
📷 Screenshot: screenshots/Submit Details_20251118_153558.png
[Wait] OTP Modal
[Fill] OTP Digit 1 = 9
📷 Screenshot: screenshots/Fill_OTP Digit 1_20251118_153559.png
[Fill] OTP Digit 2 = 9
📷 Screenshot: screenshots/Fill_OTP Digit 2_20251118_153601.png
[Fill] OTP Digit 3 = 9
📷 Screenshot: screenshots/Fill_OTP Digit 3_20251118_153602.png
[Fill] OTP Digit 4 = 9
📷 Screenshot: screenshots/Fill_OTP Digit 4_20251118_153603.png
[Click] Verify OTP ✓
📷 Screenshot: screenshots/Verify OTP_20251118_153604.png
[Wait] Thank You Popup
✔ Thank You popup verified!
[Click] Close Thank You Popup ✓
📷 Screenshot: screenshots/Close Thank You Popup_20251118_153607.png
🎉 FEEDBACK FLOW VIA EMAIL SIGNUP PASSED SUCCESSFULLY!]]>
  </system-out>
</testsuite> <!-- com.automation.tests.FeedbackEmailTest -->
