<?xml version="1.0" encoding="UTF-8"?>
<!-- Generated by org.testng.reporters.JUnitReportReporter -->
<testsuite hostname="DESKTOP-UUDM026" failures="0" tests="1" name="com.automation.tests.ApplyNowLoginTest" time="24.354" errors="1" timestamp="2025-09-15T17:56:14 IST" skipped="0">
  <testcase classname="com.automation.tests.ApplyNowLoginTest" name="testApplyNowWithLogin" time="24.354">
    <error message="Error {
  message=&#039;Error: strict mode violation: locator(&quot;div:has-text(&#039;already shown interest&#039;)&quot;) resolved to 5 elements:
    1) &lt;div id=&quot;root&quot;&gt;…&lt;/div&gt; aka getByText(&quot;You already shown interest on this campaign..nHi nidho&quot;)
    2) &lt;div data-rht-toaster=&quot;&quot;&gt;…&lt;/div&gt; aka locator(&quot;div&quot;).filter(new Locator.FilterOptions().setHasText(&quot;You already shown interest on&quot;)).nth(1)
    3) &lt;div class=&quot;go4109123758&quot;&gt;…&lt;/div&gt; aka locator(&quot;div&quot;).filter(new Locator.FilterOptions().setHasText(&quot;You already shown interest on&quot;)).nth(2)
    4) &lt;div class=&quot;go2072408551 react-hot-toast&quot;&gt;…&lt;/div&gt; aka locator(&quot;div&quot;).filter(new Locator.FilterOptions().setHasText(&quot;You already shown interest on&quot;)).nth(3)
    5) &lt;div role=&quot;status&quot; aria-live=&quot;polite&quot; class=&quot;go3958317564&quot;&gt;You already shown interest on this campaign.&lt;/div&gt; aka getByText(&quot;You already shown interest on&quot;)

  name=&#039;Error
  stack=&#039;Error: Error: strict mode violation: locator(&quot;div:has-text(&#039;already shown interest&#039;)&quot;) resolved to 5 elements:
    1) &lt;div id=&quot;root&quot;&gt;…&lt;/div&gt; aka getByText(&quot;You already shown interest on this campaign..nHi nidho&quot;)
    2) &lt;div data-rht-toaster=&quot;&quot;&gt;…&lt;/div&gt; aka locator(&quot;div&quot;).filter(new Locator.FilterOptions().setHasText(&quot;You already shown interest on&quot;)).nth(1)
    3) &lt;div class=&quot;go4109123758&quot;&gt;…&lt;/div&gt; aka locator(&quot;div&quot;).filter(new Locator.FilterOptions().setHasText(&quot;You already shown interest on&quot;)).nth(2)
    4) &lt;div class=&quot;go2072408551 react-hot-toast&quot;&gt;…&lt;/div&gt; aka locator(&quot;div&quot;).filter(new Locator.FilterOptions().setHasText(&quot;You already shown interest on&quot;)).nth(3)
    5) &lt;div role=&quot;status&quot; aria-live=&quot;polite&quot; class=&quot;go3958317564&quot;&gt;You already shown interest on this campaign.&lt;/div&gt; aka getByText(&quot;You already shown interest on&quot;)

    at CRExecutionContext.evaluateWithArguments (C:\Users\Admin\AppData\Local\Temp\playwright-java-8217031454798080132\package\lib\server\chromium\crExecutionContext.js:80:13)
    at async LongStandingScope._race (C:\Users\Admin\AppData\Local\Temp\playwright-java-8217031454798080132\package\lib\utils\isomorphic\manualPromise.js:94:14)
    at async evaluateExpression (C:\Users\Admin\AppData\Local\Temp\playwright-java-8217031454798080132\package\lib\server\javascript.js:217:12)
    at async Frame.isVisibleInternal (C:\Users\Admin\AppData\Local\Temp\playwright-java-8217031454798080132\package\lib\server\frames.js:1083:14)
    at async C:\Users\Admin\AppData\Local\Temp\playwright-java-8217031454798080132\package\lib\server\frames.js:1075:14
    at async ProgressController.run (C:\Users\Admin\AppData\Local\Temp\playwright-java-8217031454798080132\package\lib\server\progress.js:80:22)
    at async FrameDispatcher.isVisible (C:\Users\Admin\AppData\Local\Temp\playwright-java-8217031454798080132\package\lib\server\dispatchers\frameDispatcher.js:171:21)
    at async LongStandingScope._race (C:\Users\Admin\AppData\Local\Temp\playwright-java-8217031454798080132\package\lib\utils\isomorphic\manualPromise.js:94:14)
    at async FrameDispatcher._handleCommand (C:\Users\Admin\AppData\Local\Temp\playwright-java-8217031454798080132\package\lib\server\dispatchers\dispatcher.js:90:14)
    at async DispatcherConnection.dispatch (C:\Users\Admin\AppData\Local\Temp\playwright-java-8217031454798080132\package\lib\server\dispatchers\dispatcher.js:309:22)
}
Call log:
-     - checking visibility of locator(&quot;div:has-text(&#039;already shown interest&#039;)&quot;)
" type="com.microsoft.playwright.PlaywrightException">
      <![CDATA[com.microsoft.playwright.PlaywrightException: Error {
  message='Error: strict mode violation: locator("div:has-text('already shown interest')") resolved to 5 elements:
    1) <div id="root">…</div> aka getByText("You already shown interest on this campaign..nHi nidho")
    2) <div data-rht-toaster="">…</div> aka locator("div").filter(new Locator.FilterOptions().setHasText("You already shown interest on")).nth(1)
    3) <div class="go4109123758">…</div> aka locator("div").filter(new Locator.FilterOptions().setHasText("You already shown interest on")).nth(2)
    4) <div class="go2072408551 react-hot-toast">…</div> aka locator("div").filter(new Locator.FilterOptions().setHasText("You already shown interest on")).nth(3)
    5) <div role="status" aria-live="polite" class="go3958317564">You already shown interest on this campaign.</div> aka getByText("You already shown interest on")

  name='Error
  stack='Error: Error: strict mode violation: locator("div:has-text('already shown interest')") resolved to 5 elements:
    1) <div id="root">…</div> aka getByText("You already shown interest on this campaign..nHi nidho")
    2) <div data-rht-toaster="">…</div> aka locator("div").filter(new Locator.FilterOptions().setHasText("You already shown interest on")).nth(1)
    3) <div class="go4109123758">…</div> aka locator("div").filter(new Locator.FilterOptions().setHasText("You already shown interest on")).nth(2)
    4) <div class="go2072408551 react-hot-toast">…</div> aka locator("div").filter(new Locator.FilterOptions().setHasText("You already shown interest on")).nth(3)
    5) <div role="status" aria-live="polite" class="go3958317564">You already shown interest on this campaign.</div> aka getByText("You already shown interest on")

    at CRExecutionContext.evaluateWithArguments (C:\Users\Admin\AppData\Local\Temp\playwright-java-8217031454798080132\package\lib\server\chromium\crExecutionContext.js:80:13)
    at async LongStandingScope._race (C:\Users\Admin\AppData\Local\Temp\playwright-java-8217031454798080132\package\lib\utils\isomorphic\manualPromise.js:94:14)
    at async evaluateExpression (C:\Users\Admin\AppData\Local\Temp\playwright-java-8217031454798080132\package\lib\server\javascript.js:217:12)
    at async Frame.isVisibleInternal (C:\Users\Admin\AppData\Local\Temp\playwright-java-8217031454798080132\package\lib\server\frames.js:1083:14)
    at async C:\Users\Admin\AppData\Local\Temp\playwright-java-8217031454798080132\package\lib\server\frames.js:1075:14
    at async ProgressController.run (C:\Users\Admin\AppData\Local\Temp\playwright-java-8217031454798080132\package\lib\server\progress.js:80:22)
    at async FrameDispatcher.isVisible (C:\Users\Admin\AppData\Local\Temp\playwright-java-8217031454798080132\package\lib\server\dispatchers\frameDispatcher.js:171:21)
    at async LongStandingScope._race (C:\Users\Admin\AppData\Local\Temp\playwright-java-8217031454798080132\package\lib\utils\isomorphic\manualPromise.js:94:14)
    at async FrameDispatcher._handleCommand (C:\Users\Admin\AppData\Local\Temp\playwright-java-8217031454798080132\package\lib\server\dispatchers\dispatcher.js:90:14)
    at async DispatcherConnection.dispatch (C:\Users\Admin\AppData\Local\Temp\playwright-java-8217031454798080132\package\lib\server\dispatchers\dispatcher.js:309:22)
}
Call log:
-     - checking visibility of locator("div:has-text('already shown interest')")

at com.microsoft.playwright.impl.WaitableResult.get(WaitableResult.java:56)
at com.microsoft.playwright.impl.ChannelOwner.runUntil(ChannelOwner.java:138)
at com.microsoft.playwright.impl.Connection.sendMessage(Connection.java:131)
at com.microsoft.playwright.impl.ChannelOwner.sendMessage(ChannelOwner.java:124)
at com.microsoft.playwright.impl.FrameImpl.isVisibleImpl(FrameImpl.java:597)
at com.microsoft.playwright.impl.FrameImpl.isVisible(FrameImpl.java:583)
at com.microsoft.playwright.impl.LocatorImpl.isVisible(LocatorImpl.java:426)
at com.microsoft.playwright.Locator.isVisible(Locator.java:4117)
at com.automation.pages.ApplyNowPopupActions.isAlreadyInterestedMessageVisible(ApplyNowPopupActions.java:222)
at com.automation.pages.ApplyNowPopupActions.bookSlotAndHandleScreening(ApplyNowPopupActions.java:163)
at com.automation.scripts.ApplyNowPopupScript.applyWithLogin(ApplyNowPopupScript.java:117)
at com.automation.tests.ApplyNowLoginTest.testApplyNowWithLogin(ApplyNowLoginTest.java:62)
at java.base/jdk.internal.reflect.DirectMethodHandleAccessor.invoke(DirectMethodHandleAccessor.java:103)
at java.base/java.lang.reflect.Method.invoke(Method.java:580)
at org.testng.internal.invokers.MethodInvocationHelper.invokeMethod(MethodInvocationHelper.java:141)
at org.testng.internal.invokers.TestInvoker.invokeMethod(TestInvoker.java:686)
at org.testng.internal.invokers.TestInvoker.invokeTestMethod(TestInvoker.java:230)
at org.testng.internal.invokers.MethodRunner.runInSequence(MethodRunner.java:63)
at org.testng.internal.invokers.TestInvoker$MethodInvocationAgent.invoke(TestInvoker.java:992)
at org.testng.internal.invokers.TestInvoker.invokeTestMethods(TestInvoker.java:203)
at org.testng.internal.invokers.TestMethodWorker.invokeTestMethods(TestMethodWorker.java:154)
at org.testng.internal.invokers.TestMethodWorker.run(TestMethodWorker.java:134)
at java.base/java.util.ArrayList.forEach(ArrayList.java:1596)
at org.testng.TestRunner.privateRun(TestRunner.java:739)
at org.testng.TestRunner.run(TestRunner.java:614)
at org.testng.SuiteRunner.runTest(SuiteRunner.java:421)
at org.testng.SuiteRunner.runSequentially(SuiteRunner.java:413)
at org.testng.SuiteRunner.privateRun(SuiteRunner.java:373)
at org.testng.SuiteRunner.run(SuiteRunner.java:312)
at org.testng.SuiteRunnerWorker.runSuite(SuiteRunnerWorker.java:52)
at org.testng.SuiteRunnerWorker.run(SuiteRunnerWorker.java:95)
at org.testng.TestNG.runSuitesSequentially(TestNG.java:1274)
at org.testng.TestNG.runSuitesLocally(TestNG.java:1208)
at org.testng.TestNG.runSuites(TestNG.java:1112)
at org.testng.TestNG.run(TestNG.java:1079)
at org.testng.remote.AbstractRemoteTestNG.run(AbstractRemoteTestNG.java:115)
at org.testng.remote.RemoteTestNG.initAndRun(RemoteTestNG.java:293)
at org.testng.remote.RemoteTestNG.main(RemoteTestNG.java:91)
Caused by: com.microsoft.playwright.impl.DriverException: Error {
  message='Error: strict mode violation: locator("div:has-text('already shown interest')") resolved to 5 elements:
    1) <div id="root">…</div> aka getByText("You already shown interest on this campaign..nHi nidho")
    2) <div data-rht-toaster="">…</div> aka locator("div").filter(new Locator.FilterOptions().setHasText("You already shown interest on")).nth(1)
    3) <div class="go4109123758">…</div> aka locator("div").filter(new Locator.FilterOptions().setHasText("You already shown interest on")).nth(2)
    4) <div class="go2072408551 react-hot-toast">…</div> aka locator("div").filter(new Locator.FilterOptions().setHasText("You already shown interest on")).nth(3)
    5) <div role="status" aria-live="polite" class="go3958317564">You already shown interest on this campaign.</div> aka getByText("You already shown interest on")

  name='Error
  stack='Error: Error: strict mode violation: locator("div:has-text('already shown interest')") resolved to 5 elements:
    1) <div id="root">…</div> aka getByText("You already shown interest on this campaign..nHi nidho")
    2) <div data-rht-toaster="">…</div> aka locator("div").filter(new Locator.FilterOptions().setHasText("You already shown interest on")).nth(1)
    3) <div class="go4109123758">…</div> aka locator("div").filter(new Locator.FilterOptions().setHasText("You already shown interest on")).nth(2)
    4) <div class="go2072408551 react-hot-toast">…</div> aka locator("div").filter(new Locator.FilterOptions().setHasText("You already shown interest on")).nth(3)
    5) <div role="status" aria-live="polite" class="go3958317564">You already shown interest on this campaign.</div> aka getByText("You already shown interest on")

    at CRExecutionContext.evaluateWithArguments (C:\Users\Admin\AppData\Local\Temp\playwright-java-8217031454798080132\package\lib\server\chromium\crExecutionContext.js:80:13)
    at async LongStandingScope._race (C:\Users\Admin\AppData\Local\Temp\playwright-java-8217031454798080132\package\lib\utils\isomorphic\manualPromise.js:94:14)
    at async evaluateExpression (C:\Users\Admin\AppData\Local\Temp\playwright-java-8217031454798080132\package\lib\server\javascript.js:217:12)
    at async Frame.isVisibleInternal (C:\Users\Admin\AppData\Local\Temp\playwright-java-8217031454798080132\package\lib\server\frames.js:1083:14)
    at async C:\Users\Admin\AppData\Local\Temp\playwright-java-8217031454798080132\package\lib\server\frames.js:1075:14
    at async ProgressController.run (C:\Users\Admin\AppData\Local\Temp\playwright-java-8217031454798080132\package\lib\server\progress.js:80:22)
    at async FrameDispatcher.isVisible (C:\Users\Admin\AppData\Local\Temp\playwright-java-8217031454798080132\package\lib\server\dispatchers\frameDispatcher.js:171:21)
    at async LongStandingScope._race (C:\Users\Admin\AppData\Local\Temp\playwright-java-8217031454798080132\package\lib\utils\isomorphic\manualPromise.js:94:14)
    at async FrameDispatcher._handleCommand (C:\Users\Admin\AppData\Local\Temp\playwright-java-8217031454798080132\package\lib\server\dispatchers\dispatcher.js:90:14)
    at async DispatcherConnection.dispatch (C:\Users\Admin\AppData\Local\Temp\playwright-java-8217031454798080132\package\lib\server\dispatchers\dispatcher.js:309:22)
}
Call log:
-     - checking visibility of locator("div:has-text('already shown interest')")

at com.microsoft.playwright.impl.Connection.dispatch(Connection.java:262)
at com.microsoft.playwright.impl.Connection.processOneMessage(Connection.java:214)
at com.microsoft.playwright.impl.ChannelOwner.runUntil(ChannelOwner.java:136)
... 36 more
]]>
    </error>
  </testcase> <!-- testApplyNowWithLogin -->
</testsuite> <!-- com.automation.tests.ApplyNowLoginTest -->
