<?xml version="1.0" encoding="UTF-8"?>
<!-- Generated by org.testng.reporters.JUnitReportReporter -->
<testsuite hostname="DESKTOP-UUDM026" failures="0" tests="1" name="com.automation.tests.ApplyNowNoSignupTest" time="46.970" errors="0" timestamp="2025-11-18T15:05:36 IST" skipped="0">
  <testcase classname="com.automation.tests.ApplyNowNoSignupTest" name="verifyApplyNowWithoutSignup" time="46.970">
    <system-out>
      <![CDATA[[Generated Name] Tara C
[Generated Phone] 9000017225
[Generated Email] testtarac705@yopmail.com
Generated Name = Tara C
Generated Email = testtarac705@yopmail.com
Generated Phone = 9000017225
[Click] Open Internships ✓
📷 Screenshot: screenshots/Open Internships_20251118_150455.png
[Wait] Internship Card
[Click] Open Internship ✓
📷 Screenshot: screenshots/Open Internship_20251118_150458.png
[Click] Click Apply Now ✓
📷 Screenshot: screenshots/Click Apply Now_20251118_150459.png
[Fill] Name = Tara C
📷 Screenshot: screenshots/Fill_Name_20251118_150501.png
[Fill] Phone = 9000017225
📷 Screenshot: screenshots/Fill_Phone_20251118_150503.png
[Fill] Email = testtarac705@yopmail.com
📷 Screenshot: screenshots/Fill_Email_20251118_150504.png
[Click] Open Industry ✓
📷 Screenshot: screenshots/Open Industry_20251118_150506.png
[Click] Select Checkbox 1 ✓
📷 Screenshot: screenshots/Select Checkbox 1_20251118_150507.png
[Click] Select Checkbox 2 ✓
📷 Screenshot: screenshots/Select Checkbox 2_20251118_150509.png
[Click] Select Checkbox 3 ✓
📷 Screenshot: screenshots/Select Checkbox 3_20251118_150510.png
[Click] Close Industry ✓
📷 Screenshot: screenshots/Close Industry_20251118_150512.png
[Click] Submit ApplyNow Form ✓
📷 Screenshot: screenshots/Submit ApplyNow Form_20251118_150513.png
[Fill] OTP Digit 1 = 9
📷 Screenshot: screenshots/Fill_OTP Digit 1_20251118_150515.png
[Fill] OTP Digit 2 = 9
📷 Screenshot: screenshots/Fill_OTP Digit 2_20251118_150516.png
[Fill] OTP Digit 3 = 9
📷 Screenshot: screenshots/Fill_OTP Digit 3_20251118_150518.png
[Fill] OTP Digit 4 = 9
📷 Screenshot: screenshots/Fill_OTP Digit 4_20251118_150519.png
[Click] Verify OTP ✓
📷 Screenshot: screenshots/Verify OTP_20251118_150521.png
[Wait] Language Card
[Click] Select English ✓
📷 Screenshot: screenshots/Select English_20251118_150524.png
[Click] Select Date ✓
📷 Screenshot: screenshots/Select Date_20251118_150525.png
[Click] Select Time ✓
📷 Screenshot: screenshots/Select Time_20251118_150526.png
[Click] Go to Screening ✓
📷 Screenshot: screenshots/Go to Screening_20251118_150528.png
Total Screening Questions = 3
[Click] Select Objective Option ✓
📷 Screenshot: screenshots/Select Objective Option_20251118_150529.png
[Click] Select Objective Option ✓
📷 Screenshot: screenshots/Select Objective Option_20251118_150530.png
[Fill] Subjective Answer = Automated Answer
📷 Screenshot: screenshots/Fill_Subjective Answer_20251118_150532.png
[Click] Submit Screening ✓
📷 Screenshot: screenshots/Submit Screening_20251118_150533.png
[Wait] Thank You Popup
✔ Thank You popup verified!
[Click] Click My Interest ✓
📷 Screenshot: screenshots/Click My Interest_20251118_150534.png
✔ Navigated to My Interest
[Wait] My Interest Card
✔ Interest Card Visible
✔ Status = Pending
✔ Meeting Date & Time Validated
🎉 APPLY NOW — WITHOUT SIGNUP FLOW PASSED!]]>
    </system-out>
  </testcase> <!-- verifyApplyNowWithoutSignup -->
  <system-out>
    <![CDATA[Navigating to https://stage.promilo.com/
[Click] Close Popup ✓
📷 Screenshot: screenshots/Close Popup_20251118_150453.png
[Generated Name] Tara C
[Generated Phone] 9000017225
[Generated Email] testtarac705@yopmail.com
Generated Name = Tara C
Generated Email = testtarac705@yopmail.com
Generated Phone = 9000017225
[Click] Open Internships ✓
📷 Screenshot: screenshots/Open Internships_20251118_150455.png
[Wait] Internship Card
[Click] Open Internship ✓
📷 Screenshot: screenshots/Open Internship_20251118_150458.png
[Click] Click Apply Now ✓
📷 Screenshot: screenshots/Click Apply Now_20251118_150459.png
[Fill] Name = Tara C
📷 Screenshot: screenshots/Fill_Name_20251118_150501.png
[Fill] Phone = 9000017225
📷 Screenshot: screenshots/Fill_Phone_20251118_150503.png
[Fill] Email = testtarac705@yopmail.com
📷 Screenshot: screenshots/Fill_Email_20251118_150504.png
[Click] Open Industry ✓
📷 Screenshot: screenshots/Open Industry_20251118_150506.png
[Click] Select Checkbox 1 ✓
📷 Screenshot: screenshots/Select Checkbox 1_20251118_150507.png
[Click] Select Checkbox 2 ✓
📷 Screenshot: screenshots/Select Checkbox 2_20251118_150509.png
[Click] Select Checkbox 3 ✓
📷 Screenshot: screenshots/Select Checkbox 3_20251118_150510.png
[Click] Close Industry ✓
📷 Screenshot: screenshots/Close Industry_20251118_150512.png
[Click] Submit ApplyNow Form ✓
📷 Screenshot: screenshots/Submit ApplyNow Form_20251118_150513.png
[Fill] OTP Digit 1 = 9
📷 Screenshot: screenshots/Fill_OTP Digit 1_20251118_150515.png
[Fill] OTP Digit 2 = 9
📷 Screenshot: screenshots/Fill_OTP Digit 2_20251118_150516.png
[Fill] OTP Digit 3 = 9
📷 Screenshot: screenshots/Fill_OTP Digit 3_20251118_150518.png
[Fill] OTP Digit 4 = 9
📷 Screenshot: screenshots/Fill_OTP Digit 4_20251118_150519.png
[Click] Verify OTP ✓
📷 Screenshot: screenshots/Verify OTP_20251118_150521.png
[Wait] Language Card
[Click] Select English ✓
📷 Screenshot: screenshots/Select English_20251118_150524.png
[Click] Select Date ✓
📷 Screenshot: screenshots/Select Date_20251118_150525.png
[Click] Select Time ✓
📷 Screenshot: screenshots/Select Time_20251118_150526.png
[Click] Go to Screening ✓
📷 Screenshot: screenshots/Go to Screening_20251118_150528.png
Total Screening Questions = 3
[Click] Select Objective Option ✓
📷 Screenshot: screenshots/Select Objective Option_20251118_150529.png
[Click] Select Objective Option ✓
📷 Screenshot: screenshots/Select Objective Option_20251118_150530.png
[Fill] Subjective Answer = Automated Answer
📷 Screenshot: screenshots/Fill_Subjective Answer_20251118_150532.png
[Click] Submit Screening ✓
📷 Screenshot: screenshots/Submit Screening_20251118_150533.png
[Wait] Thank You Popup
✔ Thank You popup verified!
[Click] Click My Interest ✓
📷 Screenshot: screenshots/Click My Interest_20251118_150534.png
✔ Navigated to My Interest
[Wait] My Interest Card
✔ Interest Card Visible
✔ Status = Pending
✔ Meeting Date & Time Validated
🎉 APPLY NOW — WITHOUT SIGNUP FLOW PASSED!]]>
  </system-out>
</testsuite> <!-- com.automation.tests.ApplyNowNoSignupTest -->
