<?xml version="1.0" encoding="UTF-8"?>
<!-- Generated by org.testng.reporters.JUnitReportReporter -->
<testsuite hostname="DESKTOP-UUDM026" failures="0" tests="1" name="com.automation.tests.FeedbackLoginTest" time="41.148" errors="0" timestamp="2025-11-18T15:42:55 IST" skipped="0">
  <testcase classname="com.automation.tests.FeedbackLoginTest" name="verifyFeedbackPopupAfterLogin" time="41.148">
    <system-out>
      <![CDATA[[Step 2] Starting Login Flow...
[Wait] Login Button
[Click] Open Login Form ✓
📷 Screenshot: screenshots/Open Login Form_20251118_154217.png
[Fill] Email = testwork123@yopmail.com
📷 Screenshot: screenshots/Fill_Email_20251118_154219.png
[Fill] Password = 12345678
📷 Screenshot: screenshots/Fill_Password_20251118_154225.png
[Click] Submit Login ✓
📷 Screenshot: screenshots/Submit Login_20251118_154232.png
[Step 2 ✓] Logged in successfully.
[Click] Open Internships Tab ✓
📷 Screenshot: screenshots/Open Internships Tab_20251118_154240.png
[Wait] Internship Card
[Click] Open Internship = Designer1 ✓
📷 Screenshot: screenshots/Open Internship = Designer1_20251118_154247.png
[Step 4 ✓] Feedback modal displayed.
[Fill] Feedback = Feedback after login flow.
📷 Screenshot: screenshots/Fill_Feedback_20251118_154249.png
[Click] Submit Feedback Text ✓
📷 Screenshot: screenshots/Submit Feedback Text_20251118_154250.png
[Step 6 ✓] Thank You popup displayed.
[Click] Close Thank You Popup ✓
📷 Screenshot: screenshots/Close Thank You Popup_20251118_154251.png
🎉 FEEDBACK FLOW AFTER LOGIN — PASSED!
📷 Screenshot: screenshots/Feedback_Login_Success_20251118_154252.png]]>
    </system-out>
  </testcase> <!-- verifyFeedbackPopupAfterLogin -->
  <system-out>
    <![CDATA[[Step 1] Navigating to https://stage.promilo.com/
[Step 2] Starting Login Flow...
[Wait] Login Button
[Click] Open Login Form ✓
📷 Screenshot: screenshots/Open Login Form_20251118_154217.png
[Fill] Email = testwork123@yopmail.com
📷 Screenshot: screenshots/Fill_Email_20251118_154219.png
[Fill] Password = 12345678
📷 Screenshot: screenshots/Fill_Password_20251118_154225.png
[Click] Submit Login ✓
📷 Screenshot: screenshots/Submit Login_20251118_154232.png
[Step 2 ✓] Logged in successfully.
[Click] Open Internships Tab ✓
📷 Screenshot: screenshots/Open Internships Tab_20251118_154240.png
[Wait] Internship Card
[Click] Open Internship = Designer1 ✓
📷 Screenshot: screenshots/Open Internship = Designer1_20251118_154247.png
[Step 4 ✓] Feedback modal displayed.
[Fill] Feedback = Feedback after login flow.
📷 Screenshot: screenshots/Fill_Feedback_20251118_154249.png
[Click] Submit Feedback Text ✓
📷 Screenshot: screenshots/Submit Feedback Text_20251118_154250.png
[Step 6 ✓] Thank You popup displayed.
[Click] Close Thank You Popup ✓
📷 Screenshot: screenshots/Close Thank You Popup_20251118_154251.png
🎉 FEEDBACK FLOW AFTER LOGIN — PASSED!
📷 Screenshot: screenshots/Feedback_Login_Success_20251118_154252.png]]>
  </system-out>
</testsuite> <!-- com.automation.tests.FeedbackLoginTest -->
