<?xml version="1.0" encoding="UTF-8"?>
<!-- Generated by org.testng.reporters.JUnitReportReporter -->
<testsuite hostname="DESKTOP-UUDM026" failures="0" tests="1" name="com.automation.tests.ApplyNowMobileTest" time="42.729" errors="0" timestamp="2025-11-18T14:25:17 IST" skipped="0">
  <testcase classname="com.automation.tests.ApplyNowMobileTest" name="verifyApplyNowViaMobile" time="42.729">
    <system-out>
      <![CDATA[[Generated Name] Anu P
[Generated Phone] 9000011319
[Generated Email] testanup602@yopmail.com
[Generated Name] Anu P
[Generated Mobile] 9000011319
[Generated Email] testanup602@yopmail.com
[Click] Click SignUp ✓
📷 Screenshot: screenshots/Click SignUp_20251118_142438.png
[Fill] Enter Mobile Number = 9000011319
📷 Screenshot: screenshots/Fill_Enter Mobile Number_20251118_142440.png
[Click] Send Verification Code ✓
📷 Screenshot: screenshots/Send Verification Code_20251118_142442.png
[Fill] Enter OTP = 9999
📷 Screenshot: screenshots/Fill_Enter OTP_20251118_142444.png
[Fill] Enter Password = Test@123
📷 Screenshot: screenshots/Fill_Enter Password_20251118_142446.png
[Click] Complete Signup ✓
📷 Screenshot: screenshots/Complete Signup_20251118_142447.png
[Click] Open Internships ✓
📷 Screenshot: screenshots/Open Internships_20251118_142450.png
[Wait] Internship Card
[Click] Open Internship ✓
📷 Screenshot: screenshots/Open Internship_20251118_142452.png
[Click] Click Apply Now ✓
📷 Screenshot: screenshots/Click Apply Now_20251118_142454.png
[Fill] Fill Name = Anu P
📷 Screenshot: screenshots/Fill_Fill Name_20251118_142455.png
✔ Mobile number is prefilled.
[Fill] Fill Email = testanup602@yopmail.com
📷 Screenshot: screenshots/Fill_Fill Email_20251118_142457.png
[Click] Open Industry ✓
📷 Screenshot: screenshots/Open Industry_20251118_142458.png
[Click] Select Checkbox 1 ✓
📷 Screenshot: screenshots/Select Checkbox 1_20251118_142459.png
[Click] Select Checkbox 2 ✓
📷 Screenshot: screenshots/Select Checkbox 2_20251118_142500.png
[Click] Select Checkbox 3 ✓
📷 Screenshot: screenshots/Select Checkbox 3_20251118_142502.png
[Click] Close Industry ✓
📷 Screenshot: screenshots/Close Industry_20251118_142503.png
[Click] Submit Apply Now ✓
📷 Screenshot: screenshots/Submit Apply Now_20251118_142504.png
[Click] Select English ✓
📷 Screenshot: screenshots/Select English_20251118_142505.png
[Click] Select Date ✓
📷 Screenshot: screenshots/Select Date_20251118_142506.png
[Click] Select Time ✓
📷 Screenshot: screenshots/Select Time_20251118_142508.png
[Click] Go to Screening ✓
📷 Screenshot: screenshots/Go to Screening_20251118_142509.png
Total Screening Questions = 3
[Click] Select Objective Option ✓
📷 Screenshot: screenshots/Select Objective Option_20251118_142510.png
[Click] Select Objective Option ✓
📷 Screenshot: screenshots/Select Objective Option_20251118_142511.png
[Fill] Fill Subjective Answer = Automated Answer
📷 Screenshot: screenshots/Fill_Fill Subjective Answer_20251118_142512.png
[Click] Submit Screening ✓
📷 Screenshot: screenshots/Submit Screening_20251118_142513.png
[Wait] Thank You Popup
✔ Thank You popup verified!
[Click] Click My Interest ✓
📷 Screenshot: screenshots/Click My Interest_20251118_142515.png
✔ Navigated to My Interest
[Wait] My Interest Card
✔ My Interest Card Visible
✔ Status = Pending
✔ Meeting Date & Time Validated
🎉 APPLY NOW MOBILE FLOW PASSED!]]>
    </system-out>
  </testcase> <!-- verifyApplyNowViaMobile -->
  <system-out>
    <![CDATA[[Click] Close Popup ✓
📷 Screenshot: screenshots/Close Popup_20251118_142435.png
[Generated Name] Anu P
[Generated Phone] 9000011319
[Generated Email] testanup602@yopmail.com
[Generated Name] Anu P
[Generated Mobile] 9000011319
[Generated Email] testanup602@yopmail.com
[Click] Click SignUp ✓
📷 Screenshot: screenshots/Click SignUp_20251118_142438.png
[Fill] Enter Mobile Number = 9000011319
📷 Screenshot: screenshots/Fill_Enter Mobile Number_20251118_142440.png
[Click] Send Verification Code ✓
📷 Screenshot: screenshots/Send Verification Code_20251118_142442.png
[Fill] Enter OTP = 9999
📷 Screenshot: screenshots/Fill_Enter OTP_20251118_142444.png
[Fill] Enter Password = Test@123
📷 Screenshot: screenshots/Fill_Enter Password_20251118_142446.png
[Click] Complete Signup ✓
📷 Screenshot: screenshots/Complete Signup_20251118_142447.png
[Click] Open Internships ✓
📷 Screenshot: screenshots/Open Internships_20251118_142450.png
[Wait] Internship Card
[Click] Open Internship ✓
📷 Screenshot: screenshots/Open Internship_20251118_142452.png
[Click] Click Apply Now ✓
📷 Screenshot: screenshots/Click Apply Now_20251118_142454.png
[Fill] Fill Name = Anu P
📷 Screenshot: screenshots/Fill_Fill Name_20251118_142455.png
✔ Mobile number is prefilled.
[Fill] Fill Email = testanup602@yopmail.com
📷 Screenshot: screenshots/Fill_Fill Email_20251118_142457.png
[Click] Open Industry ✓
📷 Screenshot: screenshots/Open Industry_20251118_142458.png
[Click] Select Checkbox 1 ✓
📷 Screenshot: screenshots/Select Checkbox 1_20251118_142459.png
[Click] Select Checkbox 2 ✓
📷 Screenshot: screenshots/Select Checkbox 2_20251118_142500.png
[Click] Select Checkbox 3 ✓
📷 Screenshot: screenshots/Select Checkbox 3_20251118_142502.png
[Click] Close Industry ✓
📷 Screenshot: screenshots/Close Industry_20251118_142503.png
[Click] Submit Apply Now ✓
📷 Screenshot: screenshots/Submit Apply Now_20251118_142504.png
[Click] Select English ✓
📷 Screenshot: screenshots/Select English_20251118_142505.png
[Click] Select Date ✓
📷 Screenshot: screenshots/Select Date_20251118_142506.png
[Click] Select Time ✓
📷 Screenshot: screenshots/Select Time_20251118_142508.png
[Click] Go to Screening ✓
📷 Screenshot: screenshots/Go to Screening_20251118_142509.png
Total Screening Questions = 3
[Click] Select Objective Option ✓
📷 Screenshot: screenshots/Select Objective Option_20251118_142510.png
[Click] Select Objective Option ✓
📷 Screenshot: screenshots/Select Objective Option_20251118_142511.png
[Fill] Fill Subjective Answer = Automated Answer
📷 Screenshot: screenshots/Fill_Fill Subjective Answer_20251118_142512.png
[Click] Submit Screening ✓
📷 Screenshot: screenshots/Submit Screening_20251118_142513.png
[Wait] Thank You Popup
✔ Thank You popup verified!
[Click] Click My Interest ✓
📷 Screenshot: screenshots/Click My Interest_20251118_142515.png
✔ Navigated to My Interest
[Wait] My Interest Card
✔ My Interest Card Visible
✔ Status = Pending
✔ Meeting Date & Time Validated
🎉 APPLY NOW MOBILE FLOW PASSED!]]>
  </system-out>
</testsuite> <!-- com.automation.tests.ApplyNowMobileTest -->
