<?xml version="1.0" encoding="UTF-8"?>
<!-- Generated by org.testng.reporters.JUnitReportReporter -->
<testsuite hostname="DESKTOP-UUDM026" failures="0" tests="1" name="com.automation.tests.FeedbackNoSignupTest" time="81.270" errors="0" timestamp="2025-11-18T15:44:55 IST" skipped="0">
  <testcase classname="com.automation.tests.FeedbackNoSignupTest" name="verifyFeedbackFlowWithoutSignup" time="81.270">
    <system-out>
      <![CDATA[[Click] Open Internships ✓
📷 Screenshot: screenshots/Open Internships_20251118_154405.png
[Wait] Internship Card
⚠ Normal click failed. Trying JS click...
[JS Click] Open Internship ✓
📷 Screenshot: screenshots/Open Internship_JS_20251118_154423.png
[Step 3] Feedback modal is visible.
[Fill] Feedback Text = Automated feedback for no-signup flow.
📷 Screenshot: screenshots/Fill_Feedback Text_20251118_154425.png
[Click] Submit Feedback ✓
📷 Screenshot: screenshots/Submit Feedback_20251118_154427.png
[Generated Name] Nisha U
[Generated Phone] 9000015879
[Generated Email] testnishau835@yopmail.com
[Fill] Name Field = Nisha U
📷 Screenshot: screenshots/Fill_Name Field_20251118_154428.png
[Fill] Mobile Field = 9000015879
📷 Screenshot: screenshots/Fill_Mobile Field_20251118_154430.png
[Fill] Email Field = testnishau835@yopmail.com
📷 Screenshot: screenshots/Fill_Email Field_20251118_154431.png
[Click] Submit User Details ✓
📷 Screenshot: screenshots/Submit User Details_20251118_154432.png
[Step 6] OTP modal visible.
[Fill] OTP Digit 1 = 9
📷 Screenshot: screenshots/Fill_OTP Digit 1_20251118_154434.png
[Fill] OTP Digit 2 = 9
📷 Screenshot: screenshots/Fill_OTP Digit 2_20251118_154435.png
[Fill] OTP Digit 3 = 9
📷 Screenshot: screenshots/Fill_OTP Digit 3_20251118_154437.png
[Fill] OTP Digit 4 = 9
📷 Screenshot: screenshots/Fill_OTP Digit 4_20251118_154438.png
[Click] Verify OTP ✓
📷 Screenshot: screenshots/Verify OTP_20251118_154440.png
[Step 7] Thank You popup verified successfully.
[Click] Close Thank You Popup ✓
📷 Screenshot: screenshots/Close Thank You Popup_20251118_154454.png
🎉 FEEDBACK NO-SIGNUP FLOW COMPLETED SUCCESSFULLY 🎉]]>
    </system-out>
  </testcase> <!-- verifyFeedbackFlowWithoutSignup -->
  <system-out>
    <![CDATA[[Step 1] Navigating to: https://stage.promilo.com/
[Click] Open Internships ✓
📷 Screenshot: screenshots/Open Internships_20251118_154405.png
[Wait] Internship Card
⚠ Normal click failed. Trying JS click...
[JS Click] Open Internship ✓
📷 Screenshot: screenshots/Open Internship_JS_20251118_154423.png
[Step 3] Feedback modal is visible.
[Fill] Feedback Text = Automated feedback for no-signup flow.
📷 Screenshot: screenshots/Fill_Feedback Text_20251118_154425.png
[Click] Submit Feedback ✓
📷 Screenshot: screenshots/Submit Feedback_20251118_154427.png
[Generated Name] Nisha U
[Generated Phone] 9000015879
[Generated Email] testnishau835@yopmail.com
[Fill] Name Field = Nisha U
📷 Screenshot: screenshots/Fill_Name Field_20251118_154428.png
[Fill] Mobile Field = 9000015879
📷 Screenshot: screenshots/Fill_Mobile Field_20251118_154430.png
[Fill] Email Field = testnishau835@yopmail.com
📷 Screenshot: screenshots/Fill_Email Field_20251118_154431.png
[Click] Submit User Details ✓
📷 Screenshot: screenshots/Submit User Details_20251118_154432.png
[Step 6] OTP modal visible.
[Fill] OTP Digit 1 = 9
📷 Screenshot: screenshots/Fill_OTP Digit 1_20251118_154434.png
[Fill] OTP Digit 2 = 9
📷 Screenshot: screenshots/Fill_OTP Digit 2_20251118_154435.png
[Fill] OTP Digit 3 = 9
📷 Screenshot: screenshots/Fill_OTP Digit 3_20251118_154437.png
[Fill] OTP Digit 4 = 9
📷 Screenshot: screenshots/Fill_OTP Digit 4_20251118_154438.png
[Click] Verify OTP ✓
📷 Screenshot: screenshots/Verify OTP_20251118_154440.png
[Step 7] Thank You popup verified successfully.
[Click] Close Thank You Popup ✓
📷 Screenshot: screenshots/Close Thank You Popup_20251118_154454.png
🎉 FEEDBACK NO-SIGNUP FLOW COMPLETED SUCCESSFULLY 🎉]]>
  </system-out>
</testsuite> <!-- com.automation.tests.FeedbackNoSignupTest -->
