<?xml version="1.0" encoding="UTF-8"?>
<!-- Generated by org.testng.reporters.JUnitReportReporter -->
<testsuite hostname="DESKTOP-UUDM026" failures="1" tests="1" name="com.automation.tests.RescheduleFunctionalityRejectTest" time="14.782" errors="0" timestamp="2025-11-12T17:11:08 IST" skipped="0">
  <testcase classname="com.automation.tests.RescheduleFunctionalityRejectTest" name="verifyCandidateToAdvertiserRescheduleCancelFlow" time="14.782">
    <failure message="Test failed due to exception: Error {
  message=&#039;Target page, context or browser has been closed
  name=&#039;TargetClosedError
  stack=&#039;TargetClosedError:Target page, context or browser has been closed
Error
    at captureRawStack (C:\Users\Admin\AppData\Local\Temp\playwright-java-4111538715896107090\package\lib\utils\isomorphic\stackTrace.js:32:17)
    at LongStandingScope._race (C:\Users\Admin\AppData\Local\Temp\playwright-java-4111538715896107090\package\lib\utils\isomorphic\manualPromise.js:87:58)
    at LongStandingScope.race (C:\Users\Admin\AppData\Local\Temp\playwright-java-4111538715896107090\package\lib\utils\isomorphic\manualPromise.js:80:17)
    at C:\Users\Admin\AppData\Local\Temp\playwright-java-4111538715896107090\package\lib\utils\isomorphic\manualPromise.js:77:45
    at Array.map (&lt;anonymous&gt;)
    at LongStandingScope.raceMultiple (C:\Users\Admin\AppData\Local\Temp\playwright-java-4111538715896107090\package\lib\utils\isomorphic\manualPromise.js:77:32)
    at Frame.retryWithProgressAndTimeouts (C:\Users\Admin\AppData\Local\Temp\playwright-java-4111538715896107090\package\lib\server\frames.js:877:46)
    at async C:\Users\Admin\AppData\Local\Temp\playwright-java-4111538715896107090\package\lib\server\frames.js:960:29
    at async ProgressController.run (C:\Users\Admin\AppData\Local\Temp\playwright-java-4111538715896107090\package\lib\server\progress.js:80:22)
    at async FrameDispatcher.click (C:\Users\Admin\AppData\Local\Temp\playwright-java-4111538715896107090\package\lib\server\dispatchers\frameDispatcher.js:117:12)
    at async LongStandingScope._race (C:\Users\Admin\AppData\Local\Temp\playwright-java-4111538715896107090\package\lib\utils\isomorphic\manualPromise.js:94:14)
    at async FrameDispatcher._handleCommand (C:\Users\Admin\AppData\Local\Temp\playwright-java-4111538715896107090\package\lib\server\dispatchers\dispatcher.js:90:14)
    at async DispatcherConnection.dispatch (C:\Users\Admin\AppData\Local\Temp\playwright-java-4111538715896107090\package\lib\server\dispatchers\dispatcher.js:309:22)
}
Call log:
-   - waiting for locator(&quot;//div[contains(@class,&#039;my-interest-card-contianer&#039;) and contains(translate(., &#039;ABCDEFGHIJKLMNOPQRSTUVWXYZ&#039;, &#039;abcdefghijklmnopqrstuvwxyz&#039;), &#039;designer1&#039;)]&quot;).locator(&quot;//img[contains(@alt,&#039;Reschedule&#039;) or contains(@src,&#039;rescheduleIcon&#039;) or contains(@src,&#039;reschedule&#039;)]&quot;)
" type="java.lang.AssertionError">
      <![CDATA[java.lang.AssertionError: Test failed due to exception: Error {
  message='Target page, context or browser has been closed
  name='TargetClosedError
  stack='TargetClosedError:Target page, context or browser has been closed
Error
    at captureRawStack (C:\Users\Admin\AppData\Local\Temp\playwright-java-4111538715896107090\package\lib\utils\isomorphic\stackTrace.js:32:17)
    at LongStandingScope._race (C:\Users\Admin\AppData\Local\Temp\playwright-java-4111538715896107090\package\lib\utils\isomorphic\manualPromise.js:87:58)
    at LongStandingScope.race (C:\Users\Admin\AppData\Local\Temp\playwright-java-4111538715896107090\package\lib\utils\isomorphic\manualPromise.js:80:17)
    at C:\Users\Admin\AppData\Local\Temp\playwright-java-4111538715896107090\package\lib\utils\isomorphic\manualPromise.js:77:45
    at Array.map (<anonymous>)
    at LongStandingScope.raceMultiple (C:\Users\Admin\AppData\Local\Temp\playwright-java-4111538715896107090\package\lib\utils\isomorphic\manualPromise.js:77:32)
    at Frame.retryWithProgressAndTimeouts (C:\Users\Admin\AppData\Local\Temp\playwright-java-4111538715896107090\package\lib\server\frames.js:877:46)
    at async C:\Users\Admin\AppData\Local\Temp\playwright-java-4111538715896107090\package\lib\server\frames.js:960:29
    at async ProgressController.run (C:\Users\Admin\AppData\Local\Temp\playwright-java-4111538715896107090\package\lib\server\progress.js:80:22)
    at async FrameDispatcher.click (C:\Users\Admin\AppData\Local\Temp\playwright-java-4111538715896107090\package\lib\server\dispatchers\frameDispatcher.js:117:12)
    at async LongStandingScope._race (C:\Users\Admin\AppData\Local\Temp\playwright-java-4111538715896107090\package\lib\utils\isomorphic\manualPromise.js:94:14)
    at async FrameDispatcher._handleCommand (C:\Users\Admin\AppData\Local\Temp\playwright-java-4111538715896107090\package\lib\server\dispatchers\dispatcher.js:90:14)
    at async DispatcherConnection.dispatch (C:\Users\Admin\AppData\Local\Temp\playwright-java-4111538715896107090\package\lib\server\dispatchers\dispatcher.js:309:22)
}
Call log:
-   - waiting for locator("//div[contains(@class,'my-interest-card-contianer') and contains(translate(., 'ABCDEFGHIJKLMNOPQRSTUVWXYZ', 'abcdefghijklmnopqrstuvwxyz'), 'designer1')]").locator("//img[contains(@alt,'Reschedule') or contains(@src,'rescheduleIcon') or contains(@src,'reschedule')]")

at org.testng.Assert.fail(Assert.java:111)
at com.automation.tests.RescheduleFunctionalityRejectTest.verifyCandidateToAdvertiserRescheduleCancelFlow(RescheduleFunctionalityRejectTest.java:109)
at java.base/jdk.internal.reflect.DirectMethodHandleAccessor.invoke(DirectMethodHandleAccessor.java:103)
at java.base/java.lang.reflect.Method.invoke(Method.java:580)
at org.testng.internal.invokers.MethodInvocationHelper.invokeMethod(MethodInvocationHelper.java:141)
at org.testng.internal.invokers.TestInvoker.invokeMethod(TestInvoker.java:686)
at org.testng.internal.invokers.TestInvoker.invokeTestMethod(TestInvoker.java:230)
at org.testng.internal.invokers.MethodRunner.runInSequence(MethodRunner.java:63)
at org.testng.internal.invokers.TestInvoker$MethodInvocationAgent.invoke(TestInvoker.java:992)
at org.testng.internal.invokers.TestInvoker.invokeTestMethods(TestInvoker.java:203)
at org.testng.internal.invokers.TestMethodWorker.invokeTestMethods(TestMethodWorker.java:154)
at org.testng.internal.invokers.TestMethodWorker.run(TestMethodWorker.java:134)
at java.base/java.util.ArrayList.forEach(ArrayList.java:1596)
at org.testng.TestRunner.privateRun(TestRunner.java:739)
at org.testng.TestRunner.run(TestRunner.java:614)
at org.testng.SuiteRunner.runTest(SuiteRunner.java:421)
at org.testng.SuiteRunner.runSequentially(SuiteRunner.java:413)
at org.testng.SuiteRunner.privateRun(SuiteRunner.java:373)
at org.testng.SuiteRunner.run(SuiteRunner.java:312)
at org.testng.SuiteRunnerWorker.runSuite(SuiteRunnerWorker.java:52)
at org.testng.SuiteRunnerWorker.run(SuiteRunnerWorker.java:95)
at org.testng.TestNG.runSuitesSequentially(TestNG.java:1274)
at org.testng.TestNG.runSuitesLocally(TestNG.java:1208)
at org.testng.TestNG.runSuites(TestNG.java:1112)
at org.testng.TestNG.run(TestNG.java:1079)
at org.testng.remote.AbstractRemoteTestNG.run(AbstractRemoteTestNG.java:115)
at org.testng.remote.RemoteTestNG.initAndRun(RemoteTestNG.java:293)
at org.testng.remote.RemoteTestNG.main(RemoteTestNG.java:91)
]]>
    </failure>
    <system-out>
      <![CDATA[[Step 2] Clicked 'May be later!' button.
[Step 1] Performing candidate login...
[Step 2] Candidate logged in successfully.
[Step 3] Clicked on My Interest tab.
❌ Test failed: Error {
  message='Target page, context or browser has been closed
  name='TargetClosedError
  stack='TargetClosedError:Target page, context or browser has been closed
Error
    at captureRawStack (C:\Users\Admin\AppData\Local\Temp\playwright-java-4111538715896107090\package\lib\utils\isomorphic\stackTrace.js:32:17)
    at LongStandingScope._race (C:\Users\Admin\AppData\Local\Temp\playwright-java-4111538715896107090\package\lib\utils\isomorphic\manualPromise.js:87:58)
    at LongStandingScope.race (C:\Users\Admin\AppData\Local\Temp\playwright-java-4111538715896107090\package\lib\utils\isomorphic\manualPromise.js:80:17)
    at C:\Users\Admin\AppData\Local\Temp\playwright-java-4111538715896107090\package\lib\utils\isomorphic\manualPromise.js:77:45
    at Array.map (<anonymous>)
    at LongStandingScope.raceMultiple (C:\Users\Admin\AppData\Local\Temp\playwright-java-4111538715896107090\package\lib\utils\isomorphic\manualPromise.js:77:32)
    at Frame.retryWithProgressAndTimeouts (C:\Users\Admin\AppData\Local\Temp\playwright-java-4111538715896107090\package\lib\server\frames.js:877:46)
    at async C:\Users\Admin\AppData\Local\Temp\playwright-java-4111538715896107090\package\lib\server\frames.js:960:29
    at async ProgressController.run (C:\Users\Admin\AppData\Local\Temp\playwright-java-4111538715896107090\package\lib\server\progress.js:80:22)
    at async FrameDispatcher.click (C:\Users\Admin\AppData\Local\Temp\playwright-java-4111538715896107090\package\lib\server\dispatchers\frameDispatcher.js:117:12)
    at async LongStandingScope._race (C:\Users\Admin\AppData\Local\Temp\playwright-java-4111538715896107090\package\lib\utils\isomorphic\manualPromise.js:94:14)
    at async FrameDispatcher._handleCommand (C:\Users\Admin\AppData\Local\Temp\playwright-java-4111538715896107090\package\lib\server\dispatchers\dispatcher.js:90:14)
    at async DispatcherConnection.dispatch (C:\Users\Admin\AppData\Local\Temp\playwright-java-4111538715896107090\package\lib\server\dispatchers\dispatcher.js:309:22)
}
Call log:
-   - waiting for locator("//div[contains(@class,'my-interest-card-contianer') and contains(translate(., 'ABCDEFGHIJKLMNOPQRSTUVWXYZ', 'abcdefghijklmnopqrstuvwxyz'), 'designer1')]").locator("//img[contains(@alt,'Reschedule') or contains(@src,'rescheduleIcon') or contains(@src,'reschedule')]")
]]>
    </system-out>
  </testcase> <!-- verifyCandidateToAdvertiserRescheduleCancelFlow -->
  <system-out>
    <![CDATA[[Step 1] Navigating to Candidate Portal: https://stage.promilo.com/
[Step 2] Clicked 'May be later!' button.
[Step 1] Performing candidate login...
[Step 2] Candidate logged in successfully.
[Step 3] Clicked on My Interest tab.
❌ Test failed: Error {
  message='Target page, context or browser has been closed
  name='TargetClosedError
  stack='TargetClosedError:Target page, context or browser has been closed
Error
    at captureRawStack (C:\Users\Admin\AppData\Local\Temp\playwright-java-4111538715896107090\package\lib\utils\isomorphic\stackTrace.js:32:17)
    at LongStandingScope._race (C:\Users\Admin\AppData\Local\Temp\playwright-java-4111538715896107090\package\lib\utils\isomorphic\manualPromise.js:87:58)
    at LongStandingScope.race (C:\Users\Admin\AppData\Local\Temp\playwright-java-4111538715896107090\package\lib\utils\isomorphic\manualPromise.js:80:17)
    at C:\Users\Admin\AppData\Local\Temp\playwright-java-4111538715896107090\package\lib\utils\isomorphic\manualPromise.js:77:45
    at Array.map (<anonymous>)
    at LongStandingScope.raceMultiple (C:\Users\Admin\AppData\Local\Temp\playwright-java-4111538715896107090\package\lib\utils\isomorphic\manualPromise.js:77:32)
    at Frame.retryWithProgressAndTimeouts (C:\Users\Admin\AppData\Local\Temp\playwright-java-4111538715896107090\package\lib\server\frames.js:877:46)
    at async C:\Users\Admin\AppData\Local\Temp\playwright-java-4111538715896107090\package\lib\server\frames.js:960:29
    at async ProgressController.run (C:\Users\Admin\AppData\Local\Temp\playwright-java-4111538715896107090\package\lib\server\progress.js:80:22)
    at async FrameDispatcher.click (C:\Users\Admin\AppData\Local\Temp\playwright-java-4111538715896107090\package\lib\server\dispatchers\frameDispatcher.js:117:12)
    at async LongStandingScope._race (C:\Users\Admin\AppData\Local\Temp\playwright-java-4111538715896107090\package\lib\utils\isomorphic\manualPromise.js:94:14)
    at async FrameDispatcher._handleCommand (C:\Users\Admin\AppData\Local\Temp\playwright-java-4111538715896107090\package\lib\server\dispatchers\dispatcher.js:90:14)
    at async DispatcherConnection.dispatch (C:\Users\Admin\AppData\Local\Temp\playwright-java-4111538715896107090\package\lib\server\dispatchers\dispatcher.js:309:22)
}
Call log:
-   - waiting for locator("//div[contains(@class,'my-interest-card-contianer') and contains(translate(., 'ABCDEFGHIJKLMNOPQRSTUVWXYZ', 'abcdefghijklmnopqrstuvwxyz'), 'designer1')]").locator("//img[contains(@alt,'Reschedule') or contains(@src,'rescheduleIcon') or contains(@src,'reschedule')]")
]]>
  </system-out>
</testsuite> <!-- com.automation.tests.RescheduleFunctionalityRejectTest -->
