<?xml version="1.0" encoding="UTF-8"?>
<!-- Generated by org.testng.reporters.JUnitReportReporter -->
<testsuite hostname="DESKTOP-UUDM026" failures="0" tests="1" name="com.automation.tests.GetConnectedTest" time="36.942" errors="0" timestamp="2025-11-18T16:02:33 IST" skipped="0">
  <testcase classname="com.automation.tests.GetConnectedTest" name="verifyGetConnectedFlow" time="36.942">
    <system-out>
      <![CDATA[[Generated Name] Mira H
[Generated Phone] 9000014056
[Generated Email] testmirah869@yopmail.com
[DATA] Name: Mira H
[DATA] Phone: 9000014056
[DATA] Email: testmirah869@yopmail.com
[Click] Open Internships ✓
📷 Screenshot: screenshots/Open Internships_20251118_160200.png
[Wait] Internship Card
[Click] Open Internship ✓
📷 Screenshot: screenshots/Open Internship_20251118_160207.png
[Click] Click Get Connected ✓
📷 Screenshot: screenshots/Click Get Connected_20251118_160209.png
[Fill] Name = Mira H
📷 Screenshot: screenshots/Fill_Name_20251118_160210.png
[Fill] Mobile = 9000014056
📷 Screenshot: screenshots/Fill_Mobile_20251118_160212.png
[Fill] Email = testmirah869@yopmail.com
📷 Screenshot: screenshots/Fill_Email_20251118_160213.png
[Click] Open Industry ✓
📷 Screenshot: screenshots/Open Industry_20251118_160215.png
[Click] Select Industry Checkbox 1 ✓
📷 Screenshot: screenshots/Select Industry Checkbox 1_20251118_160216.png
[Click] Select Industry Checkbox 2 ✓
📷 Screenshot: screenshots/Select Industry Checkbox 2_20251118_160217.png
[Click] Select Industry Checkbox 3 ✓
📷 Screenshot: screenshots/Select Industry Checkbox 3_20251118_160219.png
[Click] Close Industry Dropdown ✓
📷 Screenshot: screenshots/Close Industry Dropdown_20251118_160221.png
[Fill] Password = Test@4056
📷 Screenshot: screenshots/Fill_Password_20251118_160222.png
[Click] Click Register ✓
📷 Screenshot: screenshots/Click Register_20251118_160224.png
OTP screen loaded!
[Fill] OTP Digit 1 = 9
📷 Screenshot: screenshots/Fill_OTP Digit 1_20251118_160225.png
[Fill] OTP Digit 2 = 9
📷 Screenshot: screenshots/Fill_OTP Digit 2_20251118_160227.png
[Fill] OTP Digit 3 = 9
📷 Screenshot: screenshots/Fill_OTP Digit 3_20251118_160228.png
[Fill] OTP Digit 4 = 9
📷 Screenshot: screenshots/Fill_OTP Digit 4_20251118_160230.png
[Click] Verify OTP ✓
📷 Screenshot: screenshots/Verify OTP_20251118_160231.png
===== ✅ GET CONNECTED FLOW COMPLETED SUCCESSFULLY =====]]>
    </system-out>
  </testcase> <!-- verifyGetConnectedFlow -->
  <system-out>
    <![CDATA[[Step 1] Navigating to: https://stage.promilo.com/
[Click] Close 'Maybe later' popup ✓
📷 Screenshot: screenshots/Close 'Maybe later' popup_20251118_160158.png
[Generated Name] Mira H
[Generated Phone] 9000014056
[Generated Email] testmirah869@yopmail.com
[DATA] Name: Mira H
[DATA] Phone: 9000014056
[DATA] Email: testmirah869@yopmail.com
[Click] Open Internships ✓
📷 Screenshot: screenshots/Open Internships_20251118_160200.png
[Wait] Internship Card
[Click] Open Internship ✓
📷 Screenshot: screenshots/Open Internship_20251118_160207.png
[Click] Click Get Connected ✓
📷 Screenshot: screenshots/Click Get Connected_20251118_160209.png
[Fill] Name = Mira H
📷 Screenshot: screenshots/Fill_Name_20251118_160210.png
[Fill] Mobile = 9000014056
📷 Screenshot: screenshots/Fill_Mobile_20251118_160212.png
[Fill] Email = testmirah869@yopmail.com
📷 Screenshot: screenshots/Fill_Email_20251118_160213.png
[Click] Open Industry ✓
📷 Screenshot: screenshots/Open Industry_20251118_160215.png
[Click] Select Industry Checkbox 1 ✓
📷 Screenshot: screenshots/Select Industry Checkbox 1_20251118_160216.png
[Click] Select Industry Checkbox 2 ✓
📷 Screenshot: screenshots/Select Industry Checkbox 2_20251118_160217.png
[Click] Select Industry Checkbox 3 ✓
📷 Screenshot: screenshots/Select Industry Checkbox 3_20251118_160219.png
[Click] Close Industry Dropdown ✓
📷 Screenshot: screenshots/Close Industry Dropdown_20251118_160221.png
[Fill] Password = Test@4056
📷 Screenshot: screenshots/Fill_Password_20251118_160222.png
[Click] Click Register ✓
📷 Screenshot: screenshots/Click Register_20251118_160224.png
OTP screen loaded!
[Fill] OTP Digit 1 = 9
📷 Screenshot: screenshots/Fill_OTP Digit 1_20251118_160225.png
[Fill] OTP Digit 2 = 9
📷 Screenshot: screenshots/Fill_OTP Digit 2_20251118_160227.png
[Fill] OTP Digit 3 = 9
📷 Screenshot: screenshots/Fill_OTP Digit 3_20251118_160228.png
[Fill] OTP Digit 4 = 9
📷 Screenshot: screenshots/Fill_OTP Digit 4_20251118_160230.png
[Click] Verify OTP ✓
📷 Screenshot: screenshots/Verify OTP_20251118_160231.png
===== ✅ GET CONNECTED FLOW COMPLETED SUCCESSFULLY =====]]>
  </system-out>
</testsuite> <!-- com.automation.tests.GetConnectedTest -->
