<?xml version="1.0" encoding="UTF-8"?>
<!-- Generated by org.testng.reporters.JUnitReportReporter -->
<testsuite hostname="DESKTOP-UUDM026" failures="0" tests="2" name="com.automation.tests.RescheduleFunctionalityAcceptTest" time="0.003" errors="1" timestamp="2025-12-23T14:22:27 IST" skipped="1">
  <testcase classname="com.automation.tests.RescheduleFunctionalityAcceptTest" name="initPages" time="0.003">
    <error message="Cannot invoke &quot;com.microsoft.playwright.Page.locator(String)&quot; because &quot;page&quot; is null" type="java.lang.NullPointerException">
      <![CDATA[java.lang.NullPointerException: Cannot invoke "com.microsoft.playwright.Page.locator(String)" because "page" is null
at com.automation.pages.LoginpagePage.<init>(LoginpagePage.java:36)
at com.automation.utils.LoginUtility.<init>(LoginUtility.java:16)
at com.automation.tests.RescheduleFunctionalityAcceptTest.initPages(RescheduleFunctionalityAcceptTest.java:32)
at java.base/jdk.internal.reflect.DirectMethodHandleAccessor.invoke(DirectMethodHandleAccessor.java:103)
at java.base/java.lang.reflect.Method.invoke(Method.java:580)
at org.testng.internal.invokers.MethodInvocationHelper.invokeMethod(MethodInvocationHelper.java:141)
at org.testng.internal.invokers.MethodInvocationHelper.invokeMethodConsideringTimeout(MethodInvocationHelper.java:71)
at org.testng.internal.invokers.ConfigInvoker.invokeConfigurationMethod(ConfigInvoker.java:400)
at org.testng.internal.invokers.ConfigInvoker.invokeConfigurations(ConfigInvoker.java:333)
at org.testng.internal.invokers.TestMethodWorker.invokeBeforeClassMethods(TestMethodWorker.java:188)
at org.testng.internal.invokers.TestMethodWorker.run(TestMethodWorker.java:128)
at java.base/java.util.ArrayList.forEach(ArrayList.java:1596)
at org.testng.TestRunner.privateRun(TestRunner.java:739)
at org.testng.TestRunner.run(TestRunner.java:614)
at org.testng.SuiteRunner.runTest(SuiteRunner.java:421)
at org.testng.SuiteRunner.runSequentially(SuiteRunner.java:413)
at org.testng.SuiteRunner.privateRun(SuiteRunner.java:373)
at org.testng.SuiteRunner.run(SuiteRunner.java:312)
at org.testng.SuiteRunnerWorker.runSuite(SuiteRunnerWorker.java:52)
at org.testng.SuiteRunnerWorker.run(SuiteRunnerWorker.java:95)
at org.testng.TestNG.runSuitesSequentially(TestNG.java:1274)
at org.testng.TestNG.runSuitesLocally(TestNG.java:1208)
at org.testng.TestNG.runSuites(TestNG.java:1112)
at org.testng.TestNG.run(TestNG.java:1079)
at org.testng.remote.AbstractRemoteTestNG.run(AbstractRemoteTestNG.java:115)
at org.testng.remote.RemoteTestNG.initAndRun(RemoteTestNG.java:293)
at org.testng.remote.RemoteTestNG.main(RemoteTestNG.java:91)
]]>
    </error>
  </testcase> <!-- initPages -->
  <testcase classname="com.automation.tests.RescheduleFunctionalityAcceptTest" name="verifyCandidateToAdvertiserRescheduleFlow" time="0.000">
    <skipped/>
  </testcase> <!-- verifyCandidateToAdvertiserRescheduleFlow -->
  <system-out>
    <![CDATA[[Generated Name] Kavya R
[Generated Email] testkavyar156@yopmail.com
[Generated Phone] 9000015020
Name: Kavya R
Email: testkavyar156@yopmail.com
Phone: 9000015020
[Click] Sign Up ✓
[Fill] Email = testkavyar156@yopmail.com
[Click] Send OTP ✓
[Fill FAILED] OTP
⚠ Screenshot failed: Fill_OTP_FAILED
⚠ Screenshot failed: verifyApplyNowViaEmail_fullStrictValidation
Logging in using saved signup account
⚠ Screenshot failed: verifyApplyNowViaLogin
==== APPLY NOW FULL NEGATIVE FLOW STARTED ====
⚠ Screenshot failed: fullApplyNowNegativeFlow
Navigating to https://stage.promilo.com/
[Step 1] Navigating to Promilo...
[Step 1] Navigating to Homepage…
Navigating to Promilo
[Step 1] Navigating to: https://stage.promilo.com/
Navigating to Promilo
Navigating to Promilo
[Step 1] Navigating to https://stage.promilo.com/
[Click FAILED] Open Internships
⚠ Screenshot failed: Open Internships_FAILED
[Step 1] Navigating to https://stage.promilo.com/
[Generated Name] Ritu D
[Generated Phone] 9000017612
[Generated Email] testritud674@yopmail.com
[DATA] Name = Ritu D
[DATA] Phone = 9000017612
[DATA] Email = testritud674@yopmail.com
[Click FAILED] Open Internships Tab
⚠ Screenshot failed: Open Internships Tab_FAILED
⚠ Screenshot failed: verifyRegisterWithUsFlow]]>
  </system-out>
</testsuite> <!-- com.automation.tests.RescheduleFunctionalityAcceptTest -->
