<?xml version="1.0" encoding="UTF-8"?>
<!-- Generated by org.testng.reporters.JUnitReportReporter -->
<testsuite hostname="DESKTOP-UUDM026" failures="0" tests="1" name="com.automation.tests.FeedbackMobileTest" time="51.314" errors="0" timestamp="2025-11-18T15:40:51 IST" skipped="0">
  <testcase classname="com.automation.tests.FeedbackMobileTest" name="verifyFeedbackPopupViaMobileSignup" time="51.314">
    <system-out>
      <![CDATA[[Generated Name] Anu L
[Generated Phone] 9000015645
[Generated Email] testanul651@yopmail.com
Generated Name = Anu L
Generated Mobile = 9000015645
Generated Email = testanul651@yopmail.com
[Click] Click SignUp ✓
📷 Screenshot: screenshots/Click SignUp_20251118_154005.png
[Fill] Enter Mobile = 9000015645
📷 Screenshot: screenshots/Fill_Enter Mobile_20251118_154007.png
[Click] Send Verification Code ✓
📷 Screenshot: screenshots/Send Verification Code_20251118_154009.png
[Fill] Enter OTP = 9999
📷 Screenshot: screenshots/Fill_Enter OTP_20251118_154010.png
[Fill] Enter Password = Test@123
📷 Screenshot: screenshots/Fill_Enter Password_20251118_154013.png
[Click] Complete Signup ✓
📷 Screenshot: screenshots/Complete Signup_20251118_154018.png
✔ Signup successful via Mobile
[Click] Open Internships ✓
📷 Screenshot: screenshots/Open Internships_20251118_154021.png
[Wait] Internship Card
⚠ Normal click failed. Trying JS click...
[JS Click] Open Internship ✓
📷 Screenshot: screenshots/Open Internship_JS_20251118_154040.png
[Wait] Feedback Modal
✔ Feedback Modal Visible
[Fill] Enter Feedback = This is feedback after mobile signup.
📷 Screenshot: screenshots/Fill_Enter Feedback_20251118_154042.png
[Click] Submit Feedback ✓
📷 Screenshot: screenshots/Submit Feedback_20251118_154043.png
[Fill] Enter Name = Anu L
📷 Screenshot: screenshots/Fill_Enter Name_20251118_154044.png
✔ Mobile auto-filled
[Fill] Enter Email = testanul651@yopmail.com
📷 Screenshot: screenshots/Fill_Enter Email_20251118_154046.png
[Click] Submit User Details ✓
📷 Screenshot: screenshots/Submit User Details_20251118_154048.png
[Wait] Thank You Popup
✔ Thank You Popup Visible
[Click] Close Thank You Popup ✓
📷 Screenshot: screenshots/Close Thank You Popup_20251118_154050.png
🎉 FEEDBACK FLOW VIA MOBILE PASSED!]]>
    </system-out>
  </testcase> <!-- verifyFeedbackPopupViaMobileSignup -->
  <system-out>
    <![CDATA[[Step 1] Navigating to Homepage…
[Generated Name] Anu L
[Generated Phone] 9000015645
[Generated Email] testanul651@yopmail.com
Generated Name = Anu L
Generated Mobile = 9000015645
Generated Email = testanul651@yopmail.com
[Click] Click SignUp ✓
📷 Screenshot: screenshots/Click SignUp_20251118_154005.png
[Fill] Enter Mobile = 9000015645
📷 Screenshot: screenshots/Fill_Enter Mobile_20251118_154007.png
[Click] Send Verification Code ✓
📷 Screenshot: screenshots/Send Verification Code_20251118_154009.png
[Fill] Enter OTP = 9999
📷 Screenshot: screenshots/Fill_Enter OTP_20251118_154010.png
[Fill] Enter Password = Test@123
📷 Screenshot: screenshots/Fill_Enter Password_20251118_154013.png
[Click] Complete Signup ✓
📷 Screenshot: screenshots/Complete Signup_20251118_154018.png
✔ Signup successful via Mobile
[Click] Open Internships ✓
📷 Screenshot: screenshots/Open Internships_20251118_154021.png
[Wait] Internship Card
⚠ Normal click failed. Trying JS click...
[JS Click] Open Internship ✓
📷 Screenshot: screenshots/Open Internship_JS_20251118_154040.png
[Wait] Feedback Modal
✔ Feedback Modal Visible
[Fill] Enter Feedback = This is feedback after mobile signup.
📷 Screenshot: screenshots/Fill_Enter Feedback_20251118_154042.png
[Click] Submit Feedback ✓
📷 Screenshot: screenshots/Submit Feedback_20251118_154043.png
[Fill] Enter Name = Anu L
📷 Screenshot: screenshots/Fill_Enter Name_20251118_154044.png
✔ Mobile auto-filled
[Fill] Enter Email = testanul651@yopmail.com
📷 Screenshot: screenshots/Fill_Enter Email_20251118_154046.png
[Click] Submit User Details ✓
📷 Screenshot: screenshots/Submit User Details_20251118_154048.png
[Wait] Thank You Popup
✔ Thank You Popup Visible
[Click] Close Thank You Popup ✓
📷 Screenshot: screenshots/Close Thank You Popup_20251118_154050.png
🎉 FEEDBACK FLOW VIA MOBILE PASSED!]]>
  </system-out>
</testsuite> <!-- com.automation.tests.FeedbackMobileTest -->
