<?xml version="1.0" encoding="UTF-8"?>
<!-- Generated by org.testng.reporters.JUnitReportReporter -->
<testsuite hostname="DESKTOP-UUDM026" failures="0" tests="1" name="com.automation.tests.ApplyNowNoSignUpTest" time="4.500" errors="1" timestamp="2025-09-15T15:05:29 IST" skipped="0">
  <testcase classname="com.automation.tests.ApplyNowNoSignUpTest" name="applyNowFlow_GuestUser" time="4.500">
    <error message="Error {
  message=&#039;Error: strict mode violation: locator(&quot;//button[contains(text(),&#039;Apply Now&#039;)]&quot;) resolved to 6 elements:
    1) &lt;button&gt;Apply Now&lt;/button&gt; aka locator(&quot;button&quot;).filter(new Locator.FilterOptions().setHasText(Pattern.compile(&quot;^Apply Now$&quot;)))
    2) &lt;button&gt;Apply Now↵        &lt;/button&gt; aka locator(&quot;button:nth-child(11)&quot;).first()
    3) &lt;button&gt;Apply Now↵        &lt;/button&gt; aka locator(&quot;a&quot;).filter(new Locator.FilterOptions().setHasText(&quot;Amazon () Chennai software ₹&quot;)).locator(&quot;button&quot;).nth(1)
    4) &lt;button&gt;Apply Now↵        &lt;/button&gt; aka locator(&quot;a:nth-child(2) &gt; button:nth-child(11)&quot;)
    5) &lt;button&gt;Apply Now↵        &lt;/button&gt; aka locator(&quot;a&quot;).filter(new Locator.FilterOptions().setHasText(&quot;jjjjjjj () Chennai llllll ₹&quot;)).locator(&quot;button&quot;).nth(1)
    6) &lt;button&gt;Apply Now↵        &lt;/button&gt; aka locator(&quot;div:nth-child(28) &gt; a &gt; button:nth-child(11)&quot;)

  name=&#039;Error
  stack=&#039;Error: Error: strict mode violation: locator(&quot;//button[contains(text(),&#039;Apply Now&#039;)]&quot;) resolved to 6 elements:
    1) &lt;button&gt;Apply Now&lt;/button&gt; aka locator(&quot;button&quot;).filter(new Locator.FilterOptions().setHasText(Pattern.compile(&quot;^Apply Now$&quot;)))
    2) &lt;button&gt;Apply Now↵        &lt;/button&gt; aka locator(&quot;button:nth-child(11)&quot;).first()
    3) &lt;button&gt;Apply Now↵        &lt;/button&gt; aka locator(&quot;a&quot;).filter(new Locator.FilterOptions().setHasText(&quot;Amazon () Chennai software ₹&quot;)).locator(&quot;button&quot;).nth(1)
    4) &lt;button&gt;Apply Now↵        &lt;/button&gt; aka locator(&quot;a:nth-child(2) &gt; button:nth-child(11)&quot;)
    5) &lt;button&gt;Apply Now↵        &lt;/button&gt; aka locator(&quot;a&quot;).filter(new Locator.FilterOptions().setHasText(&quot;jjjjjjj () Chennai llllll ₹&quot;)).locator(&quot;button&quot;).nth(1)
    6) &lt;button&gt;Apply Now↵        &lt;/button&gt; aka locator(&quot;div:nth-child(28) &gt; a &gt; button:nth-child(11)&quot;)

    at CRExecutionContext.evaluateWithArguments (C:\Users\Admin\AppData\Local\Temp\playwright-java-8120900546931275664\package\lib\server\chromium\crExecutionContext.js:80:13)
    at async LongStandingScope._race (C:\Users\Admin\AppData\Local\Temp\playwright-java-8120900546931275664\package\lib\utils\isomorphic\manualPromise.js:94:14)
    at async evaluateExpression (C:\Users\Admin\AppData\Local\Temp\playwright-java-8120900546931275664\package\lib\server\javascript.js:217:12)
    at async C:\Users\Admin\AppData\Local\Temp\playwright-java-8120900546931275664\package\lib\server\frames.js:915:22
    at async Frame.retryWithProgressAndTimeouts (C:\Users\Admin\AppData\Local\Temp\playwright-java-8120900546931275664\package\lib\server\frames.js:884:24)
    at async C:\Users\Admin\AppData\Local\Temp\playwright-java-8120900546931275664\package\lib\server\frames.js:960:29
    at async ProgressController.run (C:\Users\Admin\AppData\Local\Temp\playwright-java-8120900546931275664\package\lib\server\progress.js:80:22)
    at async FrameDispatcher.click (C:\Users\Admin\AppData\Local\Temp\playwright-java-8120900546931275664\package\lib\server\dispatchers\frameDispatcher.js:117:12)
    at async LongStandingScope._race (C:\Users\Admin\AppData\Local\Temp\playwright-java-8120900546931275664\package\lib\utils\isomorphic\manualPromise.js:94:14)
    at async FrameDispatcher._handleCommand (C:\Users\Admin\AppData\Local\Temp\playwright-java-8120900546931275664\package\lib\server\dispatchers\dispatcher.js:90:14)
}
Call log:
-   - waiting for locator(&quot;//button[contains(text(),&#039;Apply Now&#039;)]&quot;)
" type="com.microsoft.playwright.PlaywrightException">
      <![CDATA[com.microsoft.playwright.PlaywrightException: Error {
  message='Error: strict mode violation: locator("//button[contains(text(),'Apply Now')]") resolved to 6 elements:
    1) <button>Apply Now</button> aka locator("button").filter(new Locator.FilterOptions().setHasText(Pattern.compile("^Apply Now$")))
    2) <button>Apply Now↵        </button> aka locator("button:nth-child(11)").first()
    3) <button>Apply Now↵        </button> aka locator("a").filter(new Locator.FilterOptions().setHasText("Amazon () Chennai software ₹")).locator("button").nth(1)
    4) <button>Apply Now↵        </button> aka locator("a:nth-child(2) > button:nth-child(11)")
    5) <button>Apply Now↵        </button> aka locator("a").filter(new Locator.FilterOptions().setHasText("jjjjjjj () Chennai llllll ₹")).locator("button").nth(1)
    6) <button>Apply Now↵        </button> aka locator("div:nth-child(28) > a > button:nth-child(11)")

  name='Error
  stack='Error: Error: strict mode violation: locator("//button[contains(text(),'Apply Now')]") resolved to 6 elements:
    1) <button>Apply Now</button> aka locator("button").filter(new Locator.FilterOptions().setHasText(Pattern.compile("^Apply Now$")))
    2) <button>Apply Now↵        </button> aka locator("button:nth-child(11)").first()
    3) <button>Apply Now↵        </button> aka locator("a").filter(new Locator.FilterOptions().setHasText("Amazon () Chennai software ₹")).locator("button").nth(1)
    4) <button>Apply Now↵        </button> aka locator("a:nth-child(2) > button:nth-child(11)")
    5) <button>Apply Now↵        </button> aka locator("a").filter(new Locator.FilterOptions().setHasText("jjjjjjj () Chennai llllll ₹")).locator("button").nth(1)
    6) <button>Apply Now↵        </button> aka locator("div:nth-child(28) > a > button:nth-child(11)")

    at CRExecutionContext.evaluateWithArguments (C:\Users\Admin\AppData\Local\Temp\playwright-java-8120900546931275664\package\lib\server\chromium\crExecutionContext.js:80:13)
    at async LongStandingScope._race (C:\Users\Admin\AppData\Local\Temp\playwright-java-8120900546931275664\package\lib\utils\isomorphic\manualPromise.js:94:14)
    at async evaluateExpression (C:\Users\Admin\AppData\Local\Temp\playwright-java-8120900546931275664\package\lib\server\javascript.js:217:12)
    at async C:\Users\Admin\AppData\Local\Temp\playwright-java-8120900546931275664\package\lib\server\frames.js:915:22
    at async Frame.retryWithProgressAndTimeouts (C:\Users\Admin\AppData\Local\Temp\playwright-java-8120900546931275664\package\lib\server\frames.js:884:24)
    at async C:\Users\Admin\AppData\Local\Temp\playwright-java-8120900546931275664\package\lib\server\frames.js:960:29
    at async ProgressController.run (C:\Users\Admin\AppData\Local\Temp\playwright-java-8120900546931275664\package\lib\server\progress.js:80:22)
    at async FrameDispatcher.click (C:\Users\Admin\AppData\Local\Temp\playwright-java-8120900546931275664\package\lib\server\dispatchers\frameDispatcher.js:117:12)
    at async LongStandingScope._race (C:\Users\Admin\AppData\Local\Temp\playwright-java-8120900546931275664\package\lib\utils\isomorphic\manualPromise.js:94:14)
    at async FrameDispatcher._handleCommand (C:\Users\Admin\AppData\Local\Temp\playwright-java-8120900546931275664\package\lib\server\dispatchers\dispatcher.js:90:14)
}
Call log:
-   - waiting for locator("//button[contains(text(),'Apply Now')]")

at com.microsoft.playwright.impl.WaitableResult.get(WaitableResult.java:56)
at com.microsoft.playwright.impl.ChannelOwner.runUntil(ChannelOwner.java:138)
at com.microsoft.playwright.impl.Connection.sendMessage(Connection.java:131)
at com.microsoft.playwright.impl.ChannelOwner.sendMessage(ChannelOwner.java:124)
at com.microsoft.playwright.impl.FrameImpl.clickImpl(FrameImpl.java:241)
at com.microsoft.playwright.impl.FrameImpl.click(FrameImpl.java:232)
at com.microsoft.playwright.impl.LocatorImpl.click(LocatorImpl.java:164)
at com.microsoft.playwright.Locator.click(Locator.java:2500)
at com.automation.pages.ApplyNowPopupActions.clickApplyNowCard(ApplyNowPopupActions.java:18)
at com.automation.scripts.ApplyNowPopupScript.applyAsGuest(ApplyNowPopupScript.java:16)
at com.automation.tests.ApplyNowNoSignUpTest.applyNowFlow_GuestUser(ApplyNowNoSignUpTest.java:43)
at java.base/jdk.internal.reflect.DirectMethodHandleAccessor.invoke(DirectMethodHandleAccessor.java:103)
at java.base/java.lang.reflect.Method.invoke(Method.java:580)
at org.testng.internal.invokers.MethodInvocationHelper.invokeMethod(MethodInvocationHelper.java:141)
at org.testng.internal.invokers.TestInvoker.invokeMethod(TestInvoker.java:686)
at org.testng.internal.invokers.TestInvoker.invokeTestMethod(TestInvoker.java:230)
at org.testng.internal.invokers.MethodRunner.runInSequence(MethodRunner.java:63)
at org.testng.internal.invokers.TestInvoker$MethodInvocationAgent.invoke(TestInvoker.java:992)
at org.testng.internal.invokers.TestInvoker.invokeTestMethods(TestInvoker.java:203)
at org.testng.internal.invokers.TestMethodWorker.invokeTestMethods(TestMethodWorker.java:154)
at org.testng.internal.invokers.TestMethodWorker.run(TestMethodWorker.java:134)
at java.base/java.util.ArrayList.forEach(ArrayList.java:1596)
at org.testng.TestRunner.privateRun(TestRunner.java:739)
at org.testng.TestRunner.run(TestRunner.java:614)
at org.testng.SuiteRunner.runTest(SuiteRunner.java:421)
at org.testng.SuiteRunner.runSequentially(SuiteRunner.java:413)
at org.testng.SuiteRunner.privateRun(SuiteRunner.java:373)
at org.testng.SuiteRunner.run(SuiteRunner.java:312)
at org.testng.SuiteRunnerWorker.runSuite(SuiteRunnerWorker.java:52)
at org.testng.SuiteRunnerWorker.run(SuiteRunnerWorker.java:95)
at org.testng.TestNG.runSuitesSequentially(TestNG.java:1274)
at org.testng.TestNG.runSuitesLocally(TestNG.java:1208)
at org.testng.TestNG.runSuites(TestNG.java:1112)
at org.testng.TestNG.run(TestNG.java:1079)
at org.testng.remote.AbstractRemoteTestNG.run(AbstractRemoteTestNG.java:115)
at org.testng.remote.RemoteTestNG.initAndRun(RemoteTestNG.java:293)
at org.testng.remote.RemoteTestNG.main(RemoteTestNG.java:91)
Caused by: com.microsoft.playwright.impl.DriverException: Error {
  message='Error: strict mode violation: locator("//button[contains(text(),'Apply Now')]") resolved to 6 elements:
    1) <button>Apply Now</button> aka locator("button").filter(new Locator.FilterOptions().setHasText(Pattern.compile("^Apply Now$")))
    2) <button>Apply Now↵        </button> aka locator("button:nth-child(11)").first()
    3) <button>Apply Now↵        </button> aka locator("a").filter(new Locator.FilterOptions().setHasText("Amazon () Chennai software ₹")).locator("button").nth(1)
    4) <button>Apply Now↵        </button> aka locator("a:nth-child(2) > button:nth-child(11)")
    5) <button>Apply Now↵        </button> aka locator("a").filter(new Locator.FilterOptions().setHasText("jjjjjjj () Chennai llllll ₹")).locator("button").nth(1)
    6) <button>Apply Now↵        </button> aka locator("div:nth-child(28) > a > button:nth-child(11)")

  name='Error
  stack='Error: Error: strict mode violation: locator("//button[contains(text(),'Apply Now')]") resolved to 6 elements:
    1) <button>Apply Now</button> aka locator("button").filter(new Locator.FilterOptions().setHasText(Pattern.compile("^Apply Now$")))
    2) <button>Apply Now↵        </button> aka locator("button:nth-child(11)").first()
    3) <button>Apply Now↵        </button> aka locator("a").filter(new Locator.FilterOptions().setHasText("Amazon () Chennai software ₹")).locator("button").nth(1)
    4) <button>Apply Now↵        </button> aka locator("a:nth-child(2) > button:nth-child(11)")
    5) <button>Apply Now↵        </button> aka locator("a").filter(new Locator.FilterOptions().setHasText("jjjjjjj () Chennai llllll ₹")).locator("button").nth(1)
    6) <button>Apply Now↵        </button> aka locator("div:nth-child(28) > a > button:nth-child(11)")

    at CRExecutionContext.evaluateWithArguments (C:\Users\Admin\AppData\Local\Temp\playwright-java-8120900546931275664\package\lib\server\chromium\crExecutionContext.js:80:13)
    at async LongStandingScope._race (C:\Users\Admin\AppData\Local\Temp\playwright-java-8120900546931275664\package\lib\utils\isomorphic\manualPromise.js:94:14)
    at async evaluateExpression (C:\Users\Admin\AppData\Local\Temp\playwright-java-8120900546931275664\package\lib\server\javascript.js:217:12)
    at async C:\Users\Admin\AppData\Local\Temp\playwright-java-8120900546931275664\package\lib\server\frames.js:915:22
    at async Frame.retryWithProgressAndTimeouts (C:\Users\Admin\AppData\Local\Temp\playwright-java-8120900546931275664\package\lib\server\frames.js:884:24)
    at async C:\Users\Admin\AppData\Local\Temp\playwright-java-8120900546931275664\package\lib\server\frames.js:960:29
    at async ProgressController.run (C:\Users\Admin\AppData\Local\Temp\playwright-java-8120900546931275664\package\lib\server\progress.js:80:22)
    at async FrameDispatcher.click (C:\Users\Admin\AppData\Local\Temp\playwright-java-8120900546931275664\package\lib\server\dispatchers\frameDispatcher.js:117:12)
    at async LongStandingScope._race (C:\Users\Admin\AppData\Local\Temp\playwright-java-8120900546931275664\package\lib\utils\isomorphic\manualPromise.js:94:14)
    at async FrameDispatcher._handleCommand (C:\Users\Admin\AppData\Local\Temp\playwright-java-8120900546931275664\package\lib\server\dispatchers\dispatcher.js:90:14)
}
Call log:
-   - waiting for locator("//button[contains(text(),'Apply Now')]")

at com.microsoft.playwright.impl.Connection.dispatch(Connection.java:262)
at com.microsoft.playwright.impl.Connection.processOneMessage(Connection.java:214)
at com.microsoft.playwright.impl.ChannelOwner.runUntil(ChannelOwner.java:136)
... 35 more
]]>
    </error>
  </testcase> <!-- applyNowFlow_GuestUser -->
</testsuite> <!-- com.automation.tests.ApplyNowNoSignUpTest -->
