<?xml version="1.0" encoding="UTF-8"?>
<!-- Generated by org.testng.reporters.JUnitReportReporter -->
<testsuite hostname="DESKTOP-UUDM026" failures="0" tests="1" name="com.automation.tests.FeedbackMobileTest" time="77.477" errors="1" timestamp="2026-01-09T16:18:08 IST" skipped="0">
  <testcase classname="com.automation.tests.FeedbackMobileTest" name="verifyFeedbackViaMobileSignup_FullFlow_WithValidations" time="77.477">
    <error message="Error {
  message=&#039;Timeout 30000ms exceeded.
  name=&#039;TimeoutError
  stack=&#039;TimeoutError: Timeout 30000ms exceeded.
    at ProgressController.run (C:\Users\Admin\AppData\Local\Temp\playwright-java-6801389300762131654\package\lib\server\progress.js:76:26)
    at Frame.click (C:\Users\Admin\AppData\Local\Temp\playwright-java-6801389300762131654\package\lib\server\frames.js:959:23)
    at FrameDispatcher.click (C:\Users\Admin\AppData\Local\Temp\playwright-java-6801389300762131654\package\lib\server\dispatchers\frameDispatcher.js:117:30)
    at FrameDispatcher._handleCommand (C:\Users\Admin\AppData\Local\Temp\playwright-java-6801389300762131654\package\lib\server\dispatchers\dispatcher.js:88:40)
    at DispatcherConnection.dispatch (C:\Users\Admin\AppData\Local\Temp\playwright-java-6801389300762131654\package\lib\server\dispatchers\dispatcher.js:309:39)
}
Call log:
-   - waiting for locator(&quot;//h3[normalize-space()=&#039;Tester 1&#039;]&quot;).first().locator(&quot;xpath=ancestor::a&quot;).first()
-     - locator resolved to &lt;a href=&quot;/internships-description/fmcg-retail/technotion-61/tester-1&quot;&gt;…&lt;/a&gt;
-   - attempting click action
-     - waiting for element to be visible, enabled and stable
-     - element is visible, enabled and stable
-     - scrolling into view if needed
-     - done scrolling
-     - performing click action
-     - click action done
-     - waiting for scheduled navigations to finish
" type="com.microsoft.playwright.TimeoutError">
      <![CDATA[com.microsoft.playwright.TimeoutError: Error {
  message='Timeout 30000ms exceeded.
  name='TimeoutError
  stack='TimeoutError: Timeout 30000ms exceeded.
    at ProgressController.run (C:\Users\Admin\AppData\Local\Temp\playwright-java-6801389300762131654\package\lib\server\progress.js:76:26)
    at Frame.click (C:\Users\Admin\AppData\Local\Temp\playwright-java-6801389300762131654\package\lib\server\frames.js:959:23)
    at FrameDispatcher.click (C:\Users\Admin\AppData\Local\Temp\playwright-java-6801389300762131654\package\lib\server\dispatchers\frameDispatcher.js:117:30)
    at FrameDispatcher._handleCommand (C:\Users\Admin\AppData\Local\Temp\playwright-java-6801389300762131654\package\lib\server\dispatchers\dispatcher.js:88:40)
    at DispatcherConnection.dispatch (C:\Users\Admin\AppData\Local\Temp\playwright-java-6801389300762131654\package\lib\server\dispatchers\dispatcher.js:309:39)
}
Call log:
-   - waiting for locator("//h3[normalize-space()='Tester 1']").first().locator("xpath=ancestor::a").first()
-     - locator resolved to <a href="/internships-description/fmcg-retail/technotion-61/tester-1">…</a>
-   - attempting click action
-     - waiting for element to be visible, enabled and stable
-     - element is visible, enabled and stable
-     - scrolling into view if needed
-     - done scrolling
-     - performing click action
-     - click action done
-     - waiting for scheduled navigations to finish

at com.microsoft.playwright.impl.WaitableResult.get(WaitableResult.java:52)
at com.microsoft.playwright.impl.ChannelOwner.runUntil(ChannelOwner.java:138)
at com.microsoft.playwright.impl.Connection.sendMessage(Connection.java:131)
at com.microsoft.playwright.impl.ChannelOwner.sendMessage(ChannelOwner.java:124)
at com.microsoft.playwright.impl.FrameImpl.clickImpl(FrameImpl.java:241)
at com.microsoft.playwright.impl.FrameImpl.click(FrameImpl.java:232)
at com.microsoft.playwright.impl.LocatorImpl.click(LocatorImpl.java:164)
at com.microsoft.playwright.Locator.click(Locator.java:2500)
at com.automation.utils.HelperUtility.scrollAndClick(HelperUtility.java:126)
at com.automation.tests.FeedbackMobileTest.verifyFeedbackViaMobileSignup_FullFlow_WithValidations(FeedbackMobileTest.java:75)
at java.base/jdk.internal.reflect.DirectMethodHandleAccessor.invoke(DirectMethodHandleAccessor.java:103)
at java.base/java.lang.reflect.Method.invoke(Method.java:580)
at org.testng.internal.invokers.MethodInvocationHelper.invokeMethod(MethodInvocationHelper.java:141)
at org.testng.internal.invokers.TestInvoker.invokeMethod(TestInvoker.java:686)
at org.testng.internal.invokers.TestInvoker.invokeTestMethod(TestInvoker.java:230)
at org.testng.internal.invokers.MethodRunner.runInSequence(MethodRunner.java:63)
at org.testng.internal.invokers.TestInvoker$MethodInvocationAgent.invoke(TestInvoker.java:992)
at org.testng.internal.invokers.TestInvoker.invokeTestMethods(TestInvoker.java:203)
at org.testng.internal.invokers.TestMethodWorker.invokeTestMethods(TestMethodWorker.java:154)
at org.testng.internal.invokers.TestMethodWorker.run(TestMethodWorker.java:134)
at java.base/java.util.ArrayList.forEach(ArrayList.java:1596)
at org.testng.TestRunner.privateRun(TestRunner.java:739)
at org.testng.TestRunner.run(TestRunner.java:614)
at org.testng.SuiteRunner.runTest(SuiteRunner.java:421)
at org.testng.SuiteRunner.runSequentially(SuiteRunner.java:413)
at org.testng.SuiteRunner.privateRun(SuiteRunner.java:373)
at org.testng.SuiteRunner.run(SuiteRunner.java:312)
at org.testng.SuiteRunnerWorker.runSuite(SuiteRunnerWorker.java:52)
at org.testng.SuiteRunnerWorker.run(SuiteRunnerWorker.java:95)
at org.testng.TestNG.runSuitesSequentially(TestNG.java:1274)
at org.testng.TestNG.runSuitesLocally(TestNG.java:1208)
at org.testng.TestNG.runSuites(TestNG.java:1112)
at org.testng.TestNG.run(TestNG.java:1079)
at org.testng.remote.AbstractRemoteTestNG.run(AbstractRemoteTestNG.java:115)
at org.testng.remote.RemoteTestNG.initAndRun(RemoteTestNG.java:293)
at org.testng.remote.RemoteTestNG.main(RemoteTestNG.java:91)
Caused by: com.microsoft.playwright.TimeoutError: Error {
  message='Timeout 30000ms exceeded.
  name='TimeoutError
  stack='TimeoutError: Timeout 30000ms exceeded.
    at ProgressController.run (C:\Users\Admin\AppData\Local\Temp\playwright-java-6801389300762131654\package\lib\server\progress.js:76:26)
    at Frame.click (C:\Users\Admin\AppData\Local\Temp\playwright-java-6801389300762131654\package\lib\server\frames.js:959:23)
    at FrameDispatcher.click (C:\Users\Admin\AppData\Local\Temp\playwright-java-6801389300762131654\package\lib\server\dispatchers\frameDispatcher.js:117:30)
    at FrameDispatcher._handleCommand (C:\Users\Admin\AppData\Local\Temp\playwright-java-6801389300762131654\package\lib\server\dispatchers\dispatcher.js:88:40)
    at DispatcherConnection.dispatch (C:\Users\Admin\AppData\Local\Temp\playwright-java-6801389300762131654\package\lib\server\dispatchers\dispatcher.js:309:39)
}
Call log:
-   - waiting for locator("//h3[normalize-space()='Tester 1']").first().locator("xpath=ancestor::a").first()
-     - locator resolved to <a href="/internships-description/fmcg-retail/technotion-61/tester-1">…</a>
-   - attempting click action
-     - waiting for element to be visible, enabled and stable
-     - element is visible, enabled and stable
-     - scrolling into view if needed
-     - done scrolling
-     - performing click action
-     - click action done
-     - waiting for scheduled navigations to finish

at com.microsoft.playwright.impl.Connection.dispatch(Connection.java:257)
at com.microsoft.playwright.impl.Connection.processOneMessage(Connection.java:214)
at com.microsoft.playwright.impl.ChannelOwner.runUntil(ChannelOwner.java:136)
... 34 more
]]>
    </error>
    <system-out>
      <![CDATA[➡️ STEP: START – Feedback via Mobile Signup
[Generated Name] Diya K
[Generated Phone] 9000013089
[Generated Email] testdiyak775@yopmail.com
➡️ STEP: Mobile Signup
➡️ STEP: Sign Up
[Click] Sign Up ✓
➡️ STEP: Fill Mobile
[Fill] Mobile = 9000013089
➡️ STEP: Send OTP
[Click] Send OTP ✓
➡️ STEP: Fill OTP
[Fill] OTP = 9999
➡️ STEP: Fill Password
[Fill] Password = Test@123
➡️ STEP: Complete Signup
[Click] Complete Signup ✓
➡️ STEP: Open Internship
➡️ STEP: Internships
[Click] Internships ✓
➡️ STEP: Wait for Internship Card
➡️ STEP: Open Internship
❌ FAIL: Scroll click failed: Open Internship
📍 Failed at step: Open Internship
📍 Current URL: https://stage.promilo.com/internships-listing
⚠ Screenshot failed: SCROLL_CLICK_FAIL_Open Internship
⚠ Screenshot failed: verifyFeedbackViaMobileSignup_FullFlow_WithValidations]]>
    </system-out>
  </testcase> <!-- verifyFeedbackViaMobileSignup_FullFlow_WithValidations -->
  <system-out>
    <![CDATA[✅ Milli auto-close enabled
Preference modal detected
✅ Preference modal closed using 'May be later'
➡️ STEP: START – Apply Now Email → Advertiser → My Interest → Prospect → My Meetings
[Generated Name] Riya C
[Generated Email] testriyac795@yopmail.com
[Generated Phone] 9000017831
➡️ STEP: Sign Up
[Click] Sign Up ✓
➡️ STEP: Fill Email
[Fill] Email = testriyac795@yopmail.com
➡️ STEP: Send OTP
[Click] Send OTP ✓
➡️ STEP: Fill OTP
[Fill] OTP = 9999
➡️ STEP: Fill Password
[Fill] Password = Test@123
➡️ STEP: Complete Signup
[Click] Complete Signup ✓
➡️ STEP: Internships
[Click] Internships ✓
➡️ STEP: Internship Card
[Click] Internship Card ✓
➡️ STEP: Apply Now
[Click] Apply Now ✓
➡️ STEP: Assert true: Apply header prefix
✅ PASS: Apply header prefix
➡️ STEP: Assert equals: Apply popup company name
🔎 VALIDATE: Apply popup company name
   Expected: Technotion
   Actual  : Technotion
✅ PASS: Apply popup company name
➡️ STEP: Assert equals: Why Register header
🔎 VALIDATE: Why Register header
   Expected: Why register with us?
   Actual  : Why register with us?
✅ PASS: Why Register header
➡️ STEP: Assert equals: Why Register bullet 1
🔎 VALIDATE: Why Register bullet 1
   Expected: Take Charge of Your Career: Connect with recruiters and apply for internships that match your aspirations.
   Actual  : Take Charge of Your Career: Connect with recruiters and apply for internships that match your aspirations.
✅ PASS: Why Register bullet 1
➡️ STEP: Assert equals: Why Register bullet 2
🔎 VALIDATE: Why Register bullet 2
   Expected: Stay Updated: Receive real-time notifications about internship openings tailored to your profile.
   Actual  : Stay Updated: Receive real-time notifications about internship openings tailored to your profile.
✅ PASS: Why Register bullet 2
➡️ STEP: Assert equals: Why Register bullet 3
🔎 VALIDATE: Why Register bullet 3
   Expected: Direct HR Access: Ensure your application reaches the right recruiter for prompt Interview schedule opportunities.
   Actual  : Direct HR Access: Ensure your application reaches the right recruiter for prompt Interview schedule opportunities.
✅ PASS: Why Register bullet 3
➡️ STEP: Assert equals: Why Register bullet 4
🔎 VALIDATE: Why Register bullet 4
   Expected: Personalized Opportunities: Tailored internship alerts ensure you don't miss the right openings.
   Actual  : Personalized Opportunities: Tailored internship alerts ensure you don't miss the right openings.
✅ PASS: Why Register bullet 4
➡️ STEP: Assert equals: Why Register bullet 5
🔎 VALIDATE: Why Register bullet 5
   Expected: Exclusive Resources: Unlock premium tools and tips for acing interviews and securing your dream internship.
   Actual  : Exclusive Resources: Unlock premium tools and tips for acing interviews and securing your dream internship.
✅ PASS: Why Register bullet 5
➡️ STEP: Assert equals: Why Register bullet 6
🔎 VALIDATE: Why Register bullet 6
   Expected: Privacy Guaranteed: Your data is safe—no unauthorized communication or spam.
   Actual  : Privacy Guaranteed: Your data is safe—no unauthorized communication or spam.
✅ PASS: Why Register bullet 6
➡️ STEP: Assert equals: Whatsapp label
🔎 VALIDATE: Whatsapp label
   Expected: Enable updates & important information on Whatsapp
   Actual  : Enable updates & important information on Whatsapp
✅ PASS: Whatsapp label
➡️ STEP: Industry
[Click] Industry ✓
➡️ STEP: Industry Option
[Click] Industry Option ✓
➡️ STEP: Close Industry
[Click] Close Industry ✓
➡️ STEP: Submit Apply
[Click] Submit Apply ✓
➡️ STEP: Assert equals: OTP Header
🔎 VALIDATE: OTP Header
   Expected: OTP Verification
   Actual  : OTP Verification
✅ PASS: OTP Header
➡️ STEP: Verify OTP
[Click] Verify OTP ✓
➡️ STEP: Assert equals: Video Interview title
🔎 VALIDATE: Video Interview title
   Expected: Video Interview
   Actual  : Video Interview
✅ PASS: Video Interview title
➡️ STEP: Assert equals: Video Interview description
🔎 VALIDATE: Video Interview description
   Expected: Enjoy a Video Interview schedule with your applied company to get selected. Select your preferred language and schedule an Interview meeting with a recruiter. This will ensure a smooth and personalized connection, making it easy for you and the recruiter to communicate effectively.
   Actual  : Enjoy a Video Interview schedule with your applied company to get selected. Select your preferred language and schedule an Interview meeting with a recruiter. This will ensure a smooth and personalized connection, making it easy for you and the recruiter to communicate effectively.
✅ PASS: Video Interview description
➡️ STEP: Select Date
[Click] Select Date ✓
➡️ STEP: Select Time
[Click] Select Time ✓
➡️ STEP: Next
[Click] Next ✓
➡️ STEP: Option
[Click] Option ✓
➡️ STEP: Fill Screening
[Fill] Screening = Automated Answer
➡️ STEP: Submit Screening
[Click] Submit Screening ✓
➡️ STEP: Assert equals: Thank You header
🔎 VALIDATE: Thank You header
   Expected: Thank You!
   Actual  : Thank You!
✅ PASS: Thank You header
➡️ STEP: My Interest
[Click] My Interest ✓
➡️ STEP: Validate My Interest Card
➡️ STEP: Assert equals: Status Pending
🔎 VALIDATE: Status Pending
   Expected: Pending
   Actual  : Pending
✅ PASS: Status Pending
➡️ STEP: Assert equals: Internship title
🔎 VALIDATE: Internship title
   Expected: Tester 1
   Actual  : Tester 1
✅ PASS: Internship title
➡️ STEP: Assert equals: Company name
🔎 VALIDATE: Company name
   Expected: Technotion
   Actual  : Technotion
✅ PASS: Company name
➡️ STEP: Assert equals: Location
🔎 VALIDATE: Location
   Expected: Bengaluru/Bangalore
   Actual  : Bengaluru/Bangalore
✅ PASS: Location
➡️ STEP: Assert equals: Meeting Date
🔎 VALIDATE: Meeting Date
   Expected: 30/01/2026
   Actual  : 30/01/2026
✅ PASS: Meeting Date
➡️ STEP: Assert equals: Meeting Time
🔎 VALIDATE: Meeting Time
   Expected: 12:45 AM
   Actual  : 12:45 AM
✅ PASS: Meeting Time
➡️ STEP: Assert equals: Interview mode
🔎 VALIDATE: Interview mode
   Expected: Online Interview
   Actual  : Online Interview
✅ PASS: Interview mode
➡️ STEP: Assert true: Reschedule icon visible
✅ PASS: Reschedule icon visible
➡️ STEP: Assert true: Cancel button visible
✅ PASS: Cancel button visible
➡️ STEP: Assert true: Send Reminder button visible
✅ PASS: Send Reminder button visible
➡️ STEP: Fill Advertiser Email
[Fill] Advertiser Email = nidhiadvemailtesting@yopmail.com
➡️ STEP: Fill Advertiser Password
[Fill] Advertiser Password = promilo@123
➡️ STEP: Sign In
[Click] Sign In ✓
➡️ STEP: My Account
[Click] My Account ✓
➡️ STEP: My Prospect
[Click] My Prospect ✓
➡️ STEP: Internships
[Click] Internships ✓
➡️ STEP: Validate Advertiser Prospect Card
➡️ STEP: Assert equals: Meeting status Pending
🔎 VALIDATE: Meeting status Pending
   Expected: Pending
   Actual  : Pending
✅ PASS: Meeting status Pending
➡️ STEP: Assert equals: Meeting Date
🔎 VALIDATE: Meeting Date
   Expected: 30/01/2026
   Actual  : 30/01/2026
✅ PASS: Meeting Date
➡️ STEP: Assert equals: Meeting Time
🔎 VALIDATE: Meeting Time
   Expected: 12:45 AM
   Actual  : 12:45 AM
✅ PASS: Meeting Time
✅ Email is VERIFIED
Phone is NOT verified
➡️ STEP: Approve
[Click] Approve ✓
➡️ STEP: My Meetings
[Click] My Meetings ✓
➡️ STEP: Validate My Meetings Card
➡️ STEP: Assert equals: Meeting Accepted
🔎 VALIDATE: Meeting Accepted
   Expected: Accepted
   Actual  : Accepted
✅ PASS: Meeting Accepted
➡️ STEP: Assert equals: Meeting Date
🔎 VALIDATE: Meeting Date
   Expected: 30/01/2026
   Actual  : 30/01/2026
✅ PASS: Meeting Date
➡️ STEP: Assert equals: Meeting Time
🔎 VALIDATE: Meeting Time
   Expected: 12:45 AM
   Actual  : 12:45 AM
✅ PASS: Meeting Time
➡️ STEP: Assert equals: Interview Type
🔎 VALIDATE: Interview Type
   Expected: Online Interview
   Actual  : Online Interview
✅ PASS: Interview Type
➡️ STEP: Assert true: Cancel button visible
✅ PASS: Cancel button visible
➡️ STEP: Assert true: Join Now disabled
✅ PASS: Join Now disabled
✅ PASS: 🎉 FULL APPLY NOW EMAIL FLOW PASSED
✅ Milli auto-close enabled
Preference modal detected
✅ Preference modal closed using 'May be later'
➡️ STEP: LOGIN USING SAVED SIGNUP ACCOUNT
➡️ STEP: OPEN INTERNSHIPS
➡️ STEP: Wait for Internships Tab
➡️ STEP: Internships
[Click] Internships ✓
➡️ STEP: OPEN INTERNSHIP CARD
➡️ STEP: Wait for Internship Card
➡️ STEP: Internship Card
[Scroll Click] Internship Card ✓
➡️ STEP: CLICK APPLY NOW
➡️ STEP: Wait for Apply Now Button
➡️ STEP: Apply Now
[Click] Apply Now ✓
➡️ STEP: HANDLE OTP IF PRESENT
➡️ STEP: SELECT LANGUAGE
➡️ STEP: Wait for Language Card
➡️ STEP: English
[Click] English ✓
➡️ STEP: SELECT DATE & TIME
➡️ STEP: Select Date
[Click] Select Date ✓
➡️ STEP: Select Time
[Click] Select Time ✓
➡️ STEP: HANDLE SCREENING IF PRESENT
➡️ STEP: Next
[Click] Next ✓
➡️ STEP: Select Option
[Click] Select Option ✓
➡️ STEP: Fill Screening Answer
[Fill] Screening Answer = Automated Answer
➡️ STEP: Submit Screening
[Click] Submit Screening ✓
➡️ STEP: VERIFY THANK YOU & NAVIGATE TO MY INTEREST
➡️ STEP: Wait for Thank You Header
➡️ STEP: My Interest
[Click] My Interest ✓
✅ PASS: 🎉 APPLY NOW VIA LOGIN FLOW PASSED
✅ Milli auto-close enabled
Preference modal detected
✅ Preference modal closed using 'May be later'
➡️ STEP: LOGIN USING SAVED SIGNUP ACCOUNT
➡️ STEP: OPEN INTERNSHIPS
➡️ STEP: Internships
[Click] Internships ✓
➡️ STEP: OPEN INTERNSHIP CARD
➡️ STEP: Wait for Internship Card
➡️ STEP: Open Internship
❌ FAIL: Scroll click failed: Open Internship
📍 Failed at step: Open Internship
📍 Current URL: https://stage.promilo.com/internships-listing
📷 Screenshot saved: screenshots/SCROLL_CLICK_FAIL_Open Internship_20260109_160825.png
❌ FAIL: ❌ FEEDBACK VIA LOGIN FLOW FAILED
📍 Failed at step: Open Internship
📍 Current URL: https://stage.promilo.com/internships-description/fmcg-retail/technotion-61/tester-1
📷 Screenshot saved: screenshots/verifyFeedbackViaLogin_20260109_160840.png
✅ Milli auto-close enabled
Preference modal detected
✅ Preference modal closed using 'May be later'
➡️ STEP: START – Apply Now Mobile → Advertiser → My Interest → Prospect → My Meetings
[Generated Name] Megha V
[Generated Phone] 9000019097
[Generated Email] testmeghav903@yopmail.com
➡️ STEP: Sign Up
[Click] Sign Up ✓
➡️ STEP: Fill Mobile
[Fill] Mobile = 9000019097
➡️ STEP: Send OTP
[Click] Send OTP ✓
➡️ STEP: Fill OTP
❌ FAIL: Fill failed: OTP
📍 Failed at step: Fill OTP
📍 Current URL: https://stage.promilo.com/
📷 Screenshot saved: screenshots/FILL_FAIL_OTP_20260109_160912.png
❌ FAIL: ❌ FULL APPLY NOW MOBILE FLOW FAILED
📍 Failed at step: Fill OTP
📍 Current URL: https://stage.promilo.com/
📷 Screenshot saved: screenshots/verifyApplyNow_Mobile_FullEndToEndValidation_20260109_160912.png
✅ Milli auto-close enabled
Preference modal detected
✅ Preference modal closed using 'May be later'
➡️ STEP: START – Apply Now (No Signup) → Prospect → Advertiser Reject
[Generated Name] Kavya J
[Generated Phone] 9000014927
[Generated Email] testkavyaj407@yopmail.com
➡️ STEP: Internships
[Click] Internships ✓
➡️ STEP: Internship Card
[Click] Internship Card ✓
➡️ STEP: Apply Now
[Click] Apply Now ✓
➡️ STEP: Assert true: Apply header prefix
✅ PASS: Apply header prefix
➡️ STEP: Assert equals: Apply popup company name
🔎 VALIDATE: Apply popup company name
   Expected: Technotion
   Actual  : Technotion
✅ PASS: Apply popup company name
➡️ STEP: Assert equals: Why Register header
🔎 VALIDATE: Why Register header
   Expected: Why register with us?
   Actual  : Why register with us?
✅ PASS: Why Register header
➡️ STEP: Assert equals: Why Register bullet 1
🔎 VALIDATE: Why Register bullet 1
   Expected: Take Charge of Your Career: Connect with recruiters and apply for internships that match your aspirations.
   Actual  : Take Charge of Your Career: Connect with recruiters and apply for internships that match your aspirations.
✅ PASS: Why Register bullet 1
➡️ STEP: Assert equals: Why Register bullet 2
🔎 VALIDATE: Why Register bullet 2
   Expected: Stay Updated: Receive real-time notifications about internship openings tailored to your profile.
   Actual  : Stay Updated: Receive real-time notifications about internship openings tailored to your profile.
✅ PASS: Why Register bullet 2
➡️ STEP: Assert equals: Why Register bullet 3
🔎 VALIDATE: Why Register bullet 3
   Expected: Direct HR Access: Ensure your application reaches the right recruiter for prompt Interview schedule opportunities.
   Actual  : Direct HR Access: Ensure your application reaches the right recruiter for prompt Interview schedule opportunities.
✅ PASS: Why Register bullet 3
➡️ STEP: Assert equals: Why Register bullet 4
🔎 VALIDATE: Why Register bullet 4
   Expected: Personalized Opportunities: Tailored internship alerts ensure you don't miss the right openings.
   Actual  : Personalized Opportunities: Tailored internship alerts ensure you don't miss the right openings.
✅ PASS: Why Register bullet 4
➡️ STEP: Assert equals: Why Register bullet 5
🔎 VALIDATE: Why Register bullet 5
   Expected: Exclusive Resources: Unlock premium tools and tips for acing interviews and securing your dream internship.
   Actual  : Exclusive Resources: Unlock premium tools and tips for acing interviews and securing your dream internship.
✅ PASS: Why Register bullet 5
➡️ STEP: Assert equals: Why Register bullet 6
🔎 VALIDATE: Why Register bullet 6
   Expected: Privacy Guaranteed: Your data is safe—no unauthorized communication or spam.
   Actual  : Privacy Guaranteed: Your data is safe—no unauthorized communication or spam.
✅ PASS: Why Register bullet 6
➡️ STEP: Assert equals: WhatsApp label
🔎 VALIDATE: WhatsApp label
   Expected: Enable updates & important information on Whatsapp
   Actual  : Enable updates & important information on Whatsapp
✅ PASS: WhatsApp label
➡️ STEP: Fill Name
[Fill] Name = Kavya J
➡️ STEP: Fill Phone
[Fill] Phone = 9000014927
➡️ STEP: Fill Email
[Fill] Email = testkavyaj407@yopmail.com
➡️ STEP: Industry
[Click] Industry ✓
➡️ STEP: Industry Option
[Click] Industry Option ✓
➡️ STEP: Close Industry
[Click] Close Industry ✓
➡️ STEP: Submit Apply
[Click] Submit Apply ✓
➡️ STEP: Assert equals: OTP Header
🔎 VALIDATE: OTP Header
   Expected: OTP Verification
   Actual  : OTP Verification
✅ PASS: OTP Header
➡️ STEP: Verify OTP
[Click] Verify OTP ✓
➡️ STEP: Assert equals: Video Interview title
🔎 VALIDATE: Video Interview title
   Expected: Video Interview
   Actual  : Video Interview
✅ PASS: Video Interview title
➡️ STEP: Assert equals: Video Interview description
🔎 VALIDATE: Video Interview description
   Expected: Enjoy a Video Interview schedule with your applied company to get selected. Select your preferred language and schedule an Interview meeting with a recruiter. This will ensure a smooth and personalized connection, making it easy for you and the recruiter to communicate effectively.
   Actual  : Enjoy a Video Interview schedule with your applied company to get selected. Select your preferred language and schedule an Interview meeting with a recruiter. This will ensure a smooth and personalized connection, making it easy for you and the recruiter to communicate effectively.
✅ PASS: Video Interview description
➡️ STEP: Select Date
[Click] Select Date ✓
➡️ STEP: Select Time
[Click] Select Time ✓
➡️ STEP: Next
[Click] Next ✓
➡️ STEP: Option
[Click] Option ✓
➡️ STEP: Fill Screening
[Fill] Screening = Automated Answer
➡️ STEP: Submit Screening
[Click] Submit Screening ✓
➡️ STEP: Assert equals: Thank You header
🔎 VALIDATE: Thank You header
   Expected: Thank You!
   Actual  : Thank You!
✅ PASS: Thank You header
➡️ STEP: My Interest
[Click] My Interest ✓
➡️ STEP: Validate My Interest Card
➡️ STEP: Assert equals: Status Pending
🔎 VALIDATE: Status Pending
   Expected: Pending
   Actual  : Pending
✅ PASS: Status Pending
➡️ STEP: Assert equals: Meeting Date
🔎 VALIDATE: Meeting Date
   Expected: 30/01/2026
   Actual  : 30/01/2026
✅ PASS: Meeting Date
➡️ STEP: Assert equals: Meeting Time
🔎 VALIDATE: Meeting Time
   Expected: 3:30 AM
   Actual  : 3:30 AM
✅ PASS: Meeting Time
➡️ STEP: Validate Advertiser Prospect Card (Before Reject)
➡️ STEP: Fill Advertiser Email
[Fill] Advertiser Email = nidhiadvemailtesting@yopmail.com
➡️ STEP: Fill Advertiser Password
[Fill] Advertiser Password = promilo@123
➡️ STEP: Sign In
[Click] Sign In ✓
➡️ STEP: My Account
[Click] My Account ✓
➡️ STEP: My Prospect
[Click] My Prospect ✓
➡️ STEP: Internships
[Click] Internships ✓
❌ FAIL: ❌ APPLY NOW NO SIGNUP FLOW FAILED
📍 Failed at step: Internships
📍 Current URL: https://stage.promilo.com/navigationbar/mystuff/myaccount/myinterest?tab=INITIATED&id=2c9f92659b9762aa019ba257f9bb1678
📷 Screenshot saved: screenshots/verifyApplyNow_NoSignup_AdvertiserReject_FullValidation_20260109_161130.png
✅ Milli auto-close enabled
Preference modal detected
✅ Preference modal closed using 'May be later'
➡️ STEP: START – Feedback via Mobile Signup
[Generated Name] Diya K
[Generated Phone] 9000013089
[Generated Email] testdiyak775@yopmail.com
➡️ STEP: Mobile Signup
➡️ STEP: Sign Up
[Click] Sign Up ✓
➡️ STEP: Fill Mobile
[Fill] Mobile = 9000013089
➡️ STEP: Send OTP
[Click] Send OTP ✓
➡️ STEP: Fill OTP
[Fill] OTP = 9999
➡️ STEP: Fill Password
[Fill] Password = Test@123
➡️ STEP: Complete Signup
[Click] Complete Signup ✓
➡️ STEP: Open Internship
➡️ STEP: Internships
[Click] Internships ✓
➡️ STEP: Wait for Internship Card
➡️ STEP: Open Internship
❌ FAIL: Scroll click failed: Open Internship
📍 Failed at step: Open Internship
📍 Current URL: https://stage.promilo.com/internships-listing
⚠ Screenshot failed: SCROLL_CLICK_FAIL_Open Internship
⚠ Screenshot failed: verifyFeedbackViaMobileSignup_FullFlow_WithValidations
✅ Milli auto-close enabled
Preference modal detected
✅ Preference modal closed using 'May be later'
==== FEEDBACK FULL NEGATIVE FLOW STARTED ====
➡️ STEP: Open Internships
[Click] Open Internships ✓
➡️ STEP: Wait for Internship Card
➡️ STEP: Open Internship
[Scroll Click] Open Internship ✓
➡️ STEP: Wait for Inline Feedback Container
➡️ STEP: Submit Feedback Text
[Click] Submit Feedback Text ✓
➡️ STEP: Wait for Details Form
➡️ STEP: Submit Blank Form
[Click] Submit Blank Form ✓
➡️ STEP: Assert visible: Name required error
✅ PASS: Name required error
➡️ STEP: Assert visible: Mobile required error
✅ PASS: Mobile required error
➡️ STEP: Assert visible: Email required error
✅ PASS: Email required error
➡️ STEP: Short Name Submit
[Click] Short Name Submit ✓
➡️ STEP: Assert visible: Name min error
✅ PASS: Name min error
➡️ STEP: Invalid Name Submit
[Click] Invalid Name Submit ✓
➡️ STEP: Assert visible: Invalid name error
✅ PASS: Invalid name error
➡️ STEP: Long Name Submit
[Click] Long Name Submit ✓
➡️ STEP: Assert visible: Name max error
✅ PASS: Name max error
➡️ STEP: Invalid Mobile Submit
[Click] Invalid Mobile Submit ✓
➡️ STEP: Assert visible: Invalid mobile error
✅ PASS: Invalid mobile error
➡️ STEP: Invalid Email Submit
[Click] Invalid Email Submit ✓
➡️ STEP: Assert visible: Invalid email error
✅ PASS: Invalid email error
==== BASIC NEGATIVE VALIDATIONS COMPLETED ====
[Generated Name] Riya E
[Generated Email] testriyae236@yopmail.com
[Generated Phone] 9000017760
➡️ STEP: Submit Valid Feedback
[Click] Submit Valid Feedback ✓
➡️ STEP: Wait for OTP Screen
➡️ STEP: Verify OTP
[Click] Verify OTP ✓
---- OTP VERIFIED SUCCESSFULLY ----
---- CHECKING ALREADY REGISTERED EMAIL ----
✅ Milli auto-close enabled
Preference modal detected
✅ Preference modal closed using 'May be later'
➡️ STEP: Open Internships Again
[Click] Open Internships Again ✓
➡️ STEP: Wait for Internship Card Again
➡️ STEP: Open Internship Again
[Scroll Click] Open Internship Again ✓
➡️ STEP: Submit Feedback Again
[Click] Submit Feedback Again ✓
[Generated Phone] 9000012588
➡️ STEP: Submit with Existing Email
[Click] Submit with Existing Email ✓
➡️ STEP: Assert toast: Already registered email toast appears
✅ PASS: Toast appeared: Already registered email toast appears
==== FEEDBACK FULL NEGATIVE FLOW COMPLETED ====
✅ Milli auto-close enabled
Preference modal detected
✅ Preference modal closed using 'May be later'
➡️ STEP: START – Feedback without Signup
➡️ STEP: Open Internship
➡️ STEP: Internships
[Click] Internships ✓
➡️ STEP: Wait for Internship Card
➡️ STEP: Open Internship
[Scroll Click] Open Internship ✓
➡️ STEP: Inline Feedback Validation
➡️ STEP: Wait for Feedback Container
➡️ STEP: Fill Enter Feedback
[Fill] Enter Feedback = Automated feedback for no-signup flow.
➡️ STEP: Submit Feedback
[Click] Submit Feedback ✓
➡️ STEP: Details Form Validation
➡️ STEP: Wait for Details Form Header
[Generated Name] Ritu S
[Generated Phone] 9000019350
[Generated Email] testritus398@yopmail.com
➡️ STEP: Fill Name
[Fill] Name = Ritu S
➡️ STEP: Fill Mobile
[Fill] Mobile = 9000019350
➡️ STEP: Fill Email
[Fill] Email = testritus398@yopmail.com
➡️ STEP: Submit Details
[Click] Submit Details ✓
➡️ STEP: OTP Validation
➡️ STEP: Verify OTP
[Click] Verify OTP ✓
➡️ STEP: Thank You Validation
➡️ STEP: Wait for Thank You Popup
➡️ STEP: Close Thank You
[Click] Close Thank You ✓
🎉 FEEDBACK NO-SIGNUP FLOW – ALL DATA VALIDATIONS PASSED
✅ Milli auto-close enabled
Preference modal detected
✅ Preference modal closed using 'May be later'
➡️ STEP: START – Get Connected → Full Validation Flow
➡️ STEP: Open Internship Description
➡️ STEP: Internships
[Click] Internships ✓
➡️ STEP: Wait for Internship Card
➡️ STEP: Open Internship
[Scroll Click] Open Internship ✓
➡️ STEP: Open Get Connected Modal
➡️ STEP: Wait for Get Connected button
➡️ STEP: Open Get Connected Modal
[Click] Open Get Connected Modal ✓
➡️ STEP: Validate Get Connected Banner
➡️ STEP: Wait for Get Connected banner title
➡️ STEP: Validate Register Modal Content
[Generated Name] Kavya W
[Generated Phone] 9000017971
[Generated Email] testkavyaw175@yopmail.com
➡️ STEP: Fill Register Form
➡️ STEP: Fill Name
[Fill] Name = Kavya W
➡️ STEP: Fill Mobile
[Fill] Mobile = 9000017971
➡️ STEP: Fill Email
[Fill] Email = testkavyaw175@yopmail.com
➡️ STEP: Open Industry
[Click] Open Industry ✓
➡️ STEP: Select Industry
[Click] Select Industry ✓
➡️ STEP: Close Industry
[Click] Close Industry ✓
➡️ STEP: Fill Password
[Fill] Password = Test@7971
➡️ STEP: Register
[Click] Register ✓
➡️ STEP: OTP Verification
➡️ STEP: Wait for OTP Header
➡️ STEP: Fill OTP digit 1
[Fill] OTP digit 1 = 9
➡️ STEP: Fill OTP digit 2
[Fill] OTP digit 2 = 9
➡️ STEP: Fill OTP digit 3
[Fill] OTP digit 3 = 9
➡️ STEP: Fill OTP digit 4
[Fill] OTP digit 4 = 9
➡️ STEP: Verify OTP
[Click] Verify OTP ✓
➡️ STEP: Final Thank You Validation
➡️ STEP: Wait for Final Thank You title
✅ END – Get Connected Full Flow PASSED
✅ Milli auto-close enabled
Preference modal detected
✅ Preference modal closed using 'May be later'
Navigating to Promilo
==== GET CONNECTED FULL NEGATIVE FLOW STARTED ====
➡️ STEP: Open Internships
[Click] Open Internships ✓
➡️ STEP: Wait for Internship Card
➡️ STEP: Open Internship
[Scroll Click] Open Internship ✓
➡️ STEP: Open Get Connected Form
[Click] Open Get Connected Form ✓
➡️ STEP: Submit Blank Form
[Click] Submit Blank Form ✓
➡️ STEP: Assert visible: Name required
✅ PASS: Name required
➡️ STEP: Assert visible: Mobile required
✅ PASS: Mobile required
➡️ STEP: Assert visible: Email required
✅ PASS: Email required
➡️ STEP: Assert visible: Industry required
✅ PASS: Industry required
➡️ STEP: Assert visible: Password required
✅ PASS: Password required
➡️ STEP: Short Name
[Click] Short Name ✓
➡️ STEP: Assert visible: Name min error
✅ PASS: Name min error
➡️ STEP: Invalid Name
[Click] Invalid Name ✓
➡️ STEP: Assert visible: Name invalid error
✅ PASS: Name invalid error
➡️ STEP: Long Name
[Click] Long Name ✓
➡️ STEP: Assert visible: Name max error
✅ PASS: Name max error
➡️ STEP: Invalid Mobile
[Click] Invalid Mobile ✓
➡️ STEP: Assert visible: Mobile invalid error
✅ PASS: Mobile invalid error
➡️ STEP: Invalid Email
[Click] Invalid Email ✓
➡️ STEP: Assert visible: Email invalid error
✅ PASS: Email invalid error
➡️ STEP: Short Password
[Click] Short Password ✓
➡️ STEP: Assert visible: Password min error
✅ PASS: Password min error
➡️ STEP: Long Password
[Click] Long Password ✓
➡️ STEP: Assert visible: Password max error
✅ PASS: Password max error
[Generated Name] Riya U
[Generated Email] testriyau149@yopmail.com
[Generated Phone] 9000016556
Valid Data:
Riya U
testriyau149@yopmail.com
9000016556
➡️ STEP: Open Industry
[Click] Open Industry ✓
➡️ STEP: Assert true: Industry options available
✅ PASS: Industry options available
➡️ STEP: Select Industry
[Click] Select Industry ✓
➡️ STEP: Close Industry
[Click] Close Industry ✓
➡️ STEP: Submit Valid Details
[Click] Submit Valid Details ✓
---- OTP NEGATIVE TEST ----
➡️ STEP: Submit WRONG OTP
[Click] Submit WRONG OTP ✓
➡️ STEP: Assert toast: Invalid OTP toast appeared
✅ PASS: Toast appeared: Invalid OTP toast appeared
---- OTP POSITIVE TEST ----
➡️ STEP: Submit CORRECT OTP
[Click] Submit CORRECT OTP ✓
---- OTP VERIFIED SUCCESSFULLY ----
---- ALREADY REGISTERED EMAIL TEST ----
✅ Milli auto-close enabled
Preference modal detected
✅ Preference modal closed using 'May be later'
➡️ STEP: Open Internships Again
[Click] Open Internships Again ✓
➡️ STEP: Wait for Internship Card
➡️ STEP: Open Internship Again
[Scroll Click] Open Internship Again ✓
➡️ STEP: Open Get Connected Again
[Click] Open Get Connected Again ✓
[Generated Phone] 9000018679
➡️ STEP: Open Industry
[Click] Open Industry ✓
➡️ STEP: Select Industry
[Click] Select Industry ✓
➡️ STEP: Close Industry
[Click] Close Industry ✓
➡️ STEP: Submit Already Registered
[Click] Submit Already Registered ✓
➡️ STEP: Assert toast: Already registered email toast
✅ PASS: Toast appeared: Already registered email toast
🎉 GET CONNECTED NEGATIVE FLOW PASSED!
✅ Milli auto-close enabled
Preference modal detected
✅ Preference modal closed using 'May be later'
➡️ STEP: START – Register With Us Flow
[Generated Name] Diya J
[Generated Phone] 9000015038
[Generated Email] testdiyaj900@yopmail.com
➡️ STEP: Open Internships
[Click] Open Internships ✓
➡️ STEP: Fill Name
[Fill] Name = Diya J
➡️ STEP: Fill Mobile
[Fill] Mobile = 9000015038
➡️ STEP: Fill Email
[Fill] Email = testdiyaj900@yopmail.com
➡️ STEP: Fill Password
[Fill] Password = Test@038
➡️ STEP: Open Preferred Location
[Click] Open Preferred Location ✓
➡️ STEP: Wait for Location Suggestions
➡️ STEP: Select Location
[Click] Select Location ✓
➡️ STEP: Open Industry
[Click] Open Industry ✓
➡️ STEP: Wait for Industry Options
➡️ STEP: Industry 1
[Click] Industry 1 ✓
➡️ STEP: Industry 2
[Click] Industry 2 ✓
➡️ STEP: Close Industry
[Click] Close Industry ✓
➡️ STEP: Register Now
[Click] Register Now ✓
➡️ STEP: Wait for OTP Inputs
➡️ STEP: Fill OTP digit 1
[Fill] OTP digit 1 = 9
➡️ STEP: Fill OTP digit 2
[Fill] OTP digit 2 = 9
➡️ STEP: Fill OTP digit 3
[Fill] OTP digit 3 = 9
➡️ STEP: Fill OTP digit 4
[Fill] OTP digit 4 = 9
➡️ STEP: Verify OTP
[Click] Verify OTP ✓
➡️ STEP: Wait for Thank You Popup
➡️ STEP: Assert equals: Thank You title
🔎 VALIDATE: Thank You title
   Expected: Thank You!
   Actual  : Thank You!
✅ PASS: Thank You title
➡️ STEP: Assert equals: Thank You message
🔎 VALIDATE: Thank You message
   Expected: Congratulations! You did it. Don't forget to click the email verify link to stay updated via email, notifications, and WhatsApp.
   Actual  : Congratulations! You did it. Don't forget to click the email verify link to stay updated via email, notifications, and WhatsApp.
✅ PASS: Thank You message
➡️ STEP: Assert equals: Thank You sub message
🔎 VALIDATE: Thank You sub message
   Expected: You can take further steps, such as exploring apply now and get HR call.
   Actual  : You can take further steps, such as exploring apply now and get HR call.
✅ PASS: Thank You sub message
➡️ STEP: Close Thank You Popup
[Click] Close Thank You Popup ✓
✅ PASS: 🎉 REGISTER WITH US FLOW PASSED
✅ Milli auto-close enabled
Preference modal detected
✅ Preference modal closed using 'May be later'
Navigating to https://stage.promilo.com/
✅ Milli auto-close enabled
ℹ️ Preference modal not present, continuing test
➡️ STEP: Open Internships Tab
[Click] Open Internships Tab ✓
➡️ STEP: START – Register With Us NEGATIVE FLOW
➡️ STEP: Submit Empty Register Form
[Click] Submit Empty Register Form ✓
➡️ STEP: Assert visible: Name required error
✅ PASS: Name required error
➡️ STEP: Assert visible: Mobile required error
✅ PASS: Mobile required error
➡️ STEP: Assert visible: Email required error
✅ PASS: Email required error
➡️ STEP: Assert visible: Location required error
✅ PASS: Location required error
➡️ STEP: Assert visible: Industry required error
✅ PASS: Industry required error
➡️ STEP: Assert visible: Password required error
✅ PASS: Password required error
➡️ STEP: Submit Invalid Name
[Click] Submit Invalid Name ✓
➡️ STEP: Assert visible: Invalid name error
✅ PASS: Invalid name error
➡️ STEP: Submit Invalid Mobile
[Click] Submit Invalid Mobile ✓
➡️ STEP: Assert visible: Invalid mobile error
✅ PASS: Invalid mobile error
➡️ STEP: Submit Invalid Email
[Click] Submit Invalid Email ✓
➡️ STEP: Assert visible: Invalid email error
✅ PASS: Invalid email error
➡️ STEP: Short Password
[Click] Short Password ✓
➡️ STEP: Assert visible: Password min length error
✅ PASS: Password min length error
➡️ STEP: Long Password
[Click] Long Password ✓
➡️ STEP: Assert visible: Password max length error
✅ PASS: Password max length error
[Generated Name] Riya R
[Generated Phone] 9000017225
[Generated Email] testriyar404@yopmail.com
➡️ STEP: Submit Without Location & Industry
[Click] Submit Without Location & Industry ✓
➡️ STEP: Assert visible: Location required
✅ PASS: Location required
➡️ STEP: Assert visible: Industry required
✅ PASS: Industry required
➡️ STEP: Assert true: OTP screen should NOT appear for invalid form
✅ PASS: OTP screen should NOT appear for invalid form
✅ PASS: ✅ REGISTER WITH US – NEGATIVE FLOW VERIFIED
✅ Milli auto-close enabled
Preference modal detected
✅ Preference modal closed using 'May be later'
➡️ STEP: START – Apply → Reschedule → Advertiser Accept
[Generated Name] Megha F
[Generated Email] testmeghaf207@yopmail.com
[Generated Phone] 9000013648
➡️ STEP: Sign Up
[Click] Sign Up ✓
➡️ STEP: Fill Email
[Fill] Email = testmeghaf207@yopmail.com
➡️ STEP: Send OTP
[Click] Send OTP ✓
➡️ STEP: Fill OTP
[Fill] OTP = 9999
➡️ STEP: Fill Password
[Fill] Password = Test@123
➡️ STEP: Complete Signup
[Click] Complete Signup ✓
➡️ STEP: Internships
[Click] Internships ✓
➡️ STEP: Internship Card
[Click] Internship Card ✓
➡️ STEP: Apply Now
[Click] Apply Now ✓
➡️ STEP: Fill Name
[Fill] Name = Megha F
➡️ STEP: Fill Phone
[Fill] Phone = 9000013648
➡️ STEP: Industry
[Click] Industry ✓
➡️ STEP: Industry Option
[Click] Industry Option ✓
➡️ STEP: Close Industry
[Click] Close Industry ✓
➡️ STEP: Submit Apply
[Click] Submit Apply ✓
➡️ STEP: Verify OTP
[Click] Verify OTP ✓
➡️ STEP: Select Date
[Click] Select Date ✓
➡️ STEP: Select Time
[Click] Select Time ✓
➡️ STEP: Next
[Click] Next ✓
➡️ STEP: Option
[Click] Option ✓
➡️ STEP: Fill Screening
[Fill] Screening = Automated Answer
➡️ STEP: Submit Screening
[Click] Submit Screening ✓
➡️ STEP: Assert equals: Thank You header
🔎 VALIDATE: Thank You header
   Expected: Thank You!
   Actual  : Thank You!
✅ PASS: Thank You header
➡️ STEP: My Interest
[Click] My Interest ✓
➡️ STEP: Assert equals: Initial meeting date
🔎 VALIDATE: Initial meeting date
   Expected: 30/01/2026
   Actual  : 30/01/2026
✅ PASS: Initial meeting date
➡️ STEP: Candidate Reschedules Meeting
➡️ STEP: Reschedule Icon
[Click] Reschedule Icon ✓
➡️ STEP: Reschedule Time
[Click] Reschedule Time ✓
➡️ STEP: Confirm Reschedule
[Click] Confirm Reschedule ✓
➡️ STEP: Advertiser Accepts Reschedule
➡️ STEP: Fill Email
[Fill] Email = nidhiadvemailtesting@yopmail.com
➡️ STEP: Fill Password
[Fill] Password = promilo@123
➡️ STEP: Sign In
[Click] Sign In ✓
➡️ STEP: My Account
[Click] My Account ✓
➡️ STEP: My Prospect
[Click] My Prospect ✓
➡️ STEP: Internships
[Click] Internships ✓
➡️ STEP: Open Reschedule
[Click] Open Reschedule ✓
➡️ STEP: Assert equals: Advertiser reschedule date
🔎 VALIDATE: Advertiser reschedule date
   Expected: 30/01/2026
   Actual  : 30/01/2026
✅ PASS: Advertiser reschedule date
➡️ STEP: Accept
[Click] Accept ✓
➡️ STEP: Assert equals: Accept success popup
🔎 VALIDATE: Accept success popup
   Expected: Thanks for Accepting this reschedule request. Your meeting is confirmed.
   Actual  : Thanks for Accepting this reschedule request. Your meeting is confirmed.
✅ PASS: Accept success popup
➡️ STEP: Done
[Click] Done ✓
➡️ STEP: Assert equals: User updated date
🔎 VALIDATE: User updated date
   Expected: 30/01/2026
   Actual  : 30/01/2026
✅ PASS: User updated date
✅ PASS: 🎉 RESCHEDULE → ADVERTISER ACCEPT FLOW PASSED
✅ Milli auto-close enabled
Preference modal detected
✅ Preference modal closed using 'May be later'
➡️ STEP: START – Apply → Reschedule → Advertiser Reject
[Generated Name] Riya N
[Generated Email] testriyan281@yopmail.com
[Generated Phone] 9000017965
➡️ STEP: Sign Up
[Click] Sign Up ✓
➡️ STEP: Fill Email
[Fill] Email = testriyan281@yopmail.com
➡️ STEP: Send OTP
[Click] Send OTP ✓
➡️ STEP: Fill OTP
[Fill] OTP = 9999
➡️ STEP: Fill Password
[Fill] Password = Test@123
➡️ STEP: Complete Signup
[Click] Complete Signup ✓
➡️ STEP: Internships
[Click] Internships ✓
➡️ STEP: Internship Card
[Click] Internship Card ✓
➡️ STEP: Apply Now
[Click] Apply Now ✓
➡️ STEP: Industry
[Click] Industry ✓
➡️ STEP: Industry Option
[Click] Industry Option ✓
➡️ STEP: Close Industry
[Click] Close Industry ✓
➡️ STEP: Submit Apply
[Click] Submit Apply ✓
➡️ STEP: Verify OTP
[Click] Verify OTP ✓
➡️ STEP: Select Date
[Click] Select Date ✓
➡️ STEP: Select Time
[Click] Select Time ✓
➡️ STEP: Next
[Click] Next ✓
➡️ STEP: Option
[Click] Option ✓
➡️ STEP: Fill Screening
[Fill] Screening = Automated Answer
➡️ STEP: Submit Screening
[Click] Submit Screening ✓
➡️ STEP: Assert equals: Thank You header
🔎 VALIDATE: Thank You header
   Expected: Thank You!
   Actual  : Thank You!
✅ PASS: Thank You header
➡️ STEP: My Interest
[Click] My Interest ✓
➡️ STEP: Validate My Interest Card
➡️ STEP: Assert equals: Status Pending
🔎 VALIDATE: Status Pending
   Expected: Pending
   Actual  : Pending
✅ PASS: Status Pending
➡️ STEP: Assert equals: Internship title
🔎 VALIDATE: Internship title
   Expected: Tester 1
   Actual  : Tester 1
✅ PASS: Internship title
➡️ STEP: Assert equals: Company name
🔎 VALIDATE: Company name
   Expected: Technotion
   Actual  : Technotion
✅ PASS: Company name
➡️ STEP: Assert equals: Location
🔎 VALIDATE: Location
   Expected: Bengaluru/Bangalore
   Actual  : Bengaluru/Bangalore
✅ PASS: Location
➡️ STEP: Assert equals: Meeting Date
🔎 VALIDATE: Meeting Date
   Expected: 30/01/2026
   Actual  : 30/01/2026
✅ PASS: Meeting Date
➡️ STEP: Assert equals: Meeting Time
🔎 VALIDATE: Meeting Time
   Expected: 8:30 AM
   Actual  : 8:30 AM
✅ PASS: Meeting Time
➡️ STEP: Assert equals: Interview mode
🔎 VALIDATE: Interview mode
   Expected: Online Interview
   Actual  : Online Interview
✅ PASS: Interview mode
➡️ STEP: Assert true: Reschedule icon visible
✅ PASS: Reschedule icon visible
➡️ STEP: Assert true: Cancel button visible
✅ PASS: Cancel button visible
➡️ STEP: Assert true: Send Reminder button visible
✅ PASS: Send Reminder button visible
➡️ STEP: Candidate Reschedules Meeting
➡️ STEP: Reschedule Icon
[Click] Reschedule Icon ✓
➡️ STEP: Reschedule Time
[Click] Reschedule Time ✓
➡️ STEP: Confirm Reschedule
[Click] Confirm Reschedule ✓
📅 Rescheduled Date: 30/01/2026
⏰ Rescheduled Time: 6:00 PM
➡️ STEP: Advertiser Rejects Reschedule
➡️ STEP: Fill Advertiser Email
[Fill] Advertiser Email = nidhiadvemailtesting@yopmail.com
➡️ STEP: Fill Advertiser Password
[Fill] Advertiser Password = promilo@123
➡️ STEP: Sign In
[Click] Sign In ✓
➡️ STEP: My Account
[Click] My Account ✓
➡️ STEP: My Prospect
[Click] My Prospect ✓
➡️ STEP: Internships
[Click] Internships ✓
➡️ STEP: Open Reschedule
[Click] Open Reschedule ✓
➡️ STEP: Assert equals: Advertiser reschedule date
🔎 VALIDATE: Advertiser reschedule date
   Expected: 30/01/2026
   Actual  : 30/01/2026
✅ PASS: Advertiser reschedule date
➡️ STEP: Assert equals: Advertiser reschedule time
🔎 VALIDATE: Advertiser reschedule time
   Expected: 6:00 PM
   Actual  : 6:00 PM
✅ PASS: Advertiser reschedule time
➡️ STEP: Cancel Request
[Click] Cancel Request ✓
➡️ STEP: Reject Reschedule
[Click] Reject Reschedule ✓
➡️ STEP: Assert equals: User status updated to Rejected
🔎 VALIDATE: User status updated to Rejected
   Expected: Rejected
   Actual  : Rejected
✅ PASS: User status updated to Rejected
✅ PASS: 🎉 APPLY → RESCHEDULE → ADVERTISER REJECT FLOW PASSED]]>
  </system-out>
</testsuite> <!-- com.automation.tests.FeedbackMobileTest -->
