<?xml version="1.0" encoding="UTF-8"?>
<!-- Generated by org.testng.reporters.JUnitReportReporter -->
<testsuite hostname="DESKTOP-UUDM026" failures="0" tests="1" name="com.automation.tests.ApplyNowEmailTest" time="45.658" errors="0" timestamp="2025-11-18T12:41:46 IST" skipped="0">
  <testcase classname="com.automation.tests.ApplyNowEmailTest" name="verifyApplyNowViaEmail" time="45.658">
    <system-out>
      <![CDATA[[Generated Name] Anu O
[Generated Email] testanuo277@yopmail.com
[Generated Phone] 9000015028
Generated Name = Anu O
Generated Email = testanuo277@yopmail.com
Generated Phone = 9000015028
[Click] Click SignUp ✓
📷 Screenshot: screenshots/Click SignUp_20251118_124104.png
[Fill] Enter Email = testanuo277@yopmail.com
📷 Screenshot: screenshots/Fill_Enter Email_20251118_124105.png
[Click] Send Verification Code ✓
📷 Screenshot: screenshots/Send Verification Code_20251118_124107.png
[Fill] Enter OTP = 9999
📷 Screenshot: screenshots/Fill_Enter OTP_20251118_124108.png
[Fill] Enter Password = Test@123
📷 Screenshot: screenshots/Fill_Enter Password_20251118_124110.png
[Click] Complete Signup ✓
📷 Screenshot: screenshots/Complete Signup_20251118_124111.png
[Click] Open Internships ✓
📷 Screenshot: screenshots/Open Internships_20251118_124113.png
[Wait] Internship Card
[Click] Open Internship ✓
📷 Screenshot: screenshots/Open Internship_20251118_124115.png
[Click] Click Apply Now ✓
📷 Screenshot: screenshots/Click Apply Now_20251118_124116.png
[Fill] Fill Name = Anu O
📷 Screenshot: screenshots/Fill_Fill Name_20251118_124117.png
[Fill] Fill Phone = 9000015028
📷 Screenshot: screenshots/Fill_Fill Phone_20251118_124118.png
[Click] Open Industry ✓
📷 Screenshot: screenshots/Open Industry_20251118_124120.png
[Click] Select Checkbox 1 ✓
📷 Screenshot: screenshots/Select Checkbox 1_20251118_124121.png
[Click] Select Checkbox 2 ✓
📷 Screenshot: screenshots/Select Checkbox 2_20251118_124122.png
[Click] Select Checkbox 3 ✓
📷 Screenshot: screenshots/Select Checkbox 3_20251118_124123.png
[Click] Close Industry ✓
📷 Screenshot: screenshots/Close Industry_20251118_124124.png
[Click] Submit ApplyNow Form ✓
📷 Screenshot: screenshots/Submit ApplyNow Form_20251118_124126.png
[Fill] OTP Digit 1 = 9
📷 Screenshot: screenshots/Fill_OTP Digit 1_20251118_124127.png
[Fill] OTP Digit 2 = 9
📷 Screenshot: screenshots/Fill_OTP Digit 2_20251118_124128.png
[Fill] OTP Digit 3 = 9
📷 Screenshot: screenshots/Fill_OTP Digit 3_20251118_124129.png
[Fill] OTP Digit 4 = 9
📷 Screenshot: screenshots/Fill_OTP Digit 4_20251118_124130.png
[Click] Verify OTP ✓
📷 Screenshot: screenshots/Verify OTP_20251118_124133.png
[Click] Select English ✓
📷 Screenshot: screenshots/Select English_20251118_124135.png
[Click] Select Date ✓
📷 Screenshot: screenshots/Select Date_20251118_124136.png
[Click] Select Time ✓
📷 Screenshot: screenshots/Select Time_20251118_124137.png
[Click] Go to Screening ✓
📷 Screenshot: screenshots/Go to Screening_20251118_124138.png
Total Screening Questions = 3
[Click] Select Objective Option ✓
📷 Screenshot: screenshots/Select Objective Option_20251118_124140.png
[Click] Select Objective Option ✓
📷 Screenshot: screenshots/Select Objective Option_20251118_124141.png
[Fill] Fill Subjective Answer = Automated Answer
📷 Screenshot: screenshots/Fill_Fill Subjective Answer_20251118_124142.png
[Click] Submit Screening ✓
📷 Screenshot: screenshots/Submit Screening_20251118_124143.png
[Wait] Thank You Popup
✔ Thank You popup verified!
[Click] Click My Interest ✓
📷 Screenshot: screenshots/Click My Interest_20251118_124144.png
✔ Navigated to My Interest
[Wait] My Interest Card
✔ Interest Card Visible
✔ Status = Pending
✔ Meeting Date & Time Validated
🎉 APPLY NOW EMAIL FLOW PASSED!]]>
    </system-out>
  </testcase> <!-- verifyApplyNowViaEmail -->
  <system-out>
    <![CDATA[[Click] Close Popup ✓
📷 Screenshot: screenshots/Close Popup_20251118_124102.png
[Generated Name] Anu O
[Generated Email] testanuo277@yopmail.com
[Generated Phone] 9000015028
Generated Name = Anu O
Generated Email = testanuo277@yopmail.com
Generated Phone = 9000015028
[Click] Click SignUp ✓
📷 Screenshot: screenshots/Click SignUp_20251118_124104.png
[Fill] Enter Email = testanuo277@yopmail.com
📷 Screenshot: screenshots/Fill_Enter Email_20251118_124105.png
[Click] Send Verification Code ✓
📷 Screenshot: screenshots/Send Verification Code_20251118_124107.png
[Fill] Enter OTP = 9999
📷 Screenshot: screenshots/Fill_Enter OTP_20251118_124108.png
[Fill] Enter Password = Test@123
📷 Screenshot: screenshots/Fill_Enter Password_20251118_124110.png
[Click] Complete Signup ✓
📷 Screenshot: screenshots/Complete Signup_20251118_124111.png
[Click] Open Internships ✓
📷 Screenshot: screenshots/Open Internships_20251118_124113.png
[Wait] Internship Card
[Click] Open Internship ✓
📷 Screenshot: screenshots/Open Internship_20251118_124115.png
[Click] Click Apply Now ✓
📷 Screenshot: screenshots/Click Apply Now_20251118_124116.png
[Fill] Fill Name = Anu O
📷 Screenshot: screenshots/Fill_Fill Name_20251118_124117.png
[Fill] Fill Phone = 9000015028
📷 Screenshot: screenshots/Fill_Fill Phone_20251118_124118.png
[Click] Open Industry ✓
📷 Screenshot: screenshots/Open Industry_20251118_124120.png
[Click] Select Checkbox 1 ✓
📷 Screenshot: screenshots/Select Checkbox 1_20251118_124121.png
[Click] Select Checkbox 2 ✓
📷 Screenshot: screenshots/Select Checkbox 2_20251118_124122.png
[Click] Select Checkbox 3 ✓
📷 Screenshot: screenshots/Select Checkbox 3_20251118_124123.png
[Click] Close Industry ✓
📷 Screenshot: screenshots/Close Industry_20251118_124124.png
[Click] Submit ApplyNow Form ✓
📷 Screenshot: screenshots/Submit ApplyNow Form_20251118_124126.png
[Fill] OTP Digit 1 = 9
📷 Screenshot: screenshots/Fill_OTP Digit 1_20251118_124127.png
[Fill] OTP Digit 2 = 9
📷 Screenshot: screenshots/Fill_OTP Digit 2_20251118_124128.png
[Fill] OTP Digit 3 = 9
📷 Screenshot: screenshots/Fill_OTP Digit 3_20251118_124129.png
[Fill] OTP Digit 4 = 9
📷 Screenshot: screenshots/Fill_OTP Digit 4_20251118_124130.png
[Click] Verify OTP ✓
📷 Screenshot: screenshots/Verify OTP_20251118_124133.png
[Click] Select English ✓
📷 Screenshot: screenshots/Select English_20251118_124135.png
[Click] Select Date ✓
📷 Screenshot: screenshots/Select Date_20251118_124136.png
[Click] Select Time ✓
📷 Screenshot: screenshots/Select Time_20251118_124137.png
[Click] Go to Screening ✓
📷 Screenshot: screenshots/Go to Screening_20251118_124138.png
Total Screening Questions = 3
[Click] Select Objective Option ✓
📷 Screenshot: screenshots/Select Objective Option_20251118_124140.png
[Click] Select Objective Option ✓
📷 Screenshot: screenshots/Select Objective Option_20251118_124141.png
[Fill] Fill Subjective Answer = Automated Answer
📷 Screenshot: screenshots/Fill_Fill Subjective Answer_20251118_124142.png
[Click] Submit Screening ✓
📷 Screenshot: screenshots/Submit Screening_20251118_124143.png
[Wait] Thank You Popup
✔ Thank You popup verified!
[Click] Click My Interest ✓
📷 Screenshot: screenshots/Click My Interest_20251118_124144.png
✔ Navigated to My Interest
[Wait] My Interest Card
✔ Interest Card Visible
✔ Status = Pending
✔ Meeting Date & Time Validated
🎉 APPLY NOW EMAIL FLOW PASSED!]]>
  </system-out>
</testsuite> <!-- com.automation.tests.ApplyNowEmailTest -->
