<?xml version="1.0" encoding="UTF-8"?>
<!-- Generated by org.testng.reporters.JUnitReportReporter -->
<testsuite hostname="DESKTOP-UUDM026" failures="0" tests="1" name="com.automation.tests.GetConnectedTest" time="38.825" errors="1" timestamp="2025-09-15T17:58:19 IST" skipped="0">
  <testcase classname="com.automation.tests.GetConnectedTest" name="testGetConnectedFlow" time="38.825">
    <error message="Error {
  message=&#039;Timeout 30000ms exceeded.
  name=&#039;TimeoutError
  stack=&#039;TimeoutError: Timeout 30000ms exceeded.
    at ProgressController.run (C:\Users\Admin\AppData\Local\Temp\playwright-java-10610290970790613039\package\lib\server\progress.js:76:26)
    at Frame.waitForSelector (C:\Users\Admin\AppData\Local\Temp\playwright-java-10610290970790613039\package\lib\server\frames.js:615:23)
    at FrameDispatcher.waitForSelector (C:\Users\Admin\AppData\Local\Temp\playwright-java-10610290970790613039\package\lib\server\dispatchers\frameDispatcher.js:82:116)
    at FrameDispatcher._handleCommand (C:\Users\Admin\AppData\Local\Temp\playwright-java-10610290970790613039\package\lib\server\dispatchers\dispatcher.js:88:40)
    at DispatcherConnection.dispatch (C:\Users\Admin\AppData\Local\Temp\playwright-java-10610290970790613039\package\lib\server\dispatchers\dispatcher.js:309:39)
}
Call log:
-   - waiting for locator(&quot;div.modal-backdrop&quot;) to be detached
-     63 × locator resolved to visible &lt;div class=&quot;fade modal-backdrop show&quot;&gt;&lt;/div&gt;
" type="com.microsoft.playwright.TimeoutError">
      <![CDATA[com.microsoft.playwright.TimeoutError: Error {
  message='Timeout 30000ms exceeded.
  name='TimeoutError
  stack='TimeoutError: Timeout 30000ms exceeded.
    at ProgressController.run (C:\Users\Admin\AppData\Local\Temp\playwright-java-10610290970790613039\package\lib\server\progress.js:76:26)
    at Frame.waitForSelector (C:\Users\Admin\AppData\Local\Temp\playwright-java-10610290970790613039\package\lib\server\frames.js:615:23)
    at FrameDispatcher.waitForSelector (C:\Users\Admin\AppData\Local\Temp\playwright-java-10610290970790613039\package\lib\server\dispatchers\frameDispatcher.js:82:116)
    at FrameDispatcher._handleCommand (C:\Users\Admin\AppData\Local\Temp\playwright-java-10610290970790613039\package\lib\server\dispatchers\dispatcher.js:88:40)
    at DispatcherConnection.dispatch (C:\Users\Admin\AppData\Local\Temp\playwright-java-10610290970790613039\package\lib\server\dispatchers\dispatcher.js:309:39)
}
Call log:
-   - waiting for locator("div.modal-backdrop") to be detached
-     63 × locator resolved to visible <div class="fade modal-backdrop show"></div>

at com.microsoft.playwright.impl.WaitableResult.get(WaitableResult.java:52)
at com.microsoft.playwright.impl.ChannelOwner.runUntil(ChannelOwner.java:138)
at com.microsoft.playwright.impl.Connection.sendMessage(Connection.java:131)
at com.microsoft.playwright.impl.ChannelOwner.sendMessage(ChannelOwner.java:124)
at com.microsoft.playwright.impl.FrameImpl.waitForSelectorImpl(FrameImpl.java:985)
at com.microsoft.playwright.impl.FrameImpl.waitForSelector(FrameImpl.java:975)
at com.microsoft.playwright.impl.PageImpl.waitForSelector(PageImpl.java:1518)
at com.automation.pages.GetConnectedActions.clickGetConnected(GetConnectedActions.java:71)
at com.automation.tests.GetConnectedTest.testGetConnectedFlow(GetConnectedTest.java:59)
at java.base/jdk.internal.reflect.DirectMethodHandleAccessor.invoke(DirectMethodHandleAccessor.java:103)
at java.base/java.lang.reflect.Method.invoke(Method.java:580)
at org.testng.internal.invokers.MethodInvocationHelper.invokeMethod(MethodInvocationHelper.java:141)
at org.testng.internal.invokers.TestInvoker.invokeMethod(TestInvoker.java:686)
at org.testng.internal.invokers.TestInvoker.invokeTestMethod(TestInvoker.java:230)
at org.testng.internal.invokers.MethodRunner.runInSequence(MethodRunner.java:63)
at org.testng.internal.invokers.TestInvoker$MethodInvocationAgent.invoke(TestInvoker.java:992)
at org.testng.internal.invokers.TestInvoker.invokeTestMethods(TestInvoker.java:203)
at org.testng.internal.invokers.TestMethodWorker.invokeTestMethods(TestMethodWorker.java:154)
at org.testng.internal.invokers.TestMethodWorker.run(TestMethodWorker.java:134)
at java.base/java.util.ArrayList.forEach(ArrayList.java:1596)
at org.testng.TestRunner.privateRun(TestRunner.java:739)
at org.testng.TestRunner.run(TestRunner.java:614)
at org.testng.SuiteRunner.runTest(SuiteRunner.java:421)
at org.testng.SuiteRunner.runSequentially(SuiteRunner.java:413)
at org.testng.SuiteRunner.privateRun(SuiteRunner.java:373)
at org.testng.SuiteRunner.run(SuiteRunner.java:312)
at org.testng.SuiteRunnerWorker.runSuite(SuiteRunnerWorker.java:52)
at org.testng.SuiteRunnerWorker.run(SuiteRunnerWorker.java:95)
at org.testng.TestNG.runSuitesSequentially(TestNG.java:1274)
at org.testng.TestNG.runSuitesLocally(TestNG.java:1208)
at org.testng.TestNG.runSuites(TestNG.java:1112)
at org.testng.TestNG.run(TestNG.java:1079)
at org.testng.remote.AbstractRemoteTestNG.run(AbstractRemoteTestNG.java:115)
at org.testng.remote.RemoteTestNG.initAndRun(RemoteTestNG.java:293)
at org.testng.remote.RemoteTestNG.main(RemoteTestNG.java:91)
Caused by: com.microsoft.playwright.TimeoutError: Error {
  message='Timeout 30000ms exceeded.
  name='TimeoutError
  stack='TimeoutError: Timeout 30000ms exceeded.
    at ProgressController.run (C:\Users\Admin\AppData\Local\Temp\playwright-java-10610290970790613039\package\lib\server\progress.js:76:26)
    at Frame.waitForSelector (C:\Users\Admin\AppData\Local\Temp\playwright-java-10610290970790613039\package\lib\server\frames.js:615:23)
    at FrameDispatcher.waitForSelector (C:\Users\Admin\AppData\Local\Temp\playwright-java-10610290970790613039\package\lib\server\dispatchers\frameDispatcher.js:82:116)
    at FrameDispatcher._handleCommand (C:\Users\Admin\AppData\Local\Temp\playwright-java-10610290970790613039\package\lib\server\dispatchers\dispatcher.js:88:40)
    at DispatcherConnection.dispatch (C:\Users\Admin\AppData\Local\Temp\playwright-java-10610290970790613039\package\lib\server\dispatchers\dispatcher.js:309:39)
}
Call log:
-   - waiting for locator("div.modal-backdrop") to be detached
-     63 × locator resolved to visible <div class="fade modal-backdrop show"></div>

at com.microsoft.playwright.impl.Connection.dispatch(Connection.java:257)
at com.microsoft.playwright.impl.Connection.processOneMessage(Connection.java:214)
at com.microsoft.playwright.impl.ChannelOwner.runUntil(ChannelOwner.java:136)
... 33 more
]]>
    </error>
  </testcase> <!-- testGetConnectedFlow -->
</testsuite> <!-- com.automation.tests.GetConnectedTest -->
