<?xml version="1.0" encoding="UTF-8"?>
<!-- Generated by org.testng.reporters.JUnitReportReporter -->
<testsuite hostname="DESKTOP-UUDM026" failures="0" tests="1" name="com.automation.tests.ApplyNowNegativeTest" time="34.567" errors="0" timestamp="2025-11-18T16:38:21 IST" skipped="0">
  <testcase classname="com.automation.tests.ApplyNowNegativeTest" name="fullNegativeFlow" time="34.567">
    <system-out>
      <![CDATA[==== APPLY NOW FULL NEGATIVE FLOW TEST STARTED ====
[STEP] Navigating to site...
[Click] Open Internships ✓
📷 Screenshot: screenshots/Open Internships_20251118_163749.png
[Wait] Internship Card Visible
[Click] Open Internship ✓
📷 Screenshot: screenshots/Open Internship_20251118_163754.png
[Click] Click Apply Now ✓
📷 Screenshot: screenshots/Click Apply Now_20251118_163755.png
[Click] Click Popup Apply Now ✓
📷 Screenshot: screenshots/Click Popup Apply Now_20251118_163757.png
[Click] Submit Blank Form ✓
📷 Screenshot: screenshots/Submit Blank Form_20251118_163758.png
[VALIDATION ✓] Name is required
[VALIDATION ✓] Mobile number is required
[VALIDATION ✓] Email is required
[VALIDATION ✓] Industry is required
[Click] Submitting Min Name ✓
📷 Screenshot: screenshots/Submitting Min Name_20251118_163800.png
[VALIDATION ✓] Must be 3 characters or greater
[Click] Submitting Invalid Name ✓
📷 Screenshot: screenshots/Submitting Invalid Name_20251118_163802.png
[VALIDATION ✓] Invalid User Name
[Click] Submitting Max Name ✓
📷 Screenshot: screenshots/Submitting Max Name_20251118_163804.png
[VALIDATION ✓] Must be 50 characters or less
[Click] Invalid Mobile Submit ✓
📷 Screenshot: screenshots/Invalid Mobile Submit_20251118_163806.png
[VALIDATION ✓] Invalid Mobile number, must be exactly 10 digits
[Click] Invalid Email Submit ✓
📷 Screenshot: screenshots/Invalid Email Submit_20251118_163807.png
[VALIDATION ✓] Invalid email address
[Click] Open Industry ✓
📷 Screenshot: screenshots/Open Industry_20251118_163810.png
[Click] Select Checkbox 1 ✓
📷 Screenshot: screenshots/Select Checkbox 1_20251118_163811.png
[Click] Select Checkbox 2 ✓
📷 Screenshot: screenshots/Select Checkbox 2_20251118_163813.png
[Click] Select Checkbox 3 ✓
📷 Screenshot: screenshots/Select Checkbox 3_20251118_163814.png
[Click] Close Industry ✓
📷 Screenshot: screenshots/Close Industry_20251118_163816.png
[Click] Submit Valid Data ✓
📷 Screenshot: screenshots/Submit Valid Data_20251118_163817.png
---- REACHED OTP SCREEN ----
[CHECK] Blank OTP → Verify button must be disabled
[VALIDATION ✓] Verify button is DISABLED
[VALIDATION ✓] Verify button is DISABLED
[VALIDATION ✓] Verify button is DISABLED
[VALIDATION ✓] Verify button is DISABLED
[VALIDATION ✓] Verify button is ENABLED
[Click] Submit Wrong OTP ✓
📷 Screenshot: screenshots/Submit Wrong OTP_20251118_163819.png
[OTP VALIDATION ✓] Invalid OTP displayed
==== APPLY NOW FULL NEGATIVE FLOW TEST COMPLETED SUCCESSFULLY ====]]>
    </system-out>
  </testcase> <!-- fullNegativeFlow -->
  <system-out>
    <![CDATA[==== APPLY NOW FULL NEGATIVE FLOW TEST STARTED ====
[STEP] Navigating to site...
[Click] Open Internships ✓
📷 Screenshot: screenshots/Open Internships_20251118_163749.png
[Wait] Internship Card Visible
[Click] Open Internship ✓
📷 Screenshot: screenshots/Open Internship_20251118_163754.png
[Click] Click Apply Now ✓
📷 Screenshot: screenshots/Click Apply Now_20251118_163755.png
[Click] Click Popup Apply Now ✓
📷 Screenshot: screenshots/Click Popup Apply Now_20251118_163757.png
[Click] Submit Blank Form ✓
📷 Screenshot: screenshots/Submit Blank Form_20251118_163758.png
[VALIDATION ✓] Name is required
[VALIDATION ✓] Mobile number is required
[VALIDATION ✓] Email is required
[VALIDATION ✓] Industry is required
[Click] Submitting Min Name ✓
📷 Screenshot: screenshots/Submitting Min Name_20251118_163800.png
[VALIDATION ✓] Must be 3 characters or greater
[Click] Submitting Invalid Name ✓
📷 Screenshot: screenshots/Submitting Invalid Name_20251118_163802.png
[VALIDATION ✓] Invalid User Name
[Click] Submitting Max Name ✓
📷 Screenshot: screenshots/Submitting Max Name_20251118_163804.png
[VALIDATION ✓] Must be 50 characters or less
[Click] Invalid Mobile Submit ✓
📷 Screenshot: screenshots/Invalid Mobile Submit_20251118_163806.png
[VALIDATION ✓] Invalid Mobile number, must be exactly 10 digits
[Click] Invalid Email Submit ✓
📷 Screenshot: screenshots/Invalid Email Submit_20251118_163807.png
[VALIDATION ✓] Invalid email address
[Click] Open Industry ✓
📷 Screenshot: screenshots/Open Industry_20251118_163810.png
[Click] Select Checkbox 1 ✓
📷 Screenshot: screenshots/Select Checkbox 1_20251118_163811.png
[Click] Select Checkbox 2 ✓
📷 Screenshot: screenshots/Select Checkbox 2_20251118_163813.png
[Click] Select Checkbox 3 ✓
📷 Screenshot: screenshots/Select Checkbox 3_20251118_163814.png
[Click] Close Industry ✓
📷 Screenshot: screenshots/Close Industry_20251118_163816.png
[Click] Submit Valid Data ✓
📷 Screenshot: screenshots/Submit Valid Data_20251118_163817.png
---- REACHED OTP SCREEN ----
[CHECK] Blank OTP → Verify button must be disabled
[VALIDATION ✓] Verify button is DISABLED
[VALIDATION ✓] Verify button is DISABLED
[VALIDATION ✓] Verify button is DISABLED
[VALIDATION ✓] Verify button is DISABLED
[VALIDATION ✓] Verify button is ENABLED
[Click] Submit Wrong OTP ✓
📷 Screenshot: screenshots/Submit Wrong OTP_20251118_163819.png
[OTP VALIDATION ✓] Invalid OTP displayed
==== APPLY NOW FULL NEGATIVE FLOW TEST COMPLETED SUCCESSFULLY ====]]>
  </system-out>
</testsuite> <!-- com.automation.tests.ApplyNowNegativeTest -->
