<?xml version="1.0" encoding="UTF-8"?>
<testng-results ignored="0" total="12" passed="11" failed="1" skipped="0">
  <reporter-output>
  </reporter-output>
  <suite started-at="2026-01-17T20:46:07 IST" name="Promilo Automation Suite" finished-at="2026-01-17T20:55:44 IST" duration-ms="576616">
    <groups>
    </groups>
    <test started-at="2026-01-17T20:46:07 IST" name="Ask Us Tests" finished-at="2026-01-17T20:48:37 IST" duration-ms="149613">
      <class name="com.promilo.automation.internship.askus.AskUsGuestUser">
        <test-method is-config="true" signature="launchBrowser(org.testng.ITestContext)[pri:0, instance:com.promilo.automation.internship.askus.AskUsGuestUser@16d04d3d]" started-at="2026-01-17T20:46:08 IST" name="launchBrowser" finished-at="2026-01-17T20:46:24 IST" duration-ms="16246" status="PASS">
          <params>
            <param index="0">
              <value>
                <![CDATA[org.testng.TestRunner@1450078a]]>
              </value>
            </param>
          </params>
          <reporter-output>
          </reporter-output>
        </test-method> <!-- launchBrowser -->
        <test-method signature="AskUsGuestUser()[pri:0, instance:com.promilo.automation.internship.askus.AskUsGuestUser@16d04d3d]" started-at="2026-01-17T20:46:24 IST" name="AskUsGuestUser" finished-at="2026-01-17T20:46:37 IST" duration-ms="13610" status="PASS">
          <reporter-output>
          </reporter-output>
        </test-method> <!-- AskUsGuestUser -->
        <test-method is-config="true" signature="tearDown()[pri:0, instance:com.promilo.automation.internship.askus.AskUsGuestUser@16d04d3d]" started-at="2026-01-17T20:46:37 IST" name="tearDown" finished-at="2026-01-17T20:46:38 IST" duration-ms="750" status="PASS">
          <reporter-output>
          </reporter-output>
        </test-method> <!-- tearDown -->
      </class> <!-- com.promilo.automation.internship.askus.AskUsGuestUser -->
      <class name="com.promilo.automation.internship.askus.AskUsSignupwithEmail">
        <test-method is-config="true" signature="launchBrowser(org.testng.ITestContext)[pri:0, instance:com.promilo.automation.internship.askus.AskUsSignupwithEmail@459e9125]" started-at="2026-01-17T20:46:38 IST" name="launchBrowser" finished-at="2026-01-17T20:46:46 IST" duration-ms="8242" status="PASS">
          <params>
            <param index="0">
              <value>
                <![CDATA[org.testng.TestRunner@1450078a]]>
              </value>
            </param>
          </params>
          <reporter-output>
          </reporter-output>
        </test-method> <!-- launchBrowser -->
        <test-method signature="AskUs1Test()[pri:0, instance:com.promilo.automation.internship.askus.AskUsSignupwithEmail@459e9125]" started-at="2026-01-17T20:46:46 IST" name="AskUs1Test" finished-at="2026-01-17T20:47:19 IST" duration-ms="32858" status="PASS">
          <reporter-output>
          </reporter-output>
        </test-method> <!-- AskUs1Test -->
        <test-method is-config="true" signature="tearDown()[pri:0, instance:com.promilo.automation.internship.askus.AskUsSignupwithEmail@459e9125]" started-at="2026-01-17T20:47:19 IST" name="tearDown" finished-at="2026-01-17T20:47:20 IST" duration-ms="642" status="PASS">
          <reporter-output>
          </reporter-output>
        </test-method> <!-- tearDown -->
      </class> <!-- com.promilo.automation.internship.askus.AskUsSignupwithEmail -->
      <class name="com.promilo.automation.internship.askus.AskUsRegisteredUser">
        <test-method is-config="true" signature="launchBrowser(org.testng.ITestContext)[pri:0, instance:com.promilo.automation.internship.askus.AskUsRegisteredUser@128d2484]" started-at="2026-01-17T20:47:20 IST" name="launchBrowser" finished-at="2026-01-17T20:47:28 IST" duration-ms="8414" status="PASS">
          <params>
            <param index="0">
              <value>
                <![CDATA[org.testng.TestRunner@1450078a]]>
              </value>
            </param>
          </params>
          <reporter-output>
          </reporter-output>
        </test-method> <!-- launchBrowser -->
        <test-method signature="AskUs3Test()[pri:0, instance:com.promilo.automation.internship.askus.AskUsRegisteredUser@128d2484]" started-at="2026-01-17T20:47:28 IST" name="AskUs3Test" finished-at="2026-01-17T20:47:49 IST" duration-ms="20481" status="PASS">
          <reporter-output>
          </reporter-output>
        </test-method> <!-- AskUs3Test -->
        <test-method is-config="true" signature="tearDown()[pri:0, instance:com.promilo.automation.internship.askus.AskUsRegisteredUser@128d2484]" started-at="2026-01-17T20:47:49 IST" name="tearDown" finished-at="2026-01-17T20:47:49 IST" duration-ms="469" status="PASS">
          <reporter-output>
          </reporter-output>
        </test-method> <!-- tearDown -->
      </class> <!-- com.promilo.automation.internship.askus.AskUsRegisteredUser -->
      <class name="com.promilo.automation.internship.askus.AskUsSignupwithMobile">
        <test-method is-config="true" signature="launchBrowser(org.testng.ITestContext)[pri:0, instance:com.promilo.automation.internship.askus.AskUsSignupwithMobile@7cc0cdad]" started-at="2026-01-17T20:47:49 IST" name="launchBrowser" finished-at="2026-01-17T20:47:58 IST" duration-ms="8522" status="PASS">
          <params>
            <param index="0">
              <value>
                <![CDATA[org.testng.TestRunner@1450078a]]>
              </value>
            </param>
          </params>
          <reporter-output>
          </reporter-output>
        </test-method> <!-- launchBrowser -->
        <test-method signature="AskUs2Test()[pri:0, instance:com.promilo.automation.internship.askus.AskUsSignupwithMobile@7cc0cdad]" started-at="2026-01-17T20:47:58 IST" name="AskUs2Test" finished-at="2026-01-17T20:48:36 IST" duration-ms="38316" status="PASS">
          <reporter-output>
          </reporter-output>
        </test-method> <!-- AskUs2Test -->
        <test-method is-config="true" signature="tearDown()[pri:0, instance:com.promilo.automation.internship.askus.AskUsSignupwithMobile@7cc0cdad]" started-at="2026-01-17T20:48:36 IST" name="tearDown" finished-at="2026-01-17T20:48:37 IST" duration-ms="496" status="PASS">
          <reporter-output>
          </reporter-output>
        </test-method> <!-- tearDown -->
      </class> <!-- com.promilo.automation.internship.askus.AskUsSignupwithMobile -->
    </test> <!-- Ask Us Tests -->
    <test started-at="2026-01-17T20:48:37 IST" name="Get HR Call Tests" finished-at="2026-01-17T20:53:06 IST" duration-ms="268978">
      <class name="com.promilo.automation.internship.getHRcall.CallBackRegisteredUser">
        <test-method is-config="true" signature="launchBrowser(org.testng.ITestContext)[pri:0, instance:com.promilo.automation.internship.getHRcall.CallBackRegisteredUser@1573f9fc]" started-at="2026-01-17T20:51:03 IST" name="launchBrowser" finished-at="2026-01-17T20:51:11 IST" duration-ms="8572" status="PASS">
          <params>
            <param index="0">
              <value>
                <![CDATA[org.testng.TestRunner@c68a5f8]]>
              </value>
            </param>
          </params>
          <reporter-output>
          </reporter-output>
        </test-method> <!-- launchBrowser -->
        <test-method signature="HRcallTest()[pri:0, instance:com.promilo.automation.internship.getHRcall.CallBackRegisteredUser@1573f9fc]" started-at="2026-01-17T20:51:11 IST" name="HRcallTest" finished-at="2026-01-17T20:52:02 IST" duration-ms="50985" status="PASS">
          <reporter-output>
          </reporter-output>
        </test-method> <!-- HRcallTest -->
        <test-method is-config="true" signature="tearDown()[pri:0, instance:com.promilo.automation.internship.getHRcall.CallBackRegisteredUser@1573f9fc]" started-at="2026-01-17T20:52:02 IST" name="tearDown" finished-at="2026-01-17T20:52:03 IST" duration-ms="494" status="PASS">
          <reporter-output>
          </reporter-output>
        </test-method> <!-- tearDown -->
      </class> <!-- com.promilo.automation.internship.getHRcall.CallBackRegisteredUser -->
      <class name="com.promilo.automation.internship.getHRcall.CallBackSignupwithEmail">
        <test-method is-config="true" signature="launchBrowser(org.testng.ITestContext)[pri:0, instance:com.promilo.automation.internship.getHRcall.CallBackSignupwithEmail@5542c4ed]" started-at="2026-01-17T20:49:26 IST" name="launchBrowser" finished-at="2026-01-17T20:49:35 IST" duration-ms="9152" status="PASS">
          <params>
            <param index="0">
              <value>
                <![CDATA[org.testng.TestRunner@c68a5f8]]>
              </value>
            </param>
          </params>
          <reporter-output>
          </reporter-output>
        </test-method> <!-- launchBrowser -->
        <test-method signature="HRcallTest()[pri:0, instance:com.promilo.automation.internship.getHRcall.CallBackSignupwithEmail@5542c4ed]" started-at="2026-01-17T20:49:35 IST" name="HRcallTest" finished-at="2026-01-17T20:51:02 IST" duration-ms="87290" status="PASS">
          <reporter-output>
          </reporter-output>
        </test-method> <!-- HRcallTest -->
        <test-method is-config="true" signature="tearDown()[pri:0, instance:com.promilo.automation.internship.getHRcall.CallBackSignupwithEmail@5542c4ed]" started-at="2026-01-17T20:51:02 IST" name="tearDown" finished-at="2026-01-17T20:51:03 IST" duration-ms="537" status="PASS">
          <reporter-output>
          </reporter-output>
        </test-method> <!-- tearDown -->
      </class> <!-- com.promilo.automation.internship.getHRcall.CallBackSignupwithEmail -->
      <class name="com.promilo.automation.internship.getHRcall.CallBackGuestUser">
        <test-method is-config="true" signature="launchBrowser(org.testng.ITestContext)[pri:0, instance:com.promilo.automation.internship.getHRcall.CallBackGuestUser@815b41f]" started-at="2026-01-17T20:48:37 IST" name="launchBrowser" finished-at="2026-01-17T20:48:46 IST" duration-ms="8355" status="PASS">
          <params>
            <param index="0">
              <value>
                <![CDATA[org.testng.TestRunner@c68a5f8]]>
              </value>
            </param>
          </params>
          <reporter-output>
          </reporter-output>
        </test-method> <!-- launchBrowser -->
        <test-method signature="CallBackGuestUser()[pri:0, instance:com.promilo.automation.internship.getHRcall.CallBackGuestUser@815b41f]" started-at="2026-01-17T20:48:46 IST" name="CallBackGuestUser" finished-at="2026-01-17T20:49:25 IST" duration-ms="39683" status="PASS">
          <reporter-output>
          </reporter-output>
        </test-method> <!-- CallBackGuestUser -->
        <test-method is-config="true" signature="tearDown()[pri:0, instance:com.promilo.automation.internship.getHRcall.CallBackGuestUser@815b41f]" started-at="2026-01-17T20:49:25 IST" name="tearDown" finished-at="2026-01-17T20:49:26 IST" duration-ms="471" status="PASS">
          <reporter-output>
          </reporter-output>
        </test-method> <!-- tearDown -->
      </class> <!-- com.promilo.automation.internship.getHRcall.CallBackGuestUser -->
      <class name="com.promilo.automation.internship.getHRcall.CallBackSignupwithMobile">
        <test-method is-config="true" signature="launchBrowser(org.testng.ITestContext)[pri:0, instance:com.promilo.automation.internship.getHRcall.CallBackSignupwithMobile@6150c3ec]" started-at="2026-01-17T20:52:03 IST" name="launchBrowser" finished-at="2026-01-17T20:52:11 IST" duration-ms="8458" status="PASS">
          <params>
            <param index="0">
              <value>
                <![CDATA[org.testng.TestRunner@c68a5f8]]>
              </value>
            </param>
          </params>
          <reporter-output>
          </reporter-output>
        </test-method> <!-- launchBrowser -->
        <test-method signature="HRcallTest()[pri:0, instance:com.promilo.automation.internship.getHRcall.CallBackSignupwithMobile@6150c3ec]" started-at="2026-01-17T20:52:11 IST" name="HRcallTest" finished-at="2026-01-17T20:53:05 IST" duration-ms="53573" status="FAIL">
          <exception class="com.microsoft.playwright.TimeoutError">
            <message>
              <![CDATA[Error {
  message='Timeout 30000ms exceeded.
  name='TimeoutError
  stack='TimeoutError: Timeout 30000ms exceeded.
    at ProgressController.run (C:\Users\Admin\AppData\Local\Temp\playwright-java-9626663354748089108\package\lib\server\progress.js:76:26)
    at Frame.fill (C:\Users\Admin\AppData\Local\Temp\playwright-java-9626663354748089108\package\lib\server\frames.js:1006:23)
    at FrameDispatcher.fill (C:\Users\Admin\AppData\Local\Temp\playwright-java-9626663354748089108\package\lib\server\dispatchers\frameDispatcher.js:129:30)
    at FrameDispatcher._handleCommand (C:\Users\Admin\AppData\Local\Temp\playwright-java-9626663354748089108\package\lib\server\dispatchers\dispatcher.js:88:40)
    at DispatcherConnection.dispatch (C:\Users\Admin\AppData\Local\Temp\playwright-java-9626663354748089108\package\lib\server\dispatchers\dispatcher.js:309:39)
}
Call log:
-   - waiting for locator("//input[@name='userName']").first()
-     - locator resolved to <input disabled type="text" id="userName" name="userName" value="Gokul Ram" placeholder="Name*" class="form-control"/>
-     - fill("Anu")
-   - attempting fill action
-     2 × waiting for element to be visible, enabled and editable
-       - element is not enabled
-     - retrying fill action
-     - waiting 20ms
-     2 × waiting for element to be visible, enabled and editable
-       - element is not enabled
-     - retrying fill action
-       - waiting 100ms
-     38 × waiting for element to be visible, enabled and editable
-        - element is not enabled
-      - retrying fill action
-        - waiting 500ms
-     - waiting for element to be visible, enabled and editable
-   - element was detached from the DOM, retrying
]]>
            </message>
            <full-stacktrace>
              <![CDATA[com.microsoft.playwright.TimeoutError: Error {
  message='Timeout 30000ms exceeded.
  name='TimeoutError
  stack='TimeoutError: Timeout 30000ms exceeded.
    at ProgressController.run (C:\Users\Admin\AppData\Local\Temp\playwright-java-9626663354748089108\package\lib\server\progress.js:76:26)
    at Frame.fill (C:\Users\Admin\AppData\Local\Temp\playwright-java-9626663354748089108\package\lib\server\frames.js:1006:23)
    at FrameDispatcher.fill (C:\Users\Admin\AppData\Local\Temp\playwright-java-9626663354748089108\package\lib\server\dispatchers\frameDispatcher.js:129:30)
    at FrameDispatcher._handleCommand (C:\Users\Admin\AppData\Local\Temp\playwright-java-9626663354748089108\package\lib\server\dispatchers\dispatcher.js:88:40)
    at DispatcherConnection.dispatch (C:\Users\Admin\AppData\Local\Temp\playwright-java-9626663354748089108\package\lib\server\dispatchers\dispatcher.js:309:39)
}
Call log:
-   - waiting for locator("//input[@name='userName']").first()
-     - locator resolved to <input disabled type="text" id="userName" name="userName" value="Gokul Ram" placeholder="Name*" class="form-control"/>
-     - fill("Anu")
-   - attempting fill action
-     2 × waiting for element to be visible, enabled and editable
-       - element is not enabled
-     - retrying fill action
-     - waiting 20ms
-     2 × waiting for element to be visible, enabled and editable
-       - element is not enabled
-     - retrying fill action
-       - waiting 100ms
-     38 × waiting for element to be visible, enabled and editable
-        - element is not enabled
-      - retrying fill action
-        - waiting 500ms
-     - waiting for element to be visible, enabled and editable
-   - element was detached from the DOM, retrying

at com.microsoft.playwright.impl.WaitableResult.get(WaitableResult.java:52)
at com.microsoft.playwright.impl.ChannelOwner.runUntil(ChannelOwner.java:138)
at com.microsoft.playwright.impl.Connection.sendMessage(Connection.java:131)
at com.microsoft.playwright.impl.ChannelOwner.sendMessage(ChannelOwner.java:124)
at com.microsoft.playwright.impl.FrameImpl.fill(FrameImpl.java:300)
at com.microsoft.playwright.impl.LocatorImpl.fill(LocatorImpl.java:244)
at com.microsoft.playwright.Locator.fill(Locator.java:3105)
at com.promilo.automation.internship.assignment.CallbackPage.enterUserName(CallbackPage.java:110)
at com.promilo.automation.internship.getHRcall.CallBackSignupwithMobile.HRcallTest(CallBackSignupwithMobile.java:81)
at java.base/jdk.internal.reflect.DirectMethodHandleAccessor.invoke(DirectMethodHandleAccessor.java:103)
at java.base/java.lang.reflect.Method.invoke(Method.java:580)
at org.testng.internal.invokers.MethodInvocationHelper.invokeMethod(MethodInvocationHelper.java:141)
at org.testng.internal.invokers.TestInvoker.invokeMethod(TestInvoker.java:686)
at org.testng.internal.invokers.TestInvoker.invokeTestMethod(TestInvoker.java:230)
at org.testng.internal.invokers.MethodRunner.runInSequence(MethodRunner.java:63)
at org.testng.internal.invokers.TestInvoker$MethodInvocationAgent.invoke(TestInvoker.java:992)
at org.testng.internal.invokers.TestInvoker.invokeTestMethods(TestInvoker.java:203)
at org.testng.internal.invokers.TestMethodWorker.invokeTestMethods(TestMethodWorker.java:154)
at org.testng.internal.invokers.TestMethodWorker.run(TestMethodWorker.java:134)
at java.base/java.util.ArrayList.forEach(ArrayList.java:1596)
at org.testng.TestRunner.privateRun(TestRunner.java:739)
at org.testng.TestRunner.run(TestRunner.java:614)
at org.testng.SuiteRunner.runTest(SuiteRunner.java:421)
at org.testng.SuiteRunner.runSequentially(SuiteRunner.java:413)
at org.testng.SuiteRunner.privateRun(SuiteRunner.java:373)
at org.testng.SuiteRunner.run(SuiteRunner.java:312)
at org.testng.SuiteRunnerWorker.runSuite(SuiteRunnerWorker.java:52)
at org.testng.SuiteRunnerWorker.run(SuiteRunnerWorker.java:95)
at org.testng.TestNG.runSuitesSequentially(TestNG.java:1274)
at org.testng.TestNG.runSuitesLocally(TestNG.java:1208)
at org.testng.TestNG.runSuites(TestNG.java:1112)
at org.testng.TestNG.run(TestNG.java:1079)
at org.testng.remote.AbstractRemoteTestNG.run(AbstractRemoteTestNG.java:115)
at org.testng.remote.RemoteTestNG.initAndRun(RemoteTestNG.java:293)
at org.testng.remote.RemoteTestNG.main(RemoteTestNG.java:91)
Caused by: com.microsoft.playwright.TimeoutError: Error {
  message='Timeout 30000ms exceeded.
  name='TimeoutError
  stack='TimeoutError: Timeout 30000ms exceeded.
    at ProgressController.run (C:\Users\Admin\AppData\Local\Temp\playwright-java-9626663354748089108\package\lib\server\progress.js:76:26)
    at Frame.fill (C:\Users\Admin\AppData\Local\Temp\playwright-java-9626663354748089108\package\lib\server\frames.js:1006:23)
    at FrameDispatcher.fill (C:\Users\Admin\AppData\Local\Temp\playwright-java-9626663354748089108\package\lib\server\dispatchers\frameDispatcher.js:129:30)
    at FrameDispatcher._handleCommand (C:\Users\Admin\AppData\Local\Temp\playwright-java-9626663354748089108\package\lib\server\dispatchers\dispatcher.js:88:40)
    at DispatcherConnection.dispatch (C:\Users\Admin\AppData\Local\Temp\playwright-java-9626663354748089108\package\lib\server\dispatchers\dispatcher.js:309:39)
}
Call log:
-   - waiting for locator("//input[@name='userName']").first()
-     - locator resolved to <input disabled type="text" id="userName" name="userName" value="Gokul Ram" placeholder="Name*" class="form-control"/>
-     - fill("Anu")
-   - attempting fill action
-     2 × waiting for element to be visible, enabled and editable
-       - element is not enabled
-     - retrying fill action
-     - waiting 20ms
-     2 × waiting for element to be visible, enabled and editable
-       - element is not enabled
-     - retrying fill action
-       - waiting 100ms
-     38 × waiting for element to be visible, enabled and editable
-        - element is not enabled
-      - retrying fill action
-        - waiting 500ms
-     - waiting for element to be visible, enabled and editable
-   - element was detached from the DOM, retrying

at com.microsoft.playwright.impl.Connection.dispatch(Connection.java:257)
at com.microsoft.playwright.impl.Connection.processOneMessage(Connection.java:214)
at com.microsoft.playwright.impl.ChannelOwner.runUntil(ChannelOwner.java:136)
... 33 more
]]>
            </full-stacktrace>
          </exception> <!-- com.microsoft.playwright.TimeoutError -->
          <reporter-output>
          </reporter-output>
        </test-method> <!-- HRcallTest -->
        <test-method is-config="true" signature="tearDown()[pri:0, instance:com.promilo.automation.internship.getHRcall.CallBackSignupwithMobile@6150c3ec]" started-at="2026-01-17T20:53:06 IST" name="tearDown" finished-at="2026-01-17T20:53:06 IST" duration-ms="447" status="PASS">
          <reporter-output>
          </reporter-output>
        </test-method> <!-- tearDown -->
      </class> <!-- com.promilo.automation.internship.getHRcall.CallBackSignupwithMobile -->
    </test> <!-- Get HR Call Tests -->
    <test started-at="2026-01-17T20:53:06 IST" name="Notify Internships Tests" finished-at="2026-01-17T20:55:44 IST" duration-ms="157402">
      <class name="com.promilo.automation.internship.NotifyInternships.NotifyInternshipsGuestUser">
        <test-method is-config="true" signature="launchBrowser(org.testng.ITestContext)[pri:0, instance:com.promilo.automation.internship.NotifyInternships.NotifyInternshipsGuestUser@6989da5e]" started-at="2026-01-17T20:53:06 IST" name="launchBrowser" finished-at="2026-01-17T20:53:15 IST" duration-ms="8890" status="PASS">
          <params>
            <param index="0">
              <value>
                <![CDATA[org.testng.TestRunner@69c6161d]]>
              </value>
            </param>
          </params>
          <reporter-output>
          </reporter-output>
        </test-method> <!-- launchBrowser -->
        <test-method signature="SimilarInternships()[pri:0, instance:com.promilo.automation.internship.NotifyInternships.NotifyInternshipsGuestUser@6989da5e]" started-at="2026-01-17T20:53:15 IST" name="SimilarInternships" finished-at="2026-01-17T20:53:36 IST" duration-ms="20466" status="PASS">
          <reporter-output>
          </reporter-output>
        </test-method> <!-- SimilarInternships -->
        <test-method is-config="true" signature="tearDown()[pri:0, instance:com.promilo.automation.internship.NotifyInternships.NotifyInternshipsGuestUser@6989da5e]" started-at="2026-01-17T20:53:36 IST" name="tearDown" finished-at="2026-01-17T20:53:36 IST" duration-ms="509" status="PASS">
          <reporter-output>
          </reporter-output>
        </test-method> <!-- tearDown -->
      </class> <!-- com.promilo.automation.internship.NotifyInternships.NotifyInternshipsGuestUser -->
      <class name="com.promilo.automation.internship.NotifyInternships.NotifyInternshipsSignupwithMobile">
        <test-method is-config="true" signature="launchBrowser(org.testng.ITestContext)[pri:0, instance:com.promilo.automation.internship.NotifyInternships.NotifyInternshipsSignupwithMobile@682b2fa]" started-at="2026-01-17T20:54:58 IST" name="launchBrowser" finished-at="2026-01-17T20:55:07 IST" duration-ms="8802" status="PASS">
          <params>
            <param index="0">
              <value>
                <![CDATA[org.testng.TestRunner@69c6161d]]>
              </value>
            </param>
          </params>
          <reporter-output>
          </reporter-output>
        </test-method> <!-- launchBrowser -->
        <test-method signature="NotifyInternshipsMobile()[pri:0, instance:com.promilo.automation.internship.NotifyInternships.NotifyInternshipsSignupwithMobile@682b2fa]" started-at="2026-01-17T20:55:07 IST" name="NotifyInternshipsMobile" finished-at="2026-01-17T20:55:43 IST" duration-ms="36436" status="PASS">
          <reporter-output>
          </reporter-output>
        </test-method> <!-- NotifyInternshipsMobile -->
        <test-method is-config="true" signature="tearDown()[pri:0, instance:com.promilo.automation.internship.NotifyInternships.NotifyInternshipsSignupwithMobile@682b2fa]" started-at="2026-01-17T20:55:43 IST" name="tearDown" finished-at="2026-01-17T20:55:44 IST" duration-ms="468" status="PASS">
          <reporter-output>
          </reporter-output>
        </test-method> <!-- tearDown -->
      </class> <!-- com.promilo.automation.internship.NotifyInternships.NotifyInternshipsSignupwithMobile -->
      <class name="com.promilo.automation.internship.NotifyInternships.NotifyInternshipsRegisteredUser">
        <test-method is-config="true" signature="launchBrowser(org.testng.ITestContext)[pri:0, instance:com.promilo.automation.internship.NotifyInternships.NotifyInternshipsRegisteredUser@139982de]" started-at="2026-01-17T20:54:24 IST" name="launchBrowser" finished-at="2026-01-17T20:54:33 IST" duration-ms="9150" status="PASS">
          <params>
            <param index="0">
              <value>
                <![CDATA[org.testng.TestRunner@69c6161d]]>
              </value>
            </param>
          </params>
          <reporter-output>
          </reporter-output>
        </test-method> <!-- launchBrowser -->
        <test-method signature="NotifyInternshipsRU()[pri:0, instance:com.promilo.automation.internship.NotifyInternships.NotifyInternshipsRegisteredUser@139982de]" started-at="2026-01-17T20:54:33 IST" name="NotifyInternshipsRU" finished-at="2026-01-17T20:54:57 IST" duration-ms="24375" status="PASS">
          <reporter-output>
          </reporter-output>
        </test-method> <!-- NotifyInternshipsRU -->
        <test-method is-config="true" signature="tearDown()[pri:0, instance:com.promilo.automation.internship.NotifyInternships.NotifyInternshipsRegisteredUser@139982de]" started-at="2026-01-17T20:54:57 IST" name="tearDown" finished-at="2026-01-17T20:54:58 IST" duration-ms="499" status="PASS">
          <reporter-output>
          </reporter-output>
        </test-method> <!-- tearDown -->
      </class> <!-- com.promilo.automation.internship.NotifyInternships.NotifyInternshipsRegisteredUser -->
      <class name="com.promilo.automation.internship.NotifyInternships.NotifyInternshipsSignupwithEmail">
        <test-method is-config="true" signature="launchBrowser(org.testng.ITestContext)[pri:0, instance:com.promilo.automation.internship.NotifyInternships.NotifyInternshipsSignupwithEmail@385c9627]" started-at="2026-01-17T20:53:36 IST" name="launchBrowser" finished-at="2026-01-17T20:53:45 IST" duration-ms="8464" status="PASS">
          <params>
            <param index="0">
              <value>
                <![CDATA[org.testng.TestRunner@69c6161d]]>
              </value>
            </param>
          </params>
          <reporter-output>
          </reporter-output>
        </test-method> <!-- launchBrowser -->
        <test-method signature="NotifyInternshipsEmail()[pri:0, instance:com.promilo.automation.internship.NotifyInternships.NotifyInternshipsSignupwithEmail@385c9627]" started-at="2026-01-17T20:53:45 IST" name="NotifyInternshipsEmail" finished-at="2026-01-17T20:54:23 IST" duration-ms="38741" status="PASS">
          <reporter-output>
          </reporter-output>
        </test-method> <!-- NotifyInternshipsEmail -->
        <test-method is-config="true" signature="tearDown()[pri:0, instance:com.promilo.automation.internship.NotifyInternships.NotifyInternshipsSignupwithEmail@385c9627]" started-at="2026-01-17T20:54:23 IST" name="tearDown" finished-at="2026-01-17T20:54:24 IST" duration-ms="547" status="PASS">
          <reporter-output>
          </reporter-output>
        </test-method> <!-- tearDown -->
      </class> <!-- com.promilo.automation.internship.NotifyInternships.NotifyInternshipsSignupwithEmail -->
    </test> <!-- Notify Internships Tests -->
  </suite> <!-- Promilo Automation Suite -->
</testng-results>
