<?xml version="1.0" encoding="UTF-8"?>
<testng-results ignored="0" total="1" passed="1" failed="0" skipped="0">
  <reporter-output>
  </reporter-output>
  <suite started-at="2025-12-27T13:24:50 IST" name="Default suite" finished-at="2025-12-27T13:25:39 IST" duration-ms="49452">
    <groups>
    </groups>
    <test started-at="2025-12-27T13:24:50 IST" name="Default test" finished-at="2025-12-27T13:25:39 IST" duration-ms="49452">
      <class name="com.promilo.automation.internship.getHRcall.CallBackSignupwithMobile">
        <test-method is-config="true" signature="launchBrowser(org.testng.ITestContext)[pri:0, instance:com.promilo.automation.internship.getHRcall.CallBackSignupwithMobile@77847718]" started-at="2025-12-27T13:24:50 IST" name="launchBrowser" finished-at="2025-12-27T13:24:55 IST" duration-ms="5119" status="PASS">
          <params>
            <param index="0">
              <value>
                <![CDATA[org.testng.TestRunner@49ff7d8c]]>
              </value>
            </param>
          </params>
          <reporter-output>
          </reporter-output>
        </test-method> <!-- launchBrowser -->
        <test-method signature="HRcallTest()[pri:0, instance:com.promilo.automation.internship.getHRcall.CallBackSignupwithMobile@77847718]" started-at="2025-12-27T13:24:55 IST" name="HRcallTest" finished-at="2025-12-27T13:25:39 IST" duration-ms="44029" status="PASS">
          <reporter-output>
          </reporter-output>
        </test-method> <!-- HRcallTest -->
        <test-method is-config="true" signature="tearDown()[pri:0, instance:com.promilo.automation.internship.getHRcall.CallBackSignupwithMobile@77847718]" started-at="2025-12-27T13:25:39 IST" name="tearDown" finished-at="2025-12-27T13:25:39 IST" duration-ms="263" status="PASS">
          <reporter-output>
          </reporter-output>
        </test-method> <!-- tearDown -->
      </class> <!-- com.promilo.automation.internship.getHRcall.CallBackSignupwithMobile -->
    </test> <!-- Default test -->
  </suite> <!-- Default suite -->
</testng-results>
