<!DOCTYPE html>

<html>
  <head>
  <meta charset='utf-8'>
  <title>TestNG reports</title>

    <link type="text/css" href="testng-reports1.css" rel="stylesheet" id="ultra" />
    <link type="text/css" href="testng-reports.css" rel="stylesheet" id="retro" disabled="false"/>
    <script type="text/javascript" src="jquery-3.6.0.min.js"></script>
    <script type="text/javascript" src="testng-reports.js"></script>
    <script type="text/javascript" src="https://www.google.com/jsapi"></script>
    <script type='text/javascript'>
      google.load('visualization', '1', {packages:['table']});
      google.setOnLoadCallback(drawTable);
      var suiteTableInitFunctions = new Array();
      var suiteTableData = new Array();
    </script>
    <!--
      <script type="text/javascript" src="jquery-ui/js/jquery-ui-1.8.16.custom.min.js"></script>
     -->
  </head>

  <body>    <div class="top-banner-root">
      <span class="top-banner-title-font">Test results</span>
      <button id="button" class="button">Switch Retro Theme</button> <!-- button -->
      <br/>
      <span class="top-banner-font-1">1 suite, 4 failed tests</span>
    </div> <!-- top-banner-root -->
    <div class="navigator-root">
      <div class="navigator-suite-header">
        <span>All suites</span>
        <a href="#" title="Collapse/expand all the suites" class="collapse-all-link">
          <img src="collapseall.gif" class="collapse-all-icon">
          </img> <!-- collapse-all-icon -->
        </a> <!-- collapse-all-link -->
      </div> <!-- navigator-suite-header -->
      <div class="suite">
        <div class="rounded-window">
          <div class="suite-header light-rounded-window-top">
            <a href="#" panel-name="suite-Promilo_Automation_Suite" class="navigator-link">
              <span class="suite-name border-failed">Promilo Automation Suite</span>
            </a> <!-- navigator-link -->
          </div> <!-- suite-header light-rounded-window-top -->
          <div class="navigator-suite-content">
            <div class="suite-section-title">
              <span>Info</span>
            </div> <!-- suite-section-title -->
            <div class="suite-section-content">
              <ul>
                <li>
                  <a href="#" panel-name="test-xml-Promilo_Automation_Suite" class="navigator-link ">
                    <span>C:\Users\Admin\git\repository\internship-automation\testng.xml</span>
                  </a> <!-- navigator-link  -->
                </li>
                <li>
                  <a href="#" panel-name="testlist-Promilo_Automation_Suite" class="navigator-link ">
                    <span class="test-stats">1 test</span>
                  </a> <!-- navigator-link  -->
                </li>
                <li>
                  <a href="#" panel-name="group-Promilo_Automation_Suite" class="navigator-link ">
                    <span>0 groups</span>
                  </a> <!-- navigator-link  -->
                </li>
                <li>
                  <a href="#" panel-name="times-Promilo_Automation_Suite" class="navigator-link ">
                    <span>Times</span>
                  </a> <!-- navigator-link  -->
                </li>
                <li>
                  <a href="#" panel-name="reporter-Promilo_Automation_Suite" class="navigator-link ">
                    <span>Reporter output</span>
                  </a> <!-- navigator-link  -->
                </li>
                <li>
                  <a href="#" panel-name="ignored-methods-Promilo_Automation_Suite" class="navigator-link ">
                    <span>Ignored methods</span>
                  </a> <!-- navigator-link  -->
                </li>
                <li>
                  <a href="#" panel-name="chronological-Promilo_Automation_Suite" class="navigator-link ">
                    <span>Chronological view</span>
                  </a> <!-- navigator-link  -->
                </li>
              </ul>
            </div> <!-- suite-section-content -->
            <div class="result-section">
              <div class="suite-section-title">
                <span>Results</span>
              </div> <!-- suite-section-title -->
              <div class="suite-section-content">
                <ul>
                  <li>
                    <span class="method-stats">16 methods, 4 failed,  12 skipped,  </span>
                  </li>
                  <li>
                    <span class="method-list-title failed">Failed methods</span>
                    <span class="show-or-hide-methods failed">
                      <a href="#" panel-name="suite-Promilo_Automation_Suite" class="hide-methods failed suite-Promilo_Automation_Suite"> (hide)</a> <!-- hide-methods failed suite-Promilo_Automation_Suite -->
                      <a href="#" panel-name="suite-Promilo_Automation_Suite" class="show-methods failed suite-Promilo_Automation_Suite"> (show)</a> <!-- show-methods failed suite-Promilo_Automation_Suite -->
                    </span>
                    <div class="method-list-content failed suite-Promilo_Automation_Suite">
                      <span>
                        <img src="failed.png" width="3%"/>
                        <a href="#" panel-name="suite-Promilo_Automation_Suite" title="com.automation.tests.ApplyNowNegativeTest" class="method navigator-link" hash-for-method="fullApplyNowNegativeFlow">fullApplyNowNegativeFlow</a> <!-- method navigator-link -->
                      </span>
                      <br/>
                      <span>
                        <img src="failed.png" width="3%"/>
                        <a href="#" panel-name="suite-Promilo_Automation_Suite" title="com.automation.tests.ApplyNowEmailTest" class="method navigator-link" hash-for-method="verifyApplyNowViaEmail_fullStrictValidation">verifyApplyNowViaEmail_fullStrictValidation</a> <!-- method navigator-link -->
                      </span>
                      <br/>
                      <span>
                        <img src="failed.png" width="3%"/>
                        <a href="#" panel-name="suite-Promilo_Automation_Suite" title="com.automation.tests.ApplyNowLoginTest" class="method navigator-link" hash-for-method="verifyApplyNowViaLogin">verifyApplyNowViaLogin</a> <!-- method navigator-link -->
                      </span>
                      <br/>
                      <span>
                        <img src="failed.png" width="3%"/>
                        <a href="#" panel-name="suite-Promilo_Automation_Suite" title="com.automation.tests.RegisterWithUsTest" class="method navigator-link" hash-for-method="verifyRegisterWithUsFlow">verifyRegisterWithUsFlow</a> <!-- method navigator-link -->
                      </span>
                      <br/>
                    </div> <!-- method-list-content failed suite-Promilo_Automation_Suite -->
                  </li>
                  <li>
                    <span class="method-list-title skipped">Skipped methods</span>
                    <span class="show-or-hide-methods skipped">
                      <a href="#" panel-name="suite-Promilo_Automation_Suite" class="hide-methods skipped suite-Promilo_Automation_Suite"> (hide)</a> <!-- hide-methods skipped suite-Promilo_Automation_Suite -->
                      <a href="#" panel-name="suite-Promilo_Automation_Suite" class="show-methods skipped suite-Promilo_Automation_Suite"> (show)</a> <!-- show-methods skipped suite-Promilo_Automation_Suite -->
                    </span>
                    <div class="method-list-content skipped suite-Promilo_Automation_Suite">
                      <span>
                        <img src="skipped.png" width="3%"/>
                        <a href="#" panel-name="suite-Promilo_Automation_Suite" title="com.automation.tests.FeedbackNegativeTest" class="method navigator-link" hash-for-method="fullFeedbackNegativeFlow">fullFeedbackNegativeFlow</a> <!-- method navigator-link -->
                      </span>
                      <br/>
                      <span>
                        <img src="skipped.png" width="3%"/>
                        <a href="#" panel-name="suite-Promilo_Automation_Suite" title="com.automation.tests.GetConnectedNegativeTest" class="method navigator-link" hash-for-method="fullGetConnectedNegativeFlow">fullGetConnectedNegativeFlow</a> <!-- method navigator-link -->
                      </span>
                      <br/>
                      <span>
                        <img src="skipped.png" width="3%"/>
                        <a href="#" panel-name="suite-Promilo_Automation_Suite" title="com.automation.tests.RegisterWithUsNegativeTest" class="method navigator-link" hash-for-method="fullRegisterWithUsNegativeFlow">fullRegisterWithUsNegativeFlow</a> <!-- method navigator-link -->
                      </span>
                      <br/>
                      <span>
                        <img src="skipped.png" width="3%"/>
                        <a href="#" panel-name="suite-Promilo_Automation_Suite" title="com.automation.tests.ApplyNowMobileTest" class="method navigator-link" hash-for-method="verifyApplyNowViaMobile">verifyApplyNowViaMobile</a> <!-- method navigator-link -->
                      </span>
                      <br/>
                      <span>
                        <img src="skipped.png" width="3%"/>
                        <a href="#" panel-name="suite-Promilo_Automation_Suite" title="com.automation.tests.ApplyNowNoSignupTest" class="method navigator-link" hash-for-method="verifyApplyNowWithoutSignup">verifyApplyNowWithoutSignup</a> <!-- method navigator-link -->
                      </span>
                      <br/>
                      <span>
                        <img src="skipped.png" width="3%"/>
                        <a href="#" panel-name="suite-Promilo_Automation_Suite" title="com.automation.tests.RescheduleFunctionalityRejectTest" class="method navigator-link" hash-for-method="verifyCandidateToAdvertiserRescheduleCancelFlow">verifyCandidateToAdvertiserRescheduleCancelFlow</a> <!-- method navigator-link -->
                      </span>
                      <br/>
                      <span>
                        <img src="skipped.png" width="3%"/>
                        <a href="#" panel-name="suite-Promilo_Automation_Suite" title="com.automation.tests.RescheduleFunctionalityAcceptTest" class="method navigator-link" hash-for-method="verifyCandidateToAdvertiserRescheduleFlow">verifyCandidateToAdvertiserRescheduleFlow</a> <!-- method navigator-link -->
                      </span>
                      <br/>
                      <span>
                        <img src="skipped.png" width="3%"/>
                        <a href="#" panel-name="suite-Promilo_Automation_Suite" title="com.automation.tests.FeedbackNoSignupTest" class="method navigator-link" hash-for-method="verifyFeedbackFlowWithoutSignup">verifyFeedbackFlowWithoutSignup</a> <!-- method navigator-link -->
                      </span>
                      <br/>
                      <span>
                        <img src="skipped.png" width="3%"/>
                        <a href="#" panel-name="suite-Promilo_Automation_Suite" title="com.automation.tests.FeedbackLoginTest" class="method navigator-link" hash-for-method="verifyFeedbackPopupAfterLogin">verifyFeedbackPopupAfterLogin</a> <!-- method navigator-link -->
                      </span>
                      <br/>
                      <span>
                        <img src="skipped.png" width="3%"/>
                        <a href="#" panel-name="suite-Promilo_Automation_Suite" title="com.automation.tests.FeedbackMobileTest" class="method navigator-link" hash-for-method="verifyFeedbackPopupViaMobileSignup">verifyFeedbackPopupViaMobileSignup</a> <!-- method navigator-link -->
                      </span>
                      <br/>
                      <span>
                        <img src="skipped.png" width="3%"/>
                        <a href="#" panel-name="suite-Promilo_Automation_Suite" title="com.automation.tests.FeedbackEmailTest" class="method navigator-link" hash-for-method="verifyFeedbackViaEmailSignup">verifyFeedbackViaEmailSignup</a> <!-- method navigator-link -->
                      </span>
                      <br/>
                      <span>
                        <img src="skipped.png" width="3%"/>
                        <a href="#" panel-name="suite-Promilo_Automation_Suite" title="com.automation.tests.GetConnectedTest" class="method navigator-link" hash-for-method="verifyGetConnectedFlow">verifyGetConnectedFlow</a> <!-- method navigator-link -->
                      </span>
                      <br/>
                    </div> <!-- method-list-content skipped suite-Promilo_Automation_Suite -->
                  </li>
                </ul>
              </div> <!-- suite-section-content -->
            </div> <!-- result-section -->
          </div> <!-- navigator-suite-content -->
        </div> <!-- rounded-window -->
      </div> <!-- suite -->
    </div> <!-- navigator-root -->
    <div class="wrapper">
      <div class="main-panel-root">
        <div panel-name="suite-Promilo_Automation_Suite" class="panel Promilo_Automation_Suite">
          <div class="suite-Promilo_Automation_Suite-class-failed">
            <div class="main-panel-header rounded-window-top">
              <img src="failed.png"/>
              <span class="class-name">com.automation.tests.ApplyNowLoginTest</span>
            </div> <!-- main-panel-header rounded-window-top -->
            <div class="main-panel-content rounded-window-bottom">
              <div class="method">
                <div class="method-content">
                  <a name="verifyApplyNowViaLogin">
                  </a> <!-- verifyApplyNowViaLogin -->
                  <span class="method-name">verifyApplyNowViaLogin</span>
                  <div class="stack-trace">com.microsoft.playwright.impl.TargetClosedError: Error {
  message=&apos;Target page, context or browser has been closed
  name=&apos;TargetClosedError
  stack=&apos;TargetClosedError: Target page, context or browser has been closed
    at DispatcherConnection.dispatch (C:\Users\Admin\AppData\Local\Temp\playwright-java-15377738447048054443\package\lib\server\dispatchers\dispatcher.js:243:69)
    at transport.onmessage (C:\Users\Admin\AppData\Local\Temp\playwright-java-15377738447048054443\package\lib\cli\driver.js:53:59)
    at Immediate._onImmediate (C:\Users\Admin\AppData\Local\Temp\playwright-java-15377738447048054443\package\lib\server\utils\pipeTransport.js:76:16)
    at process.processImmediate (node:internal/timers:485:21)
}
	at com.microsoft.playwright.impl.WaitableResult.get(WaitableResult.java:54)
	at com.microsoft.playwright.impl.ChannelOwner.runUntil(ChannelOwner.java:138)
	at com.microsoft.playwright.impl.Connection.sendMessage(Connection.java:131)
	at com.microsoft.playwright.impl.ChannelOwner.sendMessage(ChannelOwner.java:124)
	at com.microsoft.playwright.impl.FrameImpl.clickImpl(FrameImpl.java:241)
	at com.microsoft.playwright.impl.FrameImpl.click(FrameImpl.java:232)
	at com.microsoft.playwright.impl.LocatorImpl.click(LocatorImpl.java:164)
	at com.microsoft.playwright.Locator.click(Locator.java:2500)
	at com.automation.utils.LoginUtility.loginWithPassword(LoginUtility.java:26)
	at com.automation.utils.LoginUtility.loginWithSavedAccount(LoginUtility.java:46)
	at com.automation.tests.ApplyNowLoginTest.verifyApplyNowViaLogin(ApplyNowLoginTest.java:45)
	at java.base/java.util.ArrayList.forEach(ArrayList.java:1596)
Caused by: com.microsoft.playwright.impl.TargetClosedError: Error {
  message=&apos;Target page, context or browser has been closed
  name=&apos;TargetClosedError
  stack=&apos;TargetClosedError: Target page, context or browser has been closed
    at DispatcherConnection.dispatch (C:\Users\Admin\AppData\Local\Temp\playwright-java-15377738447048054443\package\lib\server\dispatchers\dispatcher.js:243:69)
    at transport.onmessage (C:\Users\Admin\AppData\Local\Temp\playwright-java-15377738447048054443\package\lib\cli\driver.js:53:59)
    at Immediate._onImmediate (C:\Users\Admin\AppData\Local\Temp\playwright-java-15377738447048054443\package\lib\server\utils\pipeTransport.js:76:16)
    at process.processImmediate (node:internal/timers:485:21)
}
	at com.microsoft.playwright.impl.Connection.dispatch(Connection.java:259)
	at com.microsoft.playwright.impl.Connection.processOneMessage(Connection.java:214)
	at com.microsoft.playwright.impl.ChannelOwner.runUntil(ChannelOwner.java:136)
	... 35 more
... Removed 25 stack frames
</div> <!-- stack-trace -->
                </div> <!-- method-content -->
              </div> <!-- method -->
            </div> <!-- main-panel-content rounded-window-bottom -->
          </div> <!-- suite-Promilo_Automation_Suite-class-failed -->
          <div class="suite-Promilo_Automation_Suite-class-failed">
            <div class="main-panel-header rounded-window-top">
              <img src="failed.png"/>
              <span class="class-name">com.automation.tests.ApplyNowNegativeTest</span>
            </div> <!-- main-panel-header rounded-window-top -->
            <div class="main-panel-content rounded-window-bottom">
              <div class="method">
                <div class="method-content">
                  <a name="fullApplyNowNegativeFlow">
                  </a> <!-- fullApplyNowNegativeFlow -->
                  <span class="method-name">fullApplyNowNegativeFlow</span>
                  <div class="stack-trace">com.microsoft.playwright.impl.TargetClosedError: Error {
  message=&apos;Target page, context or browser has been closed
  name=&apos;TargetClosedError
  stack=&apos;TargetClosedError:Target page, context or browser has been closed
Error
    at captureRawStack (C:\Users\Admin\AppData\Local\Temp\playwright-java-15377738447048054443\package\lib\utils\isomorphic\stackTrace.js:32:17)
    at LongStandingScope._race (C:\Users\Admin\AppData\Local\Temp\playwright-java-15377738447048054443\package\lib\utils\isomorphic\manualPromise.js:87:58)
    at LongStandingScope.race (C:\Users\Admin\AppData\Local\Temp\playwright-java-15377738447048054443\package\lib\utils\isomorphic\manualPromise.js:80:17)
    at FrameDispatcher._handleCommand (C:\Users\Admin\AppData\Local\Temp\playwright-java-15377738447048054443\package\lib\server\dispatchers\dispatcher.js:90:36)
    at DispatcherConnection.dispatch (C:\Users\Admin\AppData\Local\Temp\playwright-java-15377738447048054443\package\lib\server\dispatchers\dispatcher.js:309:39)
}
Call log:
-   - navigating to &quot;https://stage.promilo.com/&quot;, waiting until &quot;load&quot;

	at com.microsoft.playwright.impl.WaitableResult.get(WaitableResult.java:54)
	at com.microsoft.playwright.impl.ChannelOwner.runUntil(ChannelOwner.java:138)
	at com.microsoft.playwright.impl.Connection.sendMessage(Connection.java:131)
	at com.microsoft.playwright.impl.ChannelOwner.sendMessage(ChannelOwner.java:124)
	at com.microsoft.playwright.impl.FrameImpl.navigateImpl(FrameImpl.java:419)
	at com.microsoft.playwright.impl.PageImpl.navigate(PageImpl.java:918)
	at com.microsoft.playwright.impl.PageImpl.navigate(PageImpl.java:42)
	at com.microsoft.playwright.Page.navigate(Page.java:5491)
	at com.automation.tests.ApplyNowNegativeTest.fullApplyNowNegativeFlow(ApplyNowNegativeTest.java:27)
	at java.base/java.util.ArrayList.forEach(ArrayList.java:1596)
Caused by: com.microsoft.playwright.impl.TargetClosedError: Error {
  message=&apos;Target page, context or browser has been closed
  name=&apos;TargetClosedError
  stack=&apos;TargetClosedError:Target page, context or browser has been closed
Error
    at captureRawStack (C:\Users\Admin\AppData\Local\Temp\playwright-java-15377738447048054443\package\lib\utils\isomorphic\stackTrace.js:32:17)
    at LongStandingScope._race (C:\Users\Admin\AppData\Local\Temp\playwright-java-15377738447048054443\package\lib\utils\isomorphic\manualPromise.js:87:58)
    at LongStandingScope.race (C:\Users\Admin\AppData\Local\Temp\playwright-java-15377738447048054443\package\lib\utils\isomorphic\manualPromise.js:80:17)
    at FrameDispatcher._handleCommand (C:\Users\Admin\AppData\Local\Temp\playwright-java-15377738447048054443\package\lib\server\dispatchers\dispatcher.js:90:36)
    at DispatcherConnection.dispatch (C:\Users\Admin\AppData\Local\Temp\playwright-java-15377738447048054443\package\lib\server\dispatchers\dispatcher.js:309:39)
}
Call log:
-   - navigating to &quot;https://stage.promilo.com/&quot;, waiting until &quot;load&quot;

	at com.microsoft.playwright.impl.Connection.dispatch(Connection.java:259)
	at com.microsoft.playwright.impl.Connection.processOneMessage(Connection.java:214)
	at com.microsoft.playwright.impl.ChannelOwner.runUntil(ChannelOwner.java:136)
	... 33 more
... Removed 25 stack frames
</div> <!-- stack-trace -->
                </div> <!-- method-content -->
              </div> <!-- method -->
            </div> <!-- main-panel-content rounded-window-bottom -->
          </div> <!-- suite-Promilo_Automation_Suite-class-failed -->
          <div class="suite-Promilo_Automation_Suite-class-failed">
            <div class="main-panel-header rounded-window-top">
              <img src="failed.png"/>
              <span class="class-name">com.automation.tests.ApplyNowEmailTest</span>
            </div> <!-- main-panel-header rounded-window-top -->
            <div class="main-panel-content rounded-window-bottom">
              <div class="method">
                <div class="method-content">
                  <a name="verifyApplyNowViaEmail_fullStrictValidation">
                  </a> <!-- verifyApplyNowViaEmail_fullStrictValidation -->
                  <span class="method-name">verifyApplyNowViaEmail_fullStrictValidation</span>
                  <div class="stack-trace">com.microsoft.playwright.impl.TargetClosedError: Error {
  message=&apos;Target page, context or browser has been closed
  name=&apos;TargetClosedError
  stack=&apos;TargetClosedError:Target page, context or browser has been closed
Error
    at captureRawStack (C:\Users\Admin\AppData\Local\Temp\playwright-java-15377738447048054443\package\lib\utils\isomorphic\stackTrace.js:32:17)
    at LongStandingScope._race (C:\Users\Admin\AppData\Local\Temp\playwright-java-15377738447048054443\package\lib\utils\isomorphic\manualPromise.js:87:58)
    at LongStandingScope.race (C:\Users\Admin\AppData\Local\Temp\playwright-java-15377738447048054443\package\lib\utils\isomorphic\manualPromise.js:80:17)
    at FrameDispatcher._handleCommand (C:\Users\Admin\AppData\Local\Temp\playwright-java-15377738447048054443\package\lib\server\dispatchers\dispatcher.js:90:36)
    at DispatcherConnection.dispatch (C:\Users\Admin\AppData\Local\Temp\playwright-java-15377738447048054443\package\lib\server\dispatchers\dispatcher.js:309:39)
}
Call log:
-   - waiting for locator(&quot;//input[@placeholder=&apos;Enter OTP sent to email&apos; or @placeholder=&apos;Enter OTP sent to mobile number&apos;]&quot;) to be visible

	at com.microsoft.playwright.impl.WaitableResult.get(WaitableResult.java:54)
	at com.microsoft.playwright.impl.ChannelOwner.runUntil(ChannelOwner.java:138)
	at com.microsoft.playwright.impl.Connection.sendMessage(Connection.java:131)
	at com.microsoft.playwright.impl.ChannelOwner.sendMessage(ChannelOwner.java:124)
	at com.microsoft.playwright.impl.FrameImpl.waitForSelectorImpl(FrameImpl.java:985)
	at com.microsoft.playwright.impl.LocatorImpl.waitFor(LocatorImpl.java:625)
	at com.automation.utils.HelperUtility.safeFill(HelperUtility.java:69)
	at com.automation.tests.ApplyNowEmailTest.verifyApplyNowViaEmail_fullStrictValidation(ApplyNowEmailTest.java:69)
	at java.base/java.util.ArrayList.forEach(ArrayList.java:1596)
Caused by: com.microsoft.playwright.impl.TargetClosedError: Error {
  message=&apos;Target page, context or browser has been closed
  name=&apos;TargetClosedError
  stack=&apos;TargetClosedError:Target page, context or browser has been closed
Error
    at captureRawStack (C:\Users\Admin\AppData\Local\Temp\playwright-java-15377738447048054443\package\lib\utils\isomorphic\stackTrace.js:32:17)
    at LongStandingScope._race (C:\Users\Admin\AppData\Local\Temp\playwright-java-15377738447048054443\package\lib\utils\isomorphic\manualPromise.js:87:58)
    at LongStandingScope.race (C:\Users\Admin\AppData\Local\Temp\playwright-java-15377738447048054443\package\lib\utils\isomorphic\manualPromise.js:80:17)
    at FrameDispatcher._handleCommand (C:\Users\Admin\AppData\Local\Temp\playwright-java-15377738447048054443\package\lib\server\dispatchers\dispatcher.js:90:36)
    at DispatcherConnection.dispatch (C:\Users\Admin\AppData\Local\Temp\playwright-java-15377738447048054443\package\lib\server\dispatchers\dispatcher.js:309:39)
}
Call log:
-   - waiting for locator(&quot;//input[@placeholder=&apos;Enter OTP sent to email&apos; or @placeholder=&apos;Enter OTP sent to mobile number&apos;]&quot;) to be visible

	at com.microsoft.playwright.impl.Connection.dispatch(Connection.java:259)
	at com.microsoft.playwright.impl.Connection.processOneMessage(Connection.java:214)
	at com.microsoft.playwright.impl.ChannelOwner.runUntil(ChannelOwner.java:136)
	... 32 more
... Removed 25 stack frames
</div> <!-- stack-trace -->
                </div> <!-- method-content -->
              </div> <!-- method -->
            </div> <!-- main-panel-content rounded-window-bottom -->
          </div> <!-- suite-Promilo_Automation_Suite-class-failed -->
          <div class="suite-Promilo_Automation_Suite-class-failed">
            <div class="main-panel-header rounded-window-top">
              <img src="failed.png"/>
              <span class="class-name">com.automation.tests.RegisterWithUsTest</span>
            </div> <!-- main-panel-header rounded-window-top -->
            <div class="main-panel-content rounded-window-bottom">
              <div class="method">
                <div class="method-content">
                  <a name="verifyRegisterWithUsFlow">
                  </a> <!-- verifyRegisterWithUsFlow -->
                  <span class="method-name">verifyRegisterWithUsFlow</span>
                  <div class="stack-trace">com.microsoft.playwright.impl.TargetClosedError: Error {
  message=&apos;Target page, context or browser has been closed
  name=&apos;TargetClosedError
  stack=&apos;TargetClosedError:Target page, context or browser has been closed
Error
    at captureRawStack (C:\Users\Admin\AppData\Local\Temp\playwright-java-15377738447048054443\package\lib\utils\isomorphic\stackTrace.js:32:17)
    at LongStandingScope._race (C:\Users\Admin\AppData\Local\Temp\playwright-java-15377738447048054443\package\lib\utils\isomorphic\manualPromise.js:87:58)
    at LongStandingScope.race (C:\Users\Admin\AppData\Local\Temp\playwright-java-15377738447048054443\package\lib\utils\isomorphic\manualPromise.js:80:17)
    at FrameDispatcher._handleCommand (C:\Users\Admin\AppData\Local\Temp\playwright-java-15377738447048054443\package\lib\server\dispatchers\dispatcher.js:90:36)
    at DispatcherConnection.dispatch (C:\Users\Admin\AppData\Local\Temp\playwright-java-15377738447048054443\package\lib\server\dispatchers\dispatcher.js:309:39)
}
Call log:
-   - waiting for locator(&quot;a.nav-link:has-text(&apos;Internships&apos;)&quot;) to be visible

	at com.microsoft.playwright.impl.WaitableResult.get(WaitableResult.java:54)
	at com.microsoft.playwright.impl.ChannelOwner.runUntil(ChannelOwner.java:138)
	at com.microsoft.playwright.impl.Connection.sendMessage(Connection.java:131)
	at com.microsoft.playwright.impl.ChannelOwner.sendMessage(ChannelOwner.java:124)
	at com.microsoft.playwright.impl.FrameImpl.waitForSelectorImpl(FrameImpl.java:985)
	at com.microsoft.playwright.impl.LocatorImpl.waitFor(LocatorImpl.java:625)
	at com.automation.utils.HelperUtility.safeClick(HelperUtility.java:50)
	at com.automation.tests.RegisterWithUsTest.verifyRegisterWithUsFlow(RegisterWithUsTest.java:56)
	at java.base/java.util.ArrayList.forEach(ArrayList.java:1596)
Caused by: com.microsoft.playwright.impl.TargetClosedError: Error {
  message=&apos;Target page, context or browser has been closed
  name=&apos;TargetClosedError
  stack=&apos;TargetClosedError:Target page, context or browser has been closed
Error
    at captureRawStack (C:\Users\Admin\AppData\Local\Temp\playwright-java-15377738447048054443\package\lib\utils\isomorphic\stackTrace.js:32:17)
    at LongStandingScope._race (C:\Users\Admin\AppData\Local\Temp\playwright-java-15377738447048054443\package\lib\utils\isomorphic\manualPromise.js:87:58)
    at LongStandingScope.race (C:\Users\Admin\AppData\Local\Temp\playwright-java-15377738447048054443\package\lib\utils\isomorphic\manualPromise.js:80:17)
    at FrameDispatcher._handleCommand (C:\Users\Admin\AppData\Local\Temp\playwright-java-15377738447048054443\package\lib\server\dispatchers\dispatcher.js:90:36)
    at DispatcherConnection.dispatch (C:\Users\Admin\AppData\Local\Temp\playwright-java-15377738447048054443\package\lib\server\dispatchers\dispatcher.js:309:39)
}
Call log:
-   - waiting for locator(&quot;a.nav-link:has-text(&apos;Internships&apos;)&quot;) to be visible

	at com.microsoft.playwright.impl.Connection.dispatch(Connection.java:259)
	at com.microsoft.playwright.impl.Connection.processOneMessage(Connection.java:214)
	at com.microsoft.playwright.impl.ChannelOwner.runUntil(ChannelOwner.java:136)
	... 32 more
... Removed 25 stack frames
</div> <!-- stack-trace -->
                </div> <!-- method-content -->
              </div> <!-- method -->
            </div> <!-- main-panel-content rounded-window-bottom -->
          </div> <!-- suite-Promilo_Automation_Suite-class-failed -->
          <div class="suite-Promilo_Automation_Suite-class-skipped">
            <div class="main-panel-header rounded-window-top">
              <img src="skipped.png"/>
              <span class="class-name">com.automation.tests.ApplyNowMobileTest</span>
            </div> <!-- main-panel-header rounded-window-top -->
            <div class="main-panel-content rounded-window-bottom">
              <div class="method">
                <div class="method-content">
                  <a name="verifyApplyNowViaMobile">
                  </a> <!-- verifyApplyNowViaMobile -->
                  <span class="method-name">verifyApplyNowViaMobile</span>
                  <div class="stack-trace">com.microsoft.playwright.impl.TargetClosedError: Error {
  message=&apos;Target page, context or browser has been closed
  name=&apos;TargetClosedError
  stack=&apos;TargetClosedError:Target page, context or browser has been closed
Error
    at captureRawStack (C:\Users\Admin\AppData\Local\Temp\playwright-java-15377738447048054443\package\lib\utils\isomorphic\stackTrace.js:32:17)
    at LongStandingScope._race (C:\Users\Admin\AppData\Local\Temp\playwright-java-15377738447048054443\package\lib\utils\isomorphic\manualPromise.js:87:58)
    at LongStandingScope.race (C:\Users\Admin\AppData\Local\Temp\playwright-java-15377738447048054443\package\lib\utils\isomorphic\manualPromise.js:80:17)
    at FrameDispatcher._handleCommand (C:\Users\Admin\AppData\Local\Temp\playwright-java-15377738447048054443\package\lib\server\dispatchers\dispatcher.js:90:36)
    at DispatcherConnection.dispatch (C:\Users\Admin\AppData\Local\Temp\playwright-java-15377738447048054443\package\lib\server\dispatchers\dispatcher.js:309:39)
}
Call log:
-   - navigating to &quot;https://stage.promilo.com/&quot;, waiting until &quot;load&quot;

	at com.microsoft.playwright.impl.WaitableResult.get(WaitableResult.java:54)
	at com.microsoft.playwright.impl.ChannelOwner.runUntil(ChannelOwner.java:138)
	at com.microsoft.playwright.impl.Connection.sendMessage(Connection.java:131)
	at com.microsoft.playwright.impl.ChannelOwner.sendMessage(ChannelOwner.java:124)
	at com.microsoft.playwright.impl.FrameImpl.navigateImpl(FrameImpl.java:419)
	at com.microsoft.playwright.impl.PageImpl.navigate(PageImpl.java:918)
	at com.microsoft.playwright.impl.PageImpl.navigate(PageImpl.java:42)
	at com.microsoft.playwright.Page.navigate(Page.java:5491)
	at com.automation.tests.ApplyNowMobileTest.init(ApplyNowMobileTest.java:32)
	at java.base/java.util.ArrayList.forEach(ArrayList.java:1596)
Caused by: com.microsoft.playwright.impl.TargetClosedError: Error {
  message=&apos;Target page, context or browser has been closed
  name=&apos;TargetClosedError
  stack=&apos;TargetClosedError:Target page, context or browser has been closed
Error
    at captureRawStack (C:\Users\Admin\AppData\Local\Temp\playwright-java-15377738447048054443\package\lib\utils\isomorphic\stackTrace.js:32:17)
    at LongStandingScope._race (C:\Users\Admin\AppData\Local\Temp\playwright-java-15377738447048054443\package\lib\utils\isomorphic\manualPromise.js:87:58)
    at LongStandingScope.race (C:\Users\Admin\AppData\Local\Temp\playwright-java-15377738447048054443\package\lib\utils\isomorphic\manualPromise.js:80:17)
    at FrameDispatcher._handleCommand (C:\Users\Admin\AppData\Local\Temp\playwright-java-15377738447048054443\package\lib\server\dispatchers\dispatcher.js:90:36)
    at DispatcherConnection.dispatch (C:\Users\Admin\AppData\Local\Temp\playwright-java-15377738447048054443\package\lib\server\dispatchers\dispatcher.js:309:39)
}
Call log:
-   - navigating to &quot;https://stage.promilo.com/&quot;, waiting until &quot;load&quot;

	at com.microsoft.playwright.impl.Connection.dispatch(Connection.java:259)
	at com.microsoft.playwright.impl.Connection.processOneMessage(Connection.java:214)
	at com.microsoft.playwright.impl.ChannelOwner.runUntil(ChannelOwner.java:136)
	... 37 more
... Removed 29 stack frames
</div> <!-- stack-trace -->
                </div> <!-- method-content -->
              </div> <!-- method -->
            </div> <!-- main-panel-content rounded-window-bottom -->
          </div> <!-- suite-Promilo_Automation_Suite-class-skipped -->
          <div class="suite-Promilo_Automation_Suite-class-skipped">
            <div class="main-panel-header rounded-window-top">
              <img src="skipped.png"/>
              <span class="class-name">com.automation.tests.FeedbackMobileTest</span>
            </div> <!-- main-panel-header rounded-window-top -->
            <div class="main-panel-content rounded-window-bottom">
              <div class="method">
                <div class="method-content">
                  <a name="verifyFeedbackPopupViaMobileSignup">
                  </a> <!-- verifyFeedbackPopupViaMobileSignup -->
                  <span class="method-name">verifyFeedbackPopupViaMobileSignup</span>
                  <div class="stack-trace">com.microsoft.playwright.impl.TargetClosedError: Error {
  message=&apos;Target page, context or browser has been closed
  name=&apos;TargetClosedError
  stack=&apos;TargetClosedError:Target page, context or browser has been closed
Error
    at captureRawStack (C:\Users\Admin\AppData\Local\Temp\playwright-java-15377738447048054443\package\lib\utils\isomorphic\stackTrace.js:32:17)
    at LongStandingScope._race (C:\Users\Admin\AppData\Local\Temp\playwright-java-15377738447048054443\package\lib\utils\isomorphic\manualPromise.js:87:58)
    at LongStandingScope.race (C:\Users\Admin\AppData\Local\Temp\playwright-java-15377738447048054443\package\lib\utils\isomorphic\manualPromise.js:80:17)
    at FrameDispatcher._handleCommand (C:\Users\Admin\AppData\Local\Temp\playwright-java-15377738447048054443\package\lib\server\dispatchers\dispatcher.js:90:36)
    at DispatcherConnection.dispatch (C:\Users\Admin\AppData\Local\Temp\playwright-java-15377738447048054443\package\lib\server\dispatchers\dispatcher.js:309:39)
}
Call log:
-   - navigating to &quot;https://stage.promilo.com/&quot;, waiting until &quot;load&quot;

	at com.microsoft.playwright.impl.WaitableResult.get(WaitableResult.java:54)
	at com.microsoft.playwright.impl.ChannelOwner.runUntil(ChannelOwner.java:138)
	at com.microsoft.playwright.impl.Connection.sendMessage(Connection.java:131)
	at com.microsoft.playwright.impl.ChannelOwner.sendMessage(ChannelOwner.java:124)
	at com.microsoft.playwright.impl.FrameImpl.navigateImpl(FrameImpl.java:419)
	at com.microsoft.playwright.impl.PageImpl.navigate(PageImpl.java:918)
	at com.microsoft.playwright.impl.PageImpl.navigate(PageImpl.java:42)
	at com.microsoft.playwright.Page.navigate(Page.java:5491)
	at com.automation.tests.FeedbackMobileTest.openBase(FeedbackMobileTest.java:34)
	at java.base/java.util.ArrayList.forEach(ArrayList.java:1596)
Caused by: com.microsoft.playwright.impl.TargetClosedError: Error {
  message=&apos;Target page, context or browser has been closed
  name=&apos;TargetClosedError
  stack=&apos;TargetClosedError:Target page, context or browser has been closed
Error
    at captureRawStack (C:\Users\Admin\AppData\Local\Temp\playwright-java-15377738447048054443\package\lib\utils\isomorphic\stackTrace.js:32:17)
    at LongStandingScope._race (C:\Users\Admin\AppData\Local\Temp\playwright-java-15377738447048054443\package\lib\utils\isomorphic\manualPromise.js:87:58)
    at LongStandingScope.race (C:\Users\Admin\AppData\Local\Temp\playwright-java-15377738447048054443\package\lib\utils\isomorphic\manualPromise.js:80:17)
    at FrameDispatcher._handleCommand (C:\Users\Admin\AppData\Local\Temp\playwright-java-15377738447048054443\package\lib\server\dispatchers\dispatcher.js:90:36)
    at DispatcherConnection.dispatch (C:\Users\Admin\AppData\Local\Temp\playwright-java-15377738447048054443\package\lib\server\dispatchers\dispatcher.js:309:39)
}
Call log:
-   - navigating to &quot;https://stage.promilo.com/&quot;, waiting until &quot;load&quot;

	at com.microsoft.playwright.impl.Connection.dispatch(Connection.java:259)
	at com.microsoft.playwright.impl.Connection.processOneMessage(Connection.java:214)
	at com.microsoft.playwright.impl.ChannelOwner.runUntil(ChannelOwner.java:136)
	... 37 more
... Removed 29 stack frames
</div> <!-- stack-trace -->
                </div> <!-- method-content -->
              </div> <!-- method -->
            </div> <!-- main-panel-content rounded-window-bottom -->
          </div> <!-- suite-Promilo_Automation_Suite-class-skipped -->
          <div class="suite-Promilo_Automation_Suite-class-skipped">
            <div class="main-panel-header rounded-window-top">
              <img src="skipped.png"/>
              <span class="class-name">com.automation.tests.RegisterWithUsNegativeTest</span>
            </div> <!-- main-panel-header rounded-window-top -->
            <div class="main-panel-content rounded-window-bottom">
              <div class="method">
                <div class="method-content">
                  <a name="fullRegisterWithUsNegativeFlow">
                  </a> <!-- fullRegisterWithUsNegativeFlow -->
                  <span class="method-name">fullRegisterWithUsNegativeFlow</span>
                  <div class="stack-trace">com.microsoft.playwright.impl.TargetClosedError: Error {
  message=&apos;Target page, context or browser has been closed
  name=&apos;TargetClosedError
  stack=&apos;TargetClosedError: Target page, context or browser has been closed
    at DispatcherConnection.dispatch (C:\Users\Admin\AppData\Local\Temp\playwright-java-15377738447048054443\package\lib\server\dispatchers\dispatcher.js:321:15)
}
Call log:
-   - waiting for locator(&quot;a.nav-link:has-text(&apos;Internships&apos;)&quot;)
-     - locator resolved to &lt;a href=&quot;#&quot; tabindex=&quot;0&quot; role=&quot;button&quot; class=&quot;px-lg-2 px-1 py-75 nav-link&quot;&gt;Internships&lt;/a&gt;
-   - attempting click action
-     - waiting for element to be visible, enabled and stable
-     - element is visible, enabled and stable
-     - scrolling into view if needed
-     - done scrolling
-     - &lt;div class=&quot;modal-content&quot;&gt;…&lt;/div&gt; from &lt;div tabindex=&quot;-1&quot;&gt;…&lt;/div&gt; subtree intercepts pointer events
-   - retrying click action
-     - waiting for element to be visible, enabled and stable
-     - element is visible, enabled and stable
-     - scrolling into view if needed

	at com.microsoft.playwright.impl.WaitableResult.get(WaitableResult.java:54)
	at com.microsoft.playwright.impl.ChannelOwner.runUntil(ChannelOwner.java:138)
	at com.microsoft.playwright.impl.Connection.sendMessage(Connection.java:131)
	at com.microsoft.playwright.impl.ChannelOwner.sendMessage(ChannelOwner.java:124)
	at com.microsoft.playwright.impl.FrameImpl.clickImpl(FrameImpl.java:241)
	at com.microsoft.playwright.impl.FrameImpl.click(FrameImpl.java:232)
	at com.microsoft.playwright.impl.LocatorImpl.click(LocatorImpl.java:164)
	at com.microsoft.playwright.Locator.click(Locator.java:2500)
	at com.automation.utils.HelperUtility.safeClick(HelperUtility.java:54)
	at com.automation.tests.RegisterWithUsNegativeTest.openBase(RegisterWithUsNegativeTest.java:38)
	at java.base/java.util.ArrayList.forEach(ArrayList.java:1596)
Caused by: com.microsoft.playwright.impl.TargetClosedError: Error {
  message=&apos;Target page, context or browser has been closed
  name=&apos;TargetClosedError
  stack=&apos;TargetClosedError: Target page, context or browser has been closed
    at DispatcherConnection.dispatch (C:\Users\Admin\AppData\Local\Temp\playwright-java-15377738447048054443\package\lib\server\dispatchers\dispatcher.js:321:15)
}
Call log:
-   - waiting for locator(&quot;a.nav-link:has-text(&apos;Internships&apos;)&quot;)
-     - locator resolved to &lt;a href=&quot;#&quot; tabindex=&quot;0&quot; role=&quot;button&quot; class=&quot;px-lg-2 px-1 py-75 nav-link&quot;&gt;Internships&lt;/a&gt;
-   - attempting click action
-     - waiting for element to be visible, enabled and stable
-     - element is visible, enabled and stable
-     - scrolling into view if needed
-     - done scrolling
-     - &lt;div class=&quot;modal-content&quot;&gt;…&lt;/div&gt; from &lt;div tabindex=&quot;-1&quot;&gt;…&lt;/div&gt; subtree intercepts pointer events
-   - retrying click action
-     - waiting for element to be visible, enabled and stable
-     - element is visible, enabled and stable
-     - scrolling into view if needed

	at com.microsoft.playwright.impl.Connection.dispatch(Connection.java:259)
	at com.microsoft.playwright.impl.Connection.processOneMessage(Connection.java:214)
	at com.microsoft.playwright.impl.ChannelOwner.runUntil(ChannelOwner.java:136)
	... 38 more
... Removed 29 stack frames
</div> <!-- stack-trace -->
                </div> <!-- method-content -->
              </div> <!-- method -->
            </div> <!-- main-panel-content rounded-window-bottom -->
          </div> <!-- suite-Promilo_Automation_Suite-class-skipped -->
          <div class="suite-Promilo_Automation_Suite-class-skipped">
            <div class="main-panel-header rounded-window-top">
              <img src="skipped.png"/>
              <span class="class-name">com.automation.tests.FeedbackEmailTest</span>
            </div> <!-- main-panel-header rounded-window-top -->
            <div class="main-panel-content rounded-window-bottom">
              <div class="method">
                <div class="method-content">
                  <a name="verifyFeedbackViaEmailSignup">
                  </a> <!-- verifyFeedbackViaEmailSignup -->
                  <span class="method-name">verifyFeedbackViaEmailSignup</span>
                  <div class="stack-trace">com.microsoft.playwright.impl.TargetClosedError: Error {
  message=&apos;Target page, context or browser has been closed
  name=&apos;TargetClosedError
  stack=&apos;TargetClosedError:Target page, context or browser has been closed
Error
    at captureRawStack (C:\Users\Admin\AppData\Local\Temp\playwright-java-15377738447048054443\package\lib\utils\isomorphic\stackTrace.js:32:17)
    at LongStandingScope._race (C:\Users\Admin\AppData\Local\Temp\playwright-java-15377738447048054443\package\lib\utils\isomorphic\manualPromise.js:87:58)
    at LongStandingScope.race (C:\Users\Admin\AppData\Local\Temp\playwright-java-15377738447048054443\package\lib\utils\isomorphic\manualPromise.js:80:17)
    at FrameDispatcher._handleCommand (C:\Users\Admin\AppData\Local\Temp\playwright-java-15377738447048054443\package\lib\server\dispatchers\dispatcher.js:90:36)
    at DispatcherConnection.dispatch (C:\Users\Admin\AppData\Local\Temp\playwright-java-15377738447048054443\package\lib\server\dispatchers\dispatcher.js:309:39)
}
Call log:
-   - navigating to &quot;https://stage.promilo.com/&quot;, waiting until &quot;load&quot;

	at com.microsoft.playwright.impl.WaitableResult.get(WaitableResult.java:54)
	at com.microsoft.playwright.impl.ChannelOwner.runUntil(ChannelOwner.java:138)
	at com.microsoft.playwright.impl.Connection.sendMessage(Connection.java:131)
	at com.microsoft.playwright.impl.ChannelOwner.sendMessage(ChannelOwner.java:124)
	at com.microsoft.playwright.impl.FrameImpl.navigateImpl(FrameImpl.java:419)
	at com.microsoft.playwright.impl.PageImpl.navigate(PageImpl.java:918)
	at com.microsoft.playwright.impl.PageImpl.navigate(PageImpl.java:42)
	at com.microsoft.playwright.Page.navigate(Page.java:5491)
	at com.automation.tests.FeedbackEmailTest.openBaseUrl(FeedbackEmailTest.java:33)
	at java.base/java.util.ArrayList.forEach(ArrayList.java:1596)
Caused by: com.microsoft.playwright.impl.TargetClosedError: Error {
  message=&apos;Target page, context or browser has been closed
  name=&apos;TargetClosedError
  stack=&apos;TargetClosedError:Target page, context or browser has been closed
Error
    at captureRawStack (C:\Users\Admin\AppData\Local\Temp\playwright-java-15377738447048054443\package\lib\utils\isomorphic\stackTrace.js:32:17)
    at LongStandingScope._race (C:\Users\Admin\AppData\Local\Temp\playwright-java-15377738447048054443\package\lib\utils\isomorphic\manualPromise.js:87:58)
    at LongStandingScope.race (C:\Users\Admin\AppData\Local\Temp\playwright-java-15377738447048054443\package\lib\utils\isomorphic\manualPromise.js:80:17)
    at FrameDispatcher._handleCommand (C:\Users\Admin\AppData\Local\Temp\playwright-java-15377738447048054443\package\lib\server\dispatchers\dispatcher.js:90:36)
    at DispatcherConnection.dispatch (C:\Users\Admin\AppData\Local\Temp\playwright-java-15377738447048054443\package\lib\server\dispatchers\dispatcher.js:309:39)
}
Call log:
-   - navigating to &quot;https://stage.promilo.com/&quot;, waiting until &quot;load&quot;

	at com.microsoft.playwright.impl.Connection.dispatch(Connection.java:259)
	at com.microsoft.playwright.impl.Connection.processOneMessage(Connection.java:214)
	at com.microsoft.playwright.impl.ChannelOwner.runUntil(ChannelOwner.java:136)
	... 37 more
... Removed 29 stack frames
</div> <!-- stack-trace -->
                </div> <!-- method-content -->
              </div> <!-- method -->
            </div> <!-- main-panel-content rounded-window-bottom -->
          </div> <!-- suite-Promilo_Automation_Suite-class-skipped -->
          <div class="suite-Promilo_Automation_Suite-class-skipped">
            <div class="main-panel-header rounded-window-top">
              <img src="skipped.png"/>
              <span class="class-name">com.automation.tests.GetConnectedNegativeTest</span>
            </div> <!-- main-panel-header rounded-window-top -->
            <div class="main-panel-content rounded-window-bottom">
              <div class="method">
                <div class="method-content">
                  <a name="fullGetConnectedNegativeFlow">
                  </a> <!-- fullGetConnectedNegativeFlow -->
                  <span class="method-name">fullGetConnectedNegativeFlow</span>
                  <div class="stack-trace">com.microsoft.playwright.impl.TargetClosedError: Error {
  message=&apos;Target page, context or browser has been closed
  name=&apos;TargetClosedError
  stack=&apos;TargetClosedError:Target page, context or browser has been closed
Error
    at captureRawStack (C:\Users\Admin\AppData\Local\Temp\playwright-java-15377738447048054443\package\lib\utils\isomorphic\stackTrace.js:32:17)
    at LongStandingScope._race (C:\Users\Admin\AppData\Local\Temp\playwright-java-15377738447048054443\package\lib\utils\isomorphic\manualPromise.js:87:58)
    at LongStandingScope.race (C:\Users\Admin\AppData\Local\Temp\playwright-java-15377738447048054443\package\lib\utils\isomorphic\manualPromise.js:80:17)
    at FrameDispatcher._handleCommand (C:\Users\Admin\AppData\Local\Temp\playwright-java-15377738447048054443\package\lib\server\dispatchers\dispatcher.js:90:36)
    at DispatcherConnection.dispatch (C:\Users\Admin\AppData\Local\Temp\playwright-java-15377738447048054443\package\lib\server\dispatchers\dispatcher.js:309:39)
}
Call log:
-   - navigating to &quot;https://stage.promilo.com/&quot;, waiting until &quot;load&quot;

	at com.microsoft.playwright.impl.WaitableResult.get(WaitableResult.java:54)
	at com.microsoft.playwright.impl.ChannelOwner.runUntil(ChannelOwner.java:138)
	at com.microsoft.playwright.impl.Connection.sendMessage(Connection.java:131)
	at com.microsoft.playwright.impl.ChannelOwner.sendMessage(ChannelOwner.java:124)
	at com.microsoft.playwright.impl.FrameImpl.navigateImpl(FrameImpl.java:419)
	at com.microsoft.playwright.impl.PageImpl.navigate(PageImpl.java:918)
	at com.microsoft.playwright.impl.PageImpl.navigate(PageImpl.java:42)
	at com.microsoft.playwright.Page.navigate(Page.java:5491)
	at com.automation.tests.GetConnectedNegativeTest.openBase(GetConnectedNegativeTest.java:33)
	at java.base/java.util.ArrayList.forEach(ArrayList.java:1596)
Caused by: com.microsoft.playwright.impl.TargetClosedError: Error {
  message=&apos;Target page, context or browser has been closed
  name=&apos;TargetClosedError
  stack=&apos;TargetClosedError:Target page, context or browser has been closed
Error
    at captureRawStack (C:\Users\Admin\AppData\Local\Temp\playwright-java-15377738447048054443\package\lib\utils\isomorphic\stackTrace.js:32:17)
    at LongStandingScope._race (C:\Users\Admin\AppData\Local\Temp\playwright-java-15377738447048054443\package\lib\utils\isomorphic\manualPromise.js:87:58)
    at LongStandingScope.race (C:\Users\Admin\AppData\Local\Temp\playwright-java-15377738447048054443\package\lib\utils\isomorphic\manualPromise.js:80:17)
    at FrameDispatcher._handleCommand (C:\Users\Admin\AppData\Local\Temp\playwright-java-15377738447048054443\package\lib\server\dispatchers\dispatcher.js:90:36)
    at DispatcherConnection.dispatch (C:\Users\Admin\AppData\Local\Temp\playwright-java-15377738447048054443\package\lib\server\dispatchers\dispatcher.js:309:39)
}
Call log:
-   - navigating to &quot;https://stage.promilo.com/&quot;, waiting until &quot;load&quot;

	at com.microsoft.playwright.impl.Connection.dispatch(Connection.java:259)
	at com.microsoft.playwright.impl.Connection.processOneMessage(Connection.java:214)
	at com.microsoft.playwright.impl.ChannelOwner.runUntil(ChannelOwner.java:136)
	... 37 more
... Removed 29 stack frames
</div> <!-- stack-trace -->
                </div> <!-- method-content -->
              </div> <!-- method -->
            </div> <!-- main-panel-content rounded-window-bottom -->
          </div> <!-- suite-Promilo_Automation_Suite-class-skipped -->
          <div class="suite-Promilo_Automation_Suite-class-skipped">
            <div class="main-panel-header rounded-window-top">
              <img src="skipped.png"/>
              <span class="class-name">com.automation.tests.FeedbackNegativeTest</span>
            </div> <!-- main-panel-header rounded-window-top -->
            <div class="main-panel-content rounded-window-bottom">
              <div class="method">
                <div class="method-content">
                  <a name="fullFeedbackNegativeFlow">
                  </a> <!-- fullFeedbackNegativeFlow -->
                  <span class="method-name">fullFeedbackNegativeFlow</span>
                  <div class="stack-trace">com.microsoft.playwright.impl.TargetClosedError: Error {
  message=&apos;Target page, context or browser has been closed
  name=&apos;TargetClosedError
  stack=&apos;TargetClosedError:Target page, context or browser has been closed
Error
    at captureRawStack (C:\Users\Admin\AppData\Local\Temp\playwright-java-15377738447048054443\package\lib\utils\isomorphic\stackTrace.js:32:17)
    at LongStandingScope._race (C:\Users\Admin\AppData\Local\Temp\playwright-java-15377738447048054443\package\lib\utils\isomorphic\manualPromise.js:87:58)
    at LongStandingScope.race (C:\Users\Admin\AppData\Local\Temp\playwright-java-15377738447048054443\package\lib\utils\isomorphic\manualPromise.js:80:17)
    at FrameDispatcher._handleCommand (C:\Users\Admin\AppData\Local\Temp\playwright-java-15377738447048054443\package\lib\server\dispatchers\dispatcher.js:90:36)
    at DispatcherConnection.dispatch (C:\Users\Admin\AppData\Local\Temp\playwright-java-15377738447048054443\package\lib\server\dispatchers\dispatcher.js:309:39)
}
Call log:
-   - navigating to &quot;https://stage.promilo.com/&quot;, waiting until &quot;load&quot;

	at com.microsoft.playwright.impl.WaitableResult.get(WaitableResult.java:54)
	at com.microsoft.playwright.impl.ChannelOwner.runUntil(ChannelOwner.java:138)
	at com.microsoft.playwright.impl.Connection.sendMessage(Connection.java:131)
	at com.microsoft.playwright.impl.ChannelOwner.sendMessage(ChannelOwner.java:124)
	at com.microsoft.playwright.impl.FrameImpl.navigateImpl(FrameImpl.java:419)
	at com.microsoft.playwright.impl.PageImpl.navigate(PageImpl.java:918)
	at com.microsoft.playwright.impl.PageImpl.navigate(PageImpl.java:42)
	at com.microsoft.playwright.Page.navigate(Page.java:5491)
	at com.automation.tests.FeedbackNegativeTest.openBase(FeedbackNegativeTest.java:31)
	at java.base/java.util.ArrayList.forEach(ArrayList.java:1596)
Caused by: com.microsoft.playwright.impl.TargetClosedError: Error {
  message=&apos;Target page, context or browser has been closed
  name=&apos;TargetClosedError
  stack=&apos;TargetClosedError:Target page, context or browser has been closed
Error
    at captureRawStack (C:\Users\Admin\AppData\Local\Temp\playwright-java-15377738447048054443\package\lib\utils\isomorphic\stackTrace.js:32:17)
    at LongStandingScope._race (C:\Users\Admin\AppData\Local\Temp\playwright-java-15377738447048054443\package\lib\utils\isomorphic\manualPromise.js:87:58)
    at LongStandingScope.race (C:\Users\Admin\AppData\Local\Temp\playwright-java-15377738447048054443\package\lib\utils\isomorphic\manualPromise.js:80:17)
    at FrameDispatcher._handleCommand (C:\Users\Admin\AppData\Local\Temp\playwright-java-15377738447048054443\package\lib\server\dispatchers\dispatcher.js:90:36)
    at DispatcherConnection.dispatch (C:\Users\Admin\AppData\Local\Temp\playwright-java-15377738447048054443\package\lib\server\dispatchers\dispatcher.js:309:39)
}
Call log:
-   - navigating to &quot;https://stage.promilo.com/&quot;, waiting until &quot;load&quot;

	at com.microsoft.playwright.impl.Connection.dispatch(Connection.java:259)
	at com.microsoft.playwright.impl.Connection.processOneMessage(Connection.java:214)
	at com.microsoft.playwright.impl.ChannelOwner.runUntil(ChannelOwner.java:136)
	... 37 more
... Removed 29 stack frames
</div> <!-- stack-trace -->
                </div> <!-- method-content -->
              </div> <!-- method -->
            </div> <!-- main-panel-content rounded-window-bottom -->
          </div> <!-- suite-Promilo_Automation_Suite-class-skipped -->
          <div class="suite-Promilo_Automation_Suite-class-skipped">
            <div class="main-panel-header rounded-window-top">
              <img src="skipped.png"/>
              <span class="class-name">com.automation.tests.RescheduleFunctionalityRejectTest</span>
            </div> <!-- main-panel-header rounded-window-top -->
            <div class="main-panel-content rounded-window-bottom">
              <div class="method">
                <div class="method-content">
                  <a name="verifyCandidateToAdvertiserRescheduleCancelFlow">
                  </a> <!-- verifyCandidateToAdvertiserRescheduleCancelFlow -->
                  <span class="method-name">verifyCandidateToAdvertiserRescheduleCancelFlow</span>
                  <div class="stack-trace">java.lang.NullPointerException: Cannot invoke &quot;com.microsoft.playwright.Page.locator(String)&quot; because &quot;page&quot; is null
	at com.automation.pages.LoginpagePage.&lt;init&gt;(LoginpagePage.java:36)
	at com.automation.tests.RescheduleFunctionalityRejectTest.initPages(RescheduleFunctionalityRejectTest.java:32)
	at java.base/java.util.ArrayList.forEach(ArrayList.java:1596)
... Removed 23 stack frames
</div> <!-- stack-trace -->
                </div> <!-- method-content -->
              </div> <!-- method -->
            </div> <!-- main-panel-content rounded-window-bottom -->
          </div> <!-- suite-Promilo_Automation_Suite-class-skipped -->
          <div class="suite-Promilo_Automation_Suite-class-skipped">
            <div class="main-panel-header rounded-window-top">
              <img src="skipped.png"/>
              <span class="class-name">com.automation.tests.RescheduleFunctionalityAcceptTest</span>
            </div> <!-- main-panel-header rounded-window-top -->
            <div class="main-panel-content rounded-window-bottom">
              <div class="method">
                <div class="method-content">
                  <a name="verifyCandidateToAdvertiserRescheduleFlow">
                  </a> <!-- verifyCandidateToAdvertiserRescheduleFlow -->
                  <span class="method-name">verifyCandidateToAdvertiserRescheduleFlow</span>
                  <div class="stack-trace">java.lang.NullPointerException: Cannot invoke &quot;com.microsoft.playwright.Page.locator(String)&quot; because &quot;page&quot; is null
	at com.automation.pages.LoginpagePage.&lt;init&gt;(LoginpagePage.java:36)
	at com.automation.utils.LoginUtility.&lt;init&gt;(LoginUtility.java:16)
	at com.automation.tests.RescheduleFunctionalityAcceptTest.initPages(RescheduleFunctionalityAcceptTest.java:32)
	at java.base/java.util.ArrayList.forEach(ArrayList.java:1596)
... Removed 23 stack frames
</div> <!-- stack-trace -->
                </div> <!-- method-content -->
              </div> <!-- method -->
            </div> <!-- main-panel-content rounded-window-bottom -->
          </div> <!-- suite-Promilo_Automation_Suite-class-skipped -->
          <div class="suite-Promilo_Automation_Suite-class-skipped">
            <div class="main-panel-header rounded-window-top">
              <img src="skipped.png"/>
              <span class="class-name">com.automation.tests.GetConnectedTest</span>
            </div> <!-- main-panel-header rounded-window-top -->
            <div class="main-panel-content rounded-window-bottom">
              <div class="method">
                <div class="method-content">
                  <a name="verifyGetConnectedFlow">
                  </a> <!-- verifyGetConnectedFlow -->
                  <span class="method-name">verifyGetConnectedFlow</span>
                  <div class="stack-trace">com.microsoft.playwright.impl.TargetClosedError: Error {
  message=&apos;Target page, context or browser has been closed
  name=&apos;TargetClosedError
  stack=&apos;TargetClosedError:Target page, context or browser has been closed
Error
    at captureRawStack (C:\Users\Admin\AppData\Local\Temp\playwright-java-15377738447048054443\package\lib\utils\isomorphic\stackTrace.js:32:17)
    at LongStandingScope._race (C:\Users\Admin\AppData\Local\Temp\playwright-java-15377738447048054443\package\lib\utils\isomorphic\manualPromise.js:87:58)
    at LongStandingScope.race (C:\Users\Admin\AppData\Local\Temp\playwright-java-15377738447048054443\package\lib\utils\isomorphic\manualPromise.js:80:17)
    at FrameDispatcher._handleCommand (C:\Users\Admin\AppData\Local\Temp\playwright-java-15377738447048054443\package\lib\server\dispatchers\dispatcher.js:90:36)
    at DispatcherConnection.dispatch (C:\Users\Admin\AppData\Local\Temp\playwright-java-15377738447048054443\package\lib\server\dispatchers\dispatcher.js:309:39)
}
Call log:
-   - navigating to &quot;https://stage.promilo.com/&quot;, waiting until &quot;load&quot;

	at com.microsoft.playwright.impl.WaitableResult.get(WaitableResult.java:54)
	at com.microsoft.playwright.impl.ChannelOwner.runUntil(ChannelOwner.java:138)
	at com.microsoft.playwright.impl.Connection.sendMessage(Connection.java:131)
	at com.microsoft.playwright.impl.ChannelOwner.sendMessage(ChannelOwner.java:124)
	at com.microsoft.playwright.impl.FrameImpl.navigateImpl(FrameImpl.java:419)
	at com.microsoft.playwright.impl.PageImpl.navigate(PageImpl.java:918)
	at com.microsoft.playwright.impl.PageImpl.navigate(PageImpl.java:42)
	at com.microsoft.playwright.Page.navigate(Page.java:5491)
	at com.automation.tests.GetConnectedTest.openBase(GetConnectedTest.java:30)
	at java.base/java.util.ArrayList.forEach(ArrayList.java:1596)
Caused by: com.microsoft.playwright.impl.TargetClosedError: Error {
  message=&apos;Target page, context or browser has been closed
  name=&apos;TargetClosedError
  stack=&apos;TargetClosedError:Target page, context or browser has been closed
Error
    at captureRawStack (C:\Users\Admin\AppData\Local\Temp\playwright-java-15377738447048054443\package\lib\utils\isomorphic\stackTrace.js:32:17)
    at LongStandingScope._race (C:\Users\Admin\AppData\Local\Temp\playwright-java-15377738447048054443\package\lib\utils\isomorphic\manualPromise.js:87:58)
    at LongStandingScope.race (C:\Users\Admin\AppData\Local\Temp\playwright-java-15377738447048054443\package\lib\utils\isomorphic\manualPromise.js:80:17)
    at FrameDispatcher._handleCommand (C:\Users\Admin\AppData\Local\Temp\playwright-java-15377738447048054443\package\lib\server\dispatchers\dispatcher.js:90:36)
    at DispatcherConnection.dispatch (C:\Users\Admin\AppData\Local\Temp\playwright-java-15377738447048054443\package\lib\server\dispatchers\dispatcher.js:309:39)
}
Call log:
-   - navigating to &quot;https://stage.promilo.com/&quot;, waiting until &quot;load&quot;

	at com.microsoft.playwright.impl.Connection.dispatch(Connection.java:259)
	at com.microsoft.playwright.impl.Connection.processOneMessage(Connection.java:214)
	at com.microsoft.playwright.impl.ChannelOwner.runUntil(ChannelOwner.java:136)
	... 37 more
... Removed 29 stack frames
</div> <!-- stack-trace -->
                </div> <!-- method-content -->
              </div> <!-- method -->
            </div> <!-- main-panel-content rounded-window-bottom -->
          </div> <!-- suite-Promilo_Automation_Suite-class-skipped -->
          <div class="suite-Promilo_Automation_Suite-class-skipped">
            <div class="main-panel-header rounded-window-top">
              <img src="skipped.png"/>
              <span class="class-name">com.automation.tests.FeedbackLoginTest</span>
            </div> <!-- main-panel-header rounded-window-top -->
            <div class="main-panel-content rounded-window-bottom">
              <div class="method">
                <div class="method-content">
                  <a name="verifyFeedbackPopupAfterLogin">
                  </a> <!-- verifyFeedbackPopupAfterLogin -->
                  <span class="method-name">verifyFeedbackPopupAfterLogin</span>
                  <div class="stack-trace">java.lang.NullPointerException: Cannot invoke &quot;com.microsoft.playwright.Page.locator(String)&quot; because &quot;page&quot; is null
	at com.automation.pages.LoginpagePage.&lt;init&gt;(LoginpagePage.java:36)
	at com.automation.tests.FeedbackLoginTest.initPages(FeedbackLoginTest.java:30)
	at java.base/java.util.ArrayList.forEach(ArrayList.java:1596)
... Removed 23 stack frames
</div> <!-- stack-trace -->
                </div> <!-- method-content -->
              </div> <!-- method -->
            </div> <!-- main-panel-content rounded-window-bottom -->
          </div> <!-- suite-Promilo_Automation_Suite-class-skipped -->
          <div class="suite-Promilo_Automation_Suite-class-skipped">
            <div class="main-panel-header rounded-window-top">
              <img src="skipped.png"/>
              <span class="class-name">com.automation.tests.FeedbackNoSignupTest</span>
            </div> <!-- main-panel-header rounded-window-top -->
            <div class="main-panel-content rounded-window-bottom">
              <div class="method">
                <div class="method-content">
                  <a name="verifyFeedbackFlowWithoutSignup">
                  </a> <!-- verifyFeedbackFlowWithoutSignup -->
                  <span class="method-name">verifyFeedbackFlowWithoutSignup</span>
                  <div class="stack-trace">com.microsoft.playwright.impl.TargetClosedError: Error {
  message=&apos;Target page, context or browser has been closed
  name=&apos;TargetClosedError
  stack=&apos;TargetClosedError:Target page, context or browser has been closed
Error
    at captureRawStack (C:\Users\Admin\AppData\Local\Temp\playwright-java-15377738447048054443\package\lib\utils\isomorphic\stackTrace.js:32:17)
    at LongStandingScope._race (C:\Users\Admin\AppData\Local\Temp\playwright-java-15377738447048054443\package\lib\utils\isomorphic\manualPromise.js:87:58)
    at LongStandingScope.race (C:\Users\Admin\AppData\Local\Temp\playwright-java-15377738447048054443\package\lib\utils\isomorphic\manualPromise.js:80:17)
    at FrameDispatcher._handleCommand (C:\Users\Admin\AppData\Local\Temp\playwright-java-15377738447048054443\package\lib\server\dispatchers\dispatcher.js:90:36)
    at DispatcherConnection.dispatch (C:\Users\Admin\AppData\Local\Temp\playwright-java-15377738447048054443\package\lib\server\dispatchers\dispatcher.js:309:39)
    at runNextTicks (node:internal/process/task_queues:65:5)
    at process.processImmediate (node:internal/timers:453:9)
}
Call log:
-   - navigating to &quot;https://stage.promilo.com/&quot;, waiting until &quot;load&quot;

	at com.microsoft.playwright.impl.WaitableResult.get(WaitableResult.java:54)
	at com.microsoft.playwright.impl.ChannelOwner.runUntil(ChannelOwner.java:138)
	at com.microsoft.playwright.impl.Connection.sendMessage(Connection.java:131)
	at com.microsoft.playwright.impl.ChannelOwner.sendMessage(ChannelOwner.java:124)
	at com.microsoft.playwright.impl.FrameImpl.navigateImpl(FrameImpl.java:419)
	at com.microsoft.playwright.impl.PageImpl.navigate(PageImpl.java:918)
	at com.microsoft.playwright.impl.PageImpl.navigate(PageImpl.java:42)
	at com.microsoft.playwright.Page.navigate(Page.java:5491)
	at com.automation.tests.FeedbackNoSignupTest.openBaseUrl(FeedbackNoSignupTest.java:34)
	at java.base/java.util.ArrayList.forEach(ArrayList.java:1596)
Caused by: com.microsoft.playwright.impl.TargetClosedError: Error {
  message=&apos;Target page, context or browser has been closed
  name=&apos;TargetClosedError
  stack=&apos;TargetClosedError:Target page, context or browser has been closed
Error
    at captureRawStack (C:\Users\Admin\AppData\Local\Temp\playwright-java-15377738447048054443\package\lib\utils\isomorphic\stackTrace.js:32:17)
    at LongStandingScope._race (C:\Users\Admin\AppData\Local\Temp\playwright-java-15377738447048054443\package\lib\utils\isomorphic\manualPromise.js:87:58)
    at LongStandingScope.race (C:\Users\Admin\AppData\Local\Temp\playwright-java-15377738447048054443\package\lib\utils\isomorphic\manualPromise.js:80:17)
    at FrameDispatcher._handleCommand (C:\Users\Admin\AppData\Local\Temp\playwright-java-15377738447048054443\package\lib\server\dispatchers\dispatcher.js:90:36)
    at DispatcherConnection.dispatch (C:\Users\Admin\AppData\Local\Temp\playwright-java-15377738447048054443\package\lib\server\dispatchers\dispatcher.js:309:39)
    at runNextTicks (node:internal/process/task_queues:65:5)
    at process.processImmediate (node:internal/timers:453:9)
}
Call log:
-   - navigating to &quot;https://stage.promilo.com/&quot;, waiting until &quot;load&quot;

	at com.microsoft.playwright.impl.Connection.dispatch(Connection.java:259)
	at com.microsoft.playwright.impl.Connection.processOneMessage(Connection.java:214)
	at com.microsoft.playwright.impl.ChannelOwner.runUntil(ChannelOwner.java:136)
	... 37 more
... Removed 29 stack frames
</div> <!-- stack-trace -->
                </div> <!-- method-content -->
              </div> <!-- method -->
            </div> <!-- main-panel-content rounded-window-bottom -->
          </div> <!-- suite-Promilo_Automation_Suite-class-skipped -->
          <div class="suite-Promilo_Automation_Suite-class-skipped">
            <div class="main-panel-header rounded-window-top">
              <img src="skipped.png"/>
              <span class="class-name">com.automation.tests.ApplyNowNoSignupTest</span>
            </div> <!-- main-panel-header rounded-window-top -->
            <div class="main-panel-content rounded-window-bottom">
              <div class="method">
                <div class="method-content">
                  <a name="verifyApplyNowWithoutSignup">
                  </a> <!-- verifyApplyNowWithoutSignup -->
                  <span class="method-name">verifyApplyNowWithoutSignup</span>
                  <div class="stack-trace">com.microsoft.playwright.impl.TargetClosedError: Error {
  message=&apos;Target page, context or browser has been closed
  name=&apos;TargetClosedError
  stack=&apos;TargetClosedError:Target page, context or browser has been closed
Error
    at captureRawStack (C:\Users\Admin\AppData\Local\Temp\playwright-java-15377738447048054443\package\lib\utils\isomorphic\stackTrace.js:32:17)
    at LongStandingScope._race (C:\Users\Admin\AppData\Local\Temp\playwright-java-15377738447048054443\package\lib\utils\isomorphic\manualPromise.js:87:58)
    at LongStandingScope.race (C:\Users\Admin\AppData\Local\Temp\playwright-java-15377738447048054443\package\lib\utils\isomorphic\manualPromise.js:80:17)
    at FrameDispatcher._handleCommand (C:\Users\Admin\AppData\Local\Temp\playwright-java-15377738447048054443\package\lib\server\dispatchers\dispatcher.js:90:36)
    at DispatcherConnection.dispatch (C:\Users\Admin\AppData\Local\Temp\playwright-java-15377738447048054443\package\lib\server\dispatchers\dispatcher.js:309:39)
}
Call log:
-   - navigating to &quot;https://stage.promilo.com/&quot;, waiting until &quot;load&quot;

	at com.microsoft.playwright.impl.WaitableResult.get(WaitableResult.java:54)
	at com.microsoft.playwright.impl.ChannelOwner.runUntil(ChannelOwner.java:138)
	at com.microsoft.playwright.impl.Connection.sendMessage(Connection.java:131)
	at com.microsoft.playwright.impl.ChannelOwner.sendMessage(ChannelOwner.java:124)
	at com.microsoft.playwright.impl.FrameImpl.navigateImpl(FrameImpl.java:419)
	at com.microsoft.playwright.impl.PageImpl.navigate(PageImpl.java:918)
	at com.microsoft.playwright.impl.PageImpl.navigate(PageImpl.java:42)
	at com.microsoft.playwright.Page.navigate(Page.java:5491)
	at com.automation.tests.ApplyNowNoSignupTest.openBase(ApplyNowNoSignupTest.java:31)
	at java.base/java.util.ArrayList.forEach(ArrayList.java:1596)
Caused by: com.microsoft.playwright.impl.TargetClosedError: Error {
  message=&apos;Target page, context or browser has been closed
  name=&apos;TargetClosedError
  stack=&apos;TargetClosedError:Target page, context or browser has been closed
Error
    at captureRawStack (C:\Users\Admin\AppData\Local\Temp\playwright-java-15377738447048054443\package\lib\utils\isomorphic\stackTrace.js:32:17)
    at LongStandingScope._race (C:\Users\Admin\AppData\Local\Temp\playwright-java-15377738447048054443\package\lib\utils\isomorphic\manualPromise.js:87:58)
    at LongStandingScope.race (C:\Users\Admin\AppData\Local\Temp\playwright-java-15377738447048054443\package\lib\utils\isomorphic\manualPromise.js:80:17)
    at FrameDispatcher._handleCommand (C:\Users\Admin\AppData\Local\Temp\playwright-java-15377738447048054443\package\lib\server\dispatchers\dispatcher.js:90:36)
    at DispatcherConnection.dispatch (C:\Users\Admin\AppData\Local\Temp\playwright-java-15377738447048054443\package\lib\server\dispatchers\dispatcher.js:309:39)
}
Call log:
-   - navigating to &quot;https://stage.promilo.com/&quot;, waiting until &quot;load&quot;

	at com.microsoft.playwright.impl.Connection.dispatch(Connection.java:259)
	at com.microsoft.playwright.impl.Connection.processOneMessage(Connection.java:214)
	at com.microsoft.playwright.impl.ChannelOwner.runUntil(ChannelOwner.java:136)
	... 37 more
... Removed 29 stack frames
</div> <!-- stack-trace -->
                </div> <!-- method-content -->
              </div> <!-- method -->
            </div> <!-- main-panel-content rounded-window-bottom -->
          </div> <!-- suite-Promilo_Automation_Suite-class-skipped -->
        </div> <!-- panel Promilo_Automation_Suite -->
        <div panel-name="test-xml-Promilo_Automation_Suite" class="panel">
          <div class="main-panel-header rounded-window-top">
            <span class="header-content">C:\Users\Admin\git\repository\internship-automation\testng.xml</span>
          </div> <!-- main-panel-header rounded-window-top -->
          <div class="main-panel-content rounded-window-bottom">
            <pre>
&lt;?xml version=&quot;1.0&quot; encoding=&quot;UTF-8&quot;?&gt;
&lt;!DOCTYPE suite SYSTEM &quot;https://testng.org/testng-1.0.dtd&quot;&gt;
&lt;suite name=&quot;Promilo Automation Suite&quot; guice-stage=&quot;DEVELOPMENT&quot;&gt;
  &lt;listeners&gt;
    &lt;listener class-name=&quot;com.automation.listeners.ExtentTestListener&quot;/&gt;
  &lt;/listeners&gt;
  &lt;test thread-count=&quot;5&quot; name=&quot;All Tests&quot;&gt;
    &lt;packages&gt;
      &lt;package name=&quot;com.automation.tests&quot;/&gt;
    &lt;/packages&gt;
    &lt;classes&gt;
      &lt;class name=&quot;com.automation.tests.ApplyNowEmailTest&quot;/&gt;
      &lt;class name=&quot;com.automation.tests.ApplyNowLoginTest&quot;/&gt;
      &lt;class name=&quot;com.automation.tests.ApplyNowMobileTest&quot;/&gt;
      &lt;class name=&quot;com.automation.tests.ApplyNowNegativeTest&quot;/&gt;
      &lt;class name=&quot;com.automation.tests.ApplyNowNoSignupTest&quot;/&gt;
      &lt;class name=&quot;com.automation.tests.FeedbackEmailTest&quot;/&gt;
      &lt;class name=&quot;com.automation.tests.FeedbackLoginTest&quot;/&gt;
      &lt;class name=&quot;com.automation.tests.FeedbackMobileTest&quot;/&gt;
      &lt;class name=&quot;com.automation.tests.FeedbackNegativeTest&quot;/&gt;
      &lt;class name=&quot;com.automation.tests.FeedbackNoSignupTest&quot;/&gt;
      &lt;class name=&quot;com.automation.tests.GetConnectedNegativeTest&quot;/&gt;
      &lt;class name=&quot;com.automation.tests.GetConnectedTest&quot;/&gt;
      &lt;class name=&quot;com.automation.tests.RegisterWithUsNegativeTest&quot;/&gt;
      &lt;class name=&quot;com.automation.tests.RegisterWithUsTest&quot;/&gt;
      &lt;class name=&quot;com.automation.tests.RescheduleFunctionalityAcceptTest&quot;/&gt;
      &lt;class name=&quot;com.automation.tests.RescheduleFunctionalityRejectTest&quot;/&gt;
    &lt;/classes&gt;
  &lt;/test&gt; &lt;!-- All Tests --&gt;
&lt;/suite&gt; &lt;!-- Promilo Automation Suite --&gt;
            </pre>
          </div> <!-- main-panel-content rounded-window-bottom -->
        </div> <!-- panel -->
        <div panel-name="testlist-Promilo_Automation_Suite" class="panel">
          <div class="main-panel-header rounded-window-top">
            <span class="header-content">Tests for Promilo Automation Suite</span>
          </div> <!-- main-panel-header rounded-window-top -->
          <div class="main-panel-content rounded-window-bottom">
            <ul>
              <li>
                <span class="test-name">All Tests (16 classes)</span>
              </li>
            </ul>
          </div> <!-- main-panel-content rounded-window-bottom -->
        </div> <!-- panel -->
        <div panel-name="group-Promilo_Automation_Suite" class="panel">
          <div class="main-panel-header rounded-window-top">
            <span class="header-content">Groups for Promilo Automation Suite</span>
          </div> <!-- main-panel-header rounded-window-top -->
          <div class="main-panel-content rounded-window-bottom">
          </div> <!-- main-panel-content rounded-window-bottom -->
        </div> <!-- panel -->
        <div panel-name="times-Promilo_Automation_Suite" class="panel">
          <div class="main-panel-header rounded-window-top">
            <span class="header-content">Times for Promilo Automation Suite</span>
          </div> <!-- main-panel-header rounded-window-top -->
          <div class="main-panel-content rounded-window-bottom">
            <div class="times-div">
              <script type="text/javascript">
suiteTableInitFunctions.push('tableData_Promilo_Automation_Suite');
function tableData_Promilo_Automation_Suite() {
var data = new google.visualization.DataTable();
data.addColumn('number', 'Number');
data.addColumn('string', 'Method');
data.addColumn('string', 'Class');
data.addColumn('number', 'Time (ms)');
data.addRows(16);
data.setCell(0, 0, 0)
data.setCell(0, 1, 'verifyApplyNowViaEmail_fullStrictValidation')
data.setCell(0, 2, 'com.automation.tests.ApplyNowEmailTest')
data.setCell(0, 3, 4110);
data.setCell(1, 0, 1)
data.setCell(1, 1, 'fullApplyNowNegativeFlow')
data.setCell(1, 2, 'com.automation.tests.ApplyNowNegativeTest')
data.setCell(1, 3, 783);
data.setCell(2, 0, 2)
data.setCell(2, 1, 'verifyApplyNowViaLogin')
data.setCell(2, 2, 'com.automation.tests.ApplyNowLoginTest')
data.setCell(2, 3, 155);
data.setCell(3, 0, 3)
data.setCell(3, 1, 'verifyRegisterWithUsFlow')
data.setCell(3, 2, 'com.automation.tests.RegisterWithUsTest')
data.setCell(3, 3, 51);
data.setCell(4, 0, 4)
data.setCell(4, 1, 'verifyApplyNowWithoutSignup')
data.setCell(4, 2, 'com.automation.tests.ApplyNowNoSignupTest')
data.setCell(4, 3, 2);
data.setCell(5, 0, 5)
data.setCell(5, 1, 'verifyCandidateToAdvertiserRescheduleCancelFlow')
data.setCell(5, 2, 'com.automation.tests.RescheduleFunctionalityRejectTest')
data.setCell(5, 3, 1);
data.setCell(6, 0, 6)
data.setCell(6, 1, 'verifyApplyNowViaMobile')
data.setCell(6, 2, 'com.automation.tests.ApplyNowMobileTest')
data.setCell(6, 3, 1);
data.setCell(7, 0, 7)
data.setCell(7, 1, 'verifyFeedbackViaEmailSignup')
data.setCell(7, 2, 'com.automation.tests.FeedbackEmailTest')
data.setCell(7, 3, 0);
data.setCell(8, 0, 8)
data.setCell(8, 1, 'fullFeedbackNegativeFlow')
data.setCell(8, 2, 'com.automation.tests.FeedbackNegativeTest')
data.setCell(8, 3, 0);
data.setCell(9, 0, 9)
data.setCell(9, 1, 'fullRegisterWithUsNegativeFlow')
data.setCell(9, 2, 'com.automation.tests.RegisterWithUsNegativeTest')
data.setCell(9, 3, 0);
data.setCell(10, 0, 10)
data.setCell(10, 1, 'verifyGetConnectedFlow')
data.setCell(10, 2, 'com.automation.tests.GetConnectedTest')
data.setCell(10, 3, 0);
data.setCell(11, 0, 11)
data.setCell(11, 1, 'fullGetConnectedNegativeFlow')
data.setCell(11, 2, 'com.automation.tests.GetConnectedNegativeTest')
data.setCell(11, 3, 0);
data.setCell(12, 0, 12)
data.setCell(12, 1, 'verifyFeedbackPopupAfterLogin')
data.setCell(12, 2, 'com.automation.tests.FeedbackLoginTest')
data.setCell(12, 3, 0);
data.setCell(13, 0, 13)
data.setCell(13, 1, 'verifyFeedbackPopupViaMobileSignup')
data.setCell(13, 2, 'com.automation.tests.FeedbackMobileTest')
data.setCell(13, 3, 0);
data.setCell(14, 0, 14)
data.setCell(14, 1, 'verifyFeedbackFlowWithoutSignup')
data.setCell(14, 2, 'com.automation.tests.FeedbackNoSignupTest')
data.setCell(14, 3, 0);
data.setCell(15, 0, 15)
data.setCell(15, 1, 'verifyCandidateToAdvertiserRescheduleFlow')
data.setCell(15, 2, 'com.automation.tests.RescheduleFunctionalityAcceptTest')
data.setCell(15, 3, 0);
window.suiteTableData['Promilo_Automation_Suite']= { tableData: data, tableDiv: 'times-div-Promilo_Automation_Suite'}
return data;
}
              </script>
              <span class="suite-total-time">Total running time: 5 seconds</span>
              <div id="times-div-Promilo_Automation_Suite">
              </div> <!-- times-div-Promilo_Automation_Suite -->
            </div> <!-- times-div -->
          </div> <!-- main-panel-content rounded-window-bottom -->
        </div> <!-- panel -->
        <div panel-name="reporter-Promilo_Automation_Suite" class="panel">
          <div class="main-panel-header rounded-window-top">
            <span class="header-content">Reporter output for Promilo Automation Suite</span>
          </div> <!-- main-panel-header rounded-window-top -->
          <div class="main-panel-content rounded-window-bottom">
            <div class="reporter-method-div">
              <span class="reporter-method-name">verifyApplyNowViaEmail_fullStrictValidation</span>
              <div class="reporter-method-output-div">
                <span class="reporter-method-output">[Generated Name] Kavya R</span>
                <span class="reporter-method-output">[Generated Email] testkavyar156@yopmail.com</span>
                <span class="reporter-method-output">[Generated Phone] 9000015020</span>
                <span class="reporter-method-output">Name: Kavya R</span>
                <span class="reporter-method-output">Email: testkavyar156@yopmail.com</span>
                <span class="reporter-method-output">Phone: 9000015020</span>
                <span class="reporter-method-output">[Click] Sign Up ✓</span>
                <span class="reporter-method-output">[Fill] Email = testkavyar156@yopmail.com</span>
                <span class="reporter-method-output">[Click] Send OTP ✓</span>
                <span class="reporter-method-output">[Fill FAILED] OTP</span>
                <span class="reporter-method-output">⚠ Screenshot failed: Fill_OTP_FAILED</span>
                <span class="reporter-method-output">⚠ Screenshot failed: verifyApplyNowViaEmail_fullStrictValidation</span>
              </div> <!-- reporter-method-output-div -->
            </div> <!-- reporter-method-div -->
            <div class="reporter-method-div">
              <span class="reporter-method-name">fullApplyNowNegativeFlow</span>
              <div class="reporter-method-output-div">
                <span class="reporter-method-output">==== APPLY NOW FULL NEGATIVE FLOW STARTED ====</span>
                <span class="reporter-method-output">⚠ Screenshot failed: fullApplyNowNegativeFlow</span>
              </div> <!-- reporter-method-output-div -->
            </div> <!-- reporter-method-div -->
            <div class="reporter-method-div">
              <span class="reporter-method-name">verifyApplyNowViaLogin</span>
              <div class="reporter-method-output-div">
                <span class="reporter-method-output">Logging in using saved signup account</span>
                <span class="reporter-method-output">⚠ Screenshot failed: verifyApplyNowViaLogin</span>
              </div> <!-- reporter-method-output-div -->
            </div> <!-- reporter-method-div -->
            <div class="reporter-method-div">
              <span class="reporter-method-name">verifyRegisterWithUsFlow</span>
              <div class="reporter-method-output-div">
                <span class="reporter-method-output">[Generated Name] Ritu D</span>
                <span class="reporter-method-output">[Generated Phone] 9000017612</span>
                <span class="reporter-method-output">[Generated Email] testritud674@yopmail.com</span>
                <span class="reporter-method-output">[DATA] Name = Ritu D</span>
                <span class="reporter-method-output">[DATA] Phone = 9000017612</span>
                <span class="reporter-method-output">[DATA] Email = testritud674@yopmail.com</span>
                <span class="reporter-method-output">[Click FAILED] Open Internships Tab</span>
                <span class="reporter-method-output">⚠ Screenshot failed: Open Internships Tab_FAILED</span>
                <span class="reporter-method-output">⚠ Screenshot failed: verifyRegisterWithUsFlow</span>
              </div> <!-- reporter-method-output-div -->
            </div> <!-- reporter-method-div -->
          </div> <!-- main-panel-content rounded-window-bottom -->
        </div> <!-- panel -->
        <div panel-name="ignored-methods-Promilo_Automation_Suite" class="panel">
          <div class="main-panel-header rounded-window-top">
            <span class="header-content">0 ignored methods</span>
          </div> <!-- main-panel-header rounded-window-top -->
          <div class="main-panel-content rounded-window-bottom">
          </div> <!-- main-panel-content rounded-window-bottom -->
        </div> <!-- panel -->
        <div panel-name="chronological-Promilo_Automation_Suite" class="panel">
          <div class="main-panel-header rounded-window-top">
            <span class="header-content">Methods in chronological order</span>
          </div> <!-- main-panel-header rounded-window-top -->
          <div class="main-panel-content rounded-window-bottom">
            <div class="chronological-class">
              <div class="chronological-class-name">com.automation.tests.ApplyNowEmailTest</div> <!-- chronological-class-name -->
              <div class="configuration-method before">
                <span class="method-name">launchBrowser</span>
                <span class="method-start">0 ms</span>
              </div> <!-- configuration-method before -->
              <div class="configuration-method before">
                <span class="method-name">init</span>
                <span class="method-start">27647 ms</span>
              </div> <!-- configuration-method before -->
              <div class="test-method">
                <img src="failed.png">
                </img>
                <span class="method-name">verifyApplyNowViaEmail_fullStrictValidation</span>
                <span class="method-start">29762 ms</span>
              </div> <!-- test-method -->
              <div class="configuration-method after">
                <span class="method-name">closeBrowser</span>
                <span class="method-start">33948 ms</span>
              </div> <!-- configuration-method after -->
            </div> <!-- chronological-class -->
            <div class="chronological-class">
              <div class="chronological-class-name">com.automation.tests.ApplyNowLoginTest</div> <!-- chronological-class-name -->
              <div class="configuration-method before">
                <span class="method-name">launchBrowser</span>
                <span class="method-start">34470 ms</span>
              </div> <!-- configuration-method before -->
              <div class="configuration-method before">
                <span class="method-name">init</span>
                <span class="method-start">36130 ms</span>
              </div> <!-- configuration-method before -->
              <div class="test-method">
                <img src="failed.png">
                </img>
                <span class="method-name">verifyApplyNowViaLogin</span>
                <span class="method-start">37716 ms</span>
              </div> <!-- test-method -->
              <div class="configuration-method after">
                <span class="method-name">closeBrowser</span>
                <span class="method-start">37888 ms</span>
              </div> <!-- configuration-method after -->
            </div> <!-- chronological-class -->
            <div class="chronological-class">
              <div class="chronological-class-name">com.automation.tests.ApplyNowMobileTest</div> <!-- chronological-class-name -->
              <div class="configuration-method before">
                <span class="method-name">launchBrowser</span>
                <span class="method-start">38304 ms</span>
              </div> <!-- configuration-method before -->
              <div class="configuration-method before">
                <img src="failed.png">
                </img>
                <span class="method-name">init</span>
                <span class="method-start">40192 ms</span>
              </div> <!-- configuration-method before -->
              <div class="configuration-method after">
                <span class="method-name">closeBrowser</span>
                <span class="method-start">41350 ms</span>
              </div> <!-- configuration-method after -->
            </div> <!-- chronological-class -->
            <div class="chronological-class">
              <div class="chronological-class-name">com.automation.tests.ApplyNowNegativeTest</div> <!-- chronological-class-name -->
              <div class="configuration-method before">
                <span class="method-name">launchBrowser</span>
                <span class="method-start">41757 ms</span>
              </div> <!-- configuration-method before -->
              <div class="test-method">
                <img src="failed.png">
                </img>
                <span class="method-name">fullApplyNowNegativeFlow</span>
                <span class="method-start">43589 ms</span>
              </div> <!-- test-method -->
              <div class="configuration-method after">
                <span class="method-name">closeBrowser</span>
                <span class="method-start">44418 ms</span>
              </div> <!-- configuration-method after -->
            </div> <!-- chronological-class -->
            <div class="chronological-class">
              <div class="chronological-class-name">com.automation.tests.ApplyNowNoSignupTest</div> <!-- chronological-class-name -->
              <div class="configuration-class before">
                <span class="method-name">initPages</span>
                <span class="method-start">44841 ms</span>
              </div> <!-- configuration-class before -->
              <div class="configuration-method before">
                <span class="method-name">launchBrowser</span>
                <span class="method-start">44841 ms</span>
              </div> <!-- configuration-method before -->
              <div class="configuration-method before">
                <img src="failed.png">
                </img>
                <span class="method-name">openBase</span>
                <span class="method-start">46469 ms</span>
              </div> <!-- configuration-method before -->
              <div class="configuration-method after">
                <span class="method-name">closeBrowser</span>
                <span class="method-start">47485 ms</span>
              </div> <!-- configuration-method after -->
            </div> <!-- chronological-class -->
            <div class="chronological-class">
              <div class="chronological-class-name">com.automation.tests.FeedbackEmailTest</div> <!-- chronological-class-name -->
              <div class="configuration-method before">
                <span class="method-name">launchBrowser</span>
                <span class="method-start">47955 ms</span>
              </div> <!-- configuration-method before -->
              <div class="configuration-method before">
                <img src="failed.png">
                </img>
                <span class="method-name">openBaseUrl</span>
                <span class="method-start">49639 ms</span>
              </div> <!-- configuration-method before -->
              <div class="configuration-method after">
                <span class="method-name">closeBrowser</span>
                <span class="method-start">50484 ms</span>
              </div> <!-- configuration-method after -->
            </div> <!-- chronological-class -->
            <div class="chronological-class">
              <div class="chronological-class-name">com.automation.tests.FeedbackLoginTest</div> <!-- chronological-class-name -->
              <div class="configuration-class before">
                <img src="failed.png">
                </img>
                <span class="method-name">initPages</span>
                <span class="method-start">50917 ms</span>
              </div> <!-- configuration-class before -->
              <div class="configuration-method after">
                <span class="method-name">closeBrowser</span>
                <span class="method-start">50933 ms</span>
              </div> <!-- configuration-method after -->
            </div> <!-- chronological-class -->
            <div class="chronological-class">
              <div class="chronological-class-name">com.automation.tests.FeedbackMobileTest</div> <!-- chronological-class-name -->
              <div class="configuration-method before">
                <span class="method-name">launchBrowser</span>
                <span class="method-start">50936 ms</span>
              </div> <!-- configuration-method before -->
              <div class="configuration-method before">
                <img src="failed.png">
                </img>
                <span class="method-name">openBase</span>
                <span class="method-start">52699 ms</span>
              </div> <!-- configuration-method before -->
              <div class="configuration-method after">
                <span class="method-name">closeBrowser</span>
                <span class="method-start">53662 ms</span>
              </div> <!-- configuration-method after -->
            </div> <!-- chronological-class -->
            <div class="chronological-class">
              <div class="chronological-class-name">com.automation.tests.FeedbackNegativeTest</div> <!-- chronological-class-name -->
              <div class="configuration-method before">
                <span class="method-name">launchBrowser</span>
                <span class="method-start">54103 ms</span>
              </div> <!-- configuration-method before -->
              <div class="configuration-method before">
                <img src="failed.png">
                </img>
                <span class="method-name">openBase</span>
                <span class="method-start">55802 ms</span>
              </div> <!-- configuration-method before -->
              <div class="configuration-method after">
                <span class="method-name">closeBrowser</span>
                <span class="method-start">56521 ms</span>
              </div> <!-- configuration-method after -->
            </div> <!-- chronological-class -->
            <div class="chronological-class">
              <div class="chronological-class-name">com.automation.tests.FeedbackNoSignupTest</div> <!-- chronological-class-name -->
              <div class="configuration-class before">
                <span class="method-name">init</span>
                <span class="method-start">56970 ms</span>
              </div> <!-- configuration-class before -->
              <div class="configuration-method before">
                <span class="method-name">launchBrowser</span>
                <span class="method-start">56971 ms</span>
              </div> <!-- configuration-method before -->
              <div class="configuration-method before">
                <img src="failed.png">
                </img>
                <span class="method-name">openBaseUrl</span>
                <span class="method-start">58619 ms</span>
              </div> <!-- configuration-method before -->
              <div class="configuration-method after">
                <span class="method-name">closeBrowser</span>
                <span class="method-start">59379 ms</span>
              </div> <!-- configuration-method after -->
            </div> <!-- chronological-class -->
            <div class="chronological-class">
              <div class="chronological-class-name">com.automation.tests.GetConnectedNegativeTest</div> <!-- chronological-class-name -->
              <div class="configuration-method before">
                <span class="method-name">launchBrowser</span>
                <span class="method-start">59803 ms</span>
              </div> <!-- configuration-method before -->
              <div class="configuration-method before">
                <img src="failed.png">
                </img>
                <span class="method-name">openBase</span>
                <span class="method-start">61379 ms</span>
              </div> <!-- configuration-method before -->
              <div class="configuration-method after">
                <span class="method-name">closeBrowser</span>
                <span class="method-start">62229 ms</span>
              </div> <!-- configuration-method after -->
            </div> <!-- chronological-class -->
            <div class="chronological-class">
              <div class="chronological-class-name">com.automation.tests.GetConnectedTest</div> <!-- chronological-class-name -->
              <div class="configuration-method before">
                <span class="method-name">launchBrowser</span>
                <span class="method-start">62751 ms</span>
              </div> <!-- configuration-method before -->
              <div class="configuration-method before">
                <img src="failed.png">
                </img>
                <span class="method-name">openBase</span>
                <span class="method-start">64529 ms</span>
              </div> <!-- configuration-method before -->
              <div class="configuration-method after">
                <span class="method-name">closeBrowser</span>
                <span class="method-start">65195 ms</span>
              </div> <!-- configuration-method after -->
            </div> <!-- chronological-class -->
            <div class="chronological-class">
              <div class="chronological-class-name">com.automation.tests.RegisterWithUsNegativeTest</div> <!-- chronological-class-name -->
              <div class="configuration-method before">
                <span class="method-name">launchBrowser</span>
                <span class="method-start">65656 ms</span>
              </div> <!-- configuration-method before -->
              <div class="configuration-method before">
                <img src="failed.png">
                </img>
                <span class="method-name">openBase</span>
                <span class="method-start">67327 ms</span>
              </div> <!-- configuration-method before -->
              <div class="configuration-method after">
                <span class="method-name">closeBrowser</span>
                <span class="method-start">69696 ms</span>
              </div> <!-- configuration-method after -->
            </div> <!-- chronological-class -->
            <div class="chronological-class">
              <div class="chronological-class-name">com.automation.tests.RegisterWithUsTest</div> <!-- chronological-class-name -->
              <div class="configuration-method before">
                <span class="method-name">launchBrowser</span>
                <span class="method-start">70136 ms</span>
              </div> <!-- configuration-method before -->
              <div class="configuration-method before">
                <span class="method-name">openBase</span>
                <span class="method-start">71726 ms</span>
              </div> <!-- configuration-method before -->
              <div class="test-method">
                <img src="failed.png">
                </img>
                <span class="method-name">verifyRegisterWithUsFlow</span>
                <span class="method-start">73560 ms</span>
              </div> <!-- test-method -->
              <div class="configuration-method after">
                <span class="method-name">closeBrowser</span>
                <span class="method-start">73620 ms</span>
              </div> <!-- configuration-method after -->
            </div> <!-- chronological-class -->
            <div class="chronological-class">
              <div class="chronological-class-name">com.automation.tests.RescheduleFunctionalityAcceptTest</div> <!-- chronological-class-name -->
              <div class="configuration-class before">
                <img src="failed.png">
                </img>
                <span class="method-name">initPages</span>
                <span class="method-start">74103 ms</span>
              </div> <!-- configuration-class before -->
              <div class="configuration-method after">
                <span class="method-name">closeBrowser</span>
                <span class="method-start">74116 ms</span>
              </div> <!-- configuration-method after -->
            </div> <!-- chronological-class -->
            <div class="chronological-class">
              <div class="chronological-class-name">com.automation.tests.RescheduleFunctionalityRejectTest</div> <!-- chronological-class-name -->
              <div class="configuration-class before">
                <img src="failed.png">
                </img>
                <span class="method-name">initPages</span>
                <span class="method-start">74118 ms</span>
              </div> <!-- configuration-class before -->
              <div class="configuration-method after">
                <span class="method-name">closeBrowser</span>
                <span class="method-start">74135 ms</span>
              </div> <!-- configuration-method after -->
          </div> <!-- main-panel-content rounded-window-bottom -->
        </div> <!-- panel -->
      </div> <!-- main-panel-root -->
    </div> <!-- wrapper -->
  </body>
<script type="text/javascript" src="testng-reports2.js"></script>
</html>
