<?xml version="1.0" encoding="UTF-8"?>
<testng-results ignored="0" total="16" passed="0" failed="4" skipped="12">
  <reporter-output>
    <line>
      <![CDATA[[Generated Name] Kavya R]]>
    </line>
    <line>
      <![CDATA[[Generated Email] testkavyar156@yopmail.com]]>
    </line>
    <line>
      <![CDATA[[Generated Phone] 9000015020]]>
    </line>
    <line>
      <![CDATA[Name: Kavya R]]>
    </line>
    <line>
      <![CDATA[Email: testkavyar156@yopmail.com]]>
    </line>
    <line>
      <![CDATA[Phone: 9000015020]]>
    </line>
    <line>
      <![CDATA[[Click] Sign Up ✓]]>
    </line>
    <line>
      <![CDATA[[Fill] Email = testkavyar156@yopmail.com]]>
    </line>
    <line>
      <![CDATA[[Click] Send OTP ✓]]>
    </line>
    <line>
      <![CDATA[[Fill FAILED] OTP]]>
    </line>
    <line>
      <![CDATA[⚠ Screenshot failed: Fill_OTP_FAILED]]>
    </line>
    <line>
      <![CDATA[⚠ Screenshot failed: verifyApplyNowViaEmail_fullStrictValidation]]>
    </line>
    <line>
      <![CDATA[Logging in using saved signup account]]>
    </line>
    <line>
      <![CDATA[⚠ Screenshot failed: verifyApplyNowViaLogin]]>
    </line>
    <line>
      <![CDATA[==== APPLY NOW FULL NEGATIVE FLOW STARTED ====]]>
    </line>
    <line>
      <![CDATA[⚠ Screenshot failed: fullApplyNowNegativeFlow]]>
    </line>
    <line>
      <![CDATA[Navigating to https://stage.promilo.com/]]>
    </line>
    <line>
      <![CDATA[[Step 1] Navigating to Promilo...]]>
    </line>
    <line>
      <![CDATA[[Step 1] Navigating to Homepage…]]>
    </line>
    <line>
      <![CDATA[Navigating to Promilo]]>
    </line>
    <line>
      <![CDATA[[Step 1] Navigating to: https://stage.promilo.com/]]>
    </line>
    <line>
      <![CDATA[Navigating to Promilo]]>
    </line>
    <line>
      <![CDATA[Navigating to Promilo]]>
    </line>
    <line>
      <![CDATA[[Step 1] Navigating to https://stage.promilo.com/]]>
    </line>
    <line>
      <![CDATA[[Click FAILED] Open Internships]]>
    </line>
    <line>
      <![CDATA[⚠ Screenshot failed: Open Internships_FAILED]]>
    </line>
    <line>
      <![CDATA[[Step 1] Navigating to https://stage.promilo.com/]]>
    </line>
    <line>
      <![CDATA[[Generated Name] Ritu D]]>
    </line>
    <line>
      <![CDATA[[Generated Phone] 9000017612]]>
    </line>
    <line>
      <![CDATA[[Generated Email] testritud674@yopmail.com]]>
    </line>
    <line>
      <![CDATA[[DATA] Name = Ritu D]]>
    </line>
    <line>
      <![CDATA[[DATA] Phone = 9000017612]]>
    </line>
    <line>
      <![CDATA[[DATA] Email = testritud674@yopmail.com]]>
    </line>
    <line>
      <![CDATA[[Click FAILED] Open Internships Tab]]>
    </line>
    <line>
      <![CDATA[⚠ Screenshot failed: Open Internships Tab_FAILED]]>
    </line>
    <line>
      <![CDATA[⚠ Screenshot failed: verifyRegisterWithUsFlow]]>
    </line>
  </reporter-output>
  <suite started-at="2025-12-23T14:21:12 IST" name="Promilo Automation Suite" finished-at="2025-12-23T14:22:26 IST" duration-ms="74202">
    <groups>
    </groups>
    <test started-at="2025-12-23T14:21:12 IST" name="All Tests" finished-at="2025-12-23T14:22:26 IST" duration-ms="74202">
      <class name="com.automation.tests.FeedbackEmailTest">
        <test-method is-config="true" signature="launchBrowser()[pri:0, instance:com.automation.tests.FeedbackEmailTest@2bdd8394]" started-at="2025-12-23T14:22:00 IST" name="launchBrowser" finished-at="2025-12-23T14:22:01 IST" duration-ms="1683" status="PASS">
          <reporter-output>
          </reporter-output>
        </test-method> <!-- launchBrowser -->
        <test-method is-config="true" signature="openBaseUrl()[pri:0, instance:com.automation.tests.FeedbackEmailTest@2bdd8394]" started-at="2025-12-23T14:22:01 IST" name="openBaseUrl" finished-at="2025-12-23T14:22:02 IST" duration-ms="775" status="FAIL">
          <exception class="com.microsoft.playwright.impl.TargetClosedError">
            <message>
              <![CDATA[Error {
  message='Target page, context or browser has been closed
  name='TargetClosedError
  stack='TargetClosedError:Target page, context or browser has been closed
Error
    at captureRawStack (C:\Users\Admin\AppData\Local\Temp\playwright-java-15377738447048054443\package\lib\utils\isomorphic\stackTrace.js:32:17)
    at LongStandingScope._race (C:\Users\Admin\AppData\Local\Temp\playwright-java-15377738447048054443\package\lib\utils\isomorphic\manualPromise.js:87:58)
    at LongStandingScope.race (C:\Users\Admin\AppData\Local\Temp\playwright-java-15377738447048054443\package\lib\utils\isomorphic\manualPromise.js:80:17)
    at FrameDispatcher._handleCommand (C:\Users\Admin\AppData\Local\Temp\playwright-java-15377738447048054443\package\lib\server\dispatchers\dispatcher.js:90:36)
    at DispatcherConnection.dispatch (C:\Users\Admin\AppData\Local\Temp\playwright-java-15377738447048054443\package\lib\server\dispatchers\dispatcher.js:309:39)
}
Call log:
-   - navigating to "https://stage.promilo.com/", waiting until "load"
]]>
            </message>
            <full-stacktrace>
              <![CDATA[com.microsoft.playwright.impl.TargetClosedError: Error {
  message='Target page, context or browser has been closed
  name='TargetClosedError
  stack='TargetClosedError:Target page, context or browser has been closed
Error
    at captureRawStack (C:\Users\Admin\AppData\Local\Temp\playwright-java-15377738447048054443\package\lib\utils\isomorphic\stackTrace.js:32:17)
    at LongStandingScope._race (C:\Users\Admin\AppData\Local\Temp\playwright-java-15377738447048054443\package\lib\utils\isomorphic\manualPromise.js:87:58)
    at LongStandingScope.race (C:\Users\Admin\AppData\Local\Temp\playwright-java-15377738447048054443\package\lib\utils\isomorphic\manualPromise.js:80:17)
    at FrameDispatcher._handleCommand (C:\Users\Admin\AppData\Local\Temp\playwright-java-15377738447048054443\package\lib\server\dispatchers\dispatcher.js:90:36)
    at DispatcherConnection.dispatch (C:\Users\Admin\AppData\Local\Temp\playwright-java-15377738447048054443\package\lib\server\dispatchers\dispatcher.js:309:39)
}
Call log:
-   - navigating to "https://stage.promilo.com/", waiting until "load"

at com.microsoft.playwright.impl.WaitableResult.get(WaitableResult.java:54)
at com.microsoft.playwright.impl.ChannelOwner.runUntil(ChannelOwner.java:138)
at com.microsoft.playwright.impl.Connection.sendMessage(Connection.java:131)
at com.microsoft.playwright.impl.ChannelOwner.sendMessage(ChannelOwner.java:124)
at com.microsoft.playwright.impl.FrameImpl.navigateImpl(FrameImpl.java:419)
at com.microsoft.playwright.impl.PageImpl.navigate(PageImpl.java:918)
at com.microsoft.playwright.impl.PageImpl.navigate(PageImpl.java:42)
at com.microsoft.playwright.Page.navigate(Page.java:5491)
at com.automation.tests.FeedbackEmailTest.openBaseUrl(FeedbackEmailTest.java:33)
at java.base/jdk.internal.reflect.DirectMethodHandleAccessor.invoke(DirectMethodHandleAccessor.java:103)
at java.base/java.lang.reflect.Method.invoke(Method.java:580)
at org.testng.internal.invokers.MethodInvocationHelper.invokeMethod(MethodInvocationHelper.java:141)
at org.testng.internal.invokers.MethodInvocationHelper.invokeMethodConsideringTimeout(MethodInvocationHelper.java:71)
at org.testng.internal.invokers.ConfigInvoker.invokeConfigurationMethod(ConfigInvoker.java:400)
at org.testng.internal.invokers.ConfigInvoker.invokeConfigurations(ConfigInvoker.java:333)
at org.testng.internal.invokers.TestInvoker.runConfigMethods(TestInvoker.java:833)
at org.testng.internal.invokers.TestInvoker.invokeMethod(TestInvoker.java:600)
at org.testng.internal.invokers.TestInvoker.invokeTestMethod(TestInvoker.java:230)
at org.testng.internal.invokers.MethodRunner.runInSequence(MethodRunner.java:63)
at org.testng.internal.invokers.TestInvoker$MethodInvocationAgent.invoke(TestInvoker.java:992)
at org.testng.internal.invokers.TestInvoker.invokeTestMethods(TestInvoker.java:203)
at org.testng.internal.invokers.TestMethodWorker.invokeTestMethods(TestMethodWorker.java:154)
at org.testng.internal.invokers.TestMethodWorker.run(TestMethodWorker.java:134)
at java.base/java.util.ArrayList.forEach(ArrayList.java:1596)
at org.testng.TestRunner.privateRun(TestRunner.java:739)
at org.testng.TestRunner.run(TestRunner.java:614)
at org.testng.SuiteRunner.runTest(SuiteRunner.java:421)
at org.testng.SuiteRunner.runSequentially(SuiteRunner.java:413)
at org.testng.SuiteRunner.privateRun(SuiteRunner.java:373)
at org.testng.SuiteRunner.run(SuiteRunner.java:312)
at org.testng.SuiteRunnerWorker.runSuite(SuiteRunnerWorker.java:52)
at org.testng.SuiteRunnerWorker.run(SuiteRunnerWorker.java:95)
at org.testng.TestNG.runSuitesSequentially(TestNG.java:1274)
at org.testng.TestNG.runSuitesLocally(TestNG.java:1208)
at org.testng.TestNG.runSuites(TestNG.java:1112)
at org.testng.TestNG.run(TestNG.java:1079)
at org.testng.remote.AbstractRemoteTestNG.run(AbstractRemoteTestNG.java:115)
at org.testng.remote.RemoteTestNG.initAndRun(RemoteTestNG.java:293)
at org.testng.remote.RemoteTestNG.main(RemoteTestNG.java:91)
Caused by: com.microsoft.playwright.impl.TargetClosedError: Error {
  message='Target page, context or browser has been closed
  name='TargetClosedError
  stack='TargetClosedError:Target page, context or browser has been closed
Error
    at captureRawStack (C:\Users\Admin\AppData\Local\Temp\playwright-java-15377738447048054443\package\lib\utils\isomorphic\stackTrace.js:32:17)
    at LongStandingScope._race (C:\Users\Admin\AppData\Local\Temp\playwright-java-15377738447048054443\package\lib\utils\isomorphic\manualPromise.js:87:58)
    at LongStandingScope.race (C:\Users\Admin\AppData\Local\Temp\playwright-java-15377738447048054443\package\lib\utils\isomorphic\manualPromise.js:80:17)
    at FrameDispatcher._handleCommand (C:\Users\Admin\AppData\Local\Temp\playwright-java-15377738447048054443\package\lib\server\dispatchers\dispatcher.js:90:36)
    at DispatcherConnection.dispatch (C:\Users\Admin\AppData\Local\Temp\playwright-java-15377738447048054443\package\lib\server\dispatchers\dispatcher.js:309:39)
}
Call log:
-   - navigating to "https://stage.promilo.com/", waiting until "load"

at com.microsoft.playwright.impl.Connection.dispatch(Connection.java:259)
at com.microsoft.playwright.impl.Connection.processOneMessage(Connection.java:214)
at com.microsoft.playwright.impl.ChannelOwner.runUntil(ChannelOwner.java:136)
... 37 more
]]>
            </full-stacktrace>
          </exception> <!-- com.microsoft.playwright.impl.TargetClosedError -->
          <reporter-output>
            <line>
              <![CDATA[[Step 1] Navigating to Promilo...]]>
            </line>
          </reporter-output>
        </test-method> <!-- openBaseUrl -->
        <test-method signature="verifyFeedbackViaEmailSignup()[pri:0, instance:com.automation.tests.FeedbackEmailTest@2bdd8394]" started-at="2025-12-23T14:22:02 IST" name="verifyFeedbackViaEmailSignup" finished-at="2025-12-23T14:22:02 IST" duration-ms="0" status="SKIP">
          <exception class="com.microsoft.playwright.impl.TargetClosedError">
            <message>
              <![CDATA[Error {
  message='Target page, context or browser has been closed
  name='TargetClosedError
  stack='TargetClosedError:Target page, context or browser has been closed
Error
    at captureRawStack (C:\Users\Admin\AppData\Local\Temp\playwright-java-15377738447048054443\package\lib\utils\isomorphic\stackTrace.js:32:17)
    at LongStandingScope._race (C:\Users\Admin\AppData\Local\Temp\playwright-java-15377738447048054443\package\lib\utils\isomorphic\manualPromise.js:87:58)
    at LongStandingScope.race (C:\Users\Admin\AppData\Local\Temp\playwright-java-15377738447048054443\package\lib\utils\isomorphic\manualPromise.js:80:17)
    at FrameDispatcher._handleCommand (C:\Users\Admin\AppData\Local\Temp\playwright-java-15377738447048054443\package\lib\server\dispatchers\dispatcher.js:90:36)
    at DispatcherConnection.dispatch (C:\Users\Admin\AppData\Local\Temp\playwright-java-15377738447048054443\package\lib\server\dispatchers\dispatcher.js:309:39)
}
Call log:
-   - navigating to "https://stage.promilo.com/", waiting until "load"
]]>
            </message>
            <full-stacktrace>
              <![CDATA[com.microsoft.playwright.impl.TargetClosedError: Error {
  message='Target page, context or browser has been closed
  name='TargetClosedError
  stack='TargetClosedError:Target page, context or browser has been closed
Error
    at captureRawStack (C:\Users\Admin\AppData\Local\Temp\playwright-java-15377738447048054443\package\lib\utils\isomorphic\stackTrace.js:32:17)
    at LongStandingScope._race (C:\Users\Admin\AppData\Local\Temp\playwright-java-15377738447048054443\package\lib\utils\isomorphic\manualPromise.js:87:58)
    at LongStandingScope.race (C:\Users\Admin\AppData\Local\Temp\playwright-java-15377738447048054443\package\lib\utils\isomorphic\manualPromise.js:80:17)
    at FrameDispatcher._handleCommand (C:\Users\Admin\AppData\Local\Temp\playwright-java-15377738447048054443\package\lib\server\dispatchers\dispatcher.js:90:36)
    at DispatcherConnection.dispatch (C:\Users\Admin\AppData\Local\Temp\playwright-java-15377738447048054443\package\lib\server\dispatchers\dispatcher.js:309:39)
}
Call log:
-   - navigating to "https://stage.promilo.com/", waiting until "load"

at com.microsoft.playwright.impl.WaitableResult.get(WaitableResult.java:54)
at com.microsoft.playwright.impl.ChannelOwner.runUntil(ChannelOwner.java:138)
at com.microsoft.playwright.impl.Connection.sendMessage(Connection.java:131)
at com.microsoft.playwright.impl.ChannelOwner.sendMessage(ChannelOwner.java:124)
at com.microsoft.playwright.impl.FrameImpl.navigateImpl(FrameImpl.java:419)
at com.microsoft.playwright.impl.PageImpl.navigate(PageImpl.java:918)
at com.microsoft.playwright.impl.PageImpl.navigate(PageImpl.java:42)
at com.microsoft.playwright.Page.navigate(Page.java:5491)
at com.automation.tests.FeedbackEmailTest.openBaseUrl(FeedbackEmailTest.java:33)
at java.base/jdk.internal.reflect.DirectMethodHandleAccessor.invoke(DirectMethodHandleAccessor.java:103)
at java.base/java.lang.reflect.Method.invoke(Method.java:580)
at org.testng.internal.invokers.MethodInvocationHelper.invokeMethod(MethodInvocationHelper.java:141)
at org.testng.internal.invokers.MethodInvocationHelper.invokeMethodConsideringTimeout(MethodInvocationHelper.java:71)
at org.testng.internal.invokers.ConfigInvoker.invokeConfigurationMethod(ConfigInvoker.java:400)
at org.testng.internal.invokers.ConfigInvoker.invokeConfigurations(ConfigInvoker.java:333)
at org.testng.internal.invokers.TestInvoker.runConfigMethods(TestInvoker.java:833)
at org.testng.internal.invokers.TestInvoker.invokeMethod(TestInvoker.java:600)
at org.testng.internal.invokers.TestInvoker.invokeTestMethod(TestInvoker.java:230)
at org.testng.internal.invokers.MethodRunner.runInSequence(MethodRunner.java:63)
at org.testng.internal.invokers.TestInvoker$MethodInvocationAgent.invoke(TestInvoker.java:992)
at org.testng.internal.invokers.TestInvoker.invokeTestMethods(TestInvoker.java:203)
at org.testng.internal.invokers.TestMethodWorker.invokeTestMethods(TestMethodWorker.java:154)
at org.testng.internal.invokers.TestMethodWorker.run(TestMethodWorker.java:134)
at java.base/java.util.ArrayList.forEach(ArrayList.java:1596)
at org.testng.TestRunner.privateRun(TestRunner.java:739)
at org.testng.TestRunner.run(TestRunner.java:614)
at org.testng.SuiteRunner.runTest(SuiteRunner.java:421)
at org.testng.SuiteRunner.runSequentially(SuiteRunner.java:413)
at org.testng.SuiteRunner.privateRun(SuiteRunner.java:373)
at org.testng.SuiteRunner.run(SuiteRunner.java:312)
at org.testng.SuiteRunnerWorker.runSuite(SuiteRunnerWorker.java:52)
at org.testng.SuiteRunnerWorker.run(SuiteRunnerWorker.java:95)
at org.testng.TestNG.runSuitesSequentially(TestNG.java:1274)
at org.testng.TestNG.runSuitesLocally(TestNG.java:1208)
at org.testng.TestNG.runSuites(TestNG.java:1112)
at org.testng.TestNG.run(TestNG.java:1079)
at org.testng.remote.AbstractRemoteTestNG.run(AbstractRemoteTestNG.java:115)
at org.testng.remote.RemoteTestNG.initAndRun(RemoteTestNG.java:293)
at org.testng.remote.RemoteTestNG.main(RemoteTestNG.java:91)
Caused by: com.microsoft.playwright.impl.TargetClosedError: Error {
  message='Target page, context or browser has been closed
  name='TargetClosedError
  stack='TargetClosedError:Target page, context or browser has been closed
Error
    at captureRawStack (C:\Users\Admin\AppData\Local\Temp\playwright-java-15377738447048054443\package\lib\utils\isomorphic\stackTrace.js:32:17)
    at LongStandingScope._race (C:\Users\Admin\AppData\Local\Temp\playwright-java-15377738447048054443\package\lib\utils\isomorphic\manualPromise.js:87:58)
    at LongStandingScope.race (C:\Users\Admin\AppData\Local\Temp\playwright-java-15377738447048054443\package\lib\utils\isomorphic\manualPromise.js:80:17)
    at FrameDispatcher._handleCommand (C:\Users\Admin\AppData\Local\Temp\playwright-java-15377738447048054443\package\lib\server\dispatchers\dispatcher.js:90:36)
    at DispatcherConnection.dispatch (C:\Users\Admin\AppData\Local\Temp\playwright-java-15377738447048054443\package\lib\server\dispatchers\dispatcher.js:309:39)
}
Call log:
-   - navigating to "https://stage.promilo.com/", waiting until "load"

at com.microsoft.playwright.impl.Connection.dispatch(Connection.java:259)
at com.microsoft.playwright.impl.Connection.processOneMessage(Connection.java:214)
at com.microsoft.playwright.impl.ChannelOwner.runUntil(ChannelOwner.java:136)
... 37 more
]]>
            </full-stacktrace>
          </exception> <!-- com.microsoft.playwright.impl.TargetClosedError -->
          <reporter-output>
          </reporter-output>
        </test-method> <!-- verifyFeedbackViaEmailSignup -->
        <test-method is-config="true" signature="closeBrowser()[pri:0, instance:com.automation.tests.FeedbackEmailTest@2bdd8394]" started-at="2025-12-23T14:22:02 IST" name="closeBrowser" finished-at="2025-12-23T14:22:03 IST" duration-ms="432" status="PASS">
          <reporter-output>
          </reporter-output>
        </test-method> <!-- closeBrowser -->
      </class> <!-- com.automation.tests.FeedbackEmailTest -->
      <class name="com.automation.tests.ApplyNowNoSignupTest">
        <test-method is-config="true" signature="initPages()[pri:0, instance:com.automation.tests.ApplyNowNoSignupTest@7d7758be]" started-at="2025-12-23T14:21:57 IST" name="initPages" finished-at="2025-12-23T14:21:57 IST" duration-ms="0" status="PASS">
          <reporter-output>
          </reporter-output>
        </test-method> <!-- initPages -->
        <test-method is-config="true" signature="launchBrowser()[pri:0, instance:com.automation.tests.ApplyNowNoSignupTest@7d7758be]" started-at="2025-12-23T14:21:57 IST" name="launchBrowser" finished-at="2025-12-23T14:21:58 IST" duration-ms="1628" status="PASS">
          <reporter-output>
          </reporter-output>
        </test-method> <!-- launchBrowser -->
        <test-method is-config="true" signature="openBase()[pri:0, instance:com.automation.tests.ApplyNowNoSignupTest@7d7758be]" started-at="2025-12-23T14:21:58 IST" name="openBase" finished-at="2025-12-23T14:21:59 IST" duration-ms="969" status="FAIL">
          <exception class="com.microsoft.playwright.impl.TargetClosedError">
            <message>
              <![CDATA[Error {
  message='Target page, context or browser has been closed
  name='TargetClosedError
  stack='TargetClosedError:Target page, context or browser has been closed
Error
    at captureRawStack (C:\Users\Admin\AppData\Local\Temp\playwright-java-15377738447048054443\package\lib\utils\isomorphic\stackTrace.js:32:17)
    at LongStandingScope._race (C:\Users\Admin\AppData\Local\Temp\playwright-java-15377738447048054443\package\lib\utils\isomorphic\manualPromise.js:87:58)
    at LongStandingScope.race (C:\Users\Admin\AppData\Local\Temp\playwright-java-15377738447048054443\package\lib\utils\isomorphic\manualPromise.js:80:17)
    at FrameDispatcher._handleCommand (C:\Users\Admin\AppData\Local\Temp\playwright-java-15377738447048054443\package\lib\server\dispatchers\dispatcher.js:90:36)
    at DispatcherConnection.dispatch (C:\Users\Admin\AppData\Local\Temp\playwright-java-15377738447048054443\package\lib\server\dispatchers\dispatcher.js:309:39)
}
Call log:
-   - navigating to "https://stage.promilo.com/", waiting until "load"
]]>
            </message>
            <full-stacktrace>
              <![CDATA[com.microsoft.playwright.impl.TargetClosedError: Error {
  message='Target page, context or browser has been closed
  name='TargetClosedError
  stack='TargetClosedError:Target page, context or browser has been closed
Error
    at captureRawStack (C:\Users\Admin\AppData\Local\Temp\playwright-java-15377738447048054443\package\lib\utils\isomorphic\stackTrace.js:32:17)
    at LongStandingScope._race (C:\Users\Admin\AppData\Local\Temp\playwright-java-15377738447048054443\package\lib\utils\isomorphic\manualPromise.js:87:58)
    at LongStandingScope.race (C:\Users\Admin\AppData\Local\Temp\playwright-java-15377738447048054443\package\lib\utils\isomorphic\manualPromise.js:80:17)
    at FrameDispatcher._handleCommand (C:\Users\Admin\AppData\Local\Temp\playwright-java-15377738447048054443\package\lib\server\dispatchers\dispatcher.js:90:36)
    at DispatcherConnection.dispatch (C:\Users\Admin\AppData\Local\Temp\playwright-java-15377738447048054443\package\lib\server\dispatchers\dispatcher.js:309:39)
}
Call log:
-   - navigating to "https://stage.promilo.com/", waiting until "load"

at com.microsoft.playwright.impl.WaitableResult.get(WaitableResult.java:54)
at com.microsoft.playwright.impl.ChannelOwner.runUntil(ChannelOwner.java:138)
at com.microsoft.playwright.impl.Connection.sendMessage(Connection.java:131)
at com.microsoft.playwright.impl.ChannelOwner.sendMessage(ChannelOwner.java:124)
at com.microsoft.playwright.impl.FrameImpl.navigateImpl(FrameImpl.java:419)
at com.microsoft.playwright.impl.PageImpl.navigate(PageImpl.java:918)
at com.microsoft.playwright.impl.PageImpl.navigate(PageImpl.java:42)
at com.microsoft.playwright.Page.navigate(Page.java:5491)
at com.automation.tests.ApplyNowNoSignupTest.openBase(ApplyNowNoSignupTest.java:31)
at java.base/jdk.internal.reflect.DirectMethodHandleAccessor.invoke(DirectMethodHandleAccessor.java:103)
at java.base/java.lang.reflect.Method.invoke(Method.java:580)
at org.testng.internal.invokers.MethodInvocationHelper.invokeMethod(MethodInvocationHelper.java:141)
at org.testng.internal.invokers.MethodInvocationHelper.invokeMethodConsideringTimeout(MethodInvocationHelper.java:71)
at org.testng.internal.invokers.ConfigInvoker.invokeConfigurationMethod(ConfigInvoker.java:400)
at org.testng.internal.invokers.ConfigInvoker.invokeConfigurations(ConfigInvoker.java:333)
at org.testng.internal.invokers.TestInvoker.runConfigMethods(TestInvoker.java:833)
at org.testng.internal.invokers.TestInvoker.invokeMethod(TestInvoker.java:600)
at org.testng.internal.invokers.TestInvoker.invokeTestMethod(TestInvoker.java:230)
at org.testng.internal.invokers.MethodRunner.runInSequence(MethodRunner.java:63)
at org.testng.internal.invokers.TestInvoker$MethodInvocationAgent.invoke(TestInvoker.java:992)
at org.testng.internal.invokers.TestInvoker.invokeTestMethods(TestInvoker.java:203)
at org.testng.internal.invokers.TestMethodWorker.invokeTestMethods(TestMethodWorker.java:154)
at org.testng.internal.invokers.TestMethodWorker.run(TestMethodWorker.java:134)
at java.base/java.util.ArrayList.forEach(ArrayList.java:1596)
at org.testng.TestRunner.privateRun(TestRunner.java:739)
at org.testng.TestRunner.run(TestRunner.java:614)
at org.testng.SuiteRunner.runTest(SuiteRunner.java:421)
at org.testng.SuiteRunner.runSequentially(SuiteRunner.java:413)
at org.testng.SuiteRunner.privateRun(SuiteRunner.java:373)
at org.testng.SuiteRunner.run(SuiteRunner.java:312)
at org.testng.SuiteRunnerWorker.runSuite(SuiteRunnerWorker.java:52)
at org.testng.SuiteRunnerWorker.run(SuiteRunnerWorker.java:95)
at org.testng.TestNG.runSuitesSequentially(TestNG.java:1274)
at org.testng.TestNG.runSuitesLocally(TestNG.java:1208)
at org.testng.TestNG.runSuites(TestNG.java:1112)
at org.testng.TestNG.run(TestNG.java:1079)
at org.testng.remote.AbstractRemoteTestNG.run(AbstractRemoteTestNG.java:115)
at org.testng.remote.RemoteTestNG.initAndRun(RemoteTestNG.java:293)
at org.testng.remote.RemoteTestNG.main(RemoteTestNG.java:91)
Caused by: com.microsoft.playwright.impl.TargetClosedError: Error {
  message='Target page, context or browser has been closed
  name='TargetClosedError
  stack='TargetClosedError:Target page, context or browser has been closed
Error
    at captureRawStack (C:\Users\Admin\AppData\Local\Temp\playwright-java-15377738447048054443\package\lib\utils\isomorphic\stackTrace.js:32:17)
    at LongStandingScope._race (C:\Users\Admin\AppData\Local\Temp\playwright-java-15377738447048054443\package\lib\utils\isomorphic\manualPromise.js:87:58)
    at LongStandingScope.race (C:\Users\Admin\AppData\Local\Temp\playwright-java-15377738447048054443\package\lib\utils\isomorphic\manualPromise.js:80:17)
    at FrameDispatcher._handleCommand (C:\Users\Admin\AppData\Local\Temp\playwright-java-15377738447048054443\package\lib\server\dispatchers\dispatcher.js:90:36)
    at DispatcherConnection.dispatch (C:\Users\Admin\AppData\Local\Temp\playwright-java-15377738447048054443\package\lib\server\dispatchers\dispatcher.js:309:39)
}
Call log:
-   - navigating to "https://stage.promilo.com/", waiting until "load"

at com.microsoft.playwright.impl.Connection.dispatch(Connection.java:259)
at com.microsoft.playwright.impl.Connection.processOneMessage(Connection.java:214)
at com.microsoft.playwright.impl.ChannelOwner.runUntil(ChannelOwner.java:136)
... 37 more
]]>
            </full-stacktrace>
          </exception> <!-- com.microsoft.playwright.impl.TargetClosedError -->
          <reporter-output>
            <line>
              <![CDATA[Navigating to https://stage.promilo.com/]]>
            </line>
          </reporter-output>
        </test-method> <!-- openBase -->
        <test-method signature="verifyApplyNowWithoutSignup()[pri:0, instance:com.automation.tests.ApplyNowNoSignupTest@7d7758be]" started-at="2025-12-23T14:21:59 IST" name="verifyApplyNowWithoutSignup" finished-at="2025-12-23T14:21:59 IST" duration-ms="2" status="SKIP">
          <exception class="com.microsoft.playwright.impl.TargetClosedError">
            <message>
              <![CDATA[Error {
  message='Target page, context or browser has been closed
  name='TargetClosedError
  stack='TargetClosedError:Target page, context or browser has been closed
Error
    at captureRawStack (C:\Users\Admin\AppData\Local\Temp\playwright-java-15377738447048054443\package\lib\utils\isomorphic\stackTrace.js:32:17)
    at LongStandingScope._race (C:\Users\Admin\AppData\Local\Temp\playwright-java-15377738447048054443\package\lib\utils\isomorphic\manualPromise.js:87:58)
    at LongStandingScope.race (C:\Users\Admin\AppData\Local\Temp\playwright-java-15377738447048054443\package\lib\utils\isomorphic\manualPromise.js:80:17)
    at FrameDispatcher._handleCommand (C:\Users\Admin\AppData\Local\Temp\playwright-java-15377738447048054443\package\lib\server\dispatchers\dispatcher.js:90:36)
    at DispatcherConnection.dispatch (C:\Users\Admin\AppData\Local\Temp\playwright-java-15377738447048054443\package\lib\server\dispatchers\dispatcher.js:309:39)
}
Call log:
-   - navigating to "https://stage.promilo.com/", waiting until "load"
]]>
            </message>
            <full-stacktrace>
              <![CDATA[com.microsoft.playwright.impl.TargetClosedError: Error {
  message='Target page, context or browser has been closed
  name='TargetClosedError
  stack='TargetClosedError:Target page, context or browser has been closed
Error
    at captureRawStack (C:\Users\Admin\AppData\Local\Temp\playwright-java-15377738447048054443\package\lib\utils\isomorphic\stackTrace.js:32:17)
    at LongStandingScope._race (C:\Users\Admin\AppData\Local\Temp\playwright-java-15377738447048054443\package\lib\utils\isomorphic\manualPromise.js:87:58)
    at LongStandingScope.race (C:\Users\Admin\AppData\Local\Temp\playwright-java-15377738447048054443\package\lib\utils\isomorphic\manualPromise.js:80:17)
    at FrameDispatcher._handleCommand (C:\Users\Admin\AppData\Local\Temp\playwright-java-15377738447048054443\package\lib\server\dispatchers\dispatcher.js:90:36)
    at DispatcherConnection.dispatch (C:\Users\Admin\AppData\Local\Temp\playwright-java-15377738447048054443\package\lib\server\dispatchers\dispatcher.js:309:39)
}
Call log:
-   - navigating to "https://stage.promilo.com/", waiting until "load"

at com.microsoft.playwright.impl.WaitableResult.get(WaitableResult.java:54)
at com.microsoft.playwright.impl.ChannelOwner.runUntil(ChannelOwner.java:138)
at com.microsoft.playwright.impl.Connection.sendMessage(Connection.java:131)
at com.microsoft.playwright.impl.ChannelOwner.sendMessage(ChannelOwner.java:124)
at com.microsoft.playwright.impl.FrameImpl.navigateImpl(FrameImpl.java:419)
at com.microsoft.playwright.impl.PageImpl.navigate(PageImpl.java:918)
at com.microsoft.playwright.impl.PageImpl.navigate(PageImpl.java:42)
at com.microsoft.playwright.Page.navigate(Page.java:5491)
at com.automation.tests.ApplyNowNoSignupTest.openBase(ApplyNowNoSignupTest.java:31)
at java.base/jdk.internal.reflect.DirectMethodHandleAccessor.invoke(DirectMethodHandleAccessor.java:103)
at java.base/java.lang.reflect.Method.invoke(Method.java:580)
at org.testng.internal.invokers.MethodInvocationHelper.invokeMethod(MethodInvocationHelper.java:141)
at org.testng.internal.invokers.MethodInvocationHelper.invokeMethodConsideringTimeout(MethodInvocationHelper.java:71)
at org.testng.internal.invokers.ConfigInvoker.invokeConfigurationMethod(ConfigInvoker.java:400)
at org.testng.internal.invokers.ConfigInvoker.invokeConfigurations(ConfigInvoker.java:333)
at org.testng.internal.invokers.TestInvoker.runConfigMethods(TestInvoker.java:833)
at org.testng.internal.invokers.TestInvoker.invokeMethod(TestInvoker.java:600)
at org.testng.internal.invokers.TestInvoker.invokeTestMethod(TestInvoker.java:230)
at org.testng.internal.invokers.MethodRunner.runInSequence(MethodRunner.java:63)
at org.testng.internal.invokers.TestInvoker$MethodInvocationAgent.invoke(TestInvoker.java:992)
at org.testng.internal.invokers.TestInvoker.invokeTestMethods(TestInvoker.java:203)
at org.testng.internal.invokers.TestMethodWorker.invokeTestMethods(TestMethodWorker.java:154)
at org.testng.internal.invokers.TestMethodWorker.run(TestMethodWorker.java:134)
at java.base/java.util.ArrayList.forEach(ArrayList.java:1596)
at org.testng.TestRunner.privateRun(TestRunner.java:739)
at org.testng.TestRunner.run(TestRunner.java:614)
at org.testng.SuiteRunner.runTest(SuiteRunner.java:421)
at org.testng.SuiteRunner.runSequentially(SuiteRunner.java:413)
at org.testng.SuiteRunner.privateRun(SuiteRunner.java:373)
at org.testng.SuiteRunner.run(SuiteRunner.java:312)
at org.testng.SuiteRunnerWorker.runSuite(SuiteRunnerWorker.java:52)
at org.testng.SuiteRunnerWorker.run(SuiteRunnerWorker.java:95)
at org.testng.TestNG.runSuitesSequentially(TestNG.java:1274)
at org.testng.TestNG.runSuitesLocally(TestNG.java:1208)
at org.testng.TestNG.runSuites(TestNG.java:1112)
at org.testng.TestNG.run(TestNG.java:1079)
at org.testng.remote.AbstractRemoteTestNG.run(AbstractRemoteTestNG.java:115)
at org.testng.remote.RemoteTestNG.initAndRun(RemoteTestNG.java:293)
at org.testng.remote.RemoteTestNG.main(RemoteTestNG.java:91)
Caused by: com.microsoft.playwright.impl.TargetClosedError: Error {
  message='Target page, context or browser has been closed
  name='TargetClosedError
  stack='TargetClosedError:Target page, context or browser has been closed
Error
    at captureRawStack (C:\Users\Admin\AppData\Local\Temp\playwright-java-15377738447048054443\package\lib\utils\isomorphic\stackTrace.js:32:17)
    at LongStandingScope._race (C:\Users\Admin\AppData\Local\Temp\playwright-java-15377738447048054443\package\lib\utils\isomorphic\manualPromise.js:87:58)
    at LongStandingScope.race (C:\Users\Admin\AppData\Local\Temp\playwright-java-15377738447048054443\package\lib\utils\isomorphic\manualPromise.js:80:17)
    at FrameDispatcher._handleCommand (C:\Users\Admin\AppData\Local\Temp\playwright-java-15377738447048054443\package\lib\server\dispatchers\dispatcher.js:90:36)
    at DispatcherConnection.dispatch (C:\Users\Admin\AppData\Local\Temp\playwright-java-15377738447048054443\package\lib\server\dispatchers\dispatcher.js:309:39)
}
Call log:
-   - navigating to "https://stage.promilo.com/", waiting until "load"

at com.microsoft.playwright.impl.Connection.dispatch(Connection.java:259)
at com.microsoft.playwright.impl.Connection.processOneMessage(Connection.java:214)
at com.microsoft.playwright.impl.ChannelOwner.runUntil(ChannelOwner.java:136)
... 37 more
]]>
            </full-stacktrace>
          </exception> <!-- com.microsoft.playwright.impl.TargetClosedError -->
          <reporter-output>
          </reporter-output>
        </test-method> <!-- verifyApplyNowWithoutSignup -->
        <test-method is-config="true" signature="closeBrowser()[pri:0, instance:com.automation.tests.ApplyNowNoSignupTest@7d7758be]" started-at="2025-12-23T14:21:59 IST" name="closeBrowser" finished-at="2025-12-23T14:22:00 IST" duration-ms="468" status="PASS">
          <reporter-output>
          </reporter-output>
        </test-method> <!-- closeBrowser -->
      </class> <!-- com.automation.tests.ApplyNowNoSignupTest -->
      <class name="com.automation.tests.RescheduleFunctionalityRejectTest">
        <test-method is-config="true" signature="initPages()[pri:0, instance:com.automation.tests.RescheduleFunctionalityRejectTest@22f59fa]" started-at="2025-12-23T14:22:26 IST" name="initPages" finished-at="2025-12-23T14:22:26 IST" duration-ms="1" status="FAIL">
          <exception class="java.lang.NullPointerException">
            <message>
              <![CDATA[Cannot invoke "com.microsoft.playwright.Page.locator(String)" because "page" is null]]>
            </message>
            <full-stacktrace>
              <![CDATA[java.lang.NullPointerException: Cannot invoke "com.microsoft.playwright.Page.locator(String)" because "page" is null
at com.automation.pages.LoginpagePage.<init>(LoginpagePage.java:36)
at com.automation.tests.RescheduleFunctionalityRejectTest.initPages(RescheduleFunctionalityRejectTest.java:32)
at java.base/jdk.internal.reflect.DirectMethodHandleAccessor.invoke(DirectMethodHandleAccessor.java:103)
at java.base/java.lang.reflect.Method.invoke(Method.java:580)
at org.testng.internal.invokers.MethodInvocationHelper.invokeMethod(MethodInvocationHelper.java:141)
at org.testng.internal.invokers.MethodInvocationHelper.invokeMethodConsideringTimeout(MethodInvocationHelper.java:71)
at org.testng.internal.invokers.ConfigInvoker.invokeConfigurationMethod(ConfigInvoker.java:400)
at org.testng.internal.invokers.ConfigInvoker.invokeConfigurations(ConfigInvoker.java:333)
at org.testng.internal.invokers.TestMethodWorker.invokeBeforeClassMethods(TestMethodWorker.java:188)
at org.testng.internal.invokers.TestMethodWorker.run(TestMethodWorker.java:128)
at java.base/java.util.ArrayList.forEach(ArrayList.java:1596)
at org.testng.TestRunner.privateRun(TestRunner.java:739)
at org.testng.TestRunner.run(TestRunner.java:614)
at org.testng.SuiteRunner.runTest(SuiteRunner.java:421)
at org.testng.SuiteRunner.runSequentially(SuiteRunner.java:413)
at org.testng.SuiteRunner.privateRun(SuiteRunner.java:373)
at org.testng.SuiteRunner.run(SuiteRunner.java:312)
at org.testng.SuiteRunnerWorker.runSuite(SuiteRunnerWorker.java:52)
at org.testng.SuiteRunnerWorker.run(SuiteRunnerWorker.java:95)
at org.testng.TestNG.runSuitesSequentially(TestNG.java:1274)
at org.testng.TestNG.runSuitesLocally(TestNG.java:1208)
at org.testng.TestNG.runSuites(TestNG.java:1112)
at org.testng.TestNG.run(TestNG.java:1079)
at org.testng.remote.AbstractRemoteTestNG.run(AbstractRemoteTestNG.java:115)
at org.testng.remote.RemoteTestNG.initAndRun(RemoteTestNG.java:293)
at org.testng.remote.RemoteTestNG.main(RemoteTestNG.java:91)
]]>
            </full-stacktrace>
          </exception> <!-- java.lang.NullPointerException -->
          <reporter-output>
          </reporter-output>
        </test-method> <!-- initPages -->
        <test-method is-config="true" signature="launchBrowser()[pri:0, instance:com.automation.tests.RescheduleFunctionalityRejectTest@22f59fa]" started-at="2025-12-23T14:22:26 IST" name="launchBrowser" finished-at="2025-12-23T14:22:26 IST" duration-ms="0" status="SKIP">
          <reporter-output>
          </reporter-output>
        </test-method> <!-- launchBrowser -->
        <test-method is-config="true" signature="openCandidatePortal()[pri:0, instance:com.automation.tests.RescheduleFunctionalityRejectTest@22f59fa]" started-at="2025-12-23T14:22:26 IST" name="openCandidatePortal" finished-at="2025-12-23T14:22:26 IST" duration-ms="0" status="SKIP">
          <reporter-output>
          </reporter-output>
        </test-method> <!-- openCandidatePortal -->
        <test-method signature="verifyCandidateToAdvertiserRescheduleCancelFlow()[pri:0, instance:com.automation.tests.RescheduleFunctionalityRejectTest@22f59fa]" started-at="2025-12-23T14:22:26 IST" name="verifyCandidateToAdvertiserRescheduleCancelFlow" finished-at="2025-12-23T14:22:26 IST" duration-ms="1" status="SKIP">
          <exception class="java.lang.NullPointerException">
            <message>
              <![CDATA[Cannot invoke "com.microsoft.playwright.Page.locator(String)" because "page" is null]]>
            </message>
            <full-stacktrace>
              <![CDATA[java.lang.NullPointerException: Cannot invoke "com.microsoft.playwright.Page.locator(String)" because "page" is null
at com.automation.pages.LoginpagePage.<init>(LoginpagePage.java:36)
at com.automation.tests.RescheduleFunctionalityRejectTest.initPages(RescheduleFunctionalityRejectTest.java:32)
at java.base/jdk.internal.reflect.DirectMethodHandleAccessor.invoke(DirectMethodHandleAccessor.java:103)
at java.base/java.lang.reflect.Method.invoke(Method.java:580)
at org.testng.internal.invokers.MethodInvocationHelper.invokeMethod(MethodInvocationHelper.java:141)
at org.testng.internal.invokers.MethodInvocationHelper.invokeMethodConsideringTimeout(MethodInvocationHelper.java:71)
at org.testng.internal.invokers.ConfigInvoker.invokeConfigurationMethod(ConfigInvoker.java:400)
at org.testng.internal.invokers.ConfigInvoker.invokeConfigurations(ConfigInvoker.java:333)
at org.testng.internal.invokers.TestMethodWorker.invokeBeforeClassMethods(TestMethodWorker.java:188)
at org.testng.internal.invokers.TestMethodWorker.run(TestMethodWorker.java:128)
at java.base/java.util.ArrayList.forEach(ArrayList.java:1596)
at org.testng.TestRunner.privateRun(TestRunner.java:739)
at org.testng.TestRunner.run(TestRunner.java:614)
at org.testng.SuiteRunner.runTest(SuiteRunner.java:421)
at org.testng.SuiteRunner.runSequentially(SuiteRunner.java:413)
at org.testng.SuiteRunner.privateRun(SuiteRunner.java:373)
at org.testng.SuiteRunner.run(SuiteRunner.java:312)
at org.testng.SuiteRunnerWorker.runSuite(SuiteRunnerWorker.java:52)
at org.testng.SuiteRunnerWorker.run(SuiteRunnerWorker.java:95)
at org.testng.TestNG.runSuitesSequentially(TestNG.java:1274)
at org.testng.TestNG.runSuitesLocally(TestNG.java:1208)
at org.testng.TestNG.runSuites(TestNG.java:1112)
at org.testng.TestNG.run(TestNG.java:1079)
at org.testng.remote.AbstractRemoteTestNG.run(AbstractRemoteTestNG.java:115)
at org.testng.remote.RemoteTestNG.initAndRun(RemoteTestNG.java:293)
at org.testng.remote.RemoteTestNG.main(RemoteTestNG.java:91)
]]>
            </full-stacktrace>
          </exception> <!-- java.lang.NullPointerException -->
          <reporter-output>
          </reporter-output>
        </test-method> <!-- verifyCandidateToAdvertiserRescheduleCancelFlow -->
        <test-method is-config="true" signature="closeBrowser()[pri:0, instance:com.automation.tests.RescheduleFunctionalityRejectTest@22f59fa]" started-at="2025-12-23T14:22:26 IST" name="closeBrowser" finished-at="2025-12-23T14:22:26 IST" duration-ms="1" status="PASS">
          <reporter-output>
          </reporter-output>
        </test-method> <!-- closeBrowser -->
      </class> <!-- com.automation.tests.RescheduleFunctionalityRejectTest -->
      <class name="com.automation.tests.FeedbackNegativeTest">
        <test-method is-config="true" signature="launchBrowser()[pri:0, instance:com.automation.tests.FeedbackNegativeTest@2f01783a]" started-at="2025-12-23T14:22:06 IST" name="launchBrowser" finished-at="2025-12-23T14:22:07 IST" duration-ms="1699" status="PASS">
          <reporter-output>
          </reporter-output>
        </test-method> <!-- launchBrowser -->
        <test-method is-config="true" signature="openBase()[pri:0, instance:com.automation.tests.FeedbackNegativeTest@2f01783a]" started-at="2025-12-23T14:22:07 IST" name="openBase" finished-at="2025-12-23T14:22:08 IST" duration-ms="694" status="FAIL">
          <exception class="com.microsoft.playwright.impl.TargetClosedError">
            <message>
              <![CDATA[Error {
  message='Target page, context or browser has been closed
  name='TargetClosedError
  stack='TargetClosedError:Target page, context or browser has been closed
Error
    at captureRawStack (C:\Users\Admin\AppData\Local\Temp\playwright-java-15377738447048054443\package\lib\utils\isomorphic\stackTrace.js:32:17)
    at LongStandingScope._race (C:\Users\Admin\AppData\Local\Temp\playwright-java-15377738447048054443\package\lib\utils\isomorphic\manualPromise.js:87:58)
    at LongStandingScope.race (C:\Users\Admin\AppData\Local\Temp\playwright-java-15377738447048054443\package\lib\utils\isomorphic\manualPromise.js:80:17)
    at FrameDispatcher._handleCommand (C:\Users\Admin\AppData\Local\Temp\playwright-java-15377738447048054443\package\lib\server\dispatchers\dispatcher.js:90:36)
    at DispatcherConnection.dispatch (C:\Users\Admin\AppData\Local\Temp\playwright-java-15377738447048054443\package\lib\server\dispatchers\dispatcher.js:309:39)
}
Call log:
-   - navigating to "https://stage.promilo.com/", waiting until "load"
]]>
            </message>
            <full-stacktrace>
              <![CDATA[com.microsoft.playwright.impl.TargetClosedError: Error {
  message='Target page, context or browser has been closed
  name='TargetClosedError
  stack='TargetClosedError:Target page, context or browser has been closed
Error
    at captureRawStack (C:\Users\Admin\AppData\Local\Temp\playwright-java-15377738447048054443\package\lib\utils\isomorphic\stackTrace.js:32:17)
    at LongStandingScope._race (C:\Users\Admin\AppData\Local\Temp\playwright-java-15377738447048054443\package\lib\utils\isomorphic\manualPromise.js:87:58)
    at LongStandingScope.race (C:\Users\Admin\AppData\Local\Temp\playwright-java-15377738447048054443\package\lib\utils\isomorphic\manualPromise.js:80:17)
    at FrameDispatcher._handleCommand (C:\Users\Admin\AppData\Local\Temp\playwright-java-15377738447048054443\package\lib\server\dispatchers\dispatcher.js:90:36)
    at DispatcherConnection.dispatch (C:\Users\Admin\AppData\Local\Temp\playwright-java-15377738447048054443\package\lib\server\dispatchers\dispatcher.js:309:39)
}
Call log:
-   - navigating to "https://stage.promilo.com/", waiting until "load"

at com.microsoft.playwright.impl.WaitableResult.get(WaitableResult.java:54)
at com.microsoft.playwright.impl.ChannelOwner.runUntil(ChannelOwner.java:138)
at com.microsoft.playwright.impl.Connection.sendMessage(Connection.java:131)
at com.microsoft.playwright.impl.ChannelOwner.sendMessage(ChannelOwner.java:124)
at com.microsoft.playwright.impl.FrameImpl.navigateImpl(FrameImpl.java:419)
at com.microsoft.playwright.impl.PageImpl.navigate(PageImpl.java:918)
at com.microsoft.playwright.impl.PageImpl.navigate(PageImpl.java:42)
at com.microsoft.playwright.Page.navigate(Page.java:5491)
at com.automation.tests.FeedbackNegativeTest.openBase(FeedbackNegativeTest.java:31)
at java.base/jdk.internal.reflect.DirectMethodHandleAccessor.invoke(DirectMethodHandleAccessor.java:103)
at java.base/java.lang.reflect.Method.invoke(Method.java:580)
at org.testng.internal.invokers.MethodInvocationHelper.invokeMethod(MethodInvocationHelper.java:141)
at org.testng.internal.invokers.MethodInvocationHelper.invokeMethodConsideringTimeout(MethodInvocationHelper.java:71)
at org.testng.internal.invokers.ConfigInvoker.invokeConfigurationMethod(ConfigInvoker.java:400)
at org.testng.internal.invokers.ConfigInvoker.invokeConfigurations(ConfigInvoker.java:333)
at org.testng.internal.invokers.TestInvoker.runConfigMethods(TestInvoker.java:833)
at org.testng.internal.invokers.TestInvoker.invokeMethod(TestInvoker.java:600)
at org.testng.internal.invokers.TestInvoker.invokeTestMethod(TestInvoker.java:230)
at org.testng.internal.invokers.MethodRunner.runInSequence(MethodRunner.java:63)
at org.testng.internal.invokers.TestInvoker$MethodInvocationAgent.invoke(TestInvoker.java:992)
at org.testng.internal.invokers.TestInvoker.invokeTestMethods(TestInvoker.java:203)
at org.testng.internal.invokers.TestMethodWorker.invokeTestMethods(TestMethodWorker.java:154)
at org.testng.internal.invokers.TestMethodWorker.run(TestMethodWorker.java:134)
at java.base/java.util.ArrayList.forEach(ArrayList.java:1596)
at org.testng.TestRunner.privateRun(TestRunner.java:739)
at org.testng.TestRunner.run(TestRunner.java:614)
at org.testng.SuiteRunner.runTest(SuiteRunner.java:421)
at org.testng.SuiteRunner.runSequentially(SuiteRunner.java:413)
at org.testng.SuiteRunner.privateRun(SuiteRunner.java:373)
at org.testng.SuiteRunner.run(SuiteRunner.java:312)
at org.testng.SuiteRunnerWorker.runSuite(SuiteRunnerWorker.java:52)
at org.testng.SuiteRunnerWorker.run(SuiteRunnerWorker.java:95)
at org.testng.TestNG.runSuitesSequentially(TestNG.java:1274)
at org.testng.TestNG.runSuitesLocally(TestNG.java:1208)
at org.testng.TestNG.runSuites(TestNG.java:1112)
at org.testng.TestNG.run(TestNG.java:1079)
at org.testng.remote.AbstractRemoteTestNG.run(AbstractRemoteTestNG.java:115)
at org.testng.remote.RemoteTestNG.initAndRun(RemoteTestNG.java:293)
at org.testng.remote.RemoteTestNG.main(RemoteTestNG.java:91)
Caused by: com.microsoft.playwright.impl.TargetClosedError: Error {
  message='Target page, context or browser has been closed
  name='TargetClosedError
  stack='TargetClosedError:Target page, context or browser has been closed
Error
    at captureRawStack (C:\Users\Admin\AppData\Local\Temp\playwright-java-15377738447048054443\package\lib\utils\isomorphic\stackTrace.js:32:17)
    at LongStandingScope._race (C:\Users\Admin\AppData\Local\Temp\playwright-java-15377738447048054443\package\lib\utils\isomorphic\manualPromise.js:87:58)
    at LongStandingScope.race (C:\Users\Admin\AppData\Local\Temp\playwright-java-15377738447048054443\package\lib\utils\isomorphic\manualPromise.js:80:17)
    at FrameDispatcher._handleCommand (C:\Users\Admin\AppData\Local\Temp\playwright-java-15377738447048054443\package\lib\server\dispatchers\dispatcher.js:90:36)
    at DispatcherConnection.dispatch (C:\Users\Admin\AppData\Local\Temp\playwright-java-15377738447048054443\package\lib\server\dispatchers\dispatcher.js:309:39)
}
Call log:
-   - navigating to "https://stage.promilo.com/", waiting until "load"

at com.microsoft.playwright.impl.Connection.dispatch(Connection.java:259)
at com.microsoft.playwright.impl.Connection.processOneMessage(Connection.java:214)
at com.microsoft.playwright.impl.ChannelOwner.runUntil(ChannelOwner.java:136)
... 37 more
]]>
            </full-stacktrace>
          </exception> <!-- com.microsoft.playwright.impl.TargetClosedError -->
          <reporter-output>
            <line>
              <![CDATA[Navigating to Promilo]]>
            </line>
          </reporter-output>
        </test-method> <!-- openBase -->
        <test-method signature="fullFeedbackNegativeFlow()[pri:0, instance:com.automation.tests.FeedbackNegativeTest@2f01783a]" started-at="2025-12-23T14:22:08 IST" name="fullFeedbackNegativeFlow" finished-at="2025-12-23T14:22:08 IST" duration-ms="0" status="SKIP">
          <exception class="com.microsoft.playwright.impl.TargetClosedError">
            <message>
              <![CDATA[Error {
  message='Target page, context or browser has been closed
  name='TargetClosedError
  stack='TargetClosedError:Target page, context or browser has been closed
Error
    at captureRawStack (C:\Users\Admin\AppData\Local\Temp\playwright-java-15377738447048054443\package\lib\utils\isomorphic\stackTrace.js:32:17)
    at LongStandingScope._race (C:\Users\Admin\AppData\Local\Temp\playwright-java-15377738447048054443\package\lib\utils\isomorphic\manualPromise.js:87:58)
    at LongStandingScope.race (C:\Users\Admin\AppData\Local\Temp\playwright-java-15377738447048054443\package\lib\utils\isomorphic\manualPromise.js:80:17)
    at FrameDispatcher._handleCommand (C:\Users\Admin\AppData\Local\Temp\playwright-java-15377738447048054443\package\lib\server\dispatchers\dispatcher.js:90:36)
    at DispatcherConnection.dispatch (C:\Users\Admin\AppData\Local\Temp\playwright-java-15377738447048054443\package\lib\server\dispatchers\dispatcher.js:309:39)
}
Call log:
-   - navigating to "https://stage.promilo.com/", waiting until "load"
]]>
            </message>
            <full-stacktrace>
              <![CDATA[com.microsoft.playwright.impl.TargetClosedError: Error {
  message='Target page, context or browser has been closed
  name='TargetClosedError
  stack='TargetClosedError:Target page, context or browser has been closed
Error
    at captureRawStack (C:\Users\Admin\AppData\Local\Temp\playwright-java-15377738447048054443\package\lib\utils\isomorphic\stackTrace.js:32:17)
    at LongStandingScope._race (C:\Users\Admin\AppData\Local\Temp\playwright-java-15377738447048054443\package\lib\utils\isomorphic\manualPromise.js:87:58)
    at LongStandingScope.race (C:\Users\Admin\AppData\Local\Temp\playwright-java-15377738447048054443\package\lib\utils\isomorphic\manualPromise.js:80:17)
    at FrameDispatcher._handleCommand (C:\Users\Admin\AppData\Local\Temp\playwright-java-15377738447048054443\package\lib\server\dispatchers\dispatcher.js:90:36)
    at DispatcherConnection.dispatch (C:\Users\Admin\AppData\Local\Temp\playwright-java-15377738447048054443\package\lib\server\dispatchers\dispatcher.js:309:39)
}
Call log:
-   - navigating to "https://stage.promilo.com/", waiting until "load"

at com.microsoft.playwright.impl.WaitableResult.get(WaitableResult.java:54)
at com.microsoft.playwright.impl.ChannelOwner.runUntil(ChannelOwner.java:138)
at com.microsoft.playwright.impl.Connection.sendMessage(Connection.java:131)
at com.microsoft.playwright.impl.ChannelOwner.sendMessage(ChannelOwner.java:124)
at com.microsoft.playwright.impl.FrameImpl.navigateImpl(FrameImpl.java:419)
at com.microsoft.playwright.impl.PageImpl.navigate(PageImpl.java:918)
at com.microsoft.playwright.impl.PageImpl.navigate(PageImpl.java:42)
at com.microsoft.playwright.Page.navigate(Page.java:5491)
at com.automation.tests.FeedbackNegativeTest.openBase(FeedbackNegativeTest.java:31)
at java.base/jdk.internal.reflect.DirectMethodHandleAccessor.invoke(DirectMethodHandleAccessor.java:103)
at java.base/java.lang.reflect.Method.invoke(Method.java:580)
at org.testng.internal.invokers.MethodInvocationHelper.invokeMethod(MethodInvocationHelper.java:141)
at org.testng.internal.invokers.MethodInvocationHelper.invokeMethodConsideringTimeout(MethodInvocationHelper.java:71)
at org.testng.internal.invokers.ConfigInvoker.invokeConfigurationMethod(ConfigInvoker.java:400)
at org.testng.internal.invokers.ConfigInvoker.invokeConfigurations(ConfigInvoker.java:333)
at org.testng.internal.invokers.TestInvoker.runConfigMethods(TestInvoker.java:833)
at org.testng.internal.invokers.TestInvoker.invokeMethod(TestInvoker.java:600)
at org.testng.internal.invokers.TestInvoker.invokeTestMethod(TestInvoker.java:230)
at org.testng.internal.invokers.MethodRunner.runInSequence(MethodRunner.java:63)
at org.testng.internal.invokers.TestInvoker$MethodInvocationAgent.invoke(TestInvoker.java:992)
at org.testng.internal.invokers.TestInvoker.invokeTestMethods(TestInvoker.java:203)
at org.testng.internal.invokers.TestMethodWorker.invokeTestMethods(TestMethodWorker.java:154)
at org.testng.internal.invokers.TestMethodWorker.run(TestMethodWorker.java:134)
at java.base/java.util.ArrayList.forEach(ArrayList.java:1596)
at org.testng.TestRunner.privateRun(TestRunner.java:739)
at org.testng.TestRunner.run(TestRunner.java:614)
at org.testng.SuiteRunner.runTest(SuiteRunner.java:421)
at org.testng.SuiteRunner.runSequentially(SuiteRunner.java:413)
at org.testng.SuiteRunner.privateRun(SuiteRunner.java:373)
at org.testng.SuiteRunner.run(SuiteRunner.java:312)
at org.testng.SuiteRunnerWorker.runSuite(SuiteRunnerWorker.java:52)
at org.testng.SuiteRunnerWorker.run(SuiteRunnerWorker.java:95)
at org.testng.TestNG.runSuitesSequentially(TestNG.java:1274)
at org.testng.TestNG.runSuitesLocally(TestNG.java:1208)
at org.testng.TestNG.runSuites(TestNG.java:1112)
at org.testng.TestNG.run(TestNG.java:1079)
at org.testng.remote.AbstractRemoteTestNG.run(AbstractRemoteTestNG.java:115)
at org.testng.remote.RemoteTestNG.initAndRun(RemoteTestNG.java:293)
at org.testng.remote.RemoteTestNG.main(RemoteTestNG.java:91)
Caused by: com.microsoft.playwright.impl.TargetClosedError: Error {
  message='Target page, context or browser has been closed
  name='TargetClosedError
  stack='TargetClosedError:Target page, context or browser has been closed
Error
    at captureRawStack (C:\Users\Admin\AppData\Local\Temp\playwright-java-15377738447048054443\package\lib\utils\isomorphic\stackTrace.js:32:17)
    at LongStandingScope._race (C:\Users\Admin\AppData\Local\Temp\playwright-java-15377738447048054443\package\lib\utils\isomorphic\manualPromise.js:87:58)
    at LongStandingScope.race (C:\Users\Admin\AppData\Local\Temp\playwright-java-15377738447048054443\package\lib\utils\isomorphic\manualPromise.js:80:17)
    at FrameDispatcher._handleCommand (C:\Users\Admin\AppData\Local\Temp\playwright-java-15377738447048054443\package\lib\server\dispatchers\dispatcher.js:90:36)
    at DispatcherConnection.dispatch (C:\Users\Admin\AppData\Local\Temp\playwright-java-15377738447048054443\package\lib\server\dispatchers\dispatcher.js:309:39)
}
Call log:
-   - navigating to "https://stage.promilo.com/", waiting until "load"

at com.microsoft.playwright.impl.Connection.dispatch(Connection.java:259)
at com.microsoft.playwright.impl.Connection.processOneMessage(Connection.java:214)
at com.microsoft.playwright.impl.ChannelOwner.runUntil(ChannelOwner.java:136)
... 37 more
]]>
            </full-stacktrace>
          </exception> <!-- com.microsoft.playwright.impl.TargetClosedError -->
          <reporter-output>
          </reporter-output>
        </test-method> <!-- fullFeedbackNegativeFlow -->
        <test-method is-config="true" signature="closeBrowser()[pri:0, instance:com.automation.tests.FeedbackNegativeTest@2f01783a]" started-at="2025-12-23T14:22:08 IST" name="closeBrowser" finished-at="2025-12-23T14:22:09 IST" duration-ms="449" status="PASS">
          <reporter-output>
          </reporter-output>
        </test-method> <!-- closeBrowser -->
      </class> <!-- com.automation.tests.FeedbackNegativeTest -->
      <class name="com.automation.tests.FeedbackLoginTest">
        <test-method is-config="true" signature="initPages()[pri:0, instance:com.automation.tests.FeedbackLoginTest@5f9edf14]" started-at="2025-12-23T14:22:03 IST" name="initPages" finished-at="2025-12-23T14:22:03 IST" duration-ms="0" status="FAIL">
          <exception class="java.lang.NullPointerException">
            <message>
              <![CDATA[Cannot invoke "com.microsoft.playwright.Page.locator(String)" because "page" is null]]>
            </message>
            <full-stacktrace>
              <![CDATA[java.lang.NullPointerException: Cannot invoke "com.microsoft.playwright.Page.locator(String)" because "page" is null
at com.automation.pages.LoginpagePage.<init>(LoginpagePage.java:36)
at com.automation.tests.FeedbackLoginTest.initPages(FeedbackLoginTest.java:30)
at java.base/jdk.internal.reflect.DirectMethodHandleAccessor.invoke(DirectMethodHandleAccessor.java:103)
at java.base/java.lang.reflect.Method.invoke(Method.java:580)
at org.testng.internal.invokers.MethodInvocationHelper.invokeMethod(MethodInvocationHelper.java:141)
at org.testng.internal.invokers.MethodInvocationHelper.invokeMethodConsideringTimeout(MethodInvocationHelper.java:71)
at org.testng.internal.invokers.ConfigInvoker.invokeConfigurationMethod(ConfigInvoker.java:400)
at org.testng.internal.invokers.ConfigInvoker.invokeConfigurations(ConfigInvoker.java:333)
at org.testng.internal.invokers.TestMethodWorker.invokeBeforeClassMethods(TestMethodWorker.java:188)
at org.testng.internal.invokers.TestMethodWorker.run(TestMethodWorker.java:128)
at java.base/java.util.ArrayList.forEach(ArrayList.java:1596)
at org.testng.TestRunner.privateRun(TestRunner.java:739)
at org.testng.TestRunner.run(TestRunner.java:614)
at org.testng.SuiteRunner.runTest(SuiteRunner.java:421)
at org.testng.SuiteRunner.runSequentially(SuiteRunner.java:413)
at org.testng.SuiteRunner.privateRun(SuiteRunner.java:373)
at org.testng.SuiteRunner.run(SuiteRunner.java:312)
at org.testng.SuiteRunnerWorker.runSuite(SuiteRunnerWorker.java:52)
at org.testng.SuiteRunnerWorker.run(SuiteRunnerWorker.java:95)
at org.testng.TestNG.runSuitesSequentially(TestNG.java:1274)
at org.testng.TestNG.runSuitesLocally(TestNG.java:1208)
at org.testng.TestNG.runSuites(TestNG.java:1112)
at org.testng.TestNG.run(TestNG.java:1079)
at org.testng.remote.AbstractRemoteTestNG.run(AbstractRemoteTestNG.java:115)
at org.testng.remote.RemoteTestNG.initAndRun(RemoteTestNG.java:293)
at org.testng.remote.RemoteTestNG.main(RemoteTestNG.java:91)
]]>
            </full-stacktrace>
          </exception> <!-- java.lang.NullPointerException -->
          <reporter-output>
          </reporter-output>
        </test-method> <!-- initPages -->
        <test-method is-config="true" signature="launchBrowser()[pri:0, instance:com.automation.tests.FeedbackLoginTest@5f9edf14]" started-at="2025-12-23T14:22:03 IST" name="launchBrowser" finished-at="2025-12-23T14:22:03 IST" duration-ms="0" status="SKIP">
          <reporter-output>
          </reporter-output>
        </test-method> <!-- launchBrowser -->
        <test-method is-config="true" signature="openBaseUrl()[pri:0, instance:com.automation.tests.FeedbackLoginTest@5f9edf14]" started-at="2025-12-23T14:22:03 IST" name="openBaseUrl" finished-at="2025-12-23T14:22:03 IST" duration-ms="0" status="SKIP">
          <reporter-output>
          </reporter-output>
        </test-method> <!-- openBaseUrl -->
        <test-method signature="verifyFeedbackPopupAfterLogin()[pri:0, instance:com.automation.tests.FeedbackLoginTest@5f9edf14]" started-at="2025-12-23T14:22:03 IST" name="verifyFeedbackPopupAfterLogin" finished-at="2025-12-23T14:22:03 IST" duration-ms="0" status="SKIP">
          <exception class="java.lang.NullPointerException">
            <message>
              <![CDATA[Cannot invoke "com.microsoft.playwright.Page.locator(String)" because "page" is null]]>
            </message>
            <full-stacktrace>
              <![CDATA[java.lang.NullPointerException: Cannot invoke "com.microsoft.playwright.Page.locator(String)" because "page" is null
at com.automation.pages.LoginpagePage.<init>(LoginpagePage.java:36)
at com.automation.tests.FeedbackLoginTest.initPages(FeedbackLoginTest.java:30)
at java.base/jdk.internal.reflect.DirectMethodHandleAccessor.invoke(DirectMethodHandleAccessor.java:103)
at java.base/java.lang.reflect.Method.invoke(Method.java:580)
at org.testng.internal.invokers.MethodInvocationHelper.invokeMethod(MethodInvocationHelper.java:141)
at org.testng.internal.invokers.MethodInvocationHelper.invokeMethodConsideringTimeout(MethodInvocationHelper.java:71)
at org.testng.internal.invokers.ConfigInvoker.invokeConfigurationMethod(ConfigInvoker.java:400)
at org.testng.internal.invokers.ConfigInvoker.invokeConfigurations(ConfigInvoker.java:333)
at org.testng.internal.invokers.TestMethodWorker.invokeBeforeClassMethods(TestMethodWorker.java:188)
at org.testng.internal.invokers.TestMethodWorker.run(TestMethodWorker.java:128)
at java.base/java.util.ArrayList.forEach(ArrayList.java:1596)
at org.testng.TestRunner.privateRun(TestRunner.java:739)
at org.testng.TestRunner.run(TestRunner.java:614)
at org.testng.SuiteRunner.runTest(SuiteRunner.java:421)
at org.testng.SuiteRunner.runSequentially(SuiteRunner.java:413)
at org.testng.SuiteRunner.privateRun(SuiteRunner.java:373)
at org.testng.SuiteRunner.run(SuiteRunner.java:312)
at org.testng.SuiteRunnerWorker.runSuite(SuiteRunnerWorker.java:52)
at org.testng.SuiteRunnerWorker.run(SuiteRunnerWorker.java:95)
at org.testng.TestNG.runSuitesSequentially(TestNG.java:1274)
at org.testng.TestNG.runSuitesLocally(TestNG.java:1208)
at org.testng.TestNG.runSuites(TestNG.java:1112)
at org.testng.TestNG.run(TestNG.java:1079)
at org.testng.remote.AbstractRemoteTestNG.run(AbstractRemoteTestNG.java:115)
at org.testng.remote.RemoteTestNG.initAndRun(RemoteTestNG.java:293)
at org.testng.remote.RemoteTestNG.main(RemoteTestNG.java:91)
]]>
            </full-stacktrace>
          </exception> <!-- java.lang.NullPointerException -->
          <reporter-output>
          </reporter-output>
        </test-method> <!-- verifyFeedbackPopupAfterLogin -->
        <test-method is-config="true" signature="closeBrowser()[pri:0, instance:com.automation.tests.FeedbackLoginTest@5f9edf14]" started-at="2025-12-23T14:22:03 IST" name="closeBrowser" finished-at="2025-12-23T14:22:03 IST" duration-ms="1" status="PASS">
          <reporter-output>
          </reporter-output>
        </test-method> <!-- closeBrowser -->
      </class> <!-- com.automation.tests.FeedbackLoginTest -->
      <class name="com.automation.tests.RegisterWithUsTest">
        <test-method is-config="true" signature="launchBrowser()[pri:0, instance:com.automation.tests.RegisterWithUsTest@7ac296f6]" started-at="2025-12-23T14:22:22 IST" name="launchBrowser" finished-at="2025-12-23T14:22:23 IST" duration-ms="1590" status="PASS">
          <reporter-output>
          </reporter-output>
        </test-method> <!-- launchBrowser -->
        <test-method is-config="true" signature="openBase()[pri:0, instance:com.automation.tests.RegisterWithUsTest@7ac296f6]" started-at="2025-12-23T14:22:23 IST" name="openBase" finished-at="2025-12-23T14:22:25 IST" duration-ms="1834" status="PASS">
          <reporter-output>
            <line>
              <![CDATA[[Step 1] Navigating to https://stage.promilo.com/]]>
            </line>
          </reporter-output>
        </test-method> <!-- openBase -->
        <test-method signature="verifyRegisterWithUsFlow()[pri:0, instance:com.automation.tests.RegisterWithUsTest@7ac296f6]" started-at="2025-12-23T14:22:25 IST" name="verifyRegisterWithUsFlow" finished-at="2025-12-23T14:22:25 IST" duration-ms="51" status="FAIL">
          <exception class="com.microsoft.playwright.impl.TargetClosedError">
            <message>
              <![CDATA[Error {
  message='Target page, context or browser has been closed
  name='TargetClosedError
  stack='TargetClosedError:Target page, context or browser has been closed
Error
    at captureRawStack (C:\Users\Admin\AppData\Local\Temp\playwright-java-15377738447048054443\package\lib\utils\isomorphic\stackTrace.js:32:17)
    at LongStandingScope._race (C:\Users\Admin\AppData\Local\Temp\playwright-java-15377738447048054443\package\lib\utils\isomorphic\manualPromise.js:87:58)
    at LongStandingScope.race (C:\Users\Admin\AppData\Local\Temp\playwright-java-15377738447048054443\package\lib\utils\isomorphic\manualPromise.js:80:17)
    at FrameDispatcher._handleCommand (C:\Users\Admin\AppData\Local\Temp\playwright-java-15377738447048054443\package\lib\server\dispatchers\dispatcher.js:90:36)
    at DispatcherConnection.dispatch (C:\Users\Admin\AppData\Local\Temp\playwright-java-15377738447048054443\package\lib\server\dispatchers\dispatcher.js:309:39)
}
Call log:
-   - waiting for locator("a.nav-link:has-text('Internships')") to be visible
]]>
            </message>
            <full-stacktrace>
              <![CDATA[com.microsoft.playwright.impl.TargetClosedError: Error {
  message='Target page, context or browser has been closed
  name='TargetClosedError
  stack='TargetClosedError:Target page, context or browser has been closed
Error
    at captureRawStack (C:\Users\Admin\AppData\Local\Temp\playwright-java-15377738447048054443\package\lib\utils\isomorphic\stackTrace.js:32:17)
    at LongStandingScope._race (C:\Users\Admin\AppData\Local\Temp\playwright-java-15377738447048054443\package\lib\utils\isomorphic\manualPromise.js:87:58)
    at LongStandingScope.race (C:\Users\Admin\AppData\Local\Temp\playwright-java-15377738447048054443\package\lib\utils\isomorphic\manualPromise.js:80:17)
    at FrameDispatcher._handleCommand (C:\Users\Admin\AppData\Local\Temp\playwright-java-15377738447048054443\package\lib\server\dispatchers\dispatcher.js:90:36)
    at DispatcherConnection.dispatch (C:\Users\Admin\AppData\Local\Temp\playwright-java-15377738447048054443\package\lib\server\dispatchers\dispatcher.js:309:39)
}
Call log:
-   - waiting for locator("a.nav-link:has-text('Internships')") to be visible

at com.microsoft.playwright.impl.WaitableResult.get(WaitableResult.java:54)
at com.microsoft.playwright.impl.ChannelOwner.runUntil(ChannelOwner.java:138)
at com.microsoft.playwright.impl.Connection.sendMessage(Connection.java:131)
at com.microsoft.playwright.impl.ChannelOwner.sendMessage(ChannelOwner.java:124)
at com.microsoft.playwright.impl.FrameImpl.waitForSelectorImpl(FrameImpl.java:985)
at com.microsoft.playwright.impl.LocatorImpl.waitFor(LocatorImpl.java:625)
at com.automation.utils.HelperUtility.safeClick(HelperUtility.java:50)
at com.automation.tests.RegisterWithUsTest.verifyRegisterWithUsFlow(RegisterWithUsTest.java:56)
at java.base/jdk.internal.reflect.DirectMethodHandleAccessor.invoke(DirectMethodHandleAccessor.java:103)
at java.base/java.lang.reflect.Method.invoke(Method.java:580)
at org.testng.internal.invokers.MethodInvocationHelper.invokeMethod(MethodInvocationHelper.java:141)
at org.testng.internal.invokers.TestInvoker.invokeMethod(TestInvoker.java:686)
at org.testng.internal.invokers.TestInvoker.invokeTestMethod(TestInvoker.java:230)
at org.testng.internal.invokers.MethodRunner.runInSequence(MethodRunner.java:63)
at org.testng.internal.invokers.TestInvoker$MethodInvocationAgent.invoke(TestInvoker.java:992)
at org.testng.internal.invokers.TestInvoker.invokeTestMethods(TestInvoker.java:203)
at org.testng.internal.invokers.TestMethodWorker.invokeTestMethods(TestMethodWorker.java:154)
at org.testng.internal.invokers.TestMethodWorker.run(TestMethodWorker.java:134)
at java.base/java.util.ArrayList.forEach(ArrayList.java:1596)
at org.testng.TestRunner.privateRun(TestRunner.java:739)
at org.testng.TestRunner.run(TestRunner.java:614)
at org.testng.SuiteRunner.runTest(SuiteRunner.java:421)
at org.testng.SuiteRunner.runSequentially(SuiteRunner.java:413)
at org.testng.SuiteRunner.privateRun(SuiteRunner.java:373)
at org.testng.SuiteRunner.run(SuiteRunner.java:312)
at org.testng.SuiteRunnerWorker.runSuite(SuiteRunnerWorker.java:52)
at org.testng.SuiteRunnerWorker.run(SuiteRunnerWorker.java:95)
at org.testng.TestNG.runSuitesSequentially(TestNG.java:1274)
at org.testng.TestNG.runSuitesLocally(TestNG.java:1208)
at org.testng.TestNG.runSuites(TestNG.java:1112)
at org.testng.TestNG.run(TestNG.java:1079)
at org.testng.remote.AbstractRemoteTestNG.run(AbstractRemoteTestNG.java:115)
at org.testng.remote.RemoteTestNG.initAndRun(RemoteTestNG.java:293)
at org.testng.remote.RemoteTestNG.main(RemoteTestNG.java:91)
Caused by: com.microsoft.playwright.impl.TargetClosedError: Error {
  message='Target page, context or browser has been closed
  name='TargetClosedError
  stack='TargetClosedError:Target page, context or browser has been closed
Error
    at captureRawStack (C:\Users\Admin\AppData\Local\Temp\playwright-java-15377738447048054443\package\lib\utils\isomorphic\stackTrace.js:32:17)
    at LongStandingScope._race (C:\Users\Admin\AppData\Local\Temp\playwright-java-15377738447048054443\package\lib\utils\isomorphic\manualPromise.js:87:58)
    at LongStandingScope.race (C:\Users\Admin\AppData\Local\Temp\playwright-java-15377738447048054443\package\lib\utils\isomorphic\manualPromise.js:80:17)
    at FrameDispatcher._handleCommand (C:\Users\Admin\AppData\Local\Temp\playwright-java-15377738447048054443\package\lib\server\dispatchers\dispatcher.js:90:36)
    at DispatcherConnection.dispatch (C:\Users\Admin\AppData\Local\Temp\playwright-java-15377738447048054443\package\lib\server\dispatchers\dispatcher.js:309:39)
}
Call log:
-   - waiting for locator("a.nav-link:has-text('Internships')") to be visible

at com.microsoft.playwright.impl.Connection.dispatch(Connection.java:259)
at com.microsoft.playwright.impl.Connection.processOneMessage(Connection.java:214)
at com.microsoft.playwright.impl.ChannelOwner.runUntil(ChannelOwner.java:136)
... 32 more
]]>
            </full-stacktrace>
          </exception> <!-- com.microsoft.playwright.impl.TargetClosedError -->
          <reporter-output>
            <line>
              <![CDATA[[Generated Name] Ritu D]]>
            </line>
            <line>
              <![CDATA[[Generated Phone] 9000017612]]>
            </line>
            <line>
              <![CDATA[[Generated Email] testritud674@yopmail.com]]>
            </line>
            <line>
              <![CDATA[[DATA] Name = Ritu D]]>
            </line>
            <line>
              <![CDATA[[DATA] Phone = 9000017612]]>
            </line>
            <line>
              <![CDATA[[DATA] Email = testritud674@yopmail.com]]>
            </line>
            <line>
              <![CDATA[[Click FAILED] Open Internships Tab]]>
            </line>
            <line>
              <![CDATA[⚠ Screenshot failed: Open Internships Tab_FAILED]]>
            </line>
            <line>
              <![CDATA[⚠ Screenshot failed: verifyRegisterWithUsFlow]]>
            </line>
          </reporter-output>
        </test-method> <!-- verifyRegisterWithUsFlow -->
        <test-method is-config="true" signature="closeBrowser()[pri:0, instance:com.automation.tests.RegisterWithUsTest@7ac296f6]" started-at="2025-12-23T14:22:25 IST" name="closeBrowser" finished-at="2025-12-23T14:22:26 IST" duration-ms="483" status="PASS">
          <reporter-output>
          </reporter-output>
        </test-method> <!-- closeBrowser -->
      </class> <!-- com.automation.tests.RegisterWithUsTest -->
      <class name="com.automation.tests.ApplyNowMobileTest">
        <test-method is-config="true" signature="launchBrowser()[pri:0, instance:com.automation.tests.ApplyNowMobileTest@4a07d605]" started-at="2025-12-23T14:21:50 IST" name="launchBrowser" finished-at="2025-12-23T14:21:52 IST" duration-ms="1888" status="PASS">
          <reporter-output>
          </reporter-output>
        </test-method> <!-- launchBrowser -->
        <test-method is-config="true" signature="init()[pri:0, instance:com.automation.tests.ApplyNowMobileTest@4a07d605]" started-at="2025-12-23T14:21:52 IST" name="init" finished-at="2025-12-23T14:21:53 IST" duration-ms="1098" status="FAIL">
          <exception class="com.microsoft.playwright.impl.TargetClosedError">
            <message>
              <![CDATA[Error {
  message='Target page, context or browser has been closed
  name='TargetClosedError
  stack='TargetClosedError:Target page, context or browser has been closed
Error
    at captureRawStack (C:\Users\Admin\AppData\Local\Temp\playwright-java-15377738447048054443\package\lib\utils\isomorphic\stackTrace.js:32:17)
    at LongStandingScope._race (C:\Users\Admin\AppData\Local\Temp\playwright-java-15377738447048054443\package\lib\utils\isomorphic\manualPromise.js:87:58)
    at LongStandingScope.race (C:\Users\Admin\AppData\Local\Temp\playwright-java-15377738447048054443\package\lib\utils\isomorphic\manualPromise.js:80:17)
    at FrameDispatcher._handleCommand (C:\Users\Admin\AppData\Local\Temp\playwright-java-15377738447048054443\package\lib\server\dispatchers\dispatcher.js:90:36)
    at DispatcherConnection.dispatch (C:\Users\Admin\AppData\Local\Temp\playwright-java-15377738447048054443\package\lib\server\dispatchers\dispatcher.js:309:39)
}
Call log:
-   - navigating to "https://stage.promilo.com/", waiting until "load"
]]>
            </message>
            <full-stacktrace>
              <![CDATA[com.microsoft.playwright.impl.TargetClosedError: Error {
  message='Target page, context or browser has been closed
  name='TargetClosedError
  stack='TargetClosedError:Target page, context or browser has been closed
Error
    at captureRawStack (C:\Users\Admin\AppData\Local\Temp\playwright-java-15377738447048054443\package\lib\utils\isomorphic\stackTrace.js:32:17)
    at LongStandingScope._race (C:\Users\Admin\AppData\Local\Temp\playwright-java-15377738447048054443\package\lib\utils\isomorphic\manualPromise.js:87:58)
    at LongStandingScope.race (C:\Users\Admin\AppData\Local\Temp\playwright-java-15377738447048054443\package\lib\utils\isomorphic\manualPromise.js:80:17)
    at FrameDispatcher._handleCommand (C:\Users\Admin\AppData\Local\Temp\playwright-java-15377738447048054443\package\lib\server\dispatchers\dispatcher.js:90:36)
    at DispatcherConnection.dispatch (C:\Users\Admin\AppData\Local\Temp\playwright-java-15377738447048054443\package\lib\server\dispatchers\dispatcher.js:309:39)
}
Call log:
-   - navigating to "https://stage.promilo.com/", waiting until "load"

at com.microsoft.playwright.impl.WaitableResult.get(WaitableResult.java:54)
at com.microsoft.playwright.impl.ChannelOwner.runUntil(ChannelOwner.java:138)
at com.microsoft.playwright.impl.Connection.sendMessage(Connection.java:131)
at com.microsoft.playwright.impl.ChannelOwner.sendMessage(ChannelOwner.java:124)
at com.microsoft.playwright.impl.FrameImpl.navigateImpl(FrameImpl.java:419)
at com.microsoft.playwright.impl.PageImpl.navigate(PageImpl.java:918)
at com.microsoft.playwright.impl.PageImpl.navigate(PageImpl.java:42)
at com.microsoft.playwright.Page.navigate(Page.java:5491)
at com.automation.tests.ApplyNowMobileTest.init(ApplyNowMobileTest.java:32)
at java.base/jdk.internal.reflect.DirectMethodHandleAccessor.invoke(DirectMethodHandleAccessor.java:103)
at java.base/java.lang.reflect.Method.invoke(Method.java:580)
at org.testng.internal.invokers.MethodInvocationHelper.invokeMethod(MethodInvocationHelper.java:141)
at org.testng.internal.invokers.MethodInvocationHelper.invokeMethodConsideringTimeout(MethodInvocationHelper.java:71)
at org.testng.internal.invokers.ConfigInvoker.invokeConfigurationMethod(ConfigInvoker.java:400)
at org.testng.internal.invokers.ConfigInvoker.invokeConfigurations(ConfigInvoker.java:333)
at org.testng.internal.invokers.TestInvoker.runConfigMethods(TestInvoker.java:833)
at org.testng.internal.invokers.TestInvoker.invokeMethod(TestInvoker.java:600)
at org.testng.internal.invokers.TestInvoker.invokeTestMethod(TestInvoker.java:230)
at org.testng.internal.invokers.MethodRunner.runInSequence(MethodRunner.java:63)
at org.testng.internal.invokers.TestInvoker$MethodInvocationAgent.invoke(TestInvoker.java:992)
at org.testng.internal.invokers.TestInvoker.invokeTestMethods(TestInvoker.java:203)
at org.testng.internal.invokers.TestMethodWorker.invokeTestMethods(TestMethodWorker.java:154)
at org.testng.internal.invokers.TestMethodWorker.run(TestMethodWorker.java:134)
at java.base/java.util.ArrayList.forEach(ArrayList.java:1596)
at org.testng.TestRunner.privateRun(TestRunner.java:739)
at org.testng.TestRunner.run(TestRunner.java:614)
at org.testng.SuiteRunner.runTest(SuiteRunner.java:421)
at org.testng.SuiteRunner.runSequentially(SuiteRunner.java:413)
at org.testng.SuiteRunner.privateRun(SuiteRunner.java:373)
at org.testng.SuiteRunner.run(SuiteRunner.java:312)
at org.testng.SuiteRunnerWorker.runSuite(SuiteRunnerWorker.java:52)
at org.testng.SuiteRunnerWorker.run(SuiteRunnerWorker.java:95)
at org.testng.TestNG.runSuitesSequentially(TestNG.java:1274)
at org.testng.TestNG.runSuitesLocally(TestNG.java:1208)
at org.testng.TestNG.runSuites(TestNG.java:1112)
at org.testng.TestNG.run(TestNG.java:1079)
at org.testng.remote.AbstractRemoteTestNG.run(AbstractRemoteTestNG.java:115)
at org.testng.remote.RemoteTestNG.initAndRun(RemoteTestNG.java:293)
at org.testng.remote.RemoteTestNG.main(RemoteTestNG.java:91)
Caused by: com.microsoft.playwright.impl.TargetClosedError: Error {
  message='Target page, context or browser has been closed
  name='TargetClosedError
  stack='TargetClosedError:Target page, context or browser has been closed
Error
    at captureRawStack (C:\Users\Admin\AppData\Local\Temp\playwright-java-15377738447048054443\package\lib\utils\isomorphic\stackTrace.js:32:17)
    at LongStandingScope._race (C:\Users\Admin\AppData\Local\Temp\playwright-java-15377738447048054443\package\lib\utils\isomorphic\manualPromise.js:87:58)
    at LongStandingScope.race (C:\Users\Admin\AppData\Local\Temp\playwright-java-15377738447048054443\package\lib\utils\isomorphic\manualPromise.js:80:17)
    at FrameDispatcher._handleCommand (C:\Users\Admin\AppData\Local\Temp\playwright-java-15377738447048054443\package\lib\server\dispatchers\dispatcher.js:90:36)
    at DispatcherConnection.dispatch (C:\Users\Admin\AppData\Local\Temp\playwright-java-15377738447048054443\package\lib\server\dispatchers\dispatcher.js:309:39)
}
Call log:
-   - navigating to "https://stage.promilo.com/", waiting until "load"

at com.microsoft.playwright.impl.Connection.dispatch(Connection.java:259)
at com.microsoft.playwright.impl.Connection.processOneMessage(Connection.java:214)
at com.microsoft.playwright.impl.ChannelOwner.runUntil(ChannelOwner.java:136)
... 37 more
]]>
            </full-stacktrace>
          </exception> <!-- com.microsoft.playwright.impl.TargetClosedError -->
          <reporter-output>
          </reporter-output>
        </test-method> <!-- init -->
        <test-method signature="verifyApplyNowViaMobile()[pri:0, instance:com.automation.tests.ApplyNowMobileTest@4a07d605]" started-at="2025-12-23T14:21:53 IST" name="verifyApplyNowViaMobile" finished-at="2025-12-23T14:21:53 IST" duration-ms="1" status="SKIP">
          <exception class="com.microsoft.playwright.impl.TargetClosedError">
            <message>
              <![CDATA[Error {
  message='Target page, context or browser has been closed
  name='TargetClosedError
  stack='TargetClosedError:Target page, context or browser has been closed
Error
    at captureRawStack (C:\Users\Admin\AppData\Local\Temp\playwright-java-15377738447048054443\package\lib\utils\isomorphic\stackTrace.js:32:17)
    at LongStandingScope._race (C:\Users\Admin\AppData\Local\Temp\playwright-java-15377738447048054443\package\lib\utils\isomorphic\manualPromise.js:87:58)
[...]
at com.microsoft.playwright.impl.FrameImpl.navigateImpl(FrameImpl.java:419)
at com.microsoft.playwright.impl.PageImpl.navigate(PageImpl.java:918)
at com.microsoft.playwright.impl.PageImpl.navigate(PageImpl.java:42)
at com.microsoft.playwright.Page.navigate(Page.java:5491)
at com.automation.tests.ApplyNowNegativeTest.fullApplyNowNegativeFlow(ApplyNowNegativeTest.java:27)
at java.base/jdk.internal.reflect.DirectMethodHandleAccessor.invoke(DirectMethodHandleAccessor.java:103)
at java.base/java.lang.reflect.Method.invoke(Method.java:580)
at org.testng.internal.invokers.MethodInvocationHelper.invokeMethod(MethodInvocationHelper.java:141)
at org.testng.internal.invokers.TestInvoker.invokeMethod(TestInvoker.java:686)
at org.testng.internal.invokers.TestInvoker.invokeTestMethod(TestInvoker.java:230)
at org.testng.internal.invokers.MethodRunner.runInSequence(MethodRunner.java:63)
at org.testng.internal.invokers.TestInvoker$MethodInvocationAgent.invoke(TestInvoker.java:992)
at org.testng.internal.invokers.TestInvoker.invokeTestMethods(TestInvoker.java:203)
at org.testng.internal.invokers.TestMethodWorker.invokeTestMethods(TestMethodWorker.java:154)
at org.testng.internal.invokers.TestMethodWorker.run(TestMethodWorker.java:134)
at java.base/java.util.ArrayList.forEach(ArrayList.java:1596)
at org.testng.TestRunner.privateRun(TestRunner.java:739)
at org.testng.TestRunner.run(TestRunner.java:614)
at org.testng.SuiteRunner.runTest(SuiteRunner.java:421)
at org.testng.SuiteRunner.runSequentially(SuiteRunner.java:413)
at org.testng.SuiteRunner.privateRun(SuiteRunner.java:373)
at org.testng.SuiteRunner.run(SuiteRunner.java:312)
at org.testng.SuiteRunnerWorker.runSuite(SuiteRunnerWorker.java:52)
at org.testng.SuiteRunnerWorker.run(SuiteRunnerWorker.java:95)
at org.testng.TestNG.runSuitesSequentially(TestNG.java:1274)
at org.testng.TestNG.runSuitesLocally(TestNG.java:1208)
at org.testng.TestNG.runSuites(TestNG.java:1112)
at org.testng.TestNG.run(TestNG.java:1079)
at org.testng.remote.AbstractRemoteTestNG.run(AbstractRemoteTestNG.java:115)
at org.testng.remote.RemoteTestNG.initAndRun(RemoteTestNG.java:293)
at org.testng.remote.RemoteTestNG.main(RemoteTestNG.java:91)
Caused by: com.microsoft.playwright.impl.TargetClosedError: Error {
  message='Target page, context or browser has been closed
  name='TargetClosedError
  stack='TargetClosedError:Target page, context or browser has been closed
Error
    at captureRawStack (C:\Users\Admin\AppData\Local\Temp\playwright-java-15377738447048054443\package\lib\utils\isomorphic\stackTrace.js:32:17)
    at LongStandingScope._race (C:\Users\Admin\AppData\Local\Temp\playwright-java-15377738447048054443\package\lib\utils\isomorphic\manualPromise.js:87:58)
    at LongStandingScope.race (C:\Users\Admin\AppData\Local\Temp\playwright-java-15377738447048054443\package\lib\utils\isomorphic\manualPromise.js:80:17)
    at FrameDispatcher._handleCommand (C:\Users\Admin\AppData\Local\Temp\playwright-java-15377738447048054443\package\lib\server\dispatchers\dispatcher.js:90:36)
    at DispatcherConnection.dispatch (C:\Users\Admin\AppData\Local\Temp\playwright-java-15377738447048054443\package\lib\server\dispatchers\dispatcher.js:309:39)
}
Call log:
-   - navigating to "https://stage.promilo.com/", waiting until "load"

at com.microsoft.playwright.impl.Connection.dispatch(Connection.java:259)
at com.microsoft.playwright.impl.Connection.processOneMessage(Connection.java:214)
at com.microsoft.playwright.impl.ChannelOwner.runUntil(ChannelOwner.java:136)
... 33 more
]]>
            </full-stacktrace>
          </exception> <!-- com.microsoft.playwright.impl.TargetClosedError -->
          <reporter-output>
            <line>
              <![CDATA[==== APPLY NOW FULL NEGATIVE FLOW STARTED ====]]>
            </line>
            <line>
              <![CDATA[⚠ Screenshot failed: fullApplyNowNegativeFlow]]>
            </line>
          </reporter-output>
        </test-method> <!-- fullApplyNowNegativeFlow -->
        <test-method is-config="true" signature="closeBrowser()[pri:0, instance:com.automation.tests.ApplyNowNegativeTest@74287ea3]" started-at="2025-12-23T14:21:56 IST" name="closeBrowser" finished-at="2025-12-23T14:21:57 IST" duration-ms="422" status="PASS">
          <reporter-output>
          </reporter-output>
        </test-method> <!-- closeBrowser -->
      </class> <!-- com.automation.tests.ApplyNowNegativeTest -->
      <class name="com.automation.tests.RegisterWithUsNegativeTest">
        <test-method is-config="true" signature="launchBrowser()[pri:0, instance:com.automation.tests.RegisterWithUsNegativeTest@2eea88a1]" started-at="2025-12-23T14:22:17 IST" name="launchBrowser" finished-at="2025-12-23T14:22:19 IST" duration-ms="1671" status="PASS">
          <reporter-output>
          </reporter-output>
        </test-method> <!-- launchBrowser -->
        <test-method is-config="true" signature="openBase()[pri:0, instance:com.automation.tests.RegisterWithUsNegativeTest@2eea88a1]" started-at="2025-12-23T14:22:19 IST" name="openBase" finished-at="2025-12-23T14:22:21 IST" duration-ms="2327" status="FAIL">
          <exception class="com.microsoft.playwright.impl.TargetClosedError">
            <message>
              <![CDATA[Error {
  message='Target page, context or browser has been closed
  name='TargetClosedError
  stack='TargetClosedError: Target page, context or browser has been closed
    at DispatcherConnection.dispatch (C:\Users\Admin\AppData\Local\Temp\playwright-java-15377738447048054443\package\lib\server\dispatchers\dispatcher.js:321:15)
}
Call log:
-   - waiting for locator("a.nav-link:has-text('Internships')")
-     - locator resolved to <a href="#" tabindex="0" role="button" class="px-lg-2 px-1 py-75 nav-link">Internships</a>
-   - attempting click action
-     - waiting for element to be visible, enabled and stable
-     - element is visible, enabled and stable
-     - scrolling into view if needed
-     - done scrolling
-     - <div class="modal-content">…</div> from <div tabindex="-1">…</div> subtree intercepts pointer events
-   - retrying click action
-     - waiting for element to be visible, enabled and stable
-     - element is visible, enabled and stable
-     - scrolling into view if needed
]]>
            </message>
            <full-stacktrace>
              <![CDATA[com.microsoft.playwright.impl.TargetClosedError: Error {
  message='Target page, context or browser has been closed
  name='TargetClosedError
  stack='TargetClosedError: Target page, context or browser has been closed
    at DispatcherConnection.dispatch (C:\Users\Admin\AppData\Local\Temp\playwright-java-15377738447048054443\package\lib\server\dispatchers\dispatcher.js:321:15)
}
Call log:
-   - waiting for locator("a.nav-link:has-text('Internships')")
-     - locator resolved to <a href="#" tabindex="0" role="button" class="px-lg-2 px-1 py-75 nav-link">Internships</a>
-   - attempting click action
-     - waiting for element to be visible, enabled and stable
-     - element is visible, enabled and stable
-     - scrolling into view if needed
-     - done scrolling
-     - <div class="modal-content">…</div> from <div tabindex="-1">…</div> subtree intercepts pointer events
-   - retrying click action
-     - waiting for element to be visible, enabled and stable
-     - element is visible, enabled and stable
-     - scrolling into view if needed

at com.microsoft.playwright.impl.WaitableResult.get(WaitableResult.java:54)
at com.microsoft.playwright.impl.ChannelOwner.runUntil(ChannelOwner.java:138)
at com.microsoft.playwright.impl.Connection.sendMessage(Connection.java:131)
at com.microsoft.playwright.impl.ChannelOwner.sendMessage(ChannelOwner.java:124)
at com.microsoft.playwright.impl.FrameImpl.clickImpl(FrameImpl.java:241)
at com.microsoft.playwright.impl.FrameImpl.click(FrameImpl.java:232)
at com.microsoft.playwright.impl.LocatorImpl.click(LocatorImpl.java:164)
at com.microsoft.playwright.Locator.click(Locator.java:2500)
at com.automation.utils.HelperUtility.safeClick(HelperUtility.java:54)
at com.automation.tests.RegisterWithUsNegativeTest.openBase(RegisterWithUsNegativeTest.java:38)
at java.base/jdk.internal.reflect.DirectMethodHandleAccessor.invoke(DirectMethodHandleAccessor.java:103)
at java.base/java.lang.reflect.Method.invoke(Method.java:580)
at org.testng.internal.invokers.MethodInvocationHelper.invokeMethod(MethodInvocationHelper.java:141)
at org.testng.internal.invokers.MethodInvocationHelper.invokeMethodConsideringTimeout(MethodInvocationHelper.java:71)
at org.testng.internal.invokers.ConfigInvoker.invokeConfigurationMethod(ConfigInvoker.java:400)
at org.testng.internal.invokers.ConfigInvoker.invokeConfigurations(ConfigInvoker.java:333)
at org.testng.internal.invokers.TestInvoker.runConfigMethods(TestInvoker.java:833)
at org.testng.internal.invokers.TestInvoker.invokeMethod(TestInvoker.java:600)
at org.testng.internal.invokers.TestInvoker.invokeTestMethod(TestInvoker.java:230)
at org.testng.internal.invokers.MethodRunner.runInSequence(MethodRunner.java:63)
at org.testng.internal.invokers.TestInvoker$MethodInvocationAgent.invoke(TestInvoker.java:992)
at org.testng.internal.invokers.TestInvoker.invokeTestMethods(TestInvoker.java:203)
at org.testng.internal.invokers.TestMethodWorker.invokeTestMethods(TestMethodWorker.java:154)
at org.testng.internal.invokers.TestMethodWorker.run(TestMethodWorker.java:134)
at java.base/java.util.ArrayList.forEach(ArrayList.java:1596)
at org.testng.TestRunner.privateRun(TestRunner.java:739)
at org.testng.TestRunner.run(TestRunner.java:614)
at org.testng.SuiteRunner.runTest(SuiteRunner.java:421)
at org.testng.SuiteRunner.runSequentially(SuiteRunner.java:413)
at org.testng.SuiteRunner.privateRun(SuiteRunner.java:373)
at org.testng.SuiteRunner.run(SuiteRunner.java:312)
at org.testng.SuiteRunnerWorker.runSuite(SuiteRunnerWorker.java:52)
at org.testng.SuiteRunnerWorker.run(SuiteRunnerWorker.java:95)
at org.testng.TestNG.runSuitesSequentially(TestNG.java:1274)
at org.testng.TestNG.runSuitesLocally(TestNG.java:1208)
at org.testng.TestNG.runSuites(TestNG.java:1112)
at org.testng.TestNG.run(TestNG.java:1079)
at org.testng.remote.AbstractRemoteTestNG.run(AbstractRemoteTestNG.java:115)
at org.testng.remote.RemoteTestNG.initAndRun(RemoteTestNG.java:293)
at org.testng.remote.RemoteTestNG.main(RemoteTestNG.java:91)
Caused by: com.microsoft.playwright.impl.TargetClosedError: Error {
  message='Target page, context or browser has been closed
  name='TargetClosedError
  stack='TargetClosedError: Target page, context or browser has been closed
    at DispatcherConnection.dispatch (C:\Users\Admin\AppData\Local\Temp\playwright-java-15377738447048054443\package\lib\server\dispatchers\dispatcher.js:321:15)
}
Call log:
-   - waiting for locator("a.nav-link:has-text('Internships')")
-     - locator resolved to <a href="#" tabindex="0" role="button" class="px-lg-2 px-1 py-75 nav-link">Internships</a>
-   - attempting click action
-     - waiting for element to be visible, enabled and stable
-     - element is visible, enabled and stable
-     - scrolling into view if needed
-     - done scrolling
-     - <div class="modal-content">…</div> from <div tabindex="-1">…</div> subtree intercepts pointer events
-   - retrying click action
-     - waiting for element to be visible, enabled and stable
-     - element is visible, enabled and stable
-     - scrolling into view if needed

at com.microsoft.playwright.impl.Connection.dispatch(Connection.java:259)
at com.microsoft.playwright.impl.Connection.processOneMessage(Connection.java:214)
at com.microsoft.playwright.impl.ChannelOwner.runUntil(ChannelOwner.java:136)
... 38 more
]]>
            </full-stacktrace>
          </exception> <!-- com.microsoft.playwright.impl.TargetClosedError -->
          <reporter-output>
            <line>
              <![CDATA[[Step 1] Navigating to https://stage.promilo.com/]]>
            </line>
            <line>
              <![CDATA[[Click FAILED] Open Internships]]>
            </line>
            <line>
              <![CDATA[⚠ Screenshot failed: Open Internships_FAILED]]>
            </line>
          </reporter-output>
        </test-method> <!-- openBase -->
        <test-method signature="fullRegisterWithUsNegativeFlow()[pri:0, instance:com.automation.tests.RegisterWithUsNegativeTest@2eea88a1]" started-at="2025-12-23T14:22:21 IST" name="fullRegisterWithUsNegativeFlow" finished-at="2025-12-23T14:22:21 IST" duration-ms="0" status="SKIP">
          <exception class="com.microsoft.playwright.impl.TargetClosedError">
            <message>
              <![CDATA[Error {
  message='Target page, context or browser has been closed
  name='TargetClosedError
  stack='TargetClosedError: Target page, context or browser has been closed
    at DispatcherConnection.dispatch (C:\Users\Admin\AppData\Local\Temp\playwright-java-15377738447048054443\package\lib\server\dispatchers\dispatcher.js:321:15)
}
Call log:
-   - waiting for locator("a.nav-link:has-text('Internships')")
-     - locator resolved to <a href="#" tabindex="0" role="button" class="px-lg-2 px-1 py-75 nav-link">Internships</a>
-   - attempting click action
-     - waiting for element to be visible, enabled and stable
-     - element is visible, enabled and stable
-     - scrolling into view if needed
-     - done scrolling
-     - <div class="modal-content">…</div> from <div tabindex="-1">…</div> subtree intercepts pointer events
-   - retrying click action
-     - waiting for element to be visible, enabled and stable
-     - element is visible, enabled and stable
-     - scrolling into view if needed
]]>
            </message>
            <full-stacktrace>
              <![CDATA[com.microsoft.playwright.impl.TargetClosedError: Error {
  message='Target page, context or browser has been closed
  name='TargetClosedError
  stack='TargetClosedError: Target page, context or browser has been closed
    at DispatcherConnection.dispatch (C:\Users\Admin\AppData\Local\Temp\playwright-java-15377738447048054443\package\lib\server\dispatchers\dispatcher.js:321:15)
}
Call log:
-   - waiting for locator("a.nav-link:has-text('Internships')")
-     - locator resolved to <a href="#" tabindex="0" role="button" class="px-lg-2 px-1 py-75 nav-link">Internships</a>
-   - attempting click action
-     - waiting for element to be visible, enabled and stable
-     - element is visible, enabled and stable
-     - scrolling into view if needed
-     - done scrolling
-     - <div class="modal-content">…</div> from <div tabindex="-1">…</div> subtree intercepts pointer events
-   - retrying click action
-     - waiting for element to be visible, enabled and stable
-     - element is visible, enabled and stable
-     - scrolling into view if needed

at com.microsoft.playwright.impl.WaitableResult.get(WaitableResult.java:54)
at com.microsoft.playwright.impl.ChannelOwner.runUntil(ChannelOwner.java:138)
at com.microsoft.playwright.impl.Connection.sendMessage(Connection.java:131)
at com.microsoft.playwright.impl.ChannelOwner.sendMessage(ChannelOwner.java:124)
at com.microsoft.playwright.impl.FrameImpl.clickImpl(FrameImpl.java:241)
at com.microsoft.playwright.impl.FrameImpl.click(FrameImpl.java:232)
at com.microsoft.playwright.impl.LocatorImpl.click(LocatorImpl.java:164)
at com.microsoft.playwright.Locator.click(Locator.java:2500)
at com.automation.utils.HelperUtility.safeClick(HelperUtility.java:54)
at com.automation.tests.RegisterWithUsNegativeTest.openBase(RegisterWithUsNegativeTest.java:38)
at java.base/jdk.internal.reflect.DirectMethodHandleAccessor.invoke(DirectMethodHandleAccessor.java:103)
at java.base/java.lang.reflect.Method.invoke(Method.java:580)
at org.testng.internal.invokers.MethodInvocationHelper.invokeMethod(MethodInvocationHelper.java:141)
at org.testng.internal.invokers.MethodInvocationHelper.invokeMethodConsideringTimeout(MethodInvocationHelper.java:71)
at org.testng.internal.invokers.ConfigInvoker.invokeConfigurationMethod(ConfigInvoker.java:400)
at org.testng.internal.invokers.ConfigInvoker.invokeConfigurations(ConfigInvoker.java:333)
at org.testng.internal.invokers.TestInvoker.runConfigMethods(TestInvoker.java:833)
at org.testng.internal.invokers.TestInvoker.invokeMethod(TestInvoker.java:600)
at org.testng.internal.invokers.TestInvoker.invokeTestMethod(TestInvoker.java:230)
at org.testng.internal.invokers.MethodRunner.runInSequence(MethodRunner.java:63)
at org.testng.internal.invokers.TestInvoker$MethodInvocationAgent.invoke(TestInvoker.java:992)
at org.testng.internal.invokers.TestInvoker.invokeTestMethods(TestInvoker.java:203)
at org.testng.internal.invokers.TestMethodWorker.invokeTestMethods(TestMethodWorker.java:154)
at org.testng.internal.invokers.TestMethodWorker.run(TestMethodWorker.java:134)
at java.base/java.util.ArrayList.forEach(ArrayList.java:1596)
at org.testng.TestRunner.privateRun(TestRunner.java:739)
at org.testng.TestRunner.run(TestRunner.java:614)
at org.testng.SuiteRunner.runTest(SuiteRunner.java:421)
at org.testng.SuiteRunner.runSequentially(SuiteRunner.java:413)
at org.testng.SuiteRunner.privateRun(SuiteRunner.java:373)
at org.testng.SuiteRunner.run(SuiteRunner.java:312)
at org.testng.SuiteRunnerWorker.runSuite(SuiteRunnerWorker.java:52)
at org.testng.SuiteRunnerWorker.run(SuiteRunnerWorker.java:95)
at org.testng.TestNG.runSuitesSequentially(TestNG.java:1274)
at org.testng.TestNG.runSuitesLocally(TestNG.java:1208)
at org.testng.TestNG.runSuites(TestNG.java:1112)
at org.testng.TestNG.run(TestNG.java:1079)
at org.testng.remote.AbstractRemoteTestNG.run(AbstractRemoteTestNG.java:115)
at org.testng.remote.RemoteTestNG.initAndRun(RemoteTestNG.java:293)
at org.testng.remote.RemoteTestNG.main(RemoteTestNG.java:91)
Caused by: com.microsoft.playwright.impl.TargetClosedError: Error {
  message='Target page, context or browser has been closed
  name='TargetClosedError
  stack='TargetClosedError: Target page, context or browser has been closed
    at DispatcherConnection.dispatch (C:\Users\Admin\AppData\Local\Temp\playwright-java-15377738447048054443\package\lib\server\dispatchers\dispatcher.js:321:15)
}
Call log:
-   - waiting for locator("a.nav-link:has-text('Internships')")
-     - locator resolved to <a href="#" tabindex="0" role="button" class="px-lg-2 px-1 py-75 nav-link">Internships</a>
-   - attempting click action
-     - waiting for element to be visible, enabled and stable
-     - element is visible, enabled and stable
-     - scrolling into view if needed
-     - done scrolling
-     - <div class="modal-content">…</div> from <div tabindex="-1">…</div> subtree intercepts pointer events
-   - retrying click action
-     - waiting for element to be visible, enabled and stable
-     - element is visible, enabled and stable
-     - scrolling into view if needed

at com.microsoft.playwright.impl.Connection.dispatch(Connection.java:259)
at com.microsoft.playwright.impl.Connection.processOneMessage(Connection.java:214)
at com.microsoft.playwright.impl.ChannelOwner.runUntil(ChannelOwner.java:136)
... 38 more
]]>
            </full-stacktrace>
          </exception> <!-- com.microsoft.playwright.impl.TargetClosedError -->
          <reporter-output>
          </reporter-output>
        </test-method> <!-- fullRegisterWithUsNegativeFlow -->
        <test-method is-config="true" signature="closeBrowser()[pri:0, instance:com.automation.tests.RegisterWithUsNegativeTest@2eea88a1]" started-at="2025-12-23T14:22:21 IST" name="closeBrowser" finished-at="2025-12-23T14:22:22 IST" duration-ms="439" status="PASS">
          <reporter-output>
          </reporter-output>
        </test-method> <!-- closeBrowser -->
      </class> <!-- com.automation.tests.RegisterWithUsNegativeTest -->
    </test> <!-- All Tests -->
  </suite> <!-- Promilo Automation Suite -->
</testng-results>
