<?xml version="1.0" encoding="UTF-8"?>
<testng-results ignored="0" total="1" passed="0" failed="1" skipped="0">
  <reporter-output>
    <line>
      <![CDATA[======== FEEDBACK NEGATIVE FLOW STARTED ========]]>
    </line>
    <line>
      <![CDATA[[STEP] Navigate to website]]>
    </line>
    <line>
      <![CDATA[[Click] Close Maybe Later ✓]]>
    </line>
    <line>
      <![CDATA[📷 Screenshot: screenshots/Close Maybe Later_20251118_175449.png]]>
    </line>
    <line>
      <![CDATA[[Click] Open Internships ✓]]>
    </line>
    <line>
      <![CDATA[📷 Screenshot: screenshots/Open Internships_20251118_175451.png]]>
    </line>
    <line>
      <![CDATA[[Wait] Internship Card]]>
    </line>
    <line>
      <![CDATA[[Click] Open Internship ✓]]>
    </line>
    <line>
      <![CDATA[📷 Screenshot: screenshots/Open Internship_20251118_175455.png]]>
    </line>
    <line>
      <![CDATA[[Wait] Feedback Textarea]]>
    </line>
    <line>
      <![CDATA[[Fill] Feedback Text = Automated feedback for validation.]]>
    </line>
    <line>
      <![CDATA[📷 Screenshot: screenshots/Fill_Feedback Text_20251118_175456.png]]>
    </line>
    <line>
      <![CDATA[[Click] Submit Feedback Text ✓]]>
    </line>
    <line>
      <![CDATA[📷 Screenshot: screenshots/Submit Feedback Text_20251118_175457.png]]>
    </line>
    <line>
      <![CDATA[[Wait] Ask Us Popup]]>
    </line>
    <line>
      <![CDATA[[Click] Submit Blank Ask-Us Form ✓]]>
    </line>
    <line>
      <![CDATA[📷 Screenshot: screenshots/Submit Blank Ask-Us Form_20251118_175458.png]]>
    </line>
    <line>
      <![CDATA[[ERROR FOUND] Name is required]]>
    </line>
    <line>
      <![CDATA[[ERROR FOUND] Mobile number is required]]>
    </line>
    <line>
      <![CDATA[[ERROR FOUND] Email is required]]>
    </line>
  </reporter-output>
  <suite started-at="2025-11-18T17:54:34 IST" name="Default suite" finished-at="2025-11-18T17:55:30 IST" duration-ms="55560">
    <groups>
    </groups>
    <test started-at="2025-11-18T17:54:34 IST" name="Default test" finished-at="2025-11-18T17:55:30 IST" duration-ms="55560">
      <class name="com.automation.tests.FeedbackNegativeTest">
        <test-method is-config="true" signature="launchBrowser()[pri:0, instance:com.automation.tests.FeedbackNegativeTest@7cc0cdad]" started-at="2025-11-18T17:54:35 IST" name="launchBrowser" finished-at="2025-11-18T17:54:46 IST" duration-ms="11560" status="PASS">
          <reporter-output>
          </reporter-output>
        </test-method> <!-- launchBrowser -->
        <test-method signature="fullFeedbackNegativeFlow()[pri:0, instance:com.automation.tests.FeedbackNegativeTest@7cc0cdad]" started-at="2025-11-18T17:54:46 IST" name="fullFeedbackNegativeFlow" finished-at="2025-11-18T17:55:30 IST" duration-ms="43409" status="FAIL">
          <exception class="com.microsoft.playwright.TimeoutError">
            <message>
              <![CDATA[Error {
  message='Timeout 30000ms exceeded.
  name='TimeoutError
  stack='TimeoutError: Timeout 30000ms exceeded.
    at ProgressController.run (C:\Users\Admin\AppData\Local\Temp\playwright-java-5690132527668056281\package\lib\server\progress.js:76:26)
    at Frame.waitForSelector (C:\Users\Admin\AppData\Local\Temp\playwright-java-5690132527668056281\package\lib\server\frames.js:615:23)
    at FrameDispatcher.waitForSelector (C:\Users\Admin\AppData\Local\Temp\playwright-java-5690132527668056281\package\lib\server\dispatchers\frameDispatcher.js:82:116)
    at FrameDispatcher._handleCommand (C:\Users\Admin\AppData\Local\Temp\playwright-java-5690132527668056281\package\lib\server\dispatchers\dispatcher.js:88:40)
    at DispatcherConnection.dispatch (C:\Users\Admin\AppData\Local\Temp\playwright-java-5690132527668056281\package\lib\server\dispatchers\dispatcher.js:309:39)
}
Call log:
-   - waiting for locator("//div[contains(@class,'AskUs-Modal') and contains(@class,'show')]//div[contains(@class,'text-danger') and normalize-space()='Must be 3 characters or greater']") to be visible
]]>
            </message>
            <full-stacktrace>
              <![CDATA[com.microsoft.playwright.TimeoutError: Error {
  message='Timeout 30000ms exceeded.
  name='TimeoutError
  stack='TimeoutError: Timeout 30000ms exceeded.
    at ProgressController.run (C:\Users\Admin\AppData\Local\Temp\playwright-java-5690132527668056281\package\lib\server\progress.js:76:26)
    at Frame.waitForSelector (C:\Users\Admin\AppData\Local\Temp\playwright-java-5690132527668056281\package\lib\server\frames.js:615:23)
    at FrameDispatcher.waitForSelector (C:\Users\Admin\AppData\Local\Temp\playwright-java-5690132527668056281\package\lib\server\dispatchers\frameDispatcher.js:82:116)
    at FrameDispatcher._handleCommand (C:\Users\Admin\AppData\Local\Temp\playwright-java-5690132527668056281\package\lib\server\dispatchers\dispatcher.js:88:40)
    at DispatcherConnection.dispatch (C:\Users\Admin\AppData\Local\Temp\playwright-java-5690132527668056281\package\lib\server\dispatchers\dispatcher.js:309:39)
}
Call log:
-   - waiting for locator("//div[contains(@class,'AskUs-Modal') and contains(@class,'show')]//div[contains(@class,'text-danger') and normalize-space()='Must be 3 characters or greater']") to be visible

at com.microsoft.playwright.impl.WaitableResult.get(WaitableResult.java:52)
at com.microsoft.playwright.impl.ChannelOwner.runUntil(ChannelOwner.java:138)
at com.microsoft.playwright.impl.Connection.sendMessage(Connection.java:131)
at com.microsoft.playwright.impl.ChannelOwner.sendMessage(ChannelOwner.java:124)
at com.microsoft.playwright.impl.FrameImpl.waitForSelectorImpl(FrameImpl.java:985)
at com.microsoft.playwright.impl.LocatorImpl.waitFor(LocatorImpl.java:625)
at com.microsoft.playwright.Locator.waitFor(Locator.java:5418)
at com.automation.pages.FeedbackErrorMessagesPage.assertErrorVisible(FeedbackErrorMessagesPage.java:24)
at com.automation.pages.FeedbackErrorMessagesPage.assertRequiredErrorMessages(FeedbackErrorMessagesPage.java:37)
at com.automation.tests.FeedbackNegativeTest.fullFeedbackNegativeFlow(FeedbackNegativeTest.java:54)
at java.base/jdk.internal.reflect.DirectMethodHandleAccessor.invoke(DirectMethodHandleAccessor.java:103)
at java.base/java.lang.reflect.Method.invoke(Method.java:580)
at org.testng.internal.invokers.MethodInvocationHelper.invokeMethod(MethodInvocationHelper.java:141)
at org.testng.internal.invokers.TestInvoker.invokeMethod(TestInvoker.java:686)
at org.testng.internal.invokers.TestInvoker.invokeTestMethod(TestInvoker.java:230)
at org.testng.internal.invokers.MethodRunner.runInSequence(MethodRunner.java:63)
at org.testng.internal.invokers.TestInvoker$MethodInvocationAgent.invoke(TestInvoker.java:992)
at org.testng.internal.invokers.TestInvoker.invokeTestMethods(TestInvoker.java:203)
at org.testng.internal.invokers.TestMethodWorker.invokeTestMethods(TestMethodWorker.java:154)
at org.testng.internal.invokers.TestMethodWorker.run(TestMethodWorker.java:134)
at java.base/java.util.ArrayList.forEach(ArrayList.java:1596)
at org.testng.TestRunner.privateRun(TestRunner.java:739)
at org.testng.TestRunner.run(TestRunner.java:614)
at org.testng.SuiteRunner.runTest(SuiteRunner.java:421)
at org.testng.SuiteRunner.runSequentially(SuiteRunner.java:413)
at org.testng.SuiteRunner.privateRun(SuiteRunner.java:373)
at org.testng.SuiteRunner.run(SuiteRunner.java:312)
at org.testng.SuiteRunnerWorker.runSuite(SuiteRunnerWorker.java:52)
at org.testng.SuiteRunnerWorker.run(SuiteRunnerWorker.java:95)
at org.testng.TestNG.runSuitesSequentially(TestNG.java:1274)
at org.testng.TestNG.runSuitesLocally(TestNG.java:1208)
at org.testng.TestNG.runSuites(TestNG.java:1112)
at org.testng.TestNG.run(TestNG.java:1079)
at org.testng.remote.AbstractRemoteTestNG.run(AbstractRemoteTestNG.java:115)
at org.testng.remote.RemoteTestNG.initAndRun(RemoteTestNG.java:293)
at org.testng.remote.RemoteTestNG.main(RemoteTestNG.java:91)
Caused by: com.microsoft.playwright.TimeoutError: Error {
  message='Timeout 30000ms exceeded.
  name='TimeoutError
  stack='TimeoutError: Timeout 30000ms exceeded.
    at ProgressController.run (C:\Users\Admin\AppData\Local\Temp\playwright-java-5690132527668056281\package\lib\server\progress.js:76:26)
    at Frame.waitForSelector (C:\Users\Admin\AppData\Local\Temp\playwright-java-5690132527668056281\package\lib\server\frames.js:615:23)
    at FrameDispatcher.waitForSelector (C:\Users\Admin\AppData\Local\Temp\playwright-java-5690132527668056281\package\lib\server\dispatchers\frameDispatcher.js:82:116)
    at FrameDispatcher._handleCommand (C:\Users\Admin\AppData\Local\Temp\playwright-java-5690132527668056281\package\lib\server\dispatchers\dispatcher.js:88:40)
    at DispatcherConnection.dispatch (C:\Users\Admin\AppData\Local\Temp\playwright-java-5690132527668056281\package\lib\server\dispatchers\dispatcher.js:309:39)
}
Call log:
-   - waiting for locator("//div[contains(@class,'AskUs-Modal') and contains(@class,'show')]//div[contains(@class,'text-danger') and normalize-space()='Must be 3 characters or greater']") to be visible

at com.microsoft.playwright.impl.Connection.dispatch(Connection.java:257)
at com.microsoft.playwright.impl.Connection.processOneMessage(Connection.java:214)
at com.microsoft.playwright.impl.ChannelOwner.runUntil(ChannelOwner.java:136)
... 34 more
]]>
            </full-stacktrace>
          </exception> <!-- com.microsoft.playwright.TimeoutError -->
          <reporter-output>
            <line>
              <![CDATA[======== FEEDBACK NEGATIVE FLOW STARTED ========]]>
            </line>
            <line>
              <![CDATA[[STEP] Navigate to website]]>
            </line>
            <line>
              <![CDATA[[Click] Close Maybe Later ✓]]>
            </line>
            <line>
              <![CDATA[📷 Screenshot: screenshots/Close Maybe Later_20251118_175449.png]]>
            </line>
            <line>
              <![CDATA[[Click] Open Internships ✓]]>
            </line>
            <line>
              <![CDATA[📷 Screenshot: screenshots/Open Internships_20251118_175451.png]]>
            </line>
            <line>
              <![CDATA[[Wait] Internship Card]]>
            </line>
            <line>
              <![CDATA[[Click] Open Internship ✓]]>
            </line>
            <line>
              <![CDATA[📷 Screenshot: screenshots/Open Internship_20251118_175455.png]]>
            </line>
            <line>
              <![CDATA[[Wait] Feedback Textarea]]>
            </line>
            <line>
              <![CDATA[[Fill] Feedback Text = Automated feedback for validation.]]>
            </line>
            <line>
              <![CDATA[📷 Screenshot: screenshots/Fill_Feedback Text_20251118_175456.png]]>
            </line>
            <line>
              <![CDATA[[Click] Submit Feedback Text ✓]]>
            </line>
            <line>
              <![CDATA[📷 Screenshot: screenshots/Submit Feedback Text_20251118_175457.png]]>
            </line>
            <line>
              <![CDATA[[Wait] Ask Us Popup]]>
            </line>
            <line>
              <![CDATA[[Click] Submit Blank Ask-Us Form ✓]]>
            </line>
            <line>
              <![CDATA[📷 Screenshot: screenshots/Submit Blank Ask-Us Form_20251118_175458.png]]>
            </line>
            <line>
              <![CDATA[[ERROR FOUND] Name is required]]>
            </line>
            <line>
              <![CDATA[[ERROR FOUND] Mobile number is required]]>
            </line>
            <line>
              <![CDATA[[ERROR FOUND] Email is required]]>
            </line>
          </reporter-output>
        </test-method> <!-- fullFeedbackNegativeFlow -->
        <test-method is-config="true" signature="closeBrowser()[pri:0, instance:com.automation.tests.FeedbackNegativeTest@7cc0cdad]" started-at="2025-11-18T17:55:30 IST" name="closeBrowser" finished-at="2025-11-18T17:55:30 IST" duration-ms="496" status="PASS">
          <reporter-output>
          </reporter-output>
        </test-method> <!-- closeBrowser -->
      </class> <!-- com.automation.tests.FeedbackNegativeTest -->
    </test> <!-- Default test -->
  </suite> <!-- Default suite -->
</testng-results>
