<?xml version="1.0" encoding="UTF-8"?>
<!-- Generated by org.testng.reporters.JUnitXMLReporter -->
<testsuite ignored="0" hostname="DESKTOP-UUDM026" failures="1" tests="1" name="Default test" time="65.488" errors="0" timestamp="2025-10-23T17:45:09 IST">
  <testcase classname="com.automation.tests.RescheduleFunctionalityTest" name="testCandidateToAdvertiserRescheduleFlow" time="43.634">
    <failure type="com.microsoft.playwright.impl.TargetClosedError" message="Error {
  message=&amp;apos;Target page, context or browser has been closed
  name=&amp;apos;TargetClosedError
  stack=&amp;apos;TargetClosedError:Target page, context or browser has been closed
Error
    at captureRawStack (C:\Users\Admin\AppData\Local\Temp\playwright-java-16131072603072406056\package\lib\utils\isomorphic\stackTrace.js:32:17)
    at LongStandingScope._race (C:\Users\Admin\AppData\Local\Temp\playwright-java-16131072603072406056\package\lib\utils\isomorphic\manualPromise.js:87:58)
    at LongStandingScope.race (C:\Users\Admin\AppData\Local\Temp\playwright-java-16131072603072406056\package\lib\utils\isomorphic\manualPromise.js:80:17)
    at FrameDispatcher._handleCommand (C:\Users\Admin\AppData\Local\Temp\playwright-java-16131072603072406056\package\lib\server\dispatchers\dispatcher.js:90:36)
    at DispatcherConnection.dispatch (C:\Users\Admin\AppData\Local\Temp\playwright-java-16131072603072406056\package\lib\server\dispatchers\dispatcher.js:309:39)
}
Call log:
-   - waiting for locator(&amp;quot;//span[text()=&amp;apos;My Interest&amp;apos;]&amp;quot;) to be visible
">
      <![CDATA[com.microsoft.playwright.impl.TargetClosedError: Error {
  message='Target page, context or browser has been closed
  name='TargetClosedError
  stack='TargetClosedError:Target page, context or browser has been closed
Error
    at captureRawStack (C:\Users\Admin\AppData\Local\Temp\playwright-java-16131072603072406056\package\lib\utils\isomorphic\stackTrace.js:32:17)
    at LongStandingScope._race (C:\Users\Admin\AppData\Local\Temp\playwright-java-16131072603072406056\package\lib\utils\isomorphic\manualPromise.js:87:58)
    at LongStandingScope.race (C:\Users\Admin\AppData\Local\Temp\playwright-java-16131072603072406056\package\lib\utils\isomorphic\manualPromise.js:80:17)
    at FrameDispatcher._handleCommand (C:\Users\Admin\AppData\Local\Temp\playwright-java-16131072603072406056\package\lib\server\dispatchers\dispatcher.js:90:36)
    at DispatcherConnection.dispatch (C:\Users\Admin\AppData\Local\Temp\playwright-java-16131072603072406056\package\lib\server\dispatchers\dispatcher.js:309:39)
}
Call log:
-   - waiting for locator("//span[text()='My Interest']") to be visible

at com.microsoft.playwright.impl.WaitableResult.get(WaitableResult.java:54)
at com.microsoft.playwright.impl.ChannelOwner.runUntil(ChannelOwner.java:138)
at com.microsoft.playwright.impl.Connection.sendMessage(Connection.java:131)
at com.microsoft.playwright.impl.ChannelOwner.sendMessage(ChannelOwner.java:124)
at com.microsoft.playwright.impl.FrameImpl.waitForSelectorImpl(FrameImpl.java:985)
at com.microsoft.playwright.impl.LocatorImpl.waitFor(LocatorImpl.java:625)
at com.automation.pages.RescheduleFunctionalityActions.clickMyInterests(RescheduleFunctionalityActions.java:27)
at com.automation.tests.RescheduleFunctionalityTest.testCandidateToAdvertiserRescheduleFlow(RescheduleFunctionalityTest.java:41)
at java.base/jdk.internal.reflect.DirectMethodHandleAccessor.invoke(DirectMethodHandleAccessor.java:103)
at java.base/java.lang.reflect.Method.invoke(Method.java:580)
at org.testng.internal.invokers.MethodInvocationHelper.invokeMethod(MethodInvocationHelper.java:141)
at org.testng.internal.invokers.TestInvoker.invokeMethod(TestInvoker.java:686)
at org.testng.internal.invokers.TestInvoker.invokeTestMethod(TestInvoker.java:230)
at org.testng.internal.invokers.MethodRunner.runInSequence(MethodRunner.java:63)
at org.testng.internal.invokers.TestInvoker$MethodInvocationAgent.invoke(TestInvoker.java:992)
at org.testng.internal.invokers.TestInvoker.invokeTestMethods(TestInvoker.java:203)
at org.testng.internal.invokers.TestMethodWorker.invokeTestMethods(TestMethodWorker.java:154)
at org.testng.internal.invokers.TestMethodWorker.run(TestMethodWorker.java:134)
at java.base/java.util.ArrayList.forEach(ArrayList.java:1596)
at org.testng.TestRunner.privateRun(TestRunner.java:739)
at org.testng.TestRunner.run(TestRunner.java:614)
at org.testng.SuiteRunner.runTest(SuiteRunner.java:421)
at org.testng.SuiteRunner.runSequentially(SuiteRunner.java:413)
at org.testng.SuiteRunner.privateRun(SuiteRunner.java:373)
at org.testng.SuiteRunner.run(SuiteRunner.java:312)
at org.testng.SuiteRunnerWorker.runSuite(SuiteRunnerWorker.java:52)
at org.testng.SuiteRunnerWorker.run(SuiteRunnerWorker.java:95)
at org.testng.TestNG.runSuitesSequentially(TestNG.java:1274)
at org.testng.TestNG.runSuitesLocally(TestNG.java:1208)
at org.testng.TestNG.runSuites(TestNG.java:1112)
at org.testng.TestNG.run(TestNG.java:1079)
at org.testng.remote.AbstractRemoteTestNG.run(AbstractRemoteTestNG.java:115)
at org.testng.remote.RemoteTestNG.initAndRun(RemoteTestNG.java:293)
at org.testng.remote.RemoteTestNG.main(RemoteTestNG.java:91)
Caused by: com.microsoft.playwright.impl.TargetClosedError: Error {
  message='Target page, context or browser has been closed
  name='TargetClosedError
  stack='TargetClosedError:Target page, context or browser has been closed
Error
    at captureRawStack (C:\Users\Admin\AppData\Local\Temp\playwright-java-16131072603072406056\package\lib\utils\isomorphic\stackTrace.js:32:17)
    at LongStandingScope._race (C:\Users\Admin\AppData\Local\Temp\playwright-java-16131072603072406056\package\lib\utils\isomorphic\manualPromise.js:87:58)
    at LongStandingScope.race (C:\Users\Admin\AppData\Local\Temp\playwright-java-16131072603072406056\package\lib\utils\isomorphic\manualPromise.js:80:17)
    at FrameDispatcher._handleCommand (C:\Users\Admin\AppData\Local\Temp\playwright-java-16131072603072406056\package\lib\server\dispatchers\dispatcher.js:90:36)
    at DispatcherConnection.dispatch (C:\Users\Admin\AppData\Local\Temp\playwright-java-16131072603072406056\package\lib\server\dispatchers\dispatcher.js:309:39)
}
Call log:
-   - waiting for locator("//span[text()='My Interest']") to be visible

at com.microsoft.playwright.impl.Connection.dispatch(Connection.java:259)
at com.microsoft.playwright.impl.Connection.processOneMessage(Connection.java:214)
at com.microsoft.playwright.impl.ChannelOwner.runUntil(ChannelOwner.java:136)
... 32 more
]]>
    </failure>
  </testcase> <!-- testCandidateToAdvertiserRescheduleFlow -->
</testsuite> <!-- Default test -->
