<?xml version="1.0" encoding="UTF-8"?>
<!-- Generated by org.testng.reporters.JUnitXMLReporter -->
<testsuite ignored="0" hostname="DESKTOP-79S5A6H" failures="1" tests="4" name="Get HR Call Tests" time="268.978" errors="0" timestamp="2026-01-17T20:53:06 IST">
  <testcase classname="com.promilo.automation.internship.getHRcall.CallBackGuestUser" name="CallBackGuestUser" time="39.683"/>
  <testcase classname="com.promilo.automation.internship.getHRcall.CallBackSignupwithEmail" name="HRcallTest" time="87.29"/>
  <testcase classname="com.promilo.automation.internship.getHRcall.CallBackRegisteredUser" name="HRcallTest" time="50.985"/>
  <testcase classname="com.promilo.automation.internship.getHRcall.CallBackSignupwithMobile" name="HRcallTest" time="53.573">
    <failure type="com.microsoft.playwright.TimeoutError" message="Error {
  message=&amp;apos;Timeout 30000ms exceeded.
  name=&amp;apos;TimeoutError
  stack=&amp;apos;TimeoutError: Timeout 30000ms exceeded.
    at ProgressController.run (C:\Users\Admin\AppData\Local\Temp\playwright-java-9626663354748089108\package\lib\server\progress.js:76:26)
    at Frame.fill (C:\Users\Admin\AppData\Local\Temp\playwright-java-9626663354748089108\package\lib\server\frames.js:1006:23)
    at FrameDispatcher.fill (C:\Users\Admin\AppData\Local\Temp\playwright-java-9626663354748089108\package\lib\server\dispatchers\frameDispatcher.js:129:30)
    at FrameDispatcher._handleCommand (C:\Users\Admin\AppData\Local\Temp\playwright-java-9626663354748089108\package\lib\server\dispatchers\dispatcher.js:88:40)
    at DispatcherConnection.dispatch (C:\Users\Admin\AppData\Local\Temp\playwright-java-9626663354748089108\package\lib\server\dispatchers\dispatcher.js:309:39)
}
Call log:
-   - waiting for locator(&amp;quot;//input[@name=&amp;apos;userName&amp;apos;]&amp;quot;).first()
-     - locator resolved to &amp;lt;input disabled type=&amp;quot;text&amp;quot; id=&amp;quot;userName&amp;quot; name=&amp;quot;userName&amp;quot; value=&amp;quot;Gokul Ram&amp;quot; placeholder=&amp;quot;Name*&amp;quot; class=&amp;quot;form-control&amp;quot;/&amp;gt;
-     - fill(&amp;quot;Anu&amp;quot;)
-   - attempting fill action
-     2 × waiting for element to be visible, enabled and editable
-       - element is not enabled
-     - retrying fill action
-     - waiting 20ms
-     2 × waiting for element to be visible, enabled and editable
-       - element is not enabled
-     - retrying fill action
-       - waiting 100ms
-     38 × waiting for element to be visible, enabled and editable
-        - element is not enabled
-      - retrying fill action
-        - waiting 500ms
-     - waiting for element to be visible, enabled and editable
-   - element was detached from the DOM, retrying
">
      <![CDATA[com.microsoft.playwright.TimeoutError: Error {
  message='Timeout 30000ms exceeded.
  name='TimeoutError
  stack='TimeoutError: Timeout 30000ms exceeded.
    at ProgressController.run (C:\Users\Admin\AppData\Local\Temp\playwright-java-9626663354748089108\package\lib\server\progress.js:76:26)
    at Frame.fill (C:\Users\Admin\AppData\Local\Temp\playwright-java-9626663354748089108\package\lib\server\frames.js:1006:23)
    at FrameDispatcher.fill (C:\Users\Admin\AppData\Local\Temp\playwright-java-9626663354748089108\package\lib\server\dispatchers\frameDispatcher.js:129:30)
    at FrameDispatcher._handleCommand (C:\Users\Admin\AppData\Local\Temp\playwright-java-9626663354748089108\package\lib\server\dispatchers\dispatcher.js:88:40)
    at DispatcherConnection.dispatch (C:\Users\Admin\AppData\Local\Temp\playwright-java-9626663354748089108\package\lib\server\dispatchers\dispatcher.js:309:39)
}
Call log:
-   - waiting for locator("//input[@name='userName']").first()
-     - locator resolved to <input disabled type="text" id="userName" name="userName" value="Gokul Ram" placeholder="Name*" class="form-control"/>
-     - fill("Anu")
-   - attempting fill action
-     2 × waiting for element to be visible, enabled and editable
-       - element is not enabled
-     - retrying fill action
-     - waiting 20ms
-     2 × waiting for element to be visible, enabled and editable
-       - element is not enabled
-     - retrying fill action
-       - waiting 100ms
-     38 × waiting for element to be visible, enabled and editable
-        - element is not enabled
-      - retrying fill action
-        - waiting 500ms
-     - waiting for element to be visible, enabled and editable
-   - element was detached from the DOM, retrying

at com.microsoft.playwright.impl.WaitableResult.get(WaitableResult.java:52)
at com.microsoft.playwright.impl.ChannelOwner.runUntil(ChannelOwner.java:138)
at com.microsoft.playwright.impl.Connection.sendMessage(Connection.java:131)
at com.microsoft.playwright.impl.ChannelOwner.sendMessage(ChannelOwner.java:124)
at com.microsoft.playwright.impl.FrameImpl.fill(FrameImpl.java:300)
at com.microsoft.playwright.impl.LocatorImpl.fill(LocatorImpl.java:244)
at com.microsoft.playwright.Locator.fill(Locator.java:3105)
at com.promilo.automation.internship.assignment.CallbackPage.enterUserName(CallbackPage.java:110)
at com.promilo.automation.internship.getHRcall.CallBackSignupwithMobile.HRcallTest(CallBackSignupwithMobile.java:81)
at java.base/java.util.ArrayList.forEach(ArrayList.java:1596)
Caused by: com.microsoft.playwright.TimeoutError: Error {
  message='Timeout 30000ms exceeded.
  name='TimeoutError
  stack='TimeoutError: Timeout 30000ms exceeded.
    at ProgressController.run (C:\Users\Admin\AppData\Local\Temp\playwright-java-9626663354748089108\package\lib\server\progress.js:76:26)
    at Frame.fill (C:\Users\Admin\AppData\Local\Temp\playwright-java-9626663354748089108\package\lib\server\frames.js:1006:23)
    at FrameDispatcher.fill (C:\Users\Admin\AppData\Local\Temp\playwright-java-9626663354748089108\package\lib\server\dispatchers\frameDispatcher.js:129:30)
    at FrameDispatcher._handleCommand (C:\Users\Admin\AppData\Local\Temp\playwright-java-9626663354748089108\package\lib\server\dispatchers\dispatcher.js:88:40)
    at DispatcherConnection.dispatch (C:\Users\Admin\AppData\Local\Temp\playwright-java-9626663354748089108\package\lib\server\dispatchers\dispatcher.js:309:39)
}
Call log:
-   - waiting for locator("//input[@name='userName']").first()
-     - locator resolved to <input disabled type="text" id="userName" name="userName" value="Gokul Ram" placeholder="Name*" class="form-control"/>
-     - fill("Anu")
-   - attempting fill action
-     2 × waiting for element to be visible, enabled and editable
-       - element is not enabled
-     - retrying fill action
-     - waiting 20ms
-     2 × waiting for element to be visible, enabled and editable
-       - element is not enabled
-     - retrying fill action
-       - waiting 100ms
-     38 × waiting for element to be visible, enabled and editable
-        - element is not enabled
-      - retrying fill action
-        - waiting 500ms
-     - waiting for element to be visible, enabled and editable
-   - element was detached from the DOM, retrying

at com.microsoft.playwright.impl.Connection.dispatch(Connection.java:257)
at com.microsoft.playwright.impl.Connection.processOneMessage(Connection.java:214)
at com.microsoft.playwright.impl.ChannelOwner.runUntil(ChannelOwner.java:136)
... 33 more
... Removed 25 stack frames]]>
    </failure>
  </testcase> <!-- HRcallTest -->
</testsuite> <!-- Get HR Call Tests -->
