<?xml version="1.0" encoding="UTF-8"?>
<!-- Generated by org.testng.reporters.JUnitXMLReporter -->
<testsuite ignored="0" hostname="DESKTOP-79S5A6H" failures="0" tests="3" name="Get HR Call Tests" time="164.552" errors="0" timestamp="2025-12-18T17:39:53 IST">
  <testcase classname="com.promilo.automation.internship.getHRcall.CallBackGuestUser" name="HRcallTest" time="37.249"/>
  <testcase classname="com.promilo.automation.internship.getHRcall.CallBackSignupwithEmail" name="HRcallTest" time="67.146"/>
  <testcase classname="com.promilo.automation.internship.getHRcall.CallBackSignupwithMobile" name="HRcallTest" time="50.394"/>
</testsuite> <!-- Get HR Call Tests -->
