<?xml version="1.0" encoding="UTF-8"?>
<testng-results ignored="0" total="1" passed="1" failed="0" skipped="0">
  <reporter-output>
  </reporter-output>
  <suite started-at="2025-07-16T16:41:29 IST" name="Default suite" finished-at="2025-07-16T16:41:49 IST" duration-ms="19567">
    <groups>
    </groups>
    <test started-at="2025-07-16T16:41:29 IST" name="Default test" finished-at="2025-07-16T16:41:49 IST" duration-ms="19567">
      <class name="com.promilo.automation.signupAndLogin.ValidLogin">
        <test-method signature="validLogin()[pri:0, instance:com.promilo.automation.signupAndLogin.ValidLogin@6ab778a]" started-at="2025-07-16T16:41:29 IST" name="validLogin" finished-at="2025-07-16T16:41:49 IST" duration-ms="19499" status="PASS">
          <reporter-output>
          </reporter-output>
        </test-method> <!-- validLogin -->
      </class> <!-- com.promilo.automation.signupAndLogin.ValidLogin -->
    </test> <!-- Default test -->
  </suite> <!-- Default suite -->
</testng-results>
