<?xml version="1.0" encoding="UTF-8"?>
<!-- Generated by org.testng.reporters.JUnitReportReporter -->
<testsuite hostname="DESKTOP-6TAQC2O" failures="0" tests="1" name="com.promilo.automation.mentorship.mentee.DescriptionPageValidation" time="35.302" errors="0" timestamp="2025-10-29T18:24:53 IST" skipped="0">
  <testcase classname="com.promilo.automation.mentorship.mentee.DescriptionPageValidation" name="mentorshipShortListFunctionalityTest" time="35.302"/>
</testsuite> <!-- com.promilo.automation.mentorship.mentee.DescriptionPageValidation -->
